<?xml version="1.0" encoding="UTF-8"?>
<testsuite xmlns:xsi="http://www.w3.org/2001/XMLSchema-instance" xsi:noNamespaceSchemaLocation="https://maven.apache.org/surefire/maven-surefire-plugin/xsd/surefire-test-report-3.0.xsd" version="3.0" name="org.apache.skywalking.oap.server.core.alarm.provider.RunningRuleTest" time="0.072" tests="11" errors="0" skipped="0" failures="0">
  <properties>
    <property name="java.specification.version" value="17"/>
    <property name="sun.jnu.encoding" value="UTF-8"/>
    <property name="java.class.path" value="/home/ybagge/benchmarks/Apache-skywalking/oap-server/server-alarm-plugin/target/test-classes:/home/ybagge/benchmarks/Apache-skywalking/oap-server/server-alarm-plugin/target/classes:/home/ybagge/benchmarks/Apache-skywalking/oap-server/server-core/target/classes:/home/ybagge/.m2/repository/org/yaml/snakeyaml/2.0/snakeyaml-2.0.jar:/home/ybagge/benchmarks/Apache-skywalking/oap-server/server-library/library-module/target/classes:/home/ybagge/benchmarks/Apache-skywalking/oap-server/server-library/library-async-profiler-jfr-parser/target/classes:/home/ybagge/.m2/repository/tools/profiler/async-profiler-converter/3.0/async-profiler-converter-3.0.jar:/home/ybagge/benchmarks/Apache-skywalking/oap-server/server-telemetry/telemetry-api/target/classes:/home/ybagge/benchmarks/Apache-skywalking/oap-server/server-configuration/configuration-api/target/classes:/home/ybagge/benchmarks/Apache-skywalking/oap-server/server-testing/target/classes:/home/ybagge/benchmarks/Apache-skywalking/oap-server/server-library/library-client/target/classes:/home/ybagge/benchmarks/Apache-skywalking/oap-server/server-library/library-elasticsearch-client/target/classes:/home/ybagge/.m2/repository/io/grpc/grpc-core/1.68.1/grpc-core-1.68.1.jar:/home/ybagge/.m2/repository/io/perfmark/perfmark-api/0.27.0/perfmark-api-0.27.0.jar:/home/ybagge/.m2/repository/io/grpc/grpc-context/1.68.1/grpc-context-1.68.1.jar:/home/ybagge/.m2/repository/io/grpc/grpc-netty/1.68.1/grpc-netty-1.68.1.jar:/home/ybagge/.m2/repository/io/netty/netty-transport-native-unix-common/4.1.118.Final/netty-transport-native-unix-common-4.1.118.Final.jar:/home/ybagge/.m2/repository/io/netty/netty-codec-http2/4.1.118.Final/netty-codec-http2-4.1.118.Final.jar:/home/ybagge/.m2/repository/io/netty/netty-common/4.1.118.Final/netty-common-4.1.118.Final.jar:/home/ybagge/.m2/repository/io/netty/netty-buffer/4.1.118.Final/netty-buffer-4.1.118.Final.jar:/home/ybagge/.m2/repository/io/netty/netty-handler/4.1.118.Final/netty-handler-4.1.118.Final.jar:/home/ybagge/.m2/repository/io/netty/netty-resolver/4.1.118.Final/netty-resolver-4.1.118.Final.jar:/home/ybagge/.m2/repository/io/netty/netty-handler-proxy/4.1.118.Final/netty-handler-proxy-4.1.118.Final.jar:/home/ybagge/.m2/repository/io/netty/netty-codec-socks/4.1.118.Final/netty-codec-socks-4.1.118.Final.jar:/home/ybagge/.m2/repository/com/google/code/gson/gson/2.9.0/gson-2.9.0.jar:/home/ybagge/.m2/repository/com/zaxxer/HikariCP/3.1.0/HikariCP-3.1.0.jar:/home/ybagge/.m2/repository/org/slf4j/jcl-over-slf4j/1.7.30/jcl-over-slf4j-1.7.30.jar:/home/ybagge/benchmarks/Apache-skywalking/oap-server/server-library/library-server/target/classes:/home/ybagge/.m2/repository/io/grpc/grpc-protobuf/1.68.1/grpc-protobuf-1.68.1.jar:/home/ybagge/.m2/repository/com/google/api/grpc/proto-google-common-protos/2.41.0/proto-google-common-protos-2.41.0.jar:/home/ybagge/.m2/repository/io/grpc/grpc-protobuf-lite/1.68.1/grpc-protobuf-lite-1.68.1.jar:/home/ybagge/.m2/repository/io/grpc/grpc-stub/1.68.1/grpc-stub-1.68.1.jar:/home/ybagge/.m2/repository/io/netty/netty-codec/4.1.118.Final/netty-codec-4.1.118.Final.jar:/home/ybagge/.m2/repository/io/netty/netty-codec-http/4.1.118.Final/netty-codec-http-4.1.118.Final.jar:/home/ybagge/.m2/repository/com/linecorp/armeria/armeria-protobuf/1.32.0/armeria-protobuf-1.32.0.jar:/home/ybagge/benchmarks/Apache-skywalking/oap-server/server-library/library-datacarrier-queue/target/classes:/home/ybagge/benchmarks/Apache-skywalking/apm-protocol/apm-network/target/classes:/home/ybagge/.m2/repository/io/netty/netty-tcnative-boringssl-static/2.0.69.Final/netty-tcnative-boringssl-static-2.0.69.Final.jar:/home/ybagge/.m2/repository/io/netty/netty-tcnative-classes/2.0.70.Final/netty-tcnative-classes-2.0.70.Final.jar:/home/ybagge/.m2/repository/org/javassist/javassist/3.25.0-GA/javassist-3.25.0-GA.jar:/home/ybagge/.m2/repository/io/vavr/vavr/0.10.3/vavr-0.10.3.jar:/home/ybagge/.m2/repository/io/vavr/vavr-match/0.10.3/vavr-match-0.10.3.jar:/home/ybagge/.m2/repository/io/zipkin/zipkin2/zipkin/2.24.1/zipkin-2.24.1.jar:/home/ybagge/.m2/repository/org/apache/groovy/groovy/4.0.15/groovy-4.0.15.jar:/home/ybagge/benchmarks/Apache-skywalking/oap-server/server-library/library-util/target/classes:/home/ybagge/.m2/repository/joda-time/joda-time/2.10.5/joda-time-2.10.5.jar:/home/ybagge/.m2/repository/com/google/protobuf/protobuf-java/3.25.5/protobuf-java-3.25.5.jar:/home/ybagge/.m2/repository/com/google/protobuf/protobuf-java-util/3.25.5/protobuf-java-util-3.25.5.jar:/home/ybagge/.m2/repository/com/google/j2objc/j2objc-annotations/2.8/j2objc-annotations-2.8.jar:/home/ybagge/.m2/repository/org/apache/commons/commons-text/1.4/commons-text-1.4.jar:/home/ybagge/.m2/repository/org/apache/commons/commons-lang3/3.12.0/commons-lang3-3.12.0.jar:/home/ybagge/benchmarks/Apache-skywalking/oap-server/analyzer/event-analyzer/target/classes:/home/ybagge/benchmarks/Apache-skywalking/oap-server/mqe-rt/target/classes:/home/ybagge/benchmarks/Apache-skywalking/oap-server/mqe-grammar/target/classes:/home/ybagge/.m2/repository/org/antlr/antlr4-runtime/4.11.1/antlr4-runtime-4.11.1.jar:/home/ybagge/benchmarks/Apache-skywalking/oap-server/ai-pipeline/target/classes:/home/ybagge/.m2/repository/io/grpc/grpc-testing/1.68.1/grpc-testing-1.68.1.jar:/home/ybagge/.m2/repository/io/grpc/grpc-util/1.68.1/grpc-util-1.68.1.jar:/home/ybagge/.m2/repository/org/codehaus/mojo/animal-sniffer-annotations/1.24/animal-sniffer-annotations-1.24.jar:/home/ybagge/.m2/repository/io/grpc/grpc-inprocess/1.68.1/grpc-inprocess-1.68.1.jar:/home/ybagge/.m2/repository/io/grpc/grpc-api/1.68.1/grpc-api-1.68.1.jar:/home/ybagge/.m2/repository/com/linecorp/armeria/armeria-junit5/1.32.0/armeria-junit5-1.32.0.jar:/home/ybagge/.m2/repository/com/linecorp/armeria/armeria/1.32.0/armeria-1.32.0.jar:/home/ybagge/.m2/repository/com/fasterxml/jackson/core/jackson-core/2.16.0/jackson-core-2.16.0.jar:/home/ybagge/.m2/repository/com/fasterxml/jackson/core/jackson-annotations/2.16.0/jackson-annotations-2.16.0.jar:/home/ybagge/.m2/repository/com/fasterxml/jackson/core/jackson-databind/2.16.0/jackson-databind-2.16.0.jar:/home/ybagge/.m2/repository/com/fasterxml/jackson/datatype/jackson-datatype-jdk8/2.18.2/jackson-datatype-jdk8-2.18.2.jar:/home/ybagge/.m2/repository/com/fasterxml/jackson/datatype/jackson-datatype-jsr310/2.18.2/jackson-datatype-jsr310-2.18.2.jar:/home/ybagge/.m2/repository/io/micrometer/micrometer-core/1.14.4/micrometer-core-1.14.4.jar:/home/ybagge/.m2/repository/io/micrometer/micrometer-commons/1.14.4/micrometer-commons-1.14.4.jar:/home/ybagge/.m2/repository/io/micrometer/micrometer-observation/1.14.4/micrometer-observation-1.14.4.jar:/home/ybagge/.m2/repository/org/hdrhistogram/HdrHistogram/2.2.2/HdrHistogram-2.2.2.jar:/home/ybagge/.m2/repository/org/latencyutils/LatencyUtils/2.0.3/LatencyUtils-2.0.3.jar:/home/ybagge/.m2/repository/io/netty/netty-transport/4.1.118.Final/netty-transport-4.1.118.Final.jar:/home/ybagge/.m2/repository/io/netty/netty-codec-haproxy/4.1.118.Final/netty-codec-haproxy-4.1.118.Final.jar:/home/ybagge/.m2/repository/io/netty/netty-resolver-dns/4.1.118.Final/netty-resolver-dns-4.1.118.Final.jar:/home/ybagge/.m2/repository/io/netty/netty-codec-dns/4.1.118.Final/netty-codec-dns-4.1.118.Final.jar:/home/ybagge/.m2/repository/io/netty/netty-transport-native-unix-common/4.1.118.Final/netty-transport-native-unix-common-4.1.118.Final-linux-x86_64.jar:/home/ybagge/.m2/repository/io/netty/netty-transport-native-unix-common/4.1.118.Final/netty-transport-native-unix-common-4.1.118.Final-linux-aarch_64.jar:/home/ybagge/.m2/repository/io/netty/netty-transport-native-unix-common/4.1.118.Final/netty-transport-native-unix-common-4.1.118.Final-osx-x86_64.jar:/home/ybagge/.m2/repository/io/netty/netty-transport-native-unix-common/4.1.118.Final/netty-transport-native-unix-common-4.1.118.Final-osx-aarch_64.jar:/home/ybagge/.m2/repository/org/reactivestreams/reactive-streams/1.0.4/reactive-streams-1.0.4.jar:/home/ybagge/.m2/repository/io/netty/netty-transport-native-epoll/4.1.118.Final/netty-transport-native-epoll-4.1.118.Final-linux-x86_64.jar:/home/ybagge/.m2/repository/io/netty/netty-transport-classes-epoll/4.1.118.Final/netty-transport-classes-epoll-4.1.118.Final.jar:/home/ybagge/.m2/repository/io/netty/netty-transport-native-epoll/4.1.118.Final/netty-transport-native-epoll-4.1.118.Final-linux-aarch_64.jar:/home/ybagge/.m2/repository/io/netty/netty-transport-native-kqueue/4.1.118.Final/netty-transport-native-kqueue-4.1.118.Final-osx-x86_64.jar:/home/ybagge/.m2/repository/io/netty/netty-transport-classes-kqueue/4.1.118.Final/netty-transport-classes-kqueue-4.1.118.Final.jar:/home/ybagge/.m2/repository/io/netty/netty-resolver-dns-native-macos/4.1.118.Final/netty-resolver-dns-native-macos-4.1.118.Final-osx-x86_64.jar:/home/ybagge/.m2/repository/io/netty/netty-resolver-dns-classes-macos/4.1.118.Final/netty-resolver-dns-classes-macos-4.1.118.Final.jar:/home/ybagge/.m2/repository/io/netty/netty-transport-native-kqueue/4.1.118.Final/netty-transport-native-kqueue-4.1.118.Final-osx-aarch_64.jar:/home/ybagge/.m2/repository/io/netty/netty-resolver-dns-native-macos/4.1.118.Final/netty-resolver-dns-native-macos-4.1.118.Final-osx-aarch_64.jar:/home/ybagge/.m2/repository/io/netty/netty-tcnative-boringssl-static/2.0.70.Final/netty-tcnative-boringssl-static-2.0.70.Final-linux-x86_64.jar:/home/ybagge/.m2/repository/io/netty/netty-tcnative-boringssl-static/2.0.70.Final/netty-tcnative-boringssl-static-2.0.70.Final-linux-aarch_64.jar:/home/ybagge/.m2/repository/io/netty/netty-tcnative-boringssl-static/2.0.70.Final/netty-tcnative-boringssl-static-2.0.70.Final-osx-x86_64.jar:/home/ybagge/.m2/repository/io/netty/netty-tcnative-boringssl-static/2.0.70.Final/netty-tcnative-boringssl-static-2.0.70.Final-osx-aarch_64.jar:/home/ybagge/.m2/repository/io/netty/netty-tcnative-boringssl-static/2.0.70.Final/netty-tcnative-boringssl-static-2.0.70.Final-windows-x86_64.jar:/home/ybagge/.m2/repository/com/aayushatharva/brotli4j/brotli4j/1.18.0/brotli4j-1.18.0.jar:/home/ybagge/.m2/repository/com/aayushatharva/brotli4j/service/1.18.0/service-1.18.0.jar:/home/ybagge/.m2/repository/org/junit/jupiter/junit-jupiter-api/5.9.2/junit-jupiter-api-5.9.2.jar:/home/ybagge/.m2/repository/org/opentest4j/opentest4j/1.2.0/opentest4j-1.2.0.jar:/home/ybagge/.m2/repository/org/junit/platform/junit-platform-commons/1.9.2/junit-platform-commons-1.9.2.jar:/home/ybagge/.m2/repository/com/google/code/findbugs/jsr305/3.0.2/jsr305-3.0.2.jar:/home/ybagge/.m2/repository/org/slf4j/slf4j-api/1.7.30/slf4j-api-1.7.30.jar:/home/ybagge/.m2/repository/org/slf4j/log4j-over-slf4j/1.7.30/log4j-over-slf4j-1.7.30.jar:/home/ybagge/.m2/repository/org/apache/logging/log4j/log4j-core/2.17.1/log4j-core-2.17.1.jar:/home/ybagge/.m2/repository/org/apache/logging/log4j/log4j-api/2.17.1/log4j-api-2.17.1.jar:/home/ybagge/.m2/repository/org/apache/logging/log4j/log4j-slf4j-impl/2.17.1/log4j-slf4j-impl-2.17.1.jar:/home/ybagge/.m2/repository/com/google/guava/guava/32.0.1-jre/guava-32.0.1-jre.jar:/home/ybagge/.m2/repository/com/google/guava/failureaccess/1.0.1/failureaccess-1.0.1.jar:/home/ybagge/.m2/repository/com/google/guava/listenablefuture/9999.0-empty-to-avoid-conflict-with-guava/listenablefuture-9999.0-empty-to-avoid-conflict-with-guava.jar:/home/ybagge/.m2/repository/org/checkerframework/checker-qual/3.33.0/checker-qual-3.33.0.jar:/home/ybagge/.m2/repository/org/testcontainers/testcontainers/1.17.6/testcontainers-1.17.6.jar:/home/ybagge/.m2/repository/org/apache/commons/commons-compress/1.21/commons-compress-1.21.jar:/home/ybagge/.m2/repository/org/rnorth/duct-tape/duct-tape/1.0.8/duct-tape-1.0.8.jar:/home/ybagge/.m2/repository/org/jetbrains/annotations/17.0.0/annotations-17.0.0.jar:/home/ybagge/.m2/repository/com/github/docker-java/docker-java-api/3.2.13/docker-java-api-3.2.13.jar:/home/ybagge/.m2/repository/com/github/docker-java/docker-java-transport-zerodep/3.2.13/docker-java-transport-zerodep-3.2.13.jar:/home/ybagge/.m2/repository/com/github/docker-java/docker-java-transport/3.2.13/docker-java-transport-3.2.13.jar:/home/ybagge/.m2/repository/net/java/dev/jna/jna/5.8.0/jna-5.8.0.jar:/home/ybagge/.m2/repository/org/testcontainers/junit-jupiter/1.17.6/junit-jupiter-1.17.6.jar:/home/ybagge/.m2/repository/com/google/errorprone/error_prone_annotations/2.11.0/error_prone_annotations-2.11.0.jar:/home/ybagge/.m2/repository/org/junit/jupiter/junit-jupiter/5.9.2/junit-jupiter-5.9.2.jar:/home/ybagge/.m2/repository/org/junit/jupiter/junit-jupiter-engine/5.9.2/junit-jupiter-engine-5.9.2.jar:/home/ybagge/.m2/repository/org/junit/platform/junit-platform-engine/1.9.2/junit-platform-engine-1.9.2.jar:/home/ybagge/.m2/repository/org/junit/jupiter/junit-jupiter-params/5.9.2/junit-jupiter-params-5.9.2.jar:/home/ybagge/.m2/repository/org/apiguardian/apiguardian-api/1.1.2/apiguardian-api-1.1.2.jar:/home/ybagge/.m2/repository/org/mockito/mockito-core/4.11.0/mockito-core-4.11.0.jar:/home/ybagge/.m2/repository/net/bytebuddy/byte-buddy/1.14.9/byte-buddy-1.14.9.jar:/home/ybagge/.m2/repository/net/bytebuddy/byte-buddy-agent/1.14.9/byte-buddy-agent-1.14.9.jar:/home/ybagge/.m2/repository/org/objenesis/objenesis/3.3/objenesis-3.3.jar:/home/ybagge/.m2/repository/org/mockito/mockito-inline/4.11.0/mockito-inline-4.11.0.jar:/home/ybagge/.m2/repository/org/mockito/mockito-junit-jupiter/4.11.0/mockito-junit-jupiter-4.11.0.jar:/home/ybagge/.m2/repository/org/powermock/powermock-reflect/2.0.9/powermock-reflect-2.0.9.jar:/home/ybagge/.m2/repository/org/assertj/assertj-core/3.20.2/assertj-core-3.20.2.jar:/home/ybagge/.m2/repository/org/openjdk/jmh/jmh-core/1.21/jmh-core-1.21.jar:/home/ybagge/.m2/repository/net/sf/jopt-simple/jopt-simple/4.6/jopt-simple-4.6.jar:/home/ybagge/.m2/repository/org/apache/commons/commons-math3/3.2/commons-math3-3.2.jar:/home/ybagge/.m2/repository/org/projectlombok/lombok/1.18.30/lombok-1.18.30.jar:/home/ybagge/.m2/repository/javax/annotation/javax.annotation-api/1.3.2/javax.annotation-api-1.3.2.jar:"/>
    <property name="java.vm.vendor" value="Oracle Corporation"/>
    <property name="sun.arch.data.model" value="64"/>
    <property name="java.vendor.url" value="https://java.oracle.com/"/>
    <property name="user.timezone" value="Europe/London"/>
    <property name="os.name" value="Linux"/>
    <property name="java.vm.specification.version" value="17"/>
    <property name="sun.java.launcher" value="SUN_STANDARD"/>
    <property name="user.country" value="GB"/>
    <property name="sun.boot.library.path" value="/home/ybagge/.sdkman/candidates/java/17.0.12-oracle/lib"/>
    <property name="sun.java.command" value="/home/ybagge/benchmarks/Apache-skywalking/oap-server/server-alarm-plugin/target/surefire/surefirebooter-20250516094325866_136.jar /home/ybagge/benchmarks/Apache-skywalking/oap-server/server-alarm-plugin/target/surefire 2025-05-16T09-36-28_623-jvmRun1 surefire-20250516094325866_134tmp surefire_31-20250516094325866_135tmp"/>
    <property name="jdk.debug" value="release"/>
    <property name="surefire.test.class.path" value="/home/ybagge/benchmarks/Apache-skywalking/oap-server/server-alarm-plugin/target/test-classes:/home/ybagge/benchmarks/Apache-skywalking/oap-server/server-alarm-plugin/target/classes:/home/ybagge/benchmarks/Apache-skywalking/oap-server/server-core/target/classes:/home/ybagge/.m2/repository/org/yaml/snakeyaml/2.0/snakeyaml-2.0.jar:/home/ybagge/benchmarks/Apache-skywalking/oap-server/server-library/library-module/target/classes:/home/ybagge/benchmarks/Apache-skywalking/oap-server/server-library/library-async-profiler-jfr-parser/target/classes:/home/ybagge/.m2/repository/tools/profiler/async-profiler-converter/3.0/async-profiler-converter-3.0.jar:/home/ybagge/benchmarks/Apache-skywalking/oap-server/server-telemetry/telemetry-api/target/classes:/home/ybagge/benchmarks/Apache-skywalking/oap-server/server-configuration/configuration-api/target/classes:/home/ybagge/benchmarks/Apache-skywalking/oap-server/server-testing/target/classes:/home/ybagge/benchmarks/Apache-skywalking/oap-server/server-library/library-client/target/classes:/home/ybagge/benchmarks/Apache-skywalking/oap-server/server-library/library-elasticsearch-client/target/classes:/home/ybagge/.m2/repository/io/grpc/grpc-core/1.68.1/grpc-core-1.68.1.jar:/home/ybagge/.m2/repository/io/perfmark/perfmark-api/0.27.0/perfmark-api-0.27.0.jar:/home/ybagge/.m2/repository/io/grpc/grpc-context/1.68.1/grpc-context-1.68.1.jar:/home/ybagge/.m2/repository/io/grpc/grpc-netty/1.68.1/grpc-netty-1.68.1.jar:/home/ybagge/.m2/repository/io/netty/netty-transport-native-unix-common/4.1.118.Final/netty-transport-native-unix-common-4.1.118.Final.jar:/home/ybagge/.m2/repository/io/netty/netty-codec-http2/4.1.118.Final/netty-codec-http2-4.1.118.Final.jar:/home/ybagge/.m2/repository/io/netty/netty-common/4.1.118.Final/netty-common-4.1.118.Final.jar:/home/ybagge/.m2/repository/io/netty/netty-buffer/4.1.118.Final/netty-buffer-4.1.118.Final.jar:/home/ybagge/.m2/repository/io/netty/netty-handler/4.1.118.Final/netty-handler-4.1.118.Final.jar:/home/ybagge/.m2/repository/io/netty/netty-resolver/4.1.118.Final/netty-resolver-4.1.118.Final.jar:/home/ybagge/.m2/repository/io/netty/netty-handler-proxy/4.1.118.Final/netty-handler-proxy-4.1.118.Final.jar:/home/ybagge/.m2/repository/io/netty/netty-codec-socks/4.1.118.Final/netty-codec-socks-4.1.118.Final.jar:/home/ybagge/.m2/repository/com/google/code/gson/gson/2.9.0/gson-2.9.0.jar:/home/ybagge/.m2/repository/com/zaxxer/HikariCP/3.1.0/HikariCP-3.1.0.jar:/home/ybagge/.m2/repository/org/slf4j/jcl-over-slf4j/1.7.30/jcl-over-slf4j-1.7.30.jar:/home/ybagge/benchmarks/Apache-skywalking/oap-server/server-library/library-server/target/classes:/home/ybagge/.m2/repository/io/grpc/grpc-protobuf/1.68.1/grpc-protobuf-1.68.1.jar:/home/ybagge/.m2/repository/com/google/api/grpc/proto-google-common-protos/2.41.0/proto-google-common-protos-2.41.0.jar:/home/ybagge/.m2/repository/io/grpc/grpc-protobuf-lite/1.68.1/grpc-protobuf-lite-1.68.1.jar:/home/ybagge/.m2/repository/io/grpc/grpc-stub/1.68.1/grpc-stub-1.68.1.jar:/home/ybagge/.m2/repository/io/netty/netty-codec/4.1.118.Final/netty-codec-4.1.118.Final.jar:/home/ybagge/.m2/repository/io/netty/netty-codec-http/4.1.118.Final/netty-codec-http-4.1.118.Final.jar:/home/ybagge/.m2/repository/com/linecorp/armeria/armeria-protobuf/1.32.0/armeria-protobuf-1.32.0.jar:/home/ybagge/benchmarks/Apache-skywalking/oap-server/server-library/library-datacarrier-queue/target/classes:/home/ybagge/benchmarks/Apache-skywalking/apm-protocol/apm-network/target/classes:/home/ybagge/.m2/repository/io/netty/netty-tcnative-boringssl-static/2.0.69.Final/netty-tcnative-boringssl-static-2.0.69.Final.jar:/home/ybagge/.m2/repository/io/netty/netty-tcnative-classes/2.0.70.Final/netty-tcnative-classes-2.0.70.Final.jar:/home/ybagge/.m2/repository/org/javassist/javassist/3.25.0-GA/javassist-3.25.0-GA.jar:/home/ybagge/.m2/repository/io/vavr/vavr/0.10.3/vavr-0.10.3.jar:/home/ybagge/.m2/repository/io/vavr/vavr-match/0.10.3/vavr-match-0.10.3.jar:/home/ybagge/.m2/repository/io/zipkin/zipkin2/zipkin/2.24.1/zipkin-2.24.1.jar:/home/ybagge/.m2/repository/org/apache/groovy/groovy/4.0.15/groovy-4.0.15.jar:/home/ybagge/benchmarks/Apache-skywalking/oap-server/server-library/library-util/target/classes:/home/ybagge/.m2/repository/joda-time/joda-time/2.10.5/joda-time-2.10.5.jar:/home/ybagge/.m2/repository/com/google/protobuf/protobuf-java/3.25.5/protobuf-java-3.25.5.jar:/home/ybagge/.m2/repository/com/google/protobuf/protobuf-java-util/3.25.5/protobuf-java-util-3.25.5.jar:/home/ybagge/.m2/repository/com/google/j2objc/j2objc-annotations/2.8/j2objc-annotations-2.8.jar:/home/ybagge/.m2/repository/org/apache/commons/commons-text/1.4/commons-text-1.4.jar:/home/ybagge/.m2/repository/org/apache/commons/commons-lang3/3.12.0/commons-lang3-3.12.0.jar:/home/ybagge/benchmarks/Apache-skywalking/oap-server/analyzer/event-analyzer/target/classes:/home/ybagge/benchmarks/Apache-skywalking/oap-server/mqe-rt/target/classes:/home/ybagge/benchmarks/Apache-skywalking/oap-server/mqe-grammar/target/classes:/home/ybagge/.m2/repository/org/antlr/antlr4-runtime/4.11.1/antlr4-runtime-4.11.1.jar:/home/ybagge/benchmarks/Apache-skywalking/oap-server/ai-pipeline/target/classes:/home/ybagge/.m2/repository/io/grpc/grpc-testing/1.68.1/grpc-testing-1.68.1.jar:/home/ybagge/.m2/repository/io/grpc/grpc-util/1.68.1/grpc-util-1.68.1.jar:/home/ybagge/.m2/repository/org/codehaus/mojo/animal-sniffer-annotations/1.24/animal-sniffer-annotations-1.24.jar:/home/ybagge/.m2/repository/io/grpc/grpc-inprocess/1.68.1/grpc-inprocess-1.68.1.jar:/home/ybagge/.m2/repository/io/grpc/grpc-api/1.68.1/grpc-api-1.68.1.jar:/home/ybagge/.m2/repository/com/linecorp/armeria/armeria-junit5/1.32.0/armeria-junit5-1.32.0.jar:/home/ybagge/.m2/repository/com/linecorp/armeria/armeria/1.32.0/armeria-1.32.0.jar:/home/ybagge/.m2/repository/com/fasterxml/jackson/core/jackson-core/2.16.0/jackson-core-2.16.0.jar:/home/ybagge/.m2/repository/com/fasterxml/jackson/core/jackson-annotations/2.16.0/jackson-annotations-2.16.0.jar:/home/ybagge/.m2/repository/com/fasterxml/jackson/core/jackson-databind/2.16.0/jackson-databind-2.16.0.jar:/home/ybagge/.m2/repository/com/fasterxml/jackson/datatype/jackson-datatype-jdk8/2.18.2/jackson-datatype-jdk8-2.18.2.jar:/home/ybagge/.m2/repository/com/fasterxml/jackson/datatype/jackson-datatype-jsr310/2.18.2/jackson-datatype-jsr310-2.18.2.jar:/home/ybagge/.m2/repository/io/micrometer/micrometer-core/1.14.4/micrometer-core-1.14.4.jar:/home/ybagge/.m2/repository/io/micrometer/micrometer-commons/1.14.4/micrometer-commons-1.14.4.jar:/home/ybagge/.m2/repository/io/micrometer/micrometer-observation/1.14.4/micrometer-observation-1.14.4.jar:/home/ybagge/.m2/repository/org/hdrhistogram/HdrHistogram/2.2.2/HdrHistogram-2.2.2.jar:/home/ybagge/.m2/repository/org/latencyutils/LatencyUtils/2.0.3/LatencyUtils-2.0.3.jar:/home/ybagge/.m2/repository/io/netty/netty-transport/4.1.118.Final/netty-transport-4.1.118.Final.jar:/home/ybagge/.m2/repository/io/netty/netty-codec-haproxy/4.1.118.Final/netty-codec-haproxy-4.1.118.Final.jar:/home/ybagge/.m2/repository/io/netty/netty-resolver-dns/4.1.118.Final/netty-resolver-dns-4.1.118.Final.jar:/home/ybagge/.m2/repository/io/netty/netty-codec-dns/4.1.118.Final/netty-codec-dns-4.1.118.Final.jar:/home/ybagge/.m2/repository/io/netty/netty-transport-native-unix-common/4.1.118.Final/netty-transport-native-unix-common-4.1.118.Final-linux-x86_64.jar:/home/ybagge/.m2/repository/io/netty/netty-transport-native-unix-common/4.1.118.Final/netty-transport-native-unix-common-4.1.118.Final-linux-aarch_64.jar:/home/ybagge/.m2/repository/io/netty/netty-transport-native-unix-common/4.1.118.Final/netty-transport-native-unix-common-4.1.118.Final-osx-x86_64.jar:/home/ybagge/.m2/repository/io/netty/netty-transport-native-unix-common/4.1.118.Final/netty-transport-native-unix-common-4.1.118.Final-osx-aarch_64.jar:/home/ybagge/.m2/repository/org/reactivestreams/reactive-streams/1.0.4/reactive-streams-1.0.4.jar:/home/ybagge/.m2/repository/io/netty/netty-transport-native-epoll/4.1.118.Final/netty-transport-native-epoll-4.1.118.Final-linux-x86_64.jar:/home/ybagge/.m2/repository/io/netty/netty-transport-classes-epoll/4.1.118.Final/netty-transport-classes-epoll-4.1.118.Final.jar:/home/ybagge/.m2/repository/io/netty/netty-transport-native-epoll/4.1.118.Final/netty-transport-native-epoll-4.1.118.Final-linux-aarch_64.jar:/home/ybagge/.m2/repository/io/netty/netty-transport-native-kqueue/4.1.118.Final/netty-transport-native-kqueue-4.1.118.Final-osx-x86_64.jar:/home/ybagge/.m2/repository/io/netty/netty-transport-classes-kqueue/4.1.118.Final/netty-transport-classes-kqueue-4.1.118.Final.jar:/home/ybagge/.m2/repository/io/netty/netty-resolver-dns-native-macos/4.1.118.Final/netty-resolver-dns-native-macos-4.1.118.Final-osx-x86_64.jar:/home/ybagge/.m2/repository/io/netty/netty-resolver-dns-classes-macos/4.1.118.Final/netty-resolver-dns-classes-macos-4.1.118.Final.jar:/home/ybagge/.m2/repository/io/netty/netty-transport-native-kqueue/4.1.118.Final/netty-transport-native-kqueue-4.1.118.Final-osx-aarch_64.jar:/home/ybagge/.m2/repository/io/netty/netty-resolver-dns-native-macos/4.1.118.Final/netty-resolver-dns-native-macos-4.1.118.Final-osx-aarch_64.jar:/home/ybagge/.m2/repository/io/netty/netty-tcnative-boringssl-static/2.0.70.Final/netty-tcnative-boringssl-static-2.0.70.Final-linux-x86_64.jar:/home/ybagge/.m2/repository/io/netty/netty-tcnative-boringssl-static/2.0.70.Final/netty-tcnative-boringssl-static-2.0.70.Final-linux-aarch_64.jar:/home/ybagge/.m2/repository/io/netty/netty-tcnative-boringssl-static/2.0.70.Final/netty-tcnative-boringssl-static-2.0.70.Final-osx-x86_64.jar:/home/ybagge/.m2/repository/io/netty/netty-tcnative-boringssl-static/2.0.70.Final/netty-tcnative-boringssl-static-2.0.70.Final-osx-aarch_64.jar:/home/ybagge/.m2/repository/io/netty/netty-tcnative-boringssl-static/2.0.70.Final/netty-tcnative-boringssl-static-2.0.70.Final-windows-x86_64.jar:/home/ybagge/.m2/repository/com/aayushatharva/brotli4j/brotli4j/1.18.0/brotli4j-1.18.0.jar:/home/ybagge/.m2/repository/com/aayushatharva/brotli4j/service/1.18.0/service-1.18.0.jar:/home/ybagge/.m2/repository/org/junit/jupiter/junit-jupiter-api/5.9.2/junit-jupiter-api-5.9.2.jar:/home/ybagge/.m2/repository/org/opentest4j/opentest4j/1.2.0/opentest4j-1.2.0.jar:/home/ybagge/.m2/repository/org/junit/platform/junit-platform-commons/1.9.2/junit-platform-commons-1.9.2.jar:/home/ybagge/.m2/repository/com/google/code/findbugs/jsr305/3.0.2/jsr305-3.0.2.jar:/home/ybagge/.m2/repository/org/slf4j/slf4j-api/1.7.30/slf4j-api-1.7.30.jar:/home/ybagge/.m2/repository/org/slf4j/log4j-over-slf4j/1.7.30/log4j-over-slf4j-1.7.30.jar:/home/ybagge/.m2/repository/org/apache/logging/log4j/log4j-core/2.17.1/log4j-core-2.17.1.jar:/home/ybagge/.m2/repository/org/apache/logging/log4j/log4j-api/2.17.1/log4j-api-2.17.1.jar:/home/ybagge/.m2/repository/org/apache/logging/log4j/log4j-slf4j-impl/2.17.1/log4j-slf4j-impl-2.17.1.jar:/home/ybagge/.m2/repository/com/google/guava/guava/32.0.1-jre/guava-32.0.1-jre.jar:/home/ybagge/.m2/repository/com/google/guava/failureaccess/1.0.1/failureaccess-1.0.1.jar:/home/ybagge/.m2/repository/com/google/guava/listenablefuture/9999.0-empty-to-avoid-conflict-with-guava/listenablefuture-9999.0-empty-to-avoid-conflict-with-guava.jar:/home/ybagge/.m2/repository/org/checkerframework/checker-qual/3.33.0/checker-qual-3.33.0.jar:/home/ybagge/.m2/repository/org/testcontainers/testcontainers/1.17.6/testcontainers-1.17.6.jar:/home/ybagge/.m2/repository/org/apache/commons/commons-compress/1.21/commons-compress-1.21.jar:/home/ybagge/.m2/repository/org/rnorth/duct-tape/duct-tape/1.0.8/duct-tape-1.0.8.jar:/home/ybagge/.m2/repository/org/jetbrains/annotations/17.0.0/annotations-17.0.0.jar:/home/ybagge/.m2/repository/com/github/docker-java/docker-java-api/3.2.13/docker-java-api-3.2.13.jar:/home/ybagge/.m2/repository/com/github/docker-java/docker-java-transport-zerodep/3.2.13/docker-java-transport-zerodep-3.2.13.jar:/home/ybagge/.m2/repository/com/github/docker-java/docker-java-transport/3.2.13/docker-java-transport-3.2.13.jar:/home/ybagge/.m2/repository/net/java/dev/jna/jna/5.8.0/jna-5.8.0.jar:/home/ybagge/.m2/repository/org/testcontainers/junit-jupiter/1.17.6/junit-jupiter-1.17.6.jar:/home/ybagge/.m2/repository/com/google/errorprone/error_prone_annotations/2.11.0/error_prone_annotations-2.11.0.jar:/home/ybagge/.m2/repository/org/junit/jupiter/junit-jupiter/5.9.2/junit-jupiter-5.9.2.jar:/home/ybagge/.m2/repository/org/junit/jupiter/junit-jupiter-engine/5.9.2/junit-jupiter-engine-5.9.2.jar:/home/ybagge/.m2/repository/org/junit/platform/junit-platform-engine/1.9.2/junit-platform-engine-1.9.2.jar:/home/ybagge/.m2/repository/org/junit/jupiter/junit-jupiter-params/5.9.2/junit-jupiter-params-5.9.2.jar:/home/ybagge/.m2/repository/org/apiguardian/apiguardian-api/1.1.2/apiguardian-api-1.1.2.jar:/home/ybagge/.m2/repository/org/mockito/mockito-core/4.11.0/mockito-core-4.11.0.jar:/home/ybagge/.m2/repository/net/bytebuddy/byte-buddy/1.14.9/byte-buddy-1.14.9.jar:/home/ybagge/.m2/repository/net/bytebuddy/byte-buddy-agent/1.14.9/byte-buddy-agent-1.14.9.jar:/home/ybagge/.m2/repository/org/objenesis/objenesis/3.3/objenesis-3.3.jar:/home/ybagge/.m2/repository/org/mockito/mockito-inline/4.11.0/mockito-inline-4.11.0.jar:/home/ybagge/.m2/repository/org/mockito/mockito-junit-jupiter/4.11.0/mockito-junit-jupiter-4.11.0.jar:/home/ybagge/.m2/repository/org/powermock/powermock-reflect/2.0.9/powermock-reflect-2.0.9.jar:/home/ybagge/.m2/repository/org/assertj/assertj-core/3.20.2/assertj-core-3.20.2.jar:/home/ybagge/.m2/repository/org/openjdk/jmh/jmh-core/1.21/jmh-core-1.21.jar:/home/ybagge/.m2/repository/net/sf/jopt-simple/jopt-simple/4.6/jopt-simple-4.6.jar:/home/ybagge/.m2/repository/org/apache/commons/commons-math3/3.2/commons-math3-3.2.jar:/home/ybagge/.m2/repository/org/projectlombok/lombok/1.18.30/lombok-1.18.30.jar:/home/ybagge/.m2/repository/javax/annotation/javax.annotation-api/1.3.2/javax.annotation-api-1.3.2.jar:"/>
    <property name="sun.cpu.endian" value="little"/>
    <property name="user.home" value="/home/ybagge"/>
    <property name="user.language" value="en"/>
    <property name="java.specification.vendor" value="Oracle Corporation"/>
    <property name="java.version.date" value="2024-07-16"/>
    <property name="java.home" value="/home/ybagge/.sdkman/candidates/java/17.0.12-oracle"/>
    <property name="file.separator" value="/"/>
    <property name="basedir" value="/home/ybagge/benchmarks/Apache-skywalking/oap-server/server-alarm-plugin"/>
    <property name="java.vm.compressedOopsMode" value="Zero based"/>
    <property name="line.separator" value="&#10;"/>
    <property name="java.vm.specification.vendor" value="Oracle Corporation"/>
    <property name="java.specification.name" value="Java Platform API Specification"/>
    <property name="surefire.real.class.path" value="/home/ybagge/benchmarks/Apache-skywalking/oap-server/server-alarm-plugin/target/surefire/surefirebooter-20250516094325866_136.jar"/>
    <property name="sun.management.compiler" value="HotSpot 64-Bit Tiered Compilers"/>
    <property name="java.runtime.version" value="17.0.12+8-LTS-286"/>
    <property name="user.name" value="ybagge"/>
    <property name="path.separator" value=":"/>
    <property name="os.version" value="6.8.0-59-generic"/>
    <property name="java.runtime.name" value="Java(TM) SE Runtime Environment"/>
    <property name="file.encoding" value="UTF-8"/>
    <property name="java.vm.name" value="Java HotSpot(TM) 64-Bit Server VM"/>
    <property name="localRepository" value="/home/ybagge/.m2/repository"/>
    <property name="java.vendor.url.bug" value="https://bugreport.java.com/bugreport/"/>
    <property name="java.io.tmpdir" value="/tmp"/>
    <property name="java.version" value="17.0.12"/>
    <property name="user.dir" value="/home/ybagge/benchmarks/Apache-skywalking/oap-server/server-alarm-plugin"/>
    <property name="os.arch" value="amd64"/>
    <property name="java.vm.specification.name" value="Java Virtual Machine Specification"/>
    <property name="native.encoding" value="UTF-8"/>
    <property name="java.library.path" value="/usr/java/packages/lib:/usr/lib64:/lib64:/lib:/usr/lib"/>
    <property name="java.vm.info" value="mixed mode, sharing"/>
    <property name="java.vendor" value="Oracle Corporation"/>
    <property name="java.vm.version" value="17.0.12+8-LTS-286"/>
    <property name="sun.io.unicode.encoding" value="UnicodeLittle"/>
    <property name="java.class.version" value="61.0"/>
  </properties>
  <testcase name="testInitAndStart" classname="org.apache.skywalking.oap.server.core.alarm.provider.RunningRuleTest" time="0.017">
    <system-out><![CDATA[2025-05-16 09:43:28,727 - org.apache.skywalking.oap.server.core.alarm.provider.RunningRule -2842 [main] TRACE [] -  Add metric org.apache.skywalking.oap.server.core.alarm.provider.RunningRuleTest$MockMetrics@263f88fb to window [null, null, null, null, null, null, null, null, null, null, null, null, null, null, {endpoint_percent=RunningRule.TraceLogMetric(timeBucket=202505160943, value=[70], labels=null)}]
]]></system-out>
  </testcase>
  <testcase name="testMultipleMetricsAlarm" classname="org.apache.skywalking.oap.server.core.alarm.provider.RunningRuleTest" time="0.011">
    <system-out><![CDATA[2025-05-16 09:43:28,730 - org.apache.skywalking.oap.server.core.alarm.provider.RunningRule -2845 [main] TRACE [] -  Add metric org.apache.skywalking.oap.server.core.alarm.provider.RunningRuleTest$MockMetrics@263f8901 to window [null, null, null, null, null, null, null, null, null, null, null, null, null, null, {endpoint_percent=RunningRule.TraceLogMetric(timeBucket=202505160937, value=[70], labels=null)}]
2025-05-16 09:43:28,730 - org.apache.skywalking.oap.server.core.alarm.provider.RunningRule -2845 [main] TRACE [] -  Move window [null, null, null, null, null, null, null, null, null, null, null, null, {endpoint_percent=RunningRule.TraceLogMetric(timeBucket=202505160937, value=[70], labels=null)}, null, null]
2025-05-16 09:43:28,731 - org.apache.skywalking.oap.server.core.alarm.provider.RunningRule -2846 [main] TRACE [] -  Add metric org.apache.skywalking.oap.server.core.alarm.provider.RunningRuleTest$MockMetrics@263f88ff to window [null, null, null, null, null, null, null, null, null, null, null, null, {endpoint_percent=RunningRule.TraceLogMetric(timeBucket=202505160937, value=[70], labels=null)}, null, {endpoint_percent=RunningRule.TraceLogMetric(timeBucket=202505160939, value=[71], labels=null)}]
2025-05-16 09:43:28,731 - org.apache.skywalking.oap.server.core.alarm.provider.RunningRule -2846 [main] TRACE [] -  Add metric org.apache.skywalking.oap.server.core.alarm.provider.RunningRuleTest$MockMetrics@263f8901 to window [null, null, null, null, null, null, null, null, null, null, null, null, {endpoint_cpm=RunningRule.TraceLogMetric(timeBucket=202505160937, value=[50], labels=null)}, {endpoint_percent=RunningRule.TraceLogMetric(timeBucket=202505160937, value=[70], labels=null)}, null, {endpoint_percent=RunningRule.TraceLogMetric(timeBucket=202505160939, value=[71], labels=null)}]
2025-05-16 09:43:28,731 - org.apache.skywalking.oap.server.core.alarm.provider.RunningRule -2846 [main] TRACE [] -  Add metric org.apache.skywalking.oap.server.core.alarm.provider.RunningRuleTest$MockMetrics@263f88ff to window [null, null, null, null, null, null, null, null, null, null, null, null, {endpoint_cpm=RunningRule.TraceLogMetric(timeBucket=202505160937, value=[50], labels=null)}, {endpoint_percent=RunningRule.TraceLogMetric(timeBucket=202505160937, value=[70], labels=null)}, null, {endpoint_cpm=RunningRule.TraceLogMetric(timeBucket=202505160939, value=[99], labels=null)}, {endpoint_percent=RunningRule.TraceLogMetric(timeBucket=202505160939, value=[71], labels=null)}]
2025-05-16 09:43:28,736 - org.apache.skywalking.oap.server.core.alarm.provider.RunningRule -2851 [main] TRACE [] -  Match expression is sum((endpoint_percent < 75) * (endpoint_cpm < 100)) >= 3
2025-05-16 09:43:28,737 - org.apache.skywalking.oap.server.core.alarm.provider.RunningRule -2852 [main] TRACE [] -  Move window [null, null, null, null, null, null, null, null, null, null, {endpoint_cpm=RunningRule.TraceLogMetric(timeBucket=202505160937, value=[50], labels=null)}, {endpoint_percent=RunningRule.TraceLogMetric(timeBucket=202505160937, value=[70], labels=null)}, null, {endpoint_cpm=RunningRule.TraceLogMetric(timeBucket=202505160939, value=[99], labels=null)}, {endpoint_percent=RunningRule.TraceLogMetric(timeBucket=202505160939, value=[71], labels=null)}, null, null]
2025-05-16 09:43:28,737 - org.apache.skywalking.oap.server.core.alarm.provider.RunningRule -2852 [main] TRACE [] -  Add metric org.apache.skywalking.oap.server.core.alarm.provider.RunningRuleTest$MockMetrics@263f88fd to window [null, null, null, null, null, null, null, null, null, null, {endpoint_cpm=RunningRule.TraceLogMetric(timeBucket=202505160937, value=[50], labels=null)}, {endpoint_percent=RunningRule.TraceLogMetric(timeBucket=202505160937, value=[70], labels=null)}, null, {endpoint_cpm=RunningRule.TraceLogMetric(timeBucket=202505160939, value=[99], labels=null)}, {endpoint_percent=RunningRule.TraceLogMetric(timeBucket=202505160939, value=[71], labels=null)}, null, {endpoint_percent=RunningRule.TraceLogMetric(timeBucket=202505160941, value=[74], labels=null)}]
2025-05-16 09:43:28,737 - org.apache.skywalking.oap.server.core.alarm.provider.RunningRule -2852 [main] TRACE [] -  Add metric org.apache.skywalking.oap.server.core.alarm.provider.RunningRuleTest$MockMetrics@263f88fd to window [null, null, null, null, null, null, null, null, null, null, {endpoint_cpm=RunningRule.TraceLogMetric(timeBucket=202505160937, value=[50], labels=null)}, {endpoint_percent=RunningRule.TraceLogMetric(timeBucket=202505160937, value=[70], labels=null)}, null, {endpoint_cpm=RunningRule.TraceLogMetric(timeBucket=202505160939, value=[99], labels=null)}, {endpoint_percent=RunningRule.TraceLogMetric(timeBucket=202505160939, value=[71], labels=null)}, null, {endpoint_cpm=RunningRule.TraceLogMetric(timeBucket=202505160941, value=[60], labels=null)}, {endpoint_percent=RunningRule.TraceLogMetric(timeBucket=202505160941, value=[74], labels=null)}]
2025-05-16 09:43:28,738 - org.apache.skywalking.oap.server.core.alarm.provider.RunningRule -2853 [main] TRACE [] -  Match expression is sum((endpoint_percent < 75) * (endpoint_cpm < 100)) >= 3
]]></system-out>
  </testcase>
  <testcase name="testExclude" classname="org.apache.skywalking.oap.server.core.alarm.provider.RunningRuleTest" time="0.002">
    <system-out><![CDATA[2025-05-16 09:43:28,740 - org.apache.skywalking.oap.server.core.alarm.provider.RunningRule -2855 [main] TRACE [] -  Service_123 is in the excluding list [Service_123]
2025-05-16 09:43:28,740 - org.apache.skywalking.oap.server.core.alarm.provider.RunningRule -2855 [main] TRACE [] -  Service_123 is in the excluding list [Service_123]
2025-05-16 09:43:28,740 - org.apache.skywalking.oap.server.core.alarm.provider.RunningRule -2855 [main] TRACE [] -  Service_123 is in the excluding list [Service_123]
]]></system-out>
  </testcase>
  <testcase name="testAlarm" classname="org.apache.skywalking.oap.server.core.alarm.provider.RunningRuleTest" time="0.003">
    <system-out><![CDATA[2025-05-16 09:43:28,742 - org.apache.skywalking.oap.server.core.alarm.provider.RunningRule -2857 [main] TRACE [] -  Add metric org.apache.skywalking.oap.server.core.alarm.provider.RunningRuleTest$MockMetrics@263f8901 to window [null, null, null, null, null, null, null, null, null, null, null, null, null, null, {endpoint_percent=RunningRule.TraceLogMetric(timeBucket=202505160937, value=[70], labels=null)}]
2025-05-16 09:43:28,742 - org.apache.skywalking.oap.server.core.alarm.provider.RunningRule -2857 [main] TRACE [] -  Move window [null, null, null, null, null, null, null, null, null, null, null, null, {endpoint_percent=RunningRule.TraceLogMetric(timeBucket=202505160937, value=[70], labels=null)}, null, null]
2025-05-16 09:43:28,742 - org.apache.skywalking.oap.server.core.alarm.provider.RunningRule -2857 [main] TRACE [] -  Add metric org.apache.skywalking.oap.server.core.alarm.provider.RunningRuleTest$MockMetrics@263f88ff to window [null, null, null, null, null, null, null, null, null, null, null, null, {endpoint_percent=RunningRule.TraceLogMetric(timeBucket=202505160937, value=[70], labels=null)}, null, {endpoint_percent=RunningRule.TraceLogMetric(timeBucket=202505160939, value=[71], labels=null)}]
2025-05-16 09:43:28,743 - org.apache.skywalking.oap.server.core.alarm.provider.RunningRule -2858 [main] TRACE [] -  Match expression is sum(endpoint_percent < 75) >= 3
2025-05-16 09:43:28,743 - org.apache.skywalking.oap.server.core.alarm.provider.RunningRule -2858 [main] TRACE [] -  Move window [null, null, null, null, null, null, null, null, null, null, {endpoint_percent=RunningRule.TraceLogMetric(timeBucket=202505160937, value=[70], labels=null)}, null, {endpoint_percent=RunningRule.TraceLogMetric(timeBucket=202505160939, value=[71], labels=null)}, null, null]
2025-05-16 09:43:28,744 - org.apache.skywalking.oap.server.core.alarm.provider.RunningRule -2859 [main] TRACE [] -  Add metric org.apache.skywalking.oap.server.core.alarm.provider.RunningRuleTest$MockMetrics@263f88fd to window [null, null, null, null, null, null, null, null, null, null, {endpoint_percent=RunningRule.TraceLogMetric(timeBucket=202505160937, value=[70], labels=null)}, null, {endpoint_percent=RunningRule.TraceLogMetric(timeBucket=202505160939, value=[71], labels=null)}, null, {endpoint_percent=RunningRule.TraceLogMetric(timeBucket=202505160941, value=[74], labels=null)}]
2025-05-16 09:43:28,744 - org.apache.skywalking.oap.server.core.alarm.provider.RunningRule -2859 [main] TRACE [] -  Match expression is sum(endpoint_percent < 75) >= 3
]]></system-out>
  </testcase>
  <testcase name="testIncludeNamesRegex" classname="org.apache.skywalking.oap.server.core.alarm.provider.RunningRuleTest" time="0.003">
    <system-out><![CDATA[2025-05-16 09:43:28,746 - org.apache.skywalking.oap.server.core.alarm.provider.RunningRule -2861 [main] TRACE [] -  Add metric org.apache.skywalking.oap.server.core.alarm.provider.RunningRuleTest$MockMetrics@263f8901 to window [null, null, null, null, null, null, null, null, null, {endpoint_percent=RunningRule.TraceLogMetric(timeBucket=202505160937, value=[70], labels=null)}]
2025-05-16 09:43:28,746 - org.apache.skywalking.oap.server.core.alarm.provider.RunningRule -2861 [main] TRACE [] -  Move window [null, null, null, null, null, null, null, {endpoint_percent=RunningRule.TraceLogMetric(timeBucket=202505160937, value=[70], labels=null)}, null, null]
2025-05-16 09:43:28,746 - org.apache.skywalking.oap.server.core.alarm.provider.RunningRule -2861 [main] TRACE [] -  Add metric org.apache.skywalking.oap.server.core.alarm.provider.RunningRuleTest$MockMetrics@263f88ff to window [null, null, null, null, null, null, null, {endpoint_percent=RunningRule.TraceLogMetric(timeBucket=202505160937, value=[70], labels=null)}, null, {endpoint_percent=RunningRule.TraceLogMetric(timeBucket=202505160939, value=[70], labels=null)}]
2025-05-16 09:43:28,746 - org.apache.skywalking.oap.server.core.alarm.provider.RunningRule -2861 [main] TRACE [] -  Service_223 doesn't match the include regex Service\_1(\d)+
2025-05-16 09:43:28,747 - org.apache.skywalking.oap.server.core.alarm.provider.RunningRule -2862 [main] TRACE [] -  Match expression is sum(endpoint_percent < 1000) >= 1
2025-05-16 09:43:28,747 - org.apache.skywalking.oap.server.core.alarm.provider.RunningRule -2862 [main] TRACE [] -  Move window [null, null, null, {endpoint_percent=RunningRule.TraceLogMetric(timeBucket=202505160937, value=[70], labels=null)}, null, {endpoint_percent=RunningRule.TraceLogMetric(timeBucket=202505160939, value=[70], labels=null)}, null, null, null, null]
2025-05-16 09:43:28,748 - org.apache.skywalking.oap.server.core.alarm.provider.RunningRule -2863 [main] TRACE [] -  Match expression is sum(endpoint_percent < 1000) >= 1
2025-05-16 09:43:28,748 - org.apache.skywalking.oap.server.core.alarm.provider.RunningRule -2863 [main] TRACE [] -  Move window [null, null, null, null, null, null, null, null, null, null]
]]></system-out>
  </testcase>
  <testcase name="testLabeledAlarm" classname="org.apache.skywalking.oap.server.core.alarm.provider.RunningRuleTest" time="0.013">
    <system-out><![CDATA[2025-05-16 09:43:28,752 - org.apache.skywalking.oap.server.core.alarm.provider.RunningRule -2867 [main] TRACE [] -  Add metric org.apache.skywalking.oap.server.core.alarm.provider.RunningRuleTest$MockLabeledValueMetrics@263f8901 to window [null, null, null, null, null, null, null, null, null, null, null, null, null, null, {endpoint_labeled=RunningRule.TraceLogMetric(timeBucket=202505160937, value=[17, 11], labels=[{p=50}, {p=99}])}]
2025-05-16 09:43:28,752 - org.apache.skywalking.oap.server.core.alarm.provider.RunningRule -2867 [main] TRACE [] -  Move window [null, null, null, null, null, null, null, null, null, null, null, null, {endpoint_labeled=RunningRule.TraceLogMetric(timeBucket=202505160937, value=[17, 11], labels=[{p=50}, {p=99}])}, null, null]
2025-05-16 09:43:28,752 - org.apache.skywalking.oap.server.core.alarm.provider.RunningRule -2867 [main] TRACE [] -  Add metric org.apache.skywalking.oap.server.core.alarm.provider.RunningRuleTest$MockLabeledValueMetrics@263f88ff to window [null, null, null, null, null, null, null, null, null, null, null, null, {endpoint_labeled=RunningRule.TraceLogMetric(timeBucket=202505160937, value=[17, 11], labels=[{p=50}, {p=99}])}, null, {endpoint_labeled=RunningRule.TraceLogMetric(timeBucket=202505160939, value=[15, 12, 12], labels=[{p=75}, {p=95}, {p=99}])}]
2025-05-16 09:43:28,756 - org.apache.skywalking.oap.server.core.alarm.provider.RunningRule -2871 [main] TRACE [] -  Match expression is sum(endpoint_labeled{p='95,99'} > 10) >= 3
2025-05-16 09:43:28,756 - org.apache.skywalking.oap.server.core.alarm.provider.RunningRule -2871 [main] TRACE [] -  Move window [null, null, null, null, null, null, null, null, {endpoint_labeled=RunningRule.TraceLogMetric(timeBucket=202505160937, value=[17, 11], labels=[{p=50}, {p=99}])}, null, {endpoint_labeled=RunningRule.TraceLogMetric(timeBucket=202505160939, value=[15, 12, 12], labels=[{p=75}, {p=95}, {p=99}])}, null, null, null, null]
2025-05-16 09:43:28,757 - org.apache.skywalking.oap.server.core.alarm.provider.RunningRule -2872 [main] TRACE [] -  Add metric org.apache.skywalking.oap.server.core.alarm.provider.RunningRuleTest$MockLabeledValueMetrics@263f88fd to window [null, null, null, null, null, null, null, null, {endpoint_labeled=RunningRule.TraceLogMetric(timeBucket=202505160937, value=[17, 11], labels=[{p=50}, {p=99}])}, null, {endpoint_labeled=RunningRule.TraceLogMetric(timeBucket=202505160939, value=[15, 12, 12], labels=[{p=75}, {p=95}, {p=99}])}, null, {endpoint_labeled=RunningRule.TraceLogMetric(timeBucket=202505160941, value=[1, 20], labels=[{p=90}, {p=99}])}, null, null]
2025-05-16 09:43:28,757 - org.apache.skywalking.oap.server.core.alarm.provider.RunningRule -2872 [main] TRACE [] -  Match expression is sum(endpoint_labeled{p='95,99'} > 10) >= 3
2025-05-16 09:43:28,758 - org.apache.skywalking.oap.server.core.alarm.provider.RunningRule -2873 [main] TRACE [] -  Add metric org.apache.skywalking.oap.server.core.alarm.provider.RunningRuleTest$MockLabeledValueMetrics@263f8901 to window [null, null, null, null, null, null, null, null, null, null, null, null, null, null, {endpoint_labeled=RunningRule.TraceLogMetric(timeBucket=202505160937, value=[17, 11], labels=[{p=50}, {p=99}])}]
2025-05-16 09:43:28,758 - org.apache.skywalking.oap.server.core.alarm.provider.RunningRule -2873 [main] TRACE [] -  Move window [null, null, null, null, null, null, null, null, null, null, null, null, {endpoint_labeled=RunningRule.TraceLogMetric(timeBucket=202505160937, value=[17, 11], labels=[{p=50}, {p=99}])}, null, null]
2025-05-16 09:43:28,758 - org.apache.skywalking.oap.server.core.alarm.provider.RunningRule -2873 [main] TRACE [] -  Add metric org.apache.skywalking.oap.server.core.alarm.provider.RunningRuleTest$MockLabeledValueMetrics@263f88ff to window [null, null, null, null, null, null, null, null, null, null, null, null, {endpoint_labeled=RunningRule.TraceLogMetric(timeBucket=202505160937, value=[17, 11], labels=[{p=50}, {p=99}])}, null, {endpoint_labeled=RunningRule.TraceLogMetric(timeBucket=202505160939, value=[15, 12, 12], labels=[{p=75}, {p=95}, {p=99}])}]
2025-05-16 09:43:28,759 - org.apache.skywalking.oap.server.core.alarm.provider.RunningRule -2874 [main] TRACE [] -  Match expression is sum(endpoint_labeled > 10) >= 3
2025-05-16 09:43:28,759 - org.apache.skywalking.oap.server.core.alarm.provider.RunningRule -2874 [main] TRACE [] -  Move window [null, null, null, null, null, null, null, null, {endpoint_labeled=RunningRule.TraceLogMetric(timeBucket=202505160937, value=[17, 11], labels=[{p=50}, {p=99}])}, null, {endpoint_labeled=RunningRule.TraceLogMetric(timeBucket=202505160939, value=[15, 12, 12], labels=[{p=75}, {p=95}, {p=99}])}, null, null, null, null]
2025-05-16 09:43:28,759 - org.apache.skywalking.oap.server.core.alarm.provider.RunningRule -2874 [main] TRACE [] -  Add metric org.apache.skywalking.oap.server.core.alarm.provider.RunningRuleTest$MockLabeledValueMetrics@263f88fd to window [null, null, null, null, null, null, null, null, {endpoint_labeled=RunningRule.TraceLogMetric(timeBucket=202505160937, value=[17, 11], labels=[{p=50}, {p=99}])}, null, {endpoint_labeled=RunningRule.TraceLogMetric(timeBucket=202505160939, value=[15, 12, 12], labels=[{p=75}, {p=95}, {p=99}])}, null, {endpoint_labeled=RunningRule.TraceLogMetric(timeBucket=202505160941, value=[1, 20], labels=[{p=90}, {p=99}])}, null, null]
2025-05-16 09:43:28,760 - org.apache.skywalking.oap.server.core.alarm.provider.RunningRule -2875 [main] TRACE [] -  Match expression is sum(endpoint_labeled > 10) >= 3
2025-05-16 09:43:28,761 - org.apache.skywalking.oap.server.core.alarm.provider.RunningRule -2876 [main] TRACE [] -  Add metric org.apache.skywalking.oap.server.core.alarm.provider.RunningRuleTest$MockLabeledValueMetrics@263f8901 to window [null, null, null, null, null, null, null, null, null, null, null, null, null, null, {endpoint_labeled=RunningRule.TraceLogMetric(timeBucket=202505160937, value=[17, 11], labels=[{p=50}, {p=99}])}]
2025-05-16 09:43:28,761 - org.apache.skywalking.oap.server.core.alarm.provider.RunningRule -2876 [main] TRACE [] -  Move window [null, null, null, null, null, null, null, null, null, null, null, null, {endpoint_labeled=RunningRule.TraceLogMetric(timeBucket=202505160937, value=[17, 11], labels=[{p=50}, {p=99}])}, null, null]
2025-05-16 09:43:28,761 - org.apache.skywalking.oap.server.core.alarm.provider.RunningRule -2876 [main] TRACE [] -  Add metric org.apache.skywalking.oap.server.core.alarm.provider.RunningRuleTest$MockLabeledValueMetrics@263f88ff to window [null, null, null, null, null, null, null, null, null, null, null, null, {endpoint_labeled=RunningRule.TraceLogMetric(timeBucket=202505160937, value=[17, 11], labels=[{p=50}, {p=99}])}, null, {endpoint_labeled=RunningRule.TraceLogMetric(timeBucket=202505160939, value=[15, 12, 12], labels=[{p=75}, {p=95}, {p=99}])}]
2025-05-16 09:43:28,761 - org.apache.skywalking.oap.server.core.alarm.provider.RunningRule -2876 [main] TRACE [] -  Move window [null, null, null, null, null, null, null, null, {endpoint_labeled=RunningRule.TraceLogMetric(timeBucket=202505160937, value=[17, 11], labels=[{p=50}, {p=99}])}, null, {endpoint_labeled=RunningRule.TraceLogMetric(timeBucket=202505160939, value=[15, 12, 12], labels=[{p=75}, {p=95}, {p=99}])}, null, null, null, null]
2025-05-16 09:43:28,762 - org.apache.skywalking.oap.server.core.alarm.provider.RunningRule -2877 [main] TRACE [] -  Add metric org.apache.skywalking.oap.server.core.alarm.provider.RunningRuleTest$MockLabeledValueMetrics@263f88fd to window [null, null, null, null, null, null, null, null, {endpoint_labeled=RunningRule.TraceLogMetric(timeBucket=202505160937, value=[17, 11], labels=[{p=50}, {p=99}])}, null, {endpoint_labeled=RunningRule.TraceLogMetric(timeBucket=202505160939, value=[15, 12, 12], labels=[{p=75}, {p=95}, {p=99}])}, null, {endpoint_labeled=RunningRule.TraceLogMetric(timeBucket=202505160941, value=[1, 20], labels=[{p=90}, {p=99}])}, null, null]
]]></system-out>
  </testcase>
  <testcase name="testExcludeNamesRegex" classname="org.apache.skywalking.oap.server.core.alarm.provider.RunningRuleTest" time="0.003">
    <system-out><![CDATA[2025-05-16 09:43:28,763 - org.apache.skywalking.oap.server.core.alarm.provider.RunningRule -2878 [main] TRACE [] -  Add metric org.apache.skywalking.oap.server.core.alarm.provider.RunningRuleTest$MockMetrics@263f8901 to window [null, null, null, null, null, null, null, null, null, {endpoint_percent=RunningRule.TraceLogMetric(timeBucket=202505160937, value=[70], labels=null)}]
2025-05-16 09:43:28,763 - org.apache.skywalking.oap.server.core.alarm.provider.RunningRule -2878 [main] TRACE [] -  Move window [null, null, null, null, null, null, null, {endpoint_percent=RunningRule.TraceLogMetric(timeBucket=202505160937, value=[70], labels=null)}, null, null]
2025-05-16 09:43:28,763 - org.apache.skywalking.oap.server.core.alarm.provider.RunningRule -2878 [main] TRACE [] -  Add metric org.apache.skywalking.oap.server.core.alarm.provider.RunningRuleTest$MockMetrics@263f88ff to window [null, null, null, null, null, null, null, {endpoint_percent=RunningRule.TraceLogMetric(timeBucket=202505160937, value=[70], labels=null)}, null, {endpoint_percent=RunningRule.TraceLogMetric(timeBucket=202505160939, value=[70], labels=null)}]
2025-05-16 09:43:28,764 - org.apache.skywalking.oap.server.core.alarm.provider.RunningRule -2879 [main] TRACE [] -  Service_223 matches the exclude regex Service\_2(\d)+
2025-05-16 09:43:28,764 - org.apache.skywalking.oap.server.core.alarm.provider.RunningRule -2879 [main] TRACE [] -  Match expression is sum(endpoint_percent < 1000) >= 1
2025-05-16 09:43:28,764 - org.apache.skywalking.oap.server.core.alarm.provider.RunningRule -2879 [main] TRACE [] -  Move window [null, null, null, {endpoint_percent=RunningRule.TraceLogMetric(timeBucket=202505160937, value=[70], labels=null)}, null, {endpoint_percent=RunningRule.TraceLogMetric(timeBucket=202505160939, value=[70], labels=null)}, null, null, null, null]
2025-05-16 09:43:28,764 - org.apache.skywalking.oap.server.core.alarm.provider.RunningRule -2879 [main] TRACE [] -  Match expression is sum(endpoint_percent < 1000) >= 1
2025-05-16 09:43:28,764 - org.apache.skywalking.oap.server.core.alarm.provider.RunningRule -2879 [main] TRACE [] -  Move window [null, null, null, null, null, null, null, null, null, null]
]]></system-out>
  </testcase>
  <testcase name="testMultipleMetricsNoAlarm" classname="org.apache.skywalking.oap.server.core.alarm.provider.RunningRuleTest" time="0.004">
    <system-out><![CDATA[2025-05-16 09:43:28,767 - org.apache.skywalking.oap.server.core.alarm.provider.RunningRule -2882 [main] TRACE [] -  Add metric org.apache.skywalking.oap.server.core.alarm.provider.RunningRuleTest$MockMetrics@263f8901 to window [null, null, null, null, null, null, null, null, null, null, null, null, null, null, {endpoint_percent=RunningRule.TraceLogMetric(timeBucket=202505160937, value=[70], labels=null)}]
2025-05-16 09:43:28,767 - org.apache.skywalking.oap.server.core.alarm.provider.RunningRule -2882 [main] TRACE [] -  Move window [null, null, null, null, null, null, null, null, null, null, null, null, {endpoint_percent=RunningRule.TraceLogMetric(timeBucket=202505160937, value=[70], labels=null)}, null, null]
2025-05-16 09:43:28,767 - org.apache.skywalking.oap.server.core.alarm.provider.RunningRule -2882 [main] TRACE [] -  Add metric org.apache.skywalking.oap.server.core.alarm.provider.RunningRuleTest$MockMetrics@263f88ff to window [null, null, null, null, null, null, null, null, null, null, null, null, {endpoint_percent=RunningRule.TraceLogMetric(timeBucket=202505160937, value=[70], labels=null)}, null, {endpoint_percent=RunningRule.TraceLogMetric(timeBucket=202505160939, value=[71], labels=null)}]
2025-05-16 09:43:28,767 - org.apache.skywalking.oap.server.core.alarm.provider.RunningRule -2882 [main] TRACE [] -  Add metric org.apache.skywalking.oap.server.core.alarm.provider.RunningRuleTest$MockMetrics@263f8901 to window [null, null, null, null, null, null, null, null, null, null, null, null, {endpoint_cpm=RunningRule.TraceLogMetric(timeBucket=202505160937, value=[50], labels=null)}, {endpoint_percent=RunningRule.TraceLogMetric(timeBucket=202505160937, value=[70], labels=null)}, null, {endpoint_percent=RunningRule.TraceLogMetric(timeBucket=202505160939, value=[71], labels=null)}]
2025-05-16 09:43:28,767 - org.apache.skywalking.oap.server.core.alarm.provider.RunningRule -2882 [main] TRACE [] -  Add metric org.apache.skywalking.oap.server.core.alarm.provider.RunningRuleTest$MockMetrics@263f88ff to window [null, null, null, null, null, null, null, null, null, null, null, null, {endpoint_cpm=RunningRule.TraceLogMetric(timeBucket=202505160937, value=[50], labels=null)}, {endpoint_percent=RunningRule.TraceLogMetric(timeBucket=202505160937, value=[70], labels=null)}, null, {endpoint_cpm=RunningRule.TraceLogMetric(timeBucket=202505160939, value=[99], labels=null)}, {endpoint_percent=RunningRule.TraceLogMetric(timeBucket=202505160939, value=[71], labels=null)}]
2025-05-16 09:43:28,768 - org.apache.skywalking.oap.server.core.alarm.provider.RunningRule -2883 [main] TRACE [] -  Match expression is sum((endpoint_percent < 75) * (endpoint_cpm < 99)) >= 3
2025-05-16 09:43:28,768 - org.apache.skywalking.oap.server.core.alarm.provider.RunningRule -2883 [main] TRACE [] -  Move window [null, null, null, null, null, null, null, null, null, null, {endpoint_cpm=RunningRule.TraceLogMetric(timeBucket=202505160937, value=[50], labels=null)}, {endpoint_percent=RunningRule.TraceLogMetric(timeBucket=202505160937, value=[70], labels=null)}, null, {endpoint_cpm=RunningRule.TraceLogMetric(timeBucket=202505160939, value=[99], labels=null)}, {endpoint_percent=RunningRule.TraceLogMetric(timeBucket=202505160939, value=[71], labels=null)}, null, null]
2025-05-16 09:43:28,768 - org.apache.skywalking.oap.server.core.alarm.provider.RunningRule -2883 [main] TRACE [] -  Add metric org.apache.skywalking.oap.server.core.alarm.provider.RunningRuleTest$MockMetrics@263f88fd to window [null, null, null, null, null, null, null, null, null, null, {endpoint_cpm=RunningRule.TraceLogMetric(timeBucket=202505160937, value=[50], labels=null)}, {endpoint_percent=RunningRule.TraceLogMetric(timeBucket=202505160937, value=[70], labels=null)}, null, {endpoint_cpm=RunningRule.TraceLogMetric(timeBucket=202505160939, value=[99], labels=null)}, {endpoint_percent=RunningRule.TraceLogMetric(timeBucket=202505160939, value=[71], labels=null)}, null, {endpoint_percent=RunningRule.TraceLogMetric(timeBucket=202505160941, value=[74], labels=null)}]
2025-05-16 09:43:28,768 - org.apache.skywalking.oap.server.core.alarm.provider.RunningRule -2883 [main] TRACE [] -  Add metric org.apache.skywalking.oap.server.core.alarm.provider.RunningRuleTest$MockMetrics@263f88fd to window [null, null, null, null, null, null, null, null, null, null, {endpoint_cpm=RunningRule.TraceLogMetric(timeBucket=202505160937, value=[50], labels=null)}, {endpoint_percent=RunningRule.TraceLogMetric(timeBucket=202505160937, value=[70], labels=null)}, null, {endpoint_cpm=RunningRule.TraceLogMetric(timeBucket=202505160939, value=[99], labels=null)}, {endpoint_percent=RunningRule.TraceLogMetric(timeBucket=202505160939, value=[71], labels=null)}, null, {endpoint_cpm=RunningRule.TraceLogMetric(timeBucket=202505160941, value=[60], labels=null)}, {endpoint_percent=RunningRule.TraceLogMetric(timeBucket=202505160941, value=[74], labels=null)}]
2025-05-16 09:43:28,769 - org.apache.skywalking.oap.server.core.alarm.provider.RunningRule -2884 [main] TRACE [] -  Match expression is sum((endpoint_percent < 75) * (endpoint_cpm < 99)) >= 3
]]></system-out>
  </testcase>
  <testcase name="testNoAlarm" classname="org.apache.skywalking.oap.server.core.alarm.provider.RunningRuleTest" time="0.006">
    <system-out><![CDATA[2025-05-16 09:43:28,771 - org.apache.skywalking.oap.server.core.alarm.provider.RunningRule -2886 [main] TRACE [] -  Add metric org.apache.skywalking.oap.server.core.alarm.provider.RunningRuleTest$MockMetrics@263f8902 to window [null, null, null, null, null, null, null, null, null, null, null, null, null, null, {endpoint_percent=RunningRule.TraceLogMetric(timeBucket=202505160936, value=[70], labels=null)}]
2025-05-16 09:43:28,771 - org.apache.skywalking.oap.server.core.alarm.provider.RunningRule -2886 [main] TRACE [] -  Move window [null, null, null, null, null, null, null, null, null, null, null, null, {endpoint_percent=RunningRule.TraceLogMetric(timeBucket=202505160936, value=[70], labels=null)}, null, null]
2025-05-16 09:43:28,771 - org.apache.skywalking.oap.server.core.alarm.provider.RunningRule -2886 [main] TRACE [] -  Add metric org.apache.skywalking.oap.server.core.alarm.provider.RunningRuleTest$MockMetrics@263f8900 to window [null, null, null, null, null, null, null, null, null, null, null, null, {endpoint_percent=RunningRule.TraceLogMetric(timeBucket=202505160936, value=[70], labels=null)}, null, {endpoint_percent=RunningRule.TraceLogMetric(timeBucket=202505160938, value=[71], labels=null)}]
2025-05-16 09:43:28,772 - org.apache.skywalking.oap.server.core.alarm.provider.RunningRule -2887 [main] TRACE [] -  Move window [null, null, null, null, null, null, null, null, null, null, {endpoint_percent=RunningRule.TraceLogMetric(timeBucket=202505160936, value=[70], labels=null)}, null, {endpoint_percent=RunningRule.TraceLogMetric(timeBucket=202505160938, value=[71], labels=null)}, null, null]
2025-05-16 09:43:28,772 - org.apache.skywalking.oap.server.core.alarm.provider.RunningRule -2887 [main] TRACE [] -  Add metric org.apache.skywalking.oap.server.core.alarm.provider.RunningRuleTest$MockMetrics@263f88fe to window [null, null, null, null, null, null, null, null, null, null, {endpoint_percent=RunningRule.TraceLogMetric(timeBucket=202505160936, value=[70], labels=null)}, null, {endpoint_percent=RunningRule.TraceLogMetric(timeBucket=202505160938, value=[71], labels=null)}, null, {endpoint_percent=RunningRule.TraceLogMetric(timeBucket=202505160940, value=[74], labels=null)}]
2025-05-16 09:43:28,772 - org.apache.skywalking.oap.server.core.alarm.provider.RunningRule -2887 [main] TRACE [] -  Add metric org.apache.skywalking.oap.server.core.alarm.provider.RunningRuleTest$MockMetrics@263f8904 to window [null, null, null, null, null, null, null, null, {endpoint_percent=RunningRule.TraceLogMetric(timeBucket=202505160934, value=[90], labels=null)}, null, {endpoint_percent=RunningRule.TraceLogMetric(timeBucket=202505160936, value=[70], labels=null)}, null, {endpoint_percent=RunningRule.TraceLogMetric(timeBucket=202505160938, value=[71], labels=null)}, null, {endpoint_percent=RunningRule.TraceLogMetric(timeBucket=202505160940, value=[74], labels=null)}]
2025-05-16 09:43:28,772 - org.apache.skywalking.oap.server.core.alarm.provider.RunningRule -2887 [main] TRACE [] -  Move window [null, null, null, null, null, null, {endpoint_percent=RunningRule.TraceLogMetric(timeBucket=202505160934, value=[90], labels=null)}, null, {endpoint_percent=RunningRule.TraceLogMetric(timeBucket=202505160936, value=[70], labels=null)}, null, {endpoint_percent=RunningRule.TraceLogMetric(timeBucket=202505160938, value=[71], labels=null)}, null, {endpoint_percent=RunningRule.TraceLogMetric(timeBucket=202505160940, value=[74], labels=null)}, null, null]
2025-05-16 09:43:28,772 - org.apache.skywalking.oap.server.core.alarm.provider.RunningRule -2887 [main] TRACE [] -  Add metric org.apache.skywalking.oap.server.core.alarm.provider.RunningRuleTest$MockMetrics@263f88fc to window [null, null, null, null, null, null, {endpoint_percent=RunningRule.TraceLogMetric(timeBucket=202505160934, value=[90], labels=null)}, null, {endpoint_percent=RunningRule.TraceLogMetric(timeBucket=202505160936, value=[70], labels=null)}, null, {endpoint_percent=RunningRule.TraceLogMetric(timeBucket=202505160938, value=[71], labels=null)}, null, {endpoint_percent=RunningRule.TraceLogMetric(timeBucket=202505160940, value=[74], labels=null)}, null, {endpoint_percent=RunningRule.TraceLogMetric(timeBucket=202505160942, value=[95], labels=null)}]
2025-05-16 09:43:28,773 - org.apache.skywalking.oap.server.core.alarm.provider.RunningRule -2888 [main] TRACE [] -  Match expression is sum(endpoint_percent > 75) >= 3
2025-05-16 09:43:28,773 - org.apache.skywalking.oap.server.core.alarm.provider.RunningRule -2888 [main] TRACE [] -  Move window [null, null, null, null, null, {endpoint_percent=RunningRule.TraceLogMetric(timeBucket=202505160934, value=[90], labels=null)}, null, {endpoint_percent=RunningRule.TraceLogMetric(timeBucket=202505160936, value=[70], labels=null)}, null, {endpoint_percent=RunningRule.TraceLogMetric(timeBucket=202505160938, value=[71], labels=null)}, null, {endpoint_percent=RunningRule.TraceLogMetric(timeBucket=202505160940, value=[74], labels=null)}, null, {endpoint_percent=RunningRule.TraceLogMetric(timeBucket=202505160942, value=[95], labels=null)}, null]
2025-05-16 09:43:28,774 - org.apache.skywalking.oap.server.core.alarm.provider.RunningRule -2889 [main] TRACE [] -  Match expression is sum(endpoint_percent > 75) >= 3
2025-05-16 09:43:28,774 - org.apache.skywalking.oap.server.core.alarm.provider.RunningRule -2889 [main] TRACE [] -  Move window [null, null, null, null, {endpoint_percent=RunningRule.TraceLogMetric(timeBucket=202505160934, value=[90], labels=null)}, null, {endpoint_percent=RunningRule.TraceLogMetric(timeBucket=202505160936, value=[70], labels=null)}, null, {endpoint_percent=RunningRule.TraceLogMetric(timeBucket=202505160938, value=[71], labels=null)}, null, {endpoint_percent=RunningRule.TraceLogMetric(timeBucket=202505160940, value=[74], labels=null)}, null, {endpoint_percent=RunningRule.TraceLogMetric(timeBucket=202505160942, value=[95], labels=null)}, null, null]
2025-05-16 09:43:28,774 - org.apache.skywalking.oap.server.core.alarm.provider.RunningRule -2889 [main] TRACE [] -  Match expression is sum(endpoint_percent > 75) >= 3
]]></system-out>
  </testcase>
  <testcase name="testSilence" classname="org.apache.skywalking.oap.server.core.alarm.provider.RunningRuleTest" time="0.005">
    <system-out><![CDATA[2025-05-16 09:43:28,776 - org.apache.skywalking.oap.server.core.alarm.provider.RunningRule -2891 [main] TRACE [] -  Add metric org.apache.skywalking.oap.server.core.alarm.provider.RunningRuleTest$MockMetrics@263f8901 to window [null, null, null, null, null, null, null, null, null, null, null, null, null, null, {endpoint_percent=RunningRule.TraceLogMetric(timeBucket=202505160937, value=[70], labels=null)}]
2025-05-16 09:43:28,777 - org.apache.skywalking.oap.server.core.alarm.provider.RunningRule -2892 [main] TRACE [] -  Move window [null, null, null, null, null, null, null, null, null, null, null, null, {endpoint_percent=RunningRule.TraceLogMetric(timeBucket=202505160937, value=[70], labels=null)}, null, null]
2025-05-16 09:43:28,777 - org.apache.skywalking.oap.server.core.alarm.provider.RunningRule -2892 [main] TRACE [] -  Add metric org.apache.skywalking.oap.server.core.alarm.provider.RunningRuleTest$MockMetrics@263f88ff to window [null, null, null, null, null, null, null, null, null, null, null, null, {endpoint_percent=RunningRule.TraceLogMetric(timeBucket=202505160937, value=[70], labels=null)}, null, {endpoint_percent=RunningRule.TraceLogMetric(timeBucket=202505160939, value=[71], labels=null)}]
2025-05-16 09:43:28,777 - org.apache.skywalking.oap.server.core.alarm.provider.RunningRule -2892 [main] TRACE [] -  Match expression is sum(endpoint_percent < 75) >= 3
2025-05-16 09:43:28,777 - org.apache.skywalking.oap.server.core.alarm.provider.RunningRule -2892 [main] TRACE [] -  Move window [null, null, null, null, null, null, null, null, {endpoint_percent=RunningRule.TraceLogMetric(timeBucket=202505160937, value=[70], labels=null)}, null, {endpoint_percent=RunningRule.TraceLogMetric(timeBucket=202505160939, value=[71], labels=null)}, null, null, null, null]
2025-05-16 09:43:28,778 - org.apache.skywalking.oap.server.core.alarm.provider.RunningRule -2893 [main] TRACE [] -  Add metric org.apache.skywalking.oap.server.core.alarm.provider.RunningRuleTest$MockMetrics@263f88fd to window [null, null, null, null, null, null, null, null, {endpoint_percent=RunningRule.TraceLogMetric(timeBucket=202505160937, value=[70], labels=null)}, null, {endpoint_percent=RunningRule.TraceLogMetric(timeBucket=202505160939, value=[71], labels=null)}, null, {endpoint_percent=RunningRule.TraceLogMetric(timeBucket=202505160941, value=[74], labels=null)}, null, null]
2025-05-16 09:43:28,778 - org.apache.skywalking.oap.server.core.alarm.provider.RunningRule -2893 [main] TRACE [] -  Match expression is sum(endpoint_percent < 75) >= 3
2025-05-16 09:43:28,778 - org.apache.skywalking.oap.server.core.alarm.provider.RunningRule -2893 [main] TRACE [] -  Move window [null, null, null, null, null, null, null, {endpoint_percent=RunningRule.TraceLogMetric(timeBucket=202505160937, value=[70], labels=null)}, null, {endpoint_percent=RunningRule.TraceLogMetric(timeBucket=202505160939, value=[71], labels=null)}, null, {endpoint_percent=RunningRule.TraceLogMetric(timeBucket=202505160941, value=[74], labels=null)}, null, null, null]
2025-05-16 09:43:28,778 - org.apache.skywalking.oap.server.core.alarm.provider.RunningRule -2893 [main] TRACE [] -  Match expression is sum(endpoint_percent < 75) >= 3
2025-05-16 09:43:28,779 - org.apache.skywalking.oap.server.core.alarm.provider.RunningRule -2894 [main] TRACE [] -  Match expression is sum(endpoint_percent < 75) >= 3
2025-05-16 09:43:28,779 - org.apache.skywalking.oap.server.core.alarm.provider.RunningRule -2894 [main] TRACE [] -  Match expression is sum(endpoint_percent < 75) >= 3
2025-05-16 09:43:28,779 - org.apache.skywalking.oap.server.core.alarm.provider.RunningRule -2894 [main] TRACE [] -  Match expression is sum(endpoint_percent < 75) >= 3
2025-05-16 09:43:28,779 - org.apache.skywalking.oap.server.core.alarm.provider.RunningRule -2894 [main] TRACE [] -  Match expression is sum(endpoint_percent < 75) >= 3
2025-05-16 09:43:28,780 - org.apache.skywalking.oap.server.core.alarm.provider.RunningRule -2895 [main] TRACE [] -  Match expression is sum(endpoint_percent < 75) >= 3
]]></system-out>
  </testcase>
  <testcase name="testAlarmMetricsOutOfDate" classname="org.apache.skywalking.oap.server.core.alarm.provider.RunningRuleTest" time="0.002">
    <system-out><![CDATA[2025-05-16 09:43:28,781 - org.apache.skywalking.oap.server.core.alarm.provider.RunningRule -2896 [main] TRACE [] -  Add metric org.apache.skywalking.oap.server.core.alarm.provider.RunningRuleTest$MockMetrics@263f8864 to window [null, null, null, null, null, null, null, null, null, null, null, null, null, null, {endpoint_percent=RunningRule.TraceLogMetric(timeBucket=202505160710, value=[70], labels=null)}]
2025-05-16 09:43:28,781 - org.apache.skywalking.oap.server.core.alarm.provider.RunningRule -2896 [main] TRACE [] -  Move window [null, null, null, null, null, null, null, null, null, null, null, null, null, {endpoint_percent=RunningRule.TraceLogMetric(timeBucket=202505160710, value=[70], labels=null)}, null]
2025-05-16 09:43:28,781 - org.apache.skywalking.oap.server.core.alarm.provider.RunningRule -2896 [main] TRACE [] -  Add metric org.apache.skywalking.oap.server.core.alarm.provider.RunningRuleTest$MockMetrics@263f8863 to window [null, null, null, null, null, null, null, null, null, null, null, null, null, {endpoint_percent=RunningRule.TraceLogMetric(timeBucket=202505160710, value=[70], labels=null)}, {endpoint_percent=RunningRule.TraceLogMetric(timeBucket=202505160711, value=[71], labels=null)}]
2025-05-16 09:43:28,782 - org.apache.skywalking.oap.server.core.alarm.provider.RunningRule -2897 [main] TRACE [] -  Move window [null, null, null, null, null, null, null, null, null, null, null, null, {endpoint_percent=RunningRule.TraceLogMetric(timeBucket=202505160710, value=[70], labels=null)}, {endpoint_percent=RunningRule.TraceLogMetric(timeBucket=202505160711, value=[71], labels=null)}, null]
2025-05-16 09:43:28,782 - org.apache.skywalking.oap.server.core.alarm.provider.RunningRule -2897 [main] TRACE [] -  Add metric org.apache.skywalking.oap.server.core.alarm.provider.RunningRuleTest$MockMetrics@263f8862 to window [null, null, null, null, null, null, null, null, null, null, null, null, {endpoint_percent=RunningRule.TraceLogMetric(timeBucket=202505160710, value=[70], labels=null)}, {endpoint_percent=RunningRule.TraceLogMetric(timeBucket=202505160711, value=[71], labels=null)}, {endpoint_percent=RunningRule.TraceLogMetric(timeBucket=202505160712, value=[74], labels=null)}]
2025-05-16 09:43:28,782 - org.apache.skywalking.oap.server.core.alarm.provider.RunningRule -2897 [main] TRACE [] -  Move window [null, null, null, null, null, null, null, null, null, null, null, null, null, null, null]
]]></system-out>
  </testcase>
</testsuite>