<?xml version="1.0" encoding="UTF-8"?>
<testsuite xmlns:xsi="http://www.w3.org/2001/XMLSchema-instance" xsi:noNamespaceSchemaLocation="https://maven.apache.org/surefire/maven-surefire-plugin/xsd/surefire-test-report-3.0.xsd" version="3.0" name="org.apache.skywalking.oap.server.core.remote.HTTPServerTest" time="0.734" tests="1" errors="0" skipped="0" failures="0">
  <properties>
    <property name="java.specification.version" value="17"/>
    <property name="sun.jnu.encoding" value="UTF-8"/>
    <property name="java.class.path" value="/home/ybagge/benchmarks/Apache-skywalking/oap-server/server-core/target/test-classes:/home/ybagge/benchmarks/Apache-skywalking/oap-server/server-core/target/classes:/home/ybagge/.m2/repository/org/yaml/snakeyaml/2.0/snakeyaml-2.0.jar:/home/ybagge/benchmarks/Apache-skywalking/oap-server/server-library/library-module/target/classes:/home/ybagge/benchmarks/Apache-skywalking/oap-server/server-library/library-async-profiler-jfr-parser/target/classes:/home/ybagge/.m2/repository/tools/profiler/async-profiler-converter/3.0/async-profiler-converter-3.0.jar:/home/ybagge/benchmarks/Apache-skywalking/oap-server/server-telemetry/telemetry-api/target/classes:/home/ybagge/benchmarks/Apache-skywalking/oap-server/server-configuration/configuration-api/target/classes:/home/ybagge/benchmarks/Apache-skywalking/oap-server/server-library/library-util/target/classes:/home/ybagge/.m2/repository/joda-time/joda-time/2.10.5/joda-time-2.10.5.jar:/home/ybagge/.m2/repository/com/google/protobuf/protobuf-java/3.25.5/protobuf-java-3.25.5.jar:/home/ybagge/.m2/repository/com/google/protobuf/protobuf-java-util/3.25.5/protobuf-java-util-3.25.5.jar:/home/ybagge/.m2/repository/com/google/j2objc/j2objc-annotations/2.8/j2objc-annotations-2.8.jar:/home/ybagge/.m2/repository/org/apache/commons/commons-text/1.4/commons-text-1.4.jar:/home/ybagge/.m2/repository/org/apache/commons/commons-lang3/3.12.0/commons-lang3-3.12.0.jar:/home/ybagge/benchmarks/Apache-skywalking/oap-server/server-library/library-client/target/classes:/home/ybagge/benchmarks/Apache-skywalking/oap-server/server-library/library-elasticsearch-client/target/classes:/home/ybagge/.m2/repository/io/grpc/grpc-core/1.68.1/grpc-core-1.68.1.jar:/home/ybagge/.m2/repository/org/codehaus/mojo/animal-sniffer-annotations/1.24/animal-sniffer-annotations-1.24.jar:/home/ybagge/.m2/repository/io/perfmark/perfmark-api/0.27.0/perfmark-api-0.27.0.jar:/home/ybagge/.m2/repository/io/grpc/grpc-context/1.68.1/grpc-context-1.68.1.jar:/home/ybagge/.m2/repository/io/grpc/grpc-netty/1.68.1/grpc-netty-1.68.1.jar:/home/ybagge/.m2/repository/io/netty/netty-transport-native-unix-common/4.1.118.Final/netty-transport-native-unix-common-4.1.118.Final.jar:/home/ybagge/.m2/repository/io/netty/netty-codec-http2/4.1.118.Final/netty-codec-http2-4.1.118.Final.jar:/home/ybagge/.m2/repository/io/netty/netty-common/4.1.118.Final/netty-common-4.1.118.Final.jar:/home/ybagge/.m2/repository/io/netty/netty-buffer/4.1.118.Final/netty-buffer-4.1.118.Final.jar:/home/ybagge/.m2/repository/io/netty/netty-transport/4.1.118.Final/netty-transport-4.1.118.Final.jar:/home/ybagge/.m2/repository/io/netty/netty-handler/4.1.118.Final/netty-handler-4.1.118.Final.jar:/home/ybagge/.m2/repository/io/netty/netty-resolver/4.1.118.Final/netty-resolver-4.1.118.Final.jar:/home/ybagge/.m2/repository/io/netty/netty-handler-proxy/4.1.118.Final/netty-handler-proxy-4.1.118.Final.jar:/home/ybagge/.m2/repository/io/netty/netty-codec-socks/4.1.118.Final/netty-codec-socks-4.1.118.Final.jar:/home/ybagge/.m2/repository/com/google/code/gson/gson/2.9.0/gson-2.9.0.jar:/home/ybagge/.m2/repository/com/zaxxer/HikariCP/3.1.0/HikariCP-3.1.0.jar:/home/ybagge/.m2/repository/org/slf4j/jcl-over-slf4j/1.7.30/jcl-over-slf4j-1.7.30.jar:/home/ybagge/benchmarks/Apache-skywalking/oap-server/server-library/library-server/target/classes:/home/ybagge/.m2/repository/io/grpc/grpc-protobuf/1.68.1/grpc-protobuf-1.68.1.jar:/home/ybagge/.m2/repository/com/google/api/grpc/proto-google-common-protos/2.41.0/proto-google-common-protos-2.41.0.jar:/home/ybagge/.m2/repository/io/grpc/grpc-protobuf-lite/1.68.1/grpc-protobuf-lite-1.68.1.jar:/home/ybagge/.m2/repository/io/grpc/grpc-stub/1.68.1/grpc-stub-1.68.1.jar:/home/ybagge/.m2/repository/io/netty/netty-codec/4.1.118.Final/netty-codec-4.1.118.Final.jar:/home/ybagge/.m2/repository/io/netty/netty-codec-http/4.1.118.Final/netty-codec-http-4.1.118.Final.jar:/home/ybagge/.m2/repository/com/linecorp/armeria/armeria/1.32.0/armeria-1.32.0.jar:/home/ybagge/.m2/repository/com/fasterxml/jackson/core/jackson-core/2.16.0/jackson-core-2.16.0.jar:/home/ybagge/.m2/repository/com/fasterxml/jackson/core/jackson-annotations/2.16.0/jackson-annotations-2.16.0.jar:/home/ybagge/.m2/repository/com/fasterxml/jackson/core/jackson-databind/2.16.0/jackson-databind-2.16.0.jar:/home/ybagge/.m2/repository/com/fasterxml/jackson/datatype/jackson-datatype-jdk8/2.18.2/jackson-datatype-jdk8-2.18.2.jar:/home/ybagge/.m2/repository/com/fasterxml/jackson/datatype/jackson-datatype-jsr310/2.18.2/jackson-datatype-jsr310-2.18.2.jar:/home/ybagge/.m2/repository/io/micrometer/micrometer-core/1.14.4/micrometer-core-1.14.4.jar:/home/ybagge/.m2/repository/io/micrometer/micrometer-commons/1.14.4/micrometer-commons-1.14.4.jar:/home/ybagge/.m2/repository/io/micrometer/micrometer-observation/1.14.4/micrometer-observation-1.14.4.jar:/home/ybagge/.m2/repository/org/hdrhistogram/HdrHistogram/2.2.2/HdrHistogram-2.2.2.jar:/home/ybagge/.m2/repository/org/latencyutils/LatencyUtils/2.0.3/LatencyUtils-2.0.3.jar:/home/ybagge/.m2/repository/io/netty/netty-codec-haproxy/4.1.118.Final/netty-codec-haproxy-4.1.118.Final.jar:/home/ybagge/.m2/repository/io/netty/netty-resolver-dns/4.1.118.Final/netty-resolver-dns-4.1.118.Final.jar:/home/ybagge/.m2/repository/io/netty/netty-codec-dns/4.1.118.Final/netty-codec-dns-4.1.118.Final.jar:/home/ybagge/.m2/repository/io/netty/netty-transport-native-unix-common/4.1.118.Final/netty-transport-native-unix-common-4.1.118.Final-linux-x86_64.jar:/home/ybagge/.m2/repository/io/netty/netty-transport-native-unix-common/4.1.118.Final/netty-transport-native-unix-common-4.1.118.Final-linux-aarch_64.jar:/home/ybagge/.m2/repository/io/netty/netty-transport-native-unix-common/4.1.118.Final/netty-transport-native-unix-common-4.1.118.Final-osx-x86_64.jar:/home/ybagge/.m2/repository/io/netty/netty-transport-native-unix-common/4.1.118.Final/netty-transport-native-unix-common-4.1.118.Final-osx-aarch_64.jar:/home/ybagge/.m2/repository/org/reactivestreams/reactive-streams/1.0.4/reactive-streams-1.0.4.jar:/home/ybagge/.m2/repository/io/netty/netty-transport-native-epoll/4.1.118.Final/netty-transport-native-epoll-4.1.118.Final-linux-x86_64.jar:/home/ybagge/.m2/repository/io/netty/netty-transport-classes-epoll/4.1.118.Final/netty-transport-classes-epoll-4.1.118.Final.jar:/home/ybagge/.m2/repository/io/netty/netty-transport-native-epoll/4.1.118.Final/netty-transport-native-epoll-4.1.118.Final-linux-aarch_64.jar:/home/ybagge/.m2/repository/io/netty/netty-transport-native-kqueue/4.1.118.Final/netty-transport-native-kqueue-4.1.118.Final-osx-x86_64.jar:/home/ybagge/.m2/repository/io/netty/netty-transport-classes-kqueue/4.1.118.Final/netty-transport-classes-kqueue-4.1.118.Final.jar:/home/ybagge/.m2/repository/io/netty/netty-resolver-dns-native-macos/4.1.118.Final/netty-resolver-dns-native-macos-4.1.118.Final-osx-x86_64.jar:/home/ybagge/.m2/repository/io/netty/netty-resolver-dns-classes-macos/4.1.118.Final/netty-resolver-dns-classes-macos-4.1.118.Final.jar:/home/ybagge/.m2/repository/io/netty/netty-transport-native-kqueue/4.1.118.Final/netty-transport-native-kqueue-4.1.118.Final-osx-aarch_64.jar:/home/ybagge/.m2/repository/io/netty/netty-resolver-dns-native-macos/4.1.118.Final/netty-resolver-dns-native-macos-4.1.118.Final-osx-aarch_64.jar:/home/ybagge/.m2/repository/io/netty/netty-tcnative-boringssl-static/2.0.70.Final/netty-tcnative-boringssl-static-2.0.70.Final-linux-x86_64.jar:/home/ybagge/.m2/repository/io/netty/netty-tcnative-boringssl-static/2.0.70.Final/netty-tcnative-boringssl-static-2.0.70.Final-linux-aarch_64.jar:/home/ybagge/.m2/repository/io/netty/netty-tcnative-boringssl-static/2.0.70.Final/netty-tcnative-boringssl-static-2.0.70.Final-osx-x86_64.jar:/home/ybagge/.m2/repository/io/netty/netty-tcnative-boringssl-static/2.0.70.Final/netty-tcnative-boringssl-static-2.0.70.Final-osx-aarch_64.jar:/home/ybagge/.m2/repository/io/netty/netty-tcnative-boringssl-static/2.0.70.Final/netty-tcnative-boringssl-static-2.0.70.Final-windows-x86_64.jar:/home/ybagge/.m2/repository/com/aayushatharva/brotli4j/brotli4j/1.18.0/brotli4j-1.18.0.jar:/home/ybagge/.m2/repository/com/aayushatharva/brotli4j/service/1.18.0/service-1.18.0.jar:/home/ybagge/.m2/repository/com/linecorp/armeria/armeria-protobuf/1.32.0/armeria-protobuf-1.32.0.jar:/home/ybagge/benchmarks/Apache-skywalking/oap-server/server-library/library-datacarrier-queue/target/classes:/home/ybagge/benchmarks/Apache-skywalking/apm-protocol/apm-network/target/classes:/home/ybagge/.m2/repository/io/netty/netty-tcnative-boringssl-static/2.0.69.Final/netty-tcnative-boringssl-static-2.0.69.Final.jar:/home/ybagge/.m2/repository/io/netty/netty-tcnative-classes/2.0.70.Final/netty-tcnative-classes-2.0.70.Final.jar:/home/ybagge/.m2/repository/org/javassist/javassist/3.25.0-GA/javassist-3.25.0-GA.jar:/home/ybagge/.m2/repository/io/vavr/vavr/0.10.3/vavr-0.10.3.jar:/home/ybagge/.m2/repository/io/vavr/vavr-match/0.10.3/vavr-match-0.10.3.jar:/home/ybagge/benchmarks/Apache-skywalking/oap-server/server-testing/target/classes:/home/ybagge/.m2/repository/io/grpc/grpc-testing/1.68.1/grpc-testing-1.68.1.jar:/home/ybagge/.m2/repository/io/grpc/grpc-util/1.68.1/grpc-util-1.68.1.jar:/home/ybagge/.m2/repository/io/grpc/grpc-inprocess/1.68.1/grpc-inprocess-1.68.1.jar:/home/ybagge/.m2/repository/io/grpc/grpc-api/1.68.1/grpc-api-1.68.1.jar:/home/ybagge/.m2/repository/io/zipkin/zipkin2/zipkin/2.24.1/zipkin-2.24.1.jar:/home/ybagge/.m2/repository/org/apache/groovy/groovy/4.0.15/groovy-4.0.15.jar:/home/ybagge/.m2/repository/org/slf4j/slf4j-api/1.7.30/slf4j-api-1.7.30.jar:/home/ybagge/.m2/repository/org/slf4j/log4j-over-slf4j/1.7.30/log4j-over-slf4j-1.7.30.jar:/home/ybagge/.m2/repository/org/apache/logging/log4j/log4j-core/2.17.1/log4j-core-2.17.1.jar:/home/ybagge/.m2/repository/org/apache/logging/log4j/log4j-api/2.17.1/log4j-api-2.17.1.jar:/home/ybagge/.m2/repository/org/apache/logging/log4j/log4j-slf4j-impl/2.17.1/log4j-slf4j-impl-2.17.1.jar:/home/ybagge/.m2/repository/com/google/guava/guava/32.0.1-jre/guava-32.0.1-jre.jar:/home/ybagge/.m2/repository/com/google/guava/failureaccess/1.0.1/failureaccess-1.0.1.jar:/home/ybagge/.m2/repository/com/google/guava/listenablefuture/9999.0-empty-to-avoid-conflict-with-guava/listenablefuture-9999.0-empty-to-avoid-conflict-with-guava.jar:/home/ybagge/.m2/repository/com/google/code/findbugs/jsr305/3.0.2/jsr305-3.0.2.jar:/home/ybagge/.m2/repository/org/checkerframework/checker-qual/3.33.0/checker-qual-3.33.0.jar:/home/ybagge/.m2/repository/org/testcontainers/testcontainers/1.17.6/testcontainers-1.17.6.jar:/home/ybagge/.m2/repository/org/apache/commons/commons-compress/1.21/commons-compress-1.21.jar:/home/ybagge/.m2/repository/org/rnorth/duct-tape/duct-tape/1.0.8/duct-tape-1.0.8.jar:/home/ybagge/.m2/repository/org/jetbrains/annotations/17.0.0/annotations-17.0.0.jar:/home/ybagge/.m2/repository/com/github/docker-java/docker-java-api/3.2.13/docker-java-api-3.2.13.jar:/home/ybagge/.m2/repository/com/github/docker-java/docker-java-transport-zerodep/3.2.13/docker-java-transport-zerodep-3.2.13.jar:/home/ybagge/.m2/repository/com/github/docker-java/docker-java-transport/3.2.13/docker-java-transport-3.2.13.jar:/home/ybagge/.m2/repository/net/java/dev/jna/jna/5.8.0/jna-5.8.0.jar:/home/ybagge/.m2/repository/org/testcontainers/junit-jupiter/1.17.6/junit-jupiter-1.17.6.jar:/home/ybagge/.m2/repository/org/junit/jupiter/junit-jupiter-api/5.9.2/junit-jupiter-api-5.9.2.jar:/home/ybagge/.m2/repository/org/opentest4j/opentest4j/1.2.0/opentest4j-1.2.0.jar:/home/ybagge/.m2/repository/org/junit/platform/junit-platform-commons/1.9.2/junit-platform-commons-1.9.2.jar:/home/ybagge/.m2/repository/com/google/errorprone/error_prone_annotations/2.11.0/error_prone_annotations-2.11.0.jar:/home/ybagge/.m2/repository/org/junit/jupiter/junit-jupiter/5.9.2/junit-jupiter-5.9.2.jar:/home/ybagge/.m2/repository/org/junit/jupiter/junit-jupiter-engine/5.9.2/junit-jupiter-engine-5.9.2.jar:/home/ybagge/.m2/repository/org/junit/platform/junit-platform-engine/1.9.2/junit-platform-engine-1.9.2.jar:/home/ybagge/.m2/repository/org/junit/jupiter/junit-jupiter-params/5.9.2/junit-jupiter-params-5.9.2.jar:/home/ybagge/.m2/repository/org/apiguardian/apiguardian-api/1.1.2/apiguardian-api-1.1.2.jar:/home/ybagge/.m2/repository/org/mockito/mockito-core/4.11.0/mockito-core-4.11.0.jar:/home/ybagge/.m2/repository/net/bytebuddy/byte-buddy/1.14.9/byte-buddy-1.14.9.jar:/home/ybagge/.m2/repository/net/bytebuddy/byte-buddy-agent/1.14.9/byte-buddy-agent-1.14.9.jar:/home/ybagge/.m2/repository/org/objenesis/objenesis/3.3/objenesis-3.3.jar:/home/ybagge/.m2/repository/org/mockito/mockito-inline/4.11.0/mockito-inline-4.11.0.jar:/home/ybagge/.m2/repository/org/mockito/mockito-junit-jupiter/4.11.0/mockito-junit-jupiter-4.11.0.jar:/home/ybagge/.m2/repository/org/powermock/powermock-reflect/2.0.9/powermock-reflect-2.0.9.jar:/home/ybagge/.m2/repository/org/assertj/assertj-core/3.20.2/assertj-core-3.20.2.jar:/home/ybagge/.m2/repository/org/openjdk/jmh/jmh-core/1.21/jmh-core-1.21.jar:/home/ybagge/.m2/repository/net/sf/jopt-simple/jopt-simple/4.6/jopt-simple-4.6.jar:/home/ybagge/.m2/repository/org/apache/commons/commons-math3/3.2/commons-math3-3.2.jar:/home/ybagge/.m2/repository/org/projectlombok/lombok/1.18.30/lombok-1.18.30.jar:/home/ybagge/.m2/repository/javax/annotation/javax.annotation-api/1.3.2/javax.annotation-api-1.3.2.jar:"/>
    <property name="java.vm.vendor" value="Oracle Corporation"/>
    <property name="sun.arch.data.model" value="64"/>
    <property name="java.vendor.url" value="https://java.oracle.com/"/>
    <property name="user.timezone" value="Europe/London"/>
    <property name="os.name" value="Linux"/>
    <property name="java.vm.specification.version" value="17"/>
    <property name="sun.java.launcher" value="SUN_STANDARD"/>
    <property name="user.country" value="GB"/>
    <property name="sun.boot.library.path" value="/home/ybagge/.sdkman/candidates/java/17.0.12-oracle/lib"/>
    <property name="sun.java.command" value="/home/ybagge/benchmarks/Apache-skywalking/oap-server/server-core/target/surefire/surefirebooter-20250516093721696_30.jar /home/ybagge/benchmarks/Apache-skywalking/oap-server/server-core/target/surefire 2025-05-16T09-36-28_623-jvmRun1 surefire-20250516093721696_28tmp surefire_7-20250516093721696_29tmp"/>
    <property name="jdk.debug" value="release"/>
    <property name="surefire.test.class.path" value="/home/ybagge/benchmarks/Apache-skywalking/oap-server/server-core/target/test-classes:/home/ybagge/benchmarks/Apache-skywalking/oap-server/server-core/target/classes:/home/ybagge/.m2/repository/org/yaml/snakeyaml/2.0/snakeyaml-2.0.jar:/home/ybagge/benchmarks/Apache-skywalking/oap-server/server-library/library-module/target/classes:/home/ybagge/benchmarks/Apache-skywalking/oap-server/server-library/library-async-profiler-jfr-parser/target/classes:/home/ybagge/.m2/repository/tools/profiler/async-profiler-converter/3.0/async-profiler-converter-3.0.jar:/home/ybagge/benchmarks/Apache-skywalking/oap-server/server-telemetry/telemetry-api/target/classes:/home/ybagge/benchmarks/Apache-skywalking/oap-server/server-configuration/configuration-api/target/classes:/home/ybagge/benchmarks/Apache-skywalking/oap-server/server-library/library-util/target/classes:/home/ybagge/.m2/repository/joda-time/joda-time/2.10.5/joda-time-2.10.5.jar:/home/ybagge/.m2/repository/com/google/protobuf/protobuf-java/3.25.5/protobuf-java-3.25.5.jar:/home/ybagge/.m2/repository/com/google/protobuf/protobuf-java-util/3.25.5/protobuf-java-util-3.25.5.jar:/home/ybagge/.m2/repository/com/google/j2objc/j2objc-annotations/2.8/j2objc-annotations-2.8.jar:/home/ybagge/.m2/repository/org/apache/commons/commons-text/1.4/commons-text-1.4.jar:/home/ybagge/.m2/repository/org/apache/commons/commons-lang3/3.12.0/commons-lang3-3.12.0.jar:/home/ybagge/benchmarks/Apache-skywalking/oap-server/server-library/library-client/target/classes:/home/ybagge/benchmarks/Apache-skywalking/oap-server/server-library/library-elasticsearch-client/target/classes:/home/ybagge/.m2/repository/io/grpc/grpc-core/1.68.1/grpc-core-1.68.1.jar:/home/ybagge/.m2/repository/org/codehaus/mojo/animal-sniffer-annotations/1.24/animal-sniffer-annotations-1.24.jar:/home/ybagge/.m2/repository/io/perfmark/perfmark-api/0.27.0/perfmark-api-0.27.0.jar:/home/ybagge/.m2/repository/io/grpc/grpc-context/1.68.1/grpc-context-1.68.1.jar:/home/ybagge/.m2/repository/io/grpc/grpc-netty/1.68.1/grpc-netty-1.68.1.jar:/home/ybagge/.m2/repository/io/netty/netty-transport-native-unix-common/4.1.118.Final/netty-transport-native-unix-common-4.1.118.Final.jar:/home/ybagge/.m2/repository/io/netty/netty-codec-http2/4.1.118.Final/netty-codec-http2-4.1.118.Final.jar:/home/ybagge/.m2/repository/io/netty/netty-common/4.1.118.Final/netty-common-4.1.118.Final.jar:/home/ybagge/.m2/repository/io/netty/netty-buffer/4.1.118.Final/netty-buffer-4.1.118.Final.jar:/home/ybagge/.m2/repository/io/netty/netty-transport/4.1.118.Final/netty-transport-4.1.118.Final.jar:/home/ybagge/.m2/repository/io/netty/netty-handler/4.1.118.Final/netty-handler-4.1.118.Final.jar:/home/ybagge/.m2/repository/io/netty/netty-resolver/4.1.118.Final/netty-resolver-4.1.118.Final.jar:/home/ybagge/.m2/repository/io/netty/netty-handler-proxy/4.1.118.Final/netty-handler-proxy-4.1.118.Final.jar:/home/ybagge/.m2/repository/io/netty/netty-codec-socks/4.1.118.Final/netty-codec-socks-4.1.118.Final.jar:/home/ybagge/.m2/repository/com/google/code/gson/gson/2.9.0/gson-2.9.0.jar:/home/ybagge/.m2/repository/com/zaxxer/HikariCP/3.1.0/HikariCP-3.1.0.jar:/home/ybagge/.m2/repository/org/slf4j/jcl-over-slf4j/1.7.30/jcl-over-slf4j-1.7.30.jar:/home/ybagge/benchmarks/Apache-skywalking/oap-server/server-library/library-server/target/classes:/home/ybagge/.m2/repository/io/grpc/grpc-protobuf/1.68.1/grpc-protobuf-1.68.1.jar:/home/ybagge/.m2/repository/com/google/api/grpc/proto-google-common-protos/2.41.0/proto-google-common-protos-2.41.0.jar:/home/ybagge/.m2/repository/io/grpc/grpc-protobuf-lite/1.68.1/grpc-protobuf-lite-1.68.1.jar:/home/ybagge/.m2/repository/io/grpc/grpc-stub/1.68.1/grpc-stub-1.68.1.jar:/home/ybagge/.m2/repository/io/netty/netty-codec/4.1.118.Final/netty-codec-4.1.118.Final.jar:/home/ybagge/.m2/repository/io/netty/netty-codec-http/4.1.118.Final/netty-codec-http-4.1.118.Final.jar:/home/ybagge/.m2/repository/com/linecorp/armeria/armeria/1.32.0/armeria-1.32.0.jar:/home/ybagge/.m2/repository/com/fasterxml/jackson/core/jackson-core/2.16.0/jackson-core-2.16.0.jar:/home/ybagge/.m2/repository/com/fasterxml/jackson/core/jackson-annotations/2.16.0/jackson-annotations-2.16.0.jar:/home/ybagge/.m2/repository/com/fasterxml/jackson/core/jackson-databind/2.16.0/jackson-databind-2.16.0.jar:/home/ybagge/.m2/repository/com/fasterxml/jackson/datatype/jackson-datatype-jdk8/2.18.2/jackson-datatype-jdk8-2.18.2.jar:/home/ybagge/.m2/repository/com/fasterxml/jackson/datatype/jackson-datatype-jsr310/2.18.2/jackson-datatype-jsr310-2.18.2.jar:/home/ybagge/.m2/repository/io/micrometer/micrometer-core/1.14.4/micrometer-core-1.14.4.jar:/home/ybagge/.m2/repository/io/micrometer/micrometer-commons/1.14.4/micrometer-commons-1.14.4.jar:/home/ybagge/.m2/repository/io/micrometer/micrometer-observation/1.14.4/micrometer-observation-1.14.4.jar:/home/ybagge/.m2/repository/org/hdrhistogram/HdrHistogram/2.2.2/HdrHistogram-2.2.2.jar:/home/ybagge/.m2/repository/org/latencyutils/LatencyUtils/2.0.3/LatencyUtils-2.0.3.jar:/home/ybagge/.m2/repository/io/netty/netty-codec-haproxy/4.1.118.Final/netty-codec-haproxy-4.1.118.Final.jar:/home/ybagge/.m2/repository/io/netty/netty-resolver-dns/4.1.118.Final/netty-resolver-dns-4.1.118.Final.jar:/home/ybagge/.m2/repository/io/netty/netty-codec-dns/4.1.118.Final/netty-codec-dns-4.1.118.Final.jar:/home/ybagge/.m2/repository/io/netty/netty-transport-native-unix-common/4.1.118.Final/netty-transport-native-unix-common-4.1.118.Final-linux-x86_64.jar:/home/ybagge/.m2/repository/io/netty/netty-transport-native-unix-common/4.1.118.Final/netty-transport-native-unix-common-4.1.118.Final-linux-aarch_64.jar:/home/ybagge/.m2/repository/io/netty/netty-transport-native-unix-common/4.1.118.Final/netty-transport-native-unix-common-4.1.118.Final-osx-x86_64.jar:/home/ybagge/.m2/repository/io/netty/netty-transport-native-unix-common/4.1.118.Final/netty-transport-native-unix-common-4.1.118.Final-osx-aarch_64.jar:/home/ybagge/.m2/repository/org/reactivestreams/reactive-streams/1.0.4/reactive-streams-1.0.4.jar:/home/ybagge/.m2/repository/io/netty/netty-transport-native-epoll/4.1.118.Final/netty-transport-native-epoll-4.1.118.Final-linux-x86_64.jar:/home/ybagge/.m2/repository/io/netty/netty-transport-classes-epoll/4.1.118.Final/netty-transport-classes-epoll-4.1.118.Final.jar:/home/ybagge/.m2/repository/io/netty/netty-transport-native-epoll/4.1.118.Final/netty-transport-native-epoll-4.1.118.Final-linux-aarch_64.jar:/home/ybagge/.m2/repository/io/netty/netty-transport-native-kqueue/4.1.118.Final/netty-transport-native-kqueue-4.1.118.Final-osx-x86_64.jar:/home/ybagge/.m2/repository/io/netty/netty-transport-classes-kqueue/4.1.118.Final/netty-transport-classes-kqueue-4.1.118.Final.jar:/home/ybagge/.m2/repository/io/netty/netty-resolver-dns-native-macos/4.1.118.Final/netty-resolver-dns-native-macos-4.1.118.Final-osx-x86_64.jar:/home/ybagge/.m2/repository/io/netty/netty-resolver-dns-classes-macos/4.1.118.Final/netty-resolver-dns-classes-macos-4.1.118.Final.jar:/home/ybagge/.m2/repository/io/netty/netty-transport-native-kqueue/4.1.118.Final/netty-transport-native-kqueue-4.1.118.Final-osx-aarch_64.jar:/home/ybagge/.m2/repository/io/netty/netty-resolver-dns-native-macos/4.1.118.Final/netty-resolver-dns-native-macos-4.1.118.Final-osx-aarch_64.jar:/home/ybagge/.m2/repository/io/netty/netty-tcnative-boringssl-static/2.0.70.Final/netty-tcnative-boringssl-static-2.0.70.Final-linux-x86_64.jar:/home/ybagge/.m2/repository/io/netty/netty-tcnative-boringssl-static/2.0.70.Final/netty-tcnative-boringssl-static-2.0.70.Final-linux-aarch_64.jar:/home/ybagge/.m2/repository/io/netty/netty-tcnative-boringssl-static/2.0.70.Final/netty-tcnative-boringssl-static-2.0.70.Final-osx-x86_64.jar:/home/ybagge/.m2/repository/io/netty/netty-tcnative-boringssl-static/2.0.70.Final/netty-tcnative-boringssl-static-2.0.70.Final-osx-aarch_64.jar:/home/ybagge/.m2/repository/io/netty/netty-tcnative-boringssl-static/2.0.70.Final/netty-tcnative-boringssl-static-2.0.70.Final-windows-x86_64.jar:/home/ybagge/.m2/repository/com/aayushatharva/brotli4j/brotli4j/1.18.0/brotli4j-1.18.0.jar:/home/ybagge/.m2/repository/com/aayushatharva/brotli4j/service/1.18.0/service-1.18.0.jar:/home/ybagge/.m2/repository/com/linecorp/armeria/armeria-protobuf/1.32.0/armeria-protobuf-1.32.0.jar:/home/ybagge/benchmarks/Apache-skywalking/oap-server/server-library/library-datacarrier-queue/target/classes:/home/ybagge/benchmarks/Apache-skywalking/apm-protocol/apm-network/target/classes:/home/ybagge/.m2/repository/io/netty/netty-tcnative-boringssl-static/2.0.69.Final/netty-tcnative-boringssl-static-2.0.69.Final.jar:/home/ybagge/.m2/repository/io/netty/netty-tcnative-classes/2.0.70.Final/netty-tcnative-classes-2.0.70.Final.jar:/home/ybagge/.m2/repository/org/javassist/javassist/3.25.0-GA/javassist-3.25.0-GA.jar:/home/ybagge/.m2/repository/io/vavr/vavr/0.10.3/vavr-0.10.3.jar:/home/ybagge/.m2/repository/io/vavr/vavr-match/0.10.3/vavr-match-0.10.3.jar:/home/ybagge/benchmarks/Apache-skywalking/oap-server/server-testing/target/classes:/home/ybagge/.m2/repository/io/grpc/grpc-testing/1.68.1/grpc-testing-1.68.1.jar:/home/ybagge/.m2/repository/io/grpc/grpc-util/1.68.1/grpc-util-1.68.1.jar:/home/ybagge/.m2/repository/io/grpc/grpc-inprocess/1.68.1/grpc-inprocess-1.68.1.jar:/home/ybagge/.m2/repository/io/grpc/grpc-api/1.68.1/grpc-api-1.68.1.jar:/home/ybagge/.m2/repository/io/zipkin/zipkin2/zipkin/2.24.1/zipkin-2.24.1.jar:/home/ybagge/.m2/repository/org/apache/groovy/groovy/4.0.15/groovy-4.0.15.jar:/home/ybagge/.m2/repository/org/slf4j/slf4j-api/1.7.30/slf4j-api-1.7.30.jar:/home/ybagge/.m2/repository/org/slf4j/log4j-over-slf4j/1.7.30/log4j-over-slf4j-1.7.30.jar:/home/ybagge/.m2/repository/org/apache/logging/log4j/log4j-core/2.17.1/log4j-core-2.17.1.jar:/home/ybagge/.m2/repository/org/apache/logging/log4j/log4j-api/2.17.1/log4j-api-2.17.1.jar:/home/ybagge/.m2/repository/org/apache/logging/log4j/log4j-slf4j-impl/2.17.1/log4j-slf4j-impl-2.17.1.jar:/home/ybagge/.m2/repository/com/google/guava/guava/32.0.1-jre/guava-32.0.1-jre.jar:/home/ybagge/.m2/repository/com/google/guava/failureaccess/1.0.1/failureaccess-1.0.1.jar:/home/ybagge/.m2/repository/com/google/guava/listenablefuture/9999.0-empty-to-avoid-conflict-with-guava/listenablefuture-9999.0-empty-to-avoid-conflict-with-guava.jar:/home/ybagge/.m2/repository/com/google/code/findbugs/jsr305/3.0.2/jsr305-3.0.2.jar:/home/ybagge/.m2/repository/org/checkerframework/checker-qual/3.33.0/checker-qual-3.33.0.jar:/home/ybagge/.m2/repository/org/testcontainers/testcontainers/1.17.6/testcontainers-1.17.6.jar:/home/ybagge/.m2/repository/org/apache/commons/commons-compress/1.21/commons-compress-1.21.jar:/home/ybagge/.m2/repository/org/rnorth/duct-tape/duct-tape/1.0.8/duct-tape-1.0.8.jar:/home/ybagge/.m2/repository/org/jetbrains/annotations/17.0.0/annotations-17.0.0.jar:/home/ybagge/.m2/repository/com/github/docker-java/docker-java-api/3.2.13/docker-java-api-3.2.13.jar:/home/ybagge/.m2/repository/com/github/docker-java/docker-java-transport-zerodep/3.2.13/docker-java-transport-zerodep-3.2.13.jar:/home/ybagge/.m2/repository/com/github/docker-java/docker-java-transport/3.2.13/docker-java-transport-3.2.13.jar:/home/ybagge/.m2/repository/net/java/dev/jna/jna/5.8.0/jna-5.8.0.jar:/home/ybagge/.m2/repository/org/testcontainers/junit-jupiter/1.17.6/junit-jupiter-1.17.6.jar:/home/ybagge/.m2/repository/org/junit/jupiter/junit-jupiter-api/5.9.2/junit-jupiter-api-5.9.2.jar:/home/ybagge/.m2/repository/org/opentest4j/opentest4j/1.2.0/opentest4j-1.2.0.jar:/home/ybagge/.m2/repository/org/junit/platform/junit-platform-commons/1.9.2/junit-platform-commons-1.9.2.jar:/home/ybagge/.m2/repository/com/google/errorprone/error_prone_annotations/2.11.0/error_prone_annotations-2.11.0.jar:/home/ybagge/.m2/repository/org/junit/jupiter/junit-jupiter/5.9.2/junit-jupiter-5.9.2.jar:/home/ybagge/.m2/repository/org/junit/jupiter/junit-jupiter-engine/5.9.2/junit-jupiter-engine-5.9.2.jar:/home/ybagge/.m2/repository/org/junit/platform/junit-platform-engine/1.9.2/junit-platform-engine-1.9.2.jar:/home/ybagge/.m2/repository/org/junit/jupiter/junit-jupiter-params/5.9.2/junit-jupiter-params-5.9.2.jar:/home/ybagge/.m2/repository/org/apiguardian/apiguardian-api/1.1.2/apiguardian-api-1.1.2.jar:/home/ybagge/.m2/repository/org/mockito/mockito-core/4.11.0/mockito-core-4.11.0.jar:/home/ybagge/.m2/repository/net/bytebuddy/byte-buddy/1.14.9/byte-buddy-1.14.9.jar:/home/ybagge/.m2/repository/net/bytebuddy/byte-buddy-agent/1.14.9/byte-buddy-agent-1.14.9.jar:/home/ybagge/.m2/repository/org/objenesis/objenesis/3.3/objenesis-3.3.jar:/home/ybagge/.m2/repository/org/mockito/mockito-inline/4.11.0/mockito-inline-4.11.0.jar:/home/ybagge/.m2/repository/org/mockito/mockito-junit-jupiter/4.11.0/mockito-junit-jupiter-4.11.0.jar:/home/ybagge/.m2/repository/org/powermock/powermock-reflect/2.0.9/powermock-reflect-2.0.9.jar:/home/ybagge/.m2/repository/org/assertj/assertj-core/3.20.2/assertj-core-3.20.2.jar:/home/ybagge/.m2/repository/org/openjdk/jmh/jmh-core/1.21/jmh-core-1.21.jar:/home/ybagge/.m2/repository/net/sf/jopt-simple/jopt-simple/4.6/jopt-simple-4.6.jar:/home/ybagge/.m2/repository/org/apache/commons/commons-math3/3.2/commons-math3-3.2.jar:/home/ybagge/.m2/repository/org/projectlombok/lombok/1.18.30/lombok-1.18.30.jar:/home/ybagge/.m2/repository/javax/annotation/javax.annotation-api/1.3.2/javax.annotation-api-1.3.2.jar:"/>
    <property name="sun.cpu.endian" value="little"/>
    <property name="user.home" value="/home/ybagge"/>
    <property name="user.language" value="en"/>
    <property name="java.specification.vendor" value="Oracle Corporation"/>
    <property name="java.version.date" value="2024-07-16"/>
    <property name="java.home" value="/home/ybagge/.sdkman/candidates/java/17.0.12-oracle"/>
    <property name="file.separator" value="/"/>
    <property name="basedir" value="/home/ybagge/benchmarks/Apache-skywalking/oap-server/server-core"/>
    <property name="java.vm.compressedOopsMode" value="Zero based"/>
    <property name="line.separator" value="&#10;"/>
    <property name="java.vm.specification.vendor" value="Oracle Corporation"/>
    <property name="java.specification.name" value="Java Platform API Specification"/>
    <property name="surefire.real.class.path" value="/home/ybagge/benchmarks/Apache-skywalking/oap-server/server-core/target/surefire/surefirebooter-20250516093721696_30.jar"/>
    <property name="sun.management.compiler" value="HotSpot 64-Bit Tiered Compilers"/>
    <property name="java.runtime.version" value="17.0.12+8-LTS-286"/>
    <property name="user.name" value="ybagge"/>
    <property name="path.separator" value=":"/>
    <property name="os.version" value="6.8.0-59-generic"/>
    <property name="java.runtime.name" value="Java(TM) SE Runtime Environment"/>
    <property name="file.encoding" value="UTF-8"/>
    <property name="java.vm.name" value="Java HotSpot(TM) 64-Bit Server VM"/>
    <property name="localRepository" value="/home/ybagge/.m2/repository"/>
    <property name="java.vendor.url.bug" value="https://bugreport.java.com/bugreport/"/>
    <property name="java.io.tmpdir" value="/tmp"/>
    <property name="java.version" value="17.0.12"/>
    <property name="user.dir" value="/home/ybagge/benchmarks/Apache-skywalking/oap-server/server-core"/>
    <property name="os.arch" value="amd64"/>
    <property name="java.vm.specification.name" value="Java Virtual Machine Specification"/>
    <property name="native.encoding" value="UTF-8"/>
    <property name="java.library.path" value="/usr/java/packages/lib:/usr/lib64:/lib64:/lib:/usr/lib"/>
    <property name="java.vm.info" value="mixed mode, sharing"/>
    <property name="java.vendor" value="Oracle Corporation"/>
    <property name="java.vm.version" value="17.0.12+8-LTS-286"/>
    <property name="sun.io.unicode.encoding" value="UnicodeLittle"/>
    <property name="java.class.version" value="61.0"/>
  </properties>
  <testcase name="test" classname="org.apache.skywalking.oap.server.core.remote.HTTPServerTest" time="0.262">
    <system-out><![CDATA[2025-05-16 09:37:29,256 - com.linecorp.armeria.common.Flags -7537 [main] INFO  [] - verboseExceptions: rate-limit=10 (default)
2025-05-16 09:37:29,268 - com.linecorp.armeria.internal.common.util.TransportTypeProvider -7549 [main] DEBUG [] - Using Netty 4.1.118.Final
2025-05-16 09:37:29,276 - com.linecorp.armeria.common.util.Exceptions -7557 [main] DEBUG [] - Available ExceptionClassifiers: [com.linecorp.armeria.internal.common.util.DefaultExceptionClassifier@122a6078]
2025-05-16 09:37:29,276 - com.linecorp.armeria.common.Flags -7557 [main] INFO  [] - useEpoll: true (default)
2025-05-16 09:37:29,280 - com.linecorp.armeria.common.Flags -7561 [main] INFO  [] - annotatedServiceExceptionVerbosity: unhandled (default)
2025-05-16 09:37:29,285 - io.micrometer.common.util.internal.logging.InternalLoggerFactory -7566 [main] DEBUG [] - Using SLF4J as the default logging framework
2025-05-16 09:37:29,320 - io.netty.util.ResourceLeakDetector -7601 [main] DEBUG [] - -Dio.netty.leakDetection.level: simple
2025-05-16 09:37:29,320 - io.netty.util.ResourceLeakDetector -7601 [main] DEBUG [] - -Dio.netty.leakDetection.targetRecords: 4
2025-05-16 09:37:29,321 - io.netty.buffer.PooledByteBufAllocator -7602 [main] DEBUG [] - -Dio.netty.allocator.numHeapArenas: 40
2025-05-16 09:37:29,321 - io.netty.buffer.PooledByteBufAllocator -7602 [main] DEBUG [] - -Dio.netty.allocator.numDirectArenas: 40
2025-05-16 09:37:29,321 - io.netty.buffer.PooledByteBufAllocator -7602 [main] DEBUG [] - -Dio.netty.allocator.pageSize: 8192
2025-05-16 09:37:29,321 - io.netty.buffer.PooledByteBufAllocator -7602 [main] DEBUG [] - -Dio.netty.allocator.maxOrder: 9
2025-05-16 09:37:29,321 - io.netty.buffer.PooledByteBufAllocator -7602 [main] DEBUG [] - -Dio.netty.allocator.chunkSize: 4194304
2025-05-16 09:37:29,321 - io.netty.buffer.PooledByteBufAllocator -7602 [main] DEBUG [] - -Dio.netty.allocator.smallCacheSize: 256
2025-05-16 09:37:29,321 - io.netty.buffer.PooledByteBufAllocator -7602 [main] DEBUG [] - -Dio.netty.allocator.normalCacheSize: 64
2025-05-16 09:37:29,321 - io.netty.buffer.PooledByteBufAllocator -7602 [main] DEBUG [] - -Dio.netty.allocator.maxCachedBufferCapacity: 32768
2025-05-16 09:37:29,321 - io.netty.buffer.PooledByteBufAllocator -7602 [main] DEBUG [] - -Dio.netty.allocator.cacheTrimInterval: 8192
2025-05-16 09:37:29,321 - io.netty.buffer.PooledByteBufAllocator -7602 [main] DEBUG [] - -Dio.netty.allocator.cacheTrimIntervalMillis: 0
2025-05-16 09:37:29,321 - io.netty.buffer.PooledByteBufAllocator -7602 [main] DEBUG [] - -Dio.netty.allocator.useCacheForAllThreads: false
2025-05-16 09:37:29,321 - io.netty.buffer.PooledByteBufAllocator -7602 [main] DEBUG [] - -Dio.netty.allocator.maxCachedByteBuffersPerChunk: 1023
2025-05-16 09:37:29,321 - io.netty.buffer.PooledByteBufAllocator -7602 [main] DEBUG [] - -Dio.netty.allocator.disableCacheFinalizersForFastThreadLocalThreads: false
2025-05-16 09:37:29,365 - io.netty.util.internal.NativeLibraryLoader -7646 [main] DEBUG [] - Successfully loaded the library /tmp/libnetty_tcnative_linux_x86_646576527168125982131.so
2025-05-16 09:37:29,365 - io.netty.util.internal.NativeLibraryLoader -7646 [main] DEBUG [] - Loaded library with name 'netty_tcnative_linux_x86_64'
2025-05-16 09:37:29,366 - io.netty.handler.ssl.OpenSsl -7647 [main] DEBUG [] - Initialize netty-tcnative using engine: 'default'
2025-05-16 09:37:29,366 - io.netty.handler.ssl.OpenSsl -7647 [main] DEBUG [] - netty-tcnative using native library: BoringSSL
2025-05-16 09:37:29,415 - io.netty.buffer.AbstractByteBuf -7696 [main] DEBUG [] - -Dio.netty.buffer.checkAccessible: true
2025-05-16 09:37:29,416 - io.netty.buffer.AbstractByteBuf -7697 [main] DEBUG [] - -Dio.netty.buffer.checkBounds: true
2025-05-16 09:37:29,416 - io.netty.util.ResourceLeakDetectorFactory -7697 [main] DEBUG [] - Loaded default ResourceLeakDetector: io.netty.util.ResourceLeakDetector@67c912d3
2025-05-16 09:37:29,424 - io.netty.buffer.ByteBufUtil -7705 [main] DEBUG [] - -Dio.netty.allocator.type: pooled
2025-05-16 09:37:29,424 - io.netty.buffer.ByteBufUtil -7705 [main] DEBUG [] - -Dio.netty.threadLocalDirectBufferSize: 0
2025-05-16 09:37:29,424 - io.netty.buffer.ByteBufUtil -7705 [main] DEBUG [] - -Dio.netty.maxThreadLocalCharBufferSize: 16384
2025-05-16 09:37:29,426 - io.netty.util.ResourceLeakDetectorFactory -7707 [main] DEBUG [] - Loaded default ResourceLeakDetector: io.netty.util.ResourceLeakDetector@3e9e7a70
2025-05-16 09:37:29,429 - io.netty.util.Recycler -7710 [main] DEBUG [] - -Dio.netty.recycler.maxCapacityPerThread: 4096
2025-05-16 09:37:29,429 - io.netty.util.Recycler -7710 [main] DEBUG [] - -Dio.netty.recycler.ratio: 8
2025-05-16 09:37:29,429 - io.netty.util.Recycler -7710 [main] DEBUG [] - -Dio.netty.recycler.chunkSize: 32
2025-05-16 09:37:29,429 - io.netty.util.Recycler -7710 [main] DEBUG [] - -Dio.netty.recycler.blocking: false
2025-05-16 09:37:29,429 - io.netty.util.Recycler -7710 [main] DEBUG [] - -Dio.netty.recycler.batchFastThreadLocalOnly: true
2025-05-16 09:37:29,435 - io.netty.handler.ssl.CipherSuiteConverter -7716 [main] DEBUG [] - Cipher suite mapping: TLS_ECDHE_ECDSA_WITH_AES_128_GCM_SHA256 => ECDHE-ECDSA-AES128-GCM-SHA256
2025-05-16 09:37:29,435 - io.netty.handler.ssl.CipherSuiteConverter -7716 [main] DEBUG [] - Cipher suite mapping: SSL_ECDHE_ECDSA_WITH_AES_128_GCM_SHA256 => ECDHE-ECDSA-AES128-GCM-SHA256
2025-05-16 09:37:29,435 - io.netty.handler.ssl.CipherSuiteConverter -7716 [main] DEBUG [] - Cipher suite mapping: TLS_ECDHE_RSA_WITH_AES_128_GCM_SHA256 => ECDHE-RSA-AES128-GCM-SHA256
2025-05-16 09:37:29,435 - io.netty.handler.ssl.CipherSuiteConverter -7716 [main] DEBUG [] - Cipher suite mapping: SSL_ECDHE_RSA_WITH_AES_128_GCM_SHA256 => ECDHE-RSA-AES128-GCM-SHA256
2025-05-16 09:37:29,435 - io.netty.handler.ssl.CipherSuiteConverter -7716 [main] DEBUG [] - Cipher suite mapping: TLS_ECDHE_ECDSA_WITH_AES_256_GCM_SHA384 => ECDHE-ECDSA-AES256-GCM-SHA384
2025-05-16 09:37:29,435 - io.netty.handler.ssl.CipherSuiteConverter -7716 [main] DEBUG [] - Cipher suite mapping: SSL_ECDHE_ECDSA_WITH_AES_256_GCM_SHA384 => ECDHE-ECDSA-AES256-GCM-SHA384
2025-05-16 09:37:29,435 - io.netty.handler.ssl.CipherSuiteConverter -7716 [main] DEBUG [] - Cipher suite mapping: TLS_ECDHE_RSA_WITH_AES_256_GCM_SHA384 => ECDHE-RSA-AES256-GCM-SHA384
2025-05-16 09:37:29,435 - io.netty.handler.ssl.CipherSuiteConverter -7716 [main] DEBUG [] - Cipher suite mapping: SSL_ECDHE_RSA_WITH_AES_256_GCM_SHA384 => ECDHE-RSA-AES256-GCM-SHA384
2025-05-16 09:37:29,435 - io.netty.handler.ssl.CipherSuiteConverter -7716 [main] DEBUG [] - Cipher suite mapping: TLS_ECDHE_ECDSA_WITH_CHACHA20_POLY1305_SHA256 => ECDHE-ECDSA-CHACHA20-POLY1305
2025-05-16 09:37:29,435 - io.netty.handler.ssl.CipherSuiteConverter -7716 [main] DEBUG [] - Cipher suite mapping: SSL_ECDHE_ECDSA_WITH_CHACHA20_POLY1305_SHA256 => ECDHE-ECDSA-CHACHA20-POLY1305
2025-05-16 09:37:29,436 - io.netty.handler.ssl.CipherSuiteConverter -7717 [main] DEBUG [] - Cipher suite mapping: TLS_ECDHE_RSA_WITH_CHACHA20_POLY1305_SHA256 => ECDHE-RSA-CHACHA20-POLY1305
2025-05-16 09:37:29,436 - io.netty.handler.ssl.CipherSuiteConverter -7717 [main] DEBUG [] - Cipher suite mapping: SSL_ECDHE_RSA_WITH_CHACHA20_POLY1305_SHA256 => ECDHE-RSA-CHACHA20-POLY1305
2025-05-16 09:37:29,436 - io.netty.handler.ssl.CipherSuiteConverter -7717 [main] DEBUG [] - Cipher suite mapping: TLS_ECDHE_PSK_WITH_CHACHA20_POLY1305_SHA256 => ECDHE-PSK-CHACHA20-POLY1305
2025-05-16 09:37:29,436 - io.netty.handler.ssl.CipherSuiteConverter -7717 [main] DEBUG [] - Cipher suite mapping: SSL_ECDHE_PSK_WITH_CHACHA20_POLY1305_SHA256 => ECDHE-PSK-CHACHA20-POLY1305
2025-05-16 09:37:29,436 - io.netty.handler.ssl.CipherSuiteConverter -7717 [main] DEBUG [] - Cipher suite mapping: TLS_ECDHE_ECDSA_WITH_AES_128_CBC_SHA => ECDHE-ECDSA-AES128-SHA
2025-05-16 09:37:29,436 - io.netty.handler.ssl.CipherSuiteConverter -7717 [main] DEBUG [] - Cipher suite mapping: SSL_ECDHE_ECDSA_WITH_AES_128_CBC_SHA => ECDHE-ECDSA-AES128-SHA
2025-05-16 09:37:29,436 - io.netty.handler.ssl.CipherSuiteConverter -7717 [main] DEBUG [] - Cipher suite mapping: TLS_ECDHE_RSA_WITH_AES_128_CBC_SHA => ECDHE-RSA-AES128-SHA
2025-05-16 09:37:29,436 - io.netty.handler.ssl.CipherSuiteConverter -7717 [main] DEBUG [] - Cipher suite mapping: SSL_ECDHE_RSA_WITH_AES_128_CBC_SHA => ECDHE-RSA-AES128-SHA
2025-05-16 09:37:29,436 - io.netty.handler.ssl.CipherSuiteConverter -7717 [main] DEBUG [] - Cipher suite mapping: TLS_ECDHE_PSK_WITH_AES_128_CBC_SHA => ECDHE-PSK-AES128-CBC-SHA
2025-05-16 09:37:29,436 - io.netty.handler.ssl.CipherSuiteConverter -7717 [main] DEBUG [] - Cipher suite mapping: SSL_ECDHE_PSK_WITH_AES_128_CBC_SHA => ECDHE-PSK-AES128-CBC-SHA
2025-05-16 09:37:29,436 - io.netty.handler.ssl.CipherSuiteConverter -7717 [main] DEBUG [] - Cipher suite mapping: TLS_ECDHE_ECDSA_WITH_AES_256_CBC_SHA => ECDHE-ECDSA-AES256-SHA
2025-05-16 09:37:29,436 - io.netty.handler.ssl.CipherSuiteConverter -7717 [main] DEBUG [] - Cipher suite mapping: SSL_ECDHE_ECDSA_WITH_AES_256_CBC_SHA => ECDHE-ECDSA-AES256-SHA
2025-05-16 09:37:29,436 - io.netty.handler.ssl.CipherSuiteConverter -7717 [main] DEBUG [] - Cipher suite mapping: TLS_ECDHE_RSA_WITH_AES_256_CBC_SHA => ECDHE-RSA-AES256-SHA
2025-05-16 09:37:29,436 - io.netty.handler.ssl.CipherSuiteConverter -7717 [main] DEBUG [] - Cipher suite mapping: SSL_ECDHE_RSA_WITH_AES_256_CBC_SHA => ECDHE-RSA-AES256-SHA
2025-05-16 09:37:29,436 - io.netty.handler.ssl.CipherSuiteConverter -7717 [main] DEBUG [] - Cipher suite mapping: TLS_ECDHE_PSK_WITH_AES_256_CBC_SHA => ECDHE-PSK-AES256-CBC-SHA
2025-05-16 09:37:29,436 - io.netty.handler.ssl.CipherSuiteConverter -7717 [main] DEBUG [] - Cipher suite mapping: SSL_ECDHE_PSK_WITH_AES_256_CBC_SHA => ECDHE-PSK-AES256-CBC-SHA
2025-05-16 09:37:29,436 - io.netty.handler.ssl.CipherSuiteConverter -7717 [main] DEBUG [] - Cipher suite mapping: TLS_RSA_WITH_AES_128_GCM_SHA256 => AES128-GCM-SHA256
2025-05-16 09:37:29,436 - io.netty.handler.ssl.CipherSuiteConverter -7717 [main] DEBUG [] - Cipher suite mapping: SSL_RSA_WITH_AES_128_GCM_SHA256 => AES128-GCM-SHA256
2025-05-16 09:37:29,436 - io.netty.handler.ssl.CipherSuiteConverter -7717 [main] DEBUG [] - Cipher suite mapping: TLS_RSA_WITH_AES_256_GCM_SHA384 => AES256-GCM-SHA384
2025-05-16 09:37:29,436 - io.netty.handler.ssl.CipherSuiteConverter -7717 [main] DEBUG [] - Cipher suite mapping: SSL_RSA_WITH_AES_256_GCM_SHA384 => AES256-GCM-SHA384
2025-05-16 09:37:29,436 - io.netty.handler.ssl.CipherSuiteConverter -7717 [main] DEBUG [] - Cipher suite mapping: TLS_RSA_WITH_AES_128_CBC_SHA => AES128-SHA
2025-05-16 09:37:29,436 - io.netty.handler.ssl.CipherSuiteConverter -7717 [main] DEBUG [] - Cipher suite mapping: SSL_RSA_WITH_AES_128_CBC_SHA => AES128-SHA
2025-05-16 09:37:29,436 - io.netty.handler.ssl.CipherSuiteConverter -7717 [main] DEBUG [] - Cipher suite mapping: TLS_PSK_WITH_AES_128_CBC_SHA => PSK-AES128-CBC-SHA
2025-05-16 09:37:29,436 - io.netty.handler.ssl.CipherSuiteConverter -7717 [main] DEBUG [] - Cipher suite mapping: SSL_PSK_WITH_AES_128_CBC_SHA => PSK-AES128-CBC-SHA
2025-05-16 09:37:29,436 - io.netty.handler.ssl.CipherSuiteConverter -7717 [main] DEBUG [] - Cipher suite mapping: TLS_RSA_WITH_AES_256_CBC_SHA => AES256-SHA
2025-05-16 09:37:29,436 - io.netty.handler.ssl.CipherSuiteConverter -7717 [main] DEBUG [] - Cipher suite mapping: SSL_RSA_WITH_AES_256_CBC_SHA => AES256-SHA
2025-05-16 09:37:29,436 - io.netty.handler.ssl.CipherSuiteConverter -7717 [main] DEBUG [] - Cipher suite mapping: TLS_PSK_WITH_AES_256_CBC_SHA => PSK-AES256-CBC-SHA
2025-05-16 09:37:29,436 - io.netty.handler.ssl.CipherSuiteConverter -7717 [main] DEBUG [] - Cipher suite mapping: SSL_PSK_WITH_AES_256_CBC_SHA => PSK-AES256-CBC-SHA
2025-05-16 09:37:29,436 - io.netty.handler.ssl.OpenSsl -7717 [main] DEBUG [] - Supported protocols (OpenSSL): [SSLv2Hello, TLSv1, TLSv1.1, TLSv1.2, TLSv1.3] 
2025-05-16 09:37:29,436 - io.netty.handler.ssl.OpenSsl -7717 [main] DEBUG [] - Default cipher suites (OpenSSL): [TLS_ECDHE_ECDSA_WITH_AES_256_GCM_SHA384, TLS_ECDHE_ECDSA_WITH_AES_128_GCM_SHA256, TLS_ECDHE_RSA_WITH_AES_128_GCM_SHA256, TLS_ECDHE_RSA_WITH_AES_256_GCM_SHA384, TLS_ECDHE_RSA_WITH_AES_128_CBC_SHA, TLS_ECDHE_RSA_WITH_AES_256_CBC_SHA, TLS_RSA_WITH_AES_128_GCM_SHA256, TLS_RSA_WITH_AES_128_CBC_SHA, TLS_RSA_WITH_AES_256_CBC_SHA, TLS_AES_128_GCM_SHA256, TLS_AES_256_GCM_SHA384, TLS_AES_128_GCM_SHA256, TLS_AES_256_GCM_SHA384, TLS_AES_128_GCM_SHA256, TLS_AES_256_GCM_SHA384, TLS_CHACHA20_POLY1305_SHA256]
2025-05-16 09:37:29,437 - com.linecorp.armeria.common.Flags -7718 [main] INFO  [] - Using Tls engine: OpenSSL BoringSSL, 0x1010107f
2025-05-16 09:37:29,529 - com.linecorp.armeria.internal.common.DefaultJacksonObjectMapperProvider -7810 [main] DEBUG [] - Available Jackson Modules: [com.fasterxml.jackson.datatype.jdk8.Jdk8Module, jackson-datatype-jsr310]
2025-05-16 09:37:29,536 - com.linecorp.armeria.server.docs.DocService -7817 [main] DEBUG [] - Available DocServicePlugins: [AnnotatedDocServicePlugin]
2025-05-16 09:37:29,536 - com.linecorp.armeria.server.docs.DocService -7817 [main] DEBUG [] - Available DescriptiveTypeInfoProviders: [com.linecorp.armeria.server.protobuf.ProtobufDescriptiveTypeInfoProvider@7aac6d13]
2025-05-16 09:37:29,593 - io.netty.handler.codec.compression.Brotli -7874 [main] DEBUG [] - Failed to load brotli4j; Brotli support will be unavailable.
java.lang.UnsatisfiedLinkError: Failed to find Brotli native library in classpath: /lib/linux-x86_64/libbrotli.so
	at com.aayushatharva.brotli4j.Brotli4jLoader.<clinit>(Brotli4jLoader.java:77) ~[brotli4j-1.18.0.jar:?]
	at io.netty.handler.codec.compression.Brotli.<clinit>(Brotli.java:46) ~[netty-codec-4.1.118.Final.jar:4.1.118.Final]
	at com.linecorp.armeria.common.encoding.StreamDecoderFactories.<clinit>(StreamDecoderFactories.java:78) ~[armeria-1.32.0.jar:?]
	at com.linecorp.armeria.common.encoding.StreamDecoderFactory.all(StreamDecoderFactory.java:39) ~[armeria-1.32.0.jar:?]
	at com.linecorp.armeria.server.encoding.DecodingService.newDecorator(DecodingService.java:56) ~[armeria-1.32.0.jar:?]
	at org.apache.skywalking.oap.server.library.server.http.HTTPServer.initialize(HTTPServer.java:72) ~[classes/:?]
	at org.apache.skywalking.oap.server.core.remote.HTTPServerTest.beforeTest(HTTPServerTest.java:47) ~[test-classes/:?]
	at jdk.internal.reflect.NativeMethodAccessorImpl.invoke0(Native Method) ~[?:?]
	at jdk.internal.reflect.NativeMethodAccessorImpl.invoke(NativeMethodAccessorImpl.java:77) ~[?:?]
	at jdk.internal.reflect.DelegatingMethodAccessorImpl.invoke(DelegatingMethodAccessorImpl.java:43) ~[?:?]
	at java.lang.reflect.Method.invoke(Method.java:568) ~[?:?]
	at org.junit.platform.commons.util.ReflectionUtils.invokeMethod(ReflectionUtils.java:727) ~[junit-platform-commons-1.9.2.jar:1.9.2]
	at org.junit.jupiter.engine.execution.MethodInvocation.proceed(MethodInvocation.java:60) ~[junit-jupiter-engine-5.9.2.jar:5.9.2]
	at org.junit.jupiter.engine.execution.InvocationInterceptorChain$ValidatingInvocation.proceed(InvocationInterceptorChain.java:131) ~[junit-jupiter-engine-5.9.2.jar:5.9.2]
	at org.junit.jupiter.engine.extension.TimeoutExtension.intercept(TimeoutExtension.java:156) ~[junit-jupiter-engine-5.9.2.jar:5.9.2]
	at org.junit.jupiter.engine.extension.TimeoutExtension.interceptLifecycleMethod(TimeoutExtension.java:128) ~[junit-jupiter-engine-5.9.2.jar:5.9.2]
	at org.junit.jupiter.engine.extension.TimeoutExtension.interceptBeforeAllMethod(TimeoutExtension.java:70) ~[junit-jupiter-engine-5.9.2.jar:5.9.2]
	at org.junit.jupiter.engine.execution.InterceptingExecutableInvoker$ReflectiveInterceptorCall.lambda$ofVoidMethod$0(InterceptingExecutableInvoker.java:103) ~[junit-jupiter-engine-5.9.2.jar:5.9.2]
	at org.junit.jupiter.engine.execution.InterceptingExecutableInvoker.lambda$invoke$0(InterceptingExecutableInvoker.java:93) ~[junit-jupiter-engine-5.9.2.jar:5.9.2]
	at org.junit.jupiter.engine.execution.InvocationInterceptorChain$InterceptedInvocation.proceed(InvocationInterceptorChain.java:106) ~[junit-jupiter-engine-5.9.2.jar:5.9.2]
	at org.junit.jupiter.engine.execution.InvocationInterceptorChain.proceed(InvocationInterceptorChain.java:64) ~[junit-jupiter-engine-5.9.2.jar:5.9.2]
	at org.junit.jupiter.engine.execution.InvocationInterceptorChain.chainAndInvoke(InvocationInterceptorChain.java:45) ~[junit-jupiter-engine-5.9.2.jar:5.9.2]
	at org.junit.jupiter.engine.execution.InvocationInterceptorChain.invoke(InvocationInterceptorChain.java:37) ~[junit-jupiter-engine-5.9.2.jar:5.9.2]
	at org.junit.jupiter.engine.execution.InterceptingExecutableInvoker.invoke(InterceptingExecutableInvoker.java:92) ~[junit-jupiter-engine-5.9.2.jar:5.9.2]
	at org.junit.jupiter.engine.execution.InterceptingExecutableInvoker.invoke(InterceptingExecutableInvoker.java:86) ~[junit-jupiter-engine-5.9.2.jar:5.9.2]
	at org.junit.jupiter.engine.descriptor.ClassBasedTestDescriptor.lambda$invokeBeforeAllMethods$13(ClassBasedTestDescriptor.java:411) ~[junit-jupiter-engine-5.9.2.jar:5.9.2]
	at org.junit.platform.engine.support.hierarchical.ThrowableCollector.execute(ThrowableCollector.java:73) ~[junit-platform-engine-1.9.2.jar:1.9.2]
	at org.junit.jupiter.engine.descriptor.ClassBasedTestDescriptor.invokeBeforeAllMethods(ClassBasedTestDescriptor.java:409) ~[junit-jupiter-engine-5.9.2.jar:5.9.2]
	at org.junit.jupiter.engine.descriptor.ClassBasedTestDescriptor.before(ClassBasedTestDescriptor.java:215) ~[junit-jupiter-engine-5.9.2.jar:5.9.2]
	at org.junit.jupiter.engine.descriptor.ClassBasedTestDescriptor.before(ClassBasedTestDescriptor.java:84) ~[junit-jupiter-engine-5.9.2.jar:5.9.2]
	at org.junit.platform.engine.support.hierarchical.NodeTestTask.lambda$executeRecursively$6(NodeTestTask.java:148) ~[junit-platform-engine-1.9.2.jar:1.9.2]
	at org.junit.platform.engine.support.hierarchical.ThrowableCollector.execute(ThrowableCollector.java:73) ~[junit-platform-engine-1.9.2.jar:1.9.2]
	at org.junit.platform.engine.support.hierarchical.NodeTestTask.lambda$executeRecursively$8(NodeTestTask.java:141) ~[junit-platform-engine-1.9.2.jar:1.9.2]
	at org.junit.platform.engine.support.hierarchical.Node.around(Node.java:137) ~[junit-platform-engine-1.9.2.jar:1.9.2]
	at org.junit.platform.engine.support.hierarchical.NodeTestTask.lambda$executeRecursively$9(NodeTestTask.java:139) ~[junit-platform-engine-1.9.2.jar:1.9.2]
	at org.junit.platform.engine.support.hierarchical.ThrowableCollector.execute(ThrowableCollector.java:73) ~[junit-platform-engine-1.9.2.jar:1.9.2]
	at org.junit.platform.engine.support.hierarchical.NodeTestTask.executeRecursively(NodeTestTask.java:138) ~[junit-platform-engine-1.9.2.jar:1.9.2]
	at org.junit.platform.engine.support.hierarchical.NodeTestTask.execute(NodeTestTask.java:95) ~[junit-platform-engine-1.9.2.jar:1.9.2]
	at java.util.ArrayList.forEach(ArrayList.java:1511) ~[?:?]
	at org.junit.platform.engine.support.hierarchical.SameThreadHierarchicalTestExecutorService.invokeAll(SameThreadHierarchicalTestExecutorService.java:41) ~[junit-platform-engine-1.9.2.jar:1.9.2]
	at org.junit.platform.engine.support.hierarchical.NodeTestTask.lambda$executeRecursively$6(NodeTestTask.java:155) ~[junit-platform-engine-1.9.2.jar:1.9.2]
	at org.junit.platform.engine.support.hierarchical.ThrowableCollector.execute(ThrowableCollector.java:73) ~[junit-platform-engine-1.9.2.jar:1.9.2]
	at org.junit.platform.engine.support.hierarchical.NodeTestTask.lambda$executeRecursively$8(NodeTestTask.java:141) ~[junit-platform-engine-1.9.2.jar:1.9.2]
	at org.junit.platform.engine.support.hierarchical.Node.around(Node.java:137) ~[junit-platform-engine-1.9.2.jar:1.9.2]
	at org.junit.platform.engine.support.hierarchical.NodeTestTask.lambda$executeRecursively$9(NodeTestTask.java:139) ~[junit-platform-engine-1.9.2.jar:1.9.2]
	at org.junit.platform.engine.support.hierarchical.ThrowableCollector.execute(ThrowableCollector.java:73) ~[junit-platform-engine-1.9.2.jar:1.9.2]
	at org.junit.platform.engine.support.hierarchical.NodeTestTask.executeRecursively(NodeTestTask.java:138) ~[junit-platform-engine-1.9.2.jar:1.9.2]
	at org.junit.platform.engine.support.hierarchical.NodeTestTask.execute(NodeTestTask.java:95) ~[junit-platform-engine-1.9.2.jar:1.9.2]
	at org.junit.platform.engine.support.hierarchical.SameThreadHierarchicalTestExecutorService.submit(SameThreadHierarchicalTestExecutorService.java:35) ~[junit-platform-engine-1.9.2.jar:1.9.2]
	at org.junit.platform.engine.support.hierarchical.HierarchicalTestExecutor.execute(HierarchicalTestExecutor.java:57) ~[junit-platform-engine-1.9.2.jar:1.9.2]
	at org.junit.platform.engine.support.hierarchical.HierarchicalTestEngine.execute(HierarchicalTestEngine.java:54) ~[junit-platform-engine-1.9.2.jar:1.9.2]
	at org.junit.platform.launcher.core.EngineExecutionOrchestrator.execute(EngineExecutionOrchestrator.java:147) ~[junit-platform-launcher-1.9.2.jar:1.9.2]
	at org.junit.platform.launcher.core.EngineExecutionOrchestrator.execute(EngineExecutionOrchestrator.java:127) ~[junit-platform-launcher-1.9.2.jar:1.9.2]
	at org.junit.platform.launcher.core.EngineExecutionOrchestrator.execute(EngineExecutionOrchestrator.java:90) ~[junit-platform-launcher-1.9.2.jar:1.9.2]
	at org.junit.platform.launcher.core.EngineExecutionOrchestrator.lambda$execute$0(EngineExecutionOrchestrator.java:55) ~[junit-platform-launcher-1.9.2.jar:1.9.2]
	at org.junit.platform.launcher.core.EngineExecutionOrchestrator.withInterceptedStreams(EngineExecutionOrchestrator.java:102) [junit-platform-launcher-1.9.2.jar:1.9.2]
	at org.junit.platform.launcher.core.EngineExecutionOrchestrator.execute(EngineExecutionOrchestrator.java:54) [junit-platform-launcher-1.9.2.jar:1.9.2]
	at org.junit.platform.launcher.core.DefaultLauncher.execute(DefaultLauncher.java:114) [junit-platform-launcher-1.9.2.jar:1.9.2]
	at org.junit.platform.launcher.core.DefaultLauncher.execute(DefaultLauncher.java:86) [junit-platform-launcher-1.9.2.jar:1.9.2]
	at org.junit.platform.launcher.core.DefaultLauncherSession$DelegatingLauncher.execute(DefaultLauncherSession.java:86) [junit-platform-launcher-1.9.2.jar:1.9.2]
	at org.apache.maven.surefire.junitplatform.LazyLauncher.execute(LazyLauncher.java:56) [surefire-junit-platform-3.1.2.jar:3.1.2]
	at org.apache.maven.surefire.junitplatform.JUnitPlatformProvider.execute(JUnitPlatformProvider.java:184) [surefire-junit-platform-3.1.2.jar:3.1.2]
	at org.apache.maven.surefire.junitplatform.JUnitPlatformProvider.invokeAllTests(JUnitPlatformProvider.java:148) [surefire-junit-platform-3.1.2.jar:3.1.2]
	at org.apache.maven.surefire.junitplatform.JUnitPlatformProvider.invoke(JUnitPlatformProvider.java:122) [surefire-junit-platform-3.1.2.jar:3.1.2]
	at org.apache.maven.surefire.booter.ForkedBooter.runSuitesInProcess(ForkedBooter.java:385) [surefire-booter-3.1.2.jar:3.1.2]
	at org.apache.maven.surefire.booter.ForkedBooter.execute(ForkedBooter.java:162) [surefire-booter-3.1.2.jar:3.1.2]
	at org.apache.maven.surefire.booter.ForkedBooter.run(ForkedBooter.java:507) [surefire-booter-3.1.2.jar:3.1.2]
	at org.apache.maven.surefire.booter.ForkedBooter.main(ForkedBooter.java:495) [surefire-booter-3.1.2.jar:3.1.2]
2025-05-16 09:37:29,599 - org.apache.skywalking.oap.server.library.server.http.HTTPServer -7880 [main] INFO  [] - Server root context path: /
2025-05-16 09:37:29,599 - org.apache.skywalking.oap.server.library.server.http.HTTPServer -7880 [main] INFO  [] - Bind handler TestPostHandler into http server 0.0.0.0:12800
2025-05-16 09:37:29,602 - com.linecorp.armeria.common.util.SystemInfo -7883 [main] DEBUG [] - Java version: 17
2025-05-16 09:37:29,608 - com.linecorp.armeria.common.util.SystemInfo -7889 [main] INFO  [] - hostname: db0947 (from /proc/sys/kernel/hostname)
2025-05-16 09:37:29,639 - com.linecorp.armeria.internal.server.annotation.AnnotatedValueResolver -7920 [main] DEBUG [] - Available RequestConverterFunctionProviders: [com.linecorp.armeria.server.protobuf.ProtobufRequestConverterFunctionProvider@24eb71f6]
2025-05-16 09:37:29,644 - com.linecorp.armeria.internal.server.annotation.ResponseConverterFunctionUtil -7925 [main] DEBUG [] - Available ResponseConverterFunctionProviders: [com.linecorp.armeria.server.protobuf.ProtobufResponseConverterFunctionProvider@21acc86a]
2025-05-16 09:37:29,655 - com.linecorp.armeria.server.Routers -7936 [main] DEBUG [] - Router created for 2 service(s): TrieRouter
2025-05-16 09:37:29,655 - com.linecorp.armeria.server.Routers -7936 [main] DEBUG [] - patternString: /docs/*, complexity: 0
2025-05-16 09:37:29,655 - com.linecorp.armeria.server.Routers -7936 [main] DEBUG [] - patternString: /test, complexity: 0
2025-05-16 09:37:29,658 - com.linecorp.armeria.server.Routers -7939 [main] DEBUG [] - Router created for 3 service(s): SequentialRouter
2025-05-16 09:37:29,658 - com.linecorp.armeria.server.Routers -7939 [main] DEBUG [] - patternString: /*, complexity: 0
2025-05-16 09:37:29,658 - com.linecorp.armeria.server.Routers -7939 [main] DEBUG [] - patternString: /*, complexity: 0
2025-05-16 09:37:29,658 - com.linecorp.armeria.server.Routers -7939 [main] DEBUG [] - patternString: /*, complexity: 0
2025-05-16 09:37:29,659 - com.linecorp.armeria.server.Routers -7940 [main] DEBUG [] - Router created for 2 service(s): TrieRouter
2025-05-16 09:37:29,659 - com.linecorp.armeria.server.Routers -7940 [main] DEBUG [] - patternString: /docs/*, complexity: 0
2025-05-16 09:37:29,659 - com.linecorp.armeria.server.Routers -7940 [main] DEBUG [] - patternString: /test, complexity: 0
2025-05-16 09:37:29,687 - io.netty.channel.DefaultChannelId -7968 [startstop-support-3-1] DEBUG [] - -Dio.netty.processId: 673243 (auto-detected)
2025-05-16 09:37:29,689 - io.netty.channel.DefaultChannelId -7970 [startstop-support-3-1] DEBUG [] - -Dio.netty.machineId: c4:03:a8:ff:fe:36:cb:fd (auto-detected)
2025-05-16 09:37:29,698 - io.netty.bootstrap.ChannelInitializerExtensions -7979 [startstop-support-3-1] DEBUG [] - -Dio.netty.bootstrap.extensions: null
2025-05-16 09:37:29,704 - com.linecorp.armeria.server.Server -7985 [armeria-boss-http-*:12800] INFO  [] - Serving HTTP at /[0:0:0:0:0:0:0:0]:12800 - http://127.0.0.1:12800/
2025-05-16 09:37:29,712 - io.netty.util.ResourceLeakDetectorFactory -7993 [main] DEBUG [] - Loaded default ResourceLeakDetector: io.netty.util.ResourceLeakDetector@5d0ca8a5
2025-05-16 09:37:29,735 - io.netty.resolver.dns.DnsNameResolver -8016 [main] DEBUG [] - Default ResolvedAddressTypes: IPV4_PREFERRED
2025-05-16 09:37:29,735 - io.netty.resolver.dns.DnsNameResolver -8016 [main] DEBUG [] - Localhost address: localhost/127.0.0.1
2025-05-16 09:37:29,735 - io.netty.resolver.dns.DnsNameResolver -8016 [main] DEBUG [] - Windows hostname: null
2025-05-16 09:37:29,736 - io.netty.resolver.dns.DnsNameResolver -8017 [main] DEBUG [] - Default search domains: []
2025-05-16 09:37:29,736 - io.netty.resolver.dns.DnsNameResolver -8017 [main] DEBUG [] - Default UnixResolverOptions{ndots=1, timeout=5, attempts=16}
2025-05-16 09:37:29,739 - io.netty.resolver.DefaultHostsFileEntriesResolver -8020 [main] DEBUG [] - -Dio.netty.hostsFileRefreshInterval: 0
2025-05-16 09:37:29,804 - io.netty.util.ResourceLeakDetectorFactory -8085 [main] DEBUG [] - Loaded default ResourceLeakDetector: io.netty.util.ResourceLeakDetector@4268c16
2025-05-16 09:37:29,842 - com.linecorp.armeria.internal.common.JavaVersionSpecific -8123 [main] INFO  [] - Using the APIs optimized for: Java 12+
2025-05-16 09:37:29,863 - com.linecorp.armeria.internal.client.dns.DelegatingDnsResolver -8144 [armeria-common-worker-epoll-5-2] DEBUG [] - [localhost] Sending a DNS query: DnsQuestion(localhost IN AAAA)
2025-05-16 09:37:29,864 - io.netty.resolver.dns.DnsResolveContext -8145 [armeria-common-worker-epoll-5-2] DEBUG [] - -Dio.netty.resolver.dns.tryCnameOnAddressLookups: false
2025-05-16 09:37:29,866 - io.netty.resolver.dns.DnsQueryContext -8147 [armeria-common-worker-epoll-5-2] DEBUG [] - -Dio.netty.resolver.dns.idReuseOnTimeoutDelayMillis: 10000
2025-05-16 09:37:29,870 - io.netty.util.ResourceLeakDetectorFactory -8151 [armeria-common-worker-epoll-5-2] DEBUG [] - Loaded default ResourceLeakDetector: io.netty.util.ResourceLeakDetector@61e0e12a
2025-05-16 09:37:29,875 - io.netty.resolver.dns.DnsQueryContext -8156 [armeria-common-worker-epoll-5-2] DEBUG [] - [id: 0x341787de, L:/[0:0:0:0:0:0:0:0]:50883] WRITE: UDP, [14837: /127.0.0.53:53], DefaultDnsQuestion(localhost. IN AAAA)
2025-05-16 09:37:29,916 - io.netty.resolver.dns.DnsNameResolver -8197 [armeria-common-worker-epoll-5-2] DEBUG [] - [id: 0x341787de, L:/[0:0:0:0:0:0:0:0]:50883] RECEIVED: UDP [14837: /127.0.0.53:53], DatagramDnsResponse(from: /127.0.0.53:53, to: /[0:0:0:0:0:0:0:0]:50883, id: 14837, QUERY(0), NoError(0), RD AA RA)
	DefaultDnsQuestion(localhost. IN AAAA)
	DefaultDnsRawRecord(OPT flags:0 udp:65494 0B)
2025-05-16 09:37:29,917 - io.netty.resolver.dns.LoggingDnsQueryLifeCycleObserverFactory -8198 [armeria-common-worker-epoll-5-2] DEBUG [] - from /127.0.0.53:53 : DefaultDnsQuestion(localhost. IN AAAA) failure
io.netty.resolver.dns.DnsResolveContext$DnsResolveContextException: No matching record type found
	at io.netty.resolver.dns.DnsResolveContext.onResponseAorAAAA(..)(Unknown Source) ~[netty-resolver-dns-4.1.118.Final.jar:4.1.118.Final]
2025-05-16 09:37:29,917 - io.netty.resolver.dns.LoggingDnsQueryLifeCycleObserverFactory -8198 [armeria-common-worker-epoll-5-2] DEBUG [] - DefaultDnsQuestion(localhost. IN AAAA) query never written and failed
io.netty.resolver.dns.DnsResolveContext$DnsResolveContextException: No name servers returned an answer
	at io.netty.resolver.dns.DnsResolveContext.tryToFinishResolve(..)(Unknown Source) ~[netty-resolver-dns-4.1.118.Final.jar:4.1.118.Final]
2025-05-16 09:37:29,917 - com.linecorp.armeria.internal.client.dns.CachingDnsResolver -8198 [armeria-common-worker-epoll-5-2] DEBUG [] - [localhost] Caching a failed DNS query: DnsQuestion(localhost IN AAAA), cause: Failed to resolve 'localhost' [AAAA(28)]
2025-05-16 09:37:29,927 - com.linecorp.armeria.server.HttpServerHandler -8208 [armeria-eventloop-epoll-6-1] DEBUG [] - [id: 0x2268ab31, L:/127.0.0.1:12800 - R:/127.0.0.1:44322] HTTP/2 settings: {&amp#2;=0, &amp#4;=1048576, &amp#6;=8192}
2025-05-16 09:37:29,928 - com.linecorp.armeria.client.Http2ResponseDecoder -8209 [armeria-common-worker-epoll-5-2] DEBUG [] - [id: 0x68e84c2e, L:/127.0.0.1:44322 - R:localhost/127.0.0.1:12800] HTTP/2 settings: {&amp#3;=2147483647, &amp#4;=1048576, &amp#6;=8192}
2025-05-16 09:37:29,949 - com.linecorp.armeria.server.logging.LoggingService -8230 [armeria-eventloop-epoll-6-1] DEBUG [] - [sreqId=bfdbf8d6, chanId=2268ab31, raddr=127.0.0.1:44322, laddr=127.0.0.1:12800][h2c://db0947/#GET] Request: {startTime=2025-05-16T08:37:29.940Z(1747384649940194), length=0B, duration=8168µs(8168677ns), scheme=none+h2c, name=GET, headers=[EOS], :method=GET, :authority=localhost:12800, :scheme=http, :path=/, user-agent=armeria/1.32.0]}
2025-05-16 09:37:29,950 - com.linecorp.armeria.server.logging.LoggingService -8231 [armeria-eventloop-epoll-6-1] WARN  [] - [sreqId=bfdbf8d6, chanId=2268ab31, raddr=127.0.0.1:44322, laddr=127.0.0.1:12800][h2c://db0947/#GET] Response: {startTime=2025-05-16T08:37:29.945Z(1747384649945632), length=22B, duration=2894µs(2894754ns), totalDuration=8334µs(8334389ns), headers=[:status=405, content-type=text/plain; charset=utf-8, content-length=22, server=Armeria/1.32.0, date=Fri, 16 May 2025 08:37:29 GMT]}
2025-05-16 09:37:29,952 - com.linecorp.armeria.server.logging.LoggingService -8233 [armeria-eventloop-epoll-6-1] DEBUG [] - [sreqId=7728b6c2, chanId=2268ab31, raddr=127.0.0.1:44322, laddr=127.0.0.1:12800][h2c://db0947/#POST] Request: {startTime=2025-05-16T08:37:29.950Z(1747384649950974), length=0B, duration=890µs(890907ns), scheme=none+h2c, name=POST, headers=[EOS], :method=POST, :authority=localhost:12800, :scheme=http, :path=/, user-agent=armeria/1.32.0]}
2025-05-16 09:37:29,952 - com.linecorp.armeria.server.logging.LoggingService -8233 [armeria-eventloop-epoll-6-1] WARN  [] - [sreqId=7728b6c2, chanId=2268ab31, raddr=127.0.0.1:44322, laddr=127.0.0.1:12800][h2c://db0947/#POST] Response: {startTime=2025-05-16T08:37:29.951Z(1747384649951433), length=35B, duration=441µs(441413ns), totalDuration=914µs(914259ns), headers=[:status=404, content-type=text/plain; charset=utf-8, content-length=35, server=Armeria/1.32.0, date=Fri, 16 May 2025 08:37:29 GMT]}
2025-05-16 09:37:29,956 - com.linecorp.armeria.server.logging.LoggingService -8237 [armeria-eventloop-epoll-6-1] DEBUG [] - [sreqId=669eb44e, chanId=2268ab31, raddr=127.0.0.1:44322, laddr=127.0.0.1:12800][h2c://db0947/test#POST] Request: {startTime=2025-05-16T08:37:29.953Z(1747384649953185), length=0B, duration=2802µs(2802229ns), scheme=none+h2c, name=doPost, headers=[EOS], :method=POST, :authority=localhost:12800, :scheme=http, :path=/test, user-agent=armeria/1.32.0]}
2025-05-16 09:37:29,956 - com.linecorp.armeria.server.logging.LoggingService -8237 [armeria-eventloop-epoll-6-1] DEBUG [] - [sreqId=669eb44e, chanId=2268ab31, raddr=127.0.0.1:44322, laddr=127.0.0.1:12800][h2c://db0947/test#POST] Response: {startTime=2025-05-16T08:37:29.955Z(1747384649955191), length=6B, duration=822µs(822025ns), totalDuration=2828µs(2828043ns), headers=[:status=200, content-type=text/plain; charset=utf-8, content-length=6, server=Armeria/1.32.0, date=Fri, 16 May 2025 08:37:29 GMT]}
2025-05-16 09:37:29,958 - com.linecorp.armeria.server.logging.LoggingService -8239 [armeria-eventloop-epoll-6-1] DEBUG [] - [sreqId=283aade9, chanId=2268ab31, raddr=127.0.0.1:44322, laddr=127.0.0.1:12800][h2c://db0947/test/noHandler#POST] Request: {startTime=2025-05-16T08:37:29.956Z(1747384649956999), length=0B, duration=1057µs(1057107ns), scheme=none+h2c, name=POST, headers=[EOS], :method=POST, :authority=localhost:12800, :scheme=http, :path=/test/noHandler, user-agent=armeria/1.32.0]}
2025-05-16 09:37:29,958 - com.linecorp.armeria.server.logging.LoggingService -8239 [armeria-eventloop-epoll-6-1] WARN  [] - [sreqId=283aade9, chanId=2268ab31, raddr=127.0.0.1:44322, laddr=127.0.0.1:12800][h2c://db0947/test/noHandler#POST] Response: {startTime=2025-05-16T08:37:29.957Z(1747384649957648), length=35B, duration=428µs(428132ns), totalDuration=1076µs(1076672ns), headers=[:status=404, content-type=text/plain; charset=utf-8, content-length=35, server=Armeria/1.32.0, date=Fri, 16 May 2025 08:37:29 GMT]}
2025-05-16 09:37:29,959 - com.linecorp.armeria.server.logging.LoggingService -8240 [armeria-eventloop-epoll-6-1] DEBUG [] - [sreqId=53fac95d, chanId=2268ab31, raddr=127.0.0.1:44322, laddr=127.0.0.1:12800][h2c://db0947/test/noHandler#TRACE] Request: {startTime=2025-05-16T08:37:29.959Z(1747384649959099), length=0B, duration=519µs(519082ns), scheme=none+h2c, name=TRACE, headers=[EOS], :method=TRACE, :authority=localhost:12800, :scheme=http, :path=/test/noHandler, user-agent=armeria/1.32.0]}
2025-05-16 09:37:29,959 - com.linecorp.armeria.server.logging.LoggingService -8240 [armeria-eventloop-epoll-6-1] WARN  [] - [sreqId=53fac95d, chanId=2268ab31, raddr=127.0.0.1:44322, laddr=127.0.0.1:12800][h2c://db0947/test/noHandler#TRACE] Response: {startTime=2025-05-16T08:37:29.959Z(1747384649959300), length=22B, duration=337µs(337189ns), totalDuration=538µs(538203ns), headers=[:status=405, content-type=text/plain; charset=utf-8, content-length=22, server=Armeria/1.32.0, date=Fri, 16 May 2025 08:37:29 GMT]}
2025-05-16 09:37:29,961 - com.linecorp.armeria.server.logging.LoggingService -8242 [armeria-eventloop-epoll-6-1] DEBUG [] - [sreqId=96858f75, chanId=2268ab31, raddr=127.0.0.1:44322, laddr=127.0.0.1:12800][h2c://db0947/#TRACE] Request: {startTime=2025-05-16T08:37:29.960Z(1747384649960526), length=0B, duration=506µs(506795ns), scheme=none+h2c, name=TRACE, headers=[EOS], :method=TRACE, :authority=localhost:12800, :scheme=http, :path=/, user-agent=armeria/1.32.0]}
2025-05-16 09:37:29,961 - com.linecorp.armeria.server.logging.LoggingService -8242 [armeria-eventloop-epoll-6-1] WARN  [] - [sreqId=96858f75, chanId=2268ab31, raddr=127.0.0.1:44322, laddr=127.0.0.1:12800][h2c://db0947/#TRACE] Response: {startTime=2025-05-16T08:37:29.960Z(1747384649960700), length=22B, duration=357µs(357449ns), totalDuration=532µs(532261ns), headers=[:status=405, content-type=text/plain; charset=utf-8, content-length=22, server=Armeria/1.32.0, date=Fri, 16 May 2025 08:37:29 GMT]}
2025-05-16 09:37:29,963 - com.linecorp.armeria.server.logging.LoggingService -8244 [armeria-eventloop-epoll-6-1] DEBUG [] - [sreqId=d3371415, chanId=2268ab31, raddr=127.0.0.1:44322, laddr=127.0.0.1:12800][h2c://db0947/test#PUT] Request: {startTime=2025-05-16T08:37:29.962Z(1747384649962587), length=0B, duration=475µs(475745ns), scheme=none+h2c, name=PUT, headers=[EOS], :method=PUT, :authority=localhost:12800, :scheme=http, :path=/test, user-agent=armeria/1.32.0]}
2025-05-16 09:37:29,963 - com.linecorp.armeria.server.logging.LoggingService -8244 [armeria-eventloop-epoll-6-1] WARN  [] - [sreqId=d3371415, chanId=2268ab31, raddr=127.0.0.1:44322, laddr=127.0.0.1:12800][h2c://db0947/test#PUT] Response: {startTime=2025-05-16T08:37:29.962Z(1747384649962772), length=22B, duration=308µs(308170ns), totalDuration=492µs(492899ns), headers=[:status=405, content-type=text/plain; charset=utf-8, content-length=22, server=Armeria/1.32.0, date=Fri, 16 May 2025 08:37:29 GMT]}
2025-05-16 09:37:29,965 - com.linecorp.armeria.server.logging.LoggingService -8246 [armeria-eventloop-epoll-6-1] DEBUG [] - [sreqId=6f305c3f, chanId=2268ab31, raddr=127.0.0.1:44322, laddr=127.0.0.1:12800][h2c://db0947/test#DELETE] Request: {startTime=2025-05-16T08:37:29.964Z(1747384649964609), length=0B, duration=451µs(451797ns), scheme=none+h2c, name=DELETE, headers=[EOS], :method=DELETE, :authority=localhost:12800, :scheme=http, :path=/test, user-agent=armeria/1.32.0]}
2025-05-16 09:37:29,965 - com.linecorp.armeria.server.logging.LoggingService -8246 [armeria-eventloop-epoll-6-1] WARN  [] - [sreqId=6f305c3f, chanId=2268ab31, raddr=127.0.0.1:44322, laddr=127.0.0.1:12800][h2c://db0947/test#DELETE] Response: {startTime=2025-05-16T08:37:29.964Z(1747384649964769), length=22B, duration=308µs(308507ns), totalDuration=469µs(469182ns), headers=[:status=405, content-type=text/plain; charset=utf-8, content-length=22, server=Armeria/1.32.0, date=Fri, 16 May 2025 08:37:29 GMT]}
2025-05-16 09:37:29,966 - com.linecorp.armeria.server.logging.LoggingService -8247 [armeria-eventloop-epoll-6-1] DEBUG [] - [sreqId=6ab2774e, chanId=2268ab31, raddr=127.0.0.1:44322, laddr=127.0.0.1:12800][h2c://db0947/test#OPTIONS] Request: {startTime=2025-05-16T08:37:29.965Z(1747384649965952), length=0B, duration=467µs(467460ns), scheme=none+h2c, name=OPTIONS, headers=[EOS], :method=OPTIONS, :authority=localhost:12800, :scheme=http, :path=/test, user-agent=armeria/1.32.0]}
2025-05-16 09:37:29,966 - com.linecorp.armeria.server.logging.LoggingService -8247 [armeria-eventloop-epoll-6-1] WARN  [] - [sreqId=6ab2774e, chanId=2268ab31, raddr=127.0.0.1:44322, laddr=127.0.0.1:12800][h2c://db0947/test#OPTIONS] Response: {startTime=2025-05-16T08:37:29.966Z(1747384649966104), length=22B, duration=331µs(331793ns), totalDuration=484µs(484550ns), headers=[:status=405, content-type=text/plain; charset=utf-8, content-length=22, server=Armeria/1.32.0, date=Fri, 16 May 2025 08:37:29 GMT]}
]]></system-out>
  </testcase>
</testsuite>