<?xml version="1.0" encoding="UTF-8"?>
<testsuite xmlns:xsi="http://www.w3.org/2001/XMLSchema-instance" xsi:noNamespaceSchemaLocation="https://maven.apache.org/surefire/maven-surefire-plugin/xsd/surefire-test-report-3.0.xsd" version="3.0" name="org.apache.skywalking.oap.server.library.jfr.parser.JFRMergeBuilderDiffblueTest" time="0.014" tests="9" errors="0" skipped="0" failures="0">
  <properties>
    <property name="java.specification.version" value="17"/>
    <property name="sun.jnu.encoding" value="UTF-8"/>
    <property name="java.class.path" value="/home/ybagge/benchmarks/Apache-skywalking/oap-server/server-library/library-async-profiler-jfr-parser/target/test-classes:/home/ybagge/benchmarks/Apache-skywalking/oap-server/server-library/library-async-profiler-jfr-parser/target/classes:/home/ybagge/.m2/repository/tools/profiler/async-profiler-converter/3.0/async-profiler-converter-3.0.jar:/home/ybagge/.m2/repository/org/slf4j/slf4j-api/1.7.30/slf4j-api-1.7.30.jar:/home/ybagge/.m2/repository/org/slf4j/log4j-over-slf4j/1.7.30/log4j-over-slf4j-1.7.30.jar:/home/ybagge/.m2/repository/org/apache/logging/log4j/log4j-core/2.17.1/log4j-core-2.17.1.jar:/home/ybagge/.m2/repository/org/apache/logging/log4j/log4j-api/2.17.1/log4j-api-2.17.1.jar:/home/ybagge/.m2/repository/org/apache/logging/log4j/log4j-slf4j-impl/2.17.1/log4j-slf4j-impl-2.17.1.jar:/home/ybagge/.m2/repository/com/google/guava/guava/32.0.1-jre/guava-32.0.1-jre.jar:/home/ybagge/.m2/repository/com/google/guava/failureaccess/1.0.1/failureaccess-1.0.1.jar:/home/ybagge/.m2/repository/com/google/guava/listenablefuture/9999.0-empty-to-avoid-conflict-with-guava/listenablefuture-9999.0-empty-to-avoid-conflict-with-guava.jar:/home/ybagge/.m2/repository/com/google/code/findbugs/jsr305/3.0.2/jsr305-3.0.2.jar:/home/ybagge/.m2/repository/org/checkerframework/checker-qual/3.33.0/checker-qual-3.33.0.jar:/home/ybagge/.m2/repository/org/testcontainers/testcontainers/1.17.6/testcontainers-1.17.6.jar:/home/ybagge/.m2/repository/org/apache/commons/commons-compress/1.21/commons-compress-1.21.jar:/home/ybagge/.m2/repository/org/rnorth/duct-tape/duct-tape/1.0.8/duct-tape-1.0.8.jar:/home/ybagge/.m2/repository/org/jetbrains/annotations/17.0.0/annotations-17.0.0.jar:/home/ybagge/.m2/repository/com/github/docker-java/docker-java-api/3.2.13/docker-java-api-3.2.13.jar:/home/ybagge/.m2/repository/com/fasterxml/jackson/core/jackson-annotations/2.16.0/jackson-annotations-2.16.0.jar:/home/ybagge/.m2/repository/com/github/docker-java/docker-java-transport-zerodep/3.2.13/docker-java-transport-zerodep-3.2.13.jar:/home/ybagge/.m2/repository/com/github/docker-java/docker-java-transport/3.2.13/docker-java-transport-3.2.13.jar:/home/ybagge/.m2/repository/net/java/dev/jna/jna/5.8.0/jna-5.8.0.jar:/home/ybagge/.m2/repository/org/testcontainers/junit-jupiter/1.17.6/junit-jupiter-1.17.6.jar:/home/ybagge/.m2/repository/org/junit/jupiter/junit-jupiter-api/5.9.2/junit-jupiter-api-5.9.2.jar:/home/ybagge/.m2/repository/org/opentest4j/opentest4j/1.2.0/opentest4j-1.2.0.jar:/home/ybagge/.m2/repository/org/junit/platform/junit-platform-commons/1.9.2/junit-platform-commons-1.9.2.jar:/home/ybagge/.m2/repository/com/google/errorprone/error_prone_annotations/2.11.0/error_prone_annotations-2.11.0.jar:/home/ybagge/.m2/repository/org/junit/jupiter/junit-jupiter/5.9.2/junit-jupiter-5.9.2.jar:/home/ybagge/.m2/repository/org/junit/jupiter/junit-jupiter-engine/5.9.2/junit-jupiter-engine-5.9.2.jar:/home/ybagge/.m2/repository/org/junit/platform/junit-platform-engine/1.9.2/junit-platform-engine-1.9.2.jar:/home/ybagge/.m2/repository/org/junit/jupiter/junit-jupiter-params/5.9.2/junit-jupiter-params-5.9.2.jar:/home/ybagge/.m2/repository/org/apiguardian/apiguardian-api/1.1.2/apiguardian-api-1.1.2.jar:/home/ybagge/.m2/repository/org/mockito/mockito-core/4.11.0/mockito-core-4.11.0.jar:/home/ybagge/.m2/repository/net/bytebuddy/byte-buddy/1.14.9/byte-buddy-1.14.9.jar:/home/ybagge/.m2/repository/net/bytebuddy/byte-buddy-agent/1.14.9/byte-buddy-agent-1.14.9.jar:/home/ybagge/.m2/repository/org/objenesis/objenesis/3.3/objenesis-3.3.jar:/home/ybagge/.m2/repository/org/mockito/mockito-inline/4.11.0/mockito-inline-4.11.0.jar:/home/ybagge/.m2/repository/org/mockito/mockito-junit-jupiter/4.11.0/mockito-junit-jupiter-4.11.0.jar:/home/ybagge/.m2/repository/org/powermock/powermock-reflect/2.0.9/powermock-reflect-2.0.9.jar:/home/ybagge/.m2/repository/org/assertj/assertj-core/3.20.2/assertj-core-3.20.2.jar:/home/ybagge/.m2/repository/org/openjdk/jmh/jmh-core/1.21/jmh-core-1.21.jar:/home/ybagge/.m2/repository/net/sf/jopt-simple/jopt-simple/4.6/jopt-simple-4.6.jar:/home/ybagge/.m2/repository/org/apache/commons/commons-math3/3.2/commons-math3-3.2.jar:/home/ybagge/.m2/repository/org/projectlombok/lombok/1.18.30/lombok-1.18.30.jar:/home/ybagge/.m2/repository/javax/annotation/javax.annotation-api/1.3.2/javax.annotation-api-1.3.2.jar:"/>
    <property name="java.vm.vendor" value="Oracle Corporation"/>
    <property name="targetTests" value="*DiffblueTest"/>
    <property name="sun.arch.data.model" value="64"/>
    <property name="java.vendor.url" value="https://java.oracle.com/"/>
    <property name="user.timezone" value="Europe/London"/>
    <property name="os.name" value="Linux"/>
    <property name="java.vm.specification.version" value="17"/>
    <property name="sun.java.launcher" value="SUN_STANDARD"/>
    <property name="user.country" value="GB"/>
    <property name="sun.boot.library.path" value="/home/ybagge/.sdkman/candidates/java/17.0.12-oracle/lib"/>
    <property name="sun.java.command" value="/home/ybagge/benchmarks/Apache-skywalking/oap-server/server-library/library-async-profiler-jfr-parser/target/surefire/surefirebooter-20250516090410598_29.jar /home/ybagge/benchmarks/Apache-skywalking/oap-server/server-library/library-async-profiler-jfr-parser/target/surefire 2025-05-16T09-03-10_766-jvmRun1 surefire-20250516090410598_27tmp surefire_3-20250516090410598_28tmp"/>
    <property name="jdk.debug" value="release"/>
    <property name="surefire.test.class.path" value="/home/ybagge/benchmarks/Apache-skywalking/oap-server/server-library/library-async-profiler-jfr-parser/target/test-classes:/home/ybagge/benchmarks/Apache-skywalking/oap-server/server-library/library-async-profiler-jfr-parser/target/classes:/home/ybagge/.m2/repository/tools/profiler/async-profiler-converter/3.0/async-profiler-converter-3.0.jar:/home/ybagge/.m2/repository/org/slf4j/slf4j-api/1.7.30/slf4j-api-1.7.30.jar:/home/ybagge/.m2/repository/org/slf4j/log4j-over-slf4j/1.7.30/log4j-over-slf4j-1.7.30.jar:/home/ybagge/.m2/repository/org/apache/logging/log4j/log4j-core/2.17.1/log4j-core-2.17.1.jar:/home/ybagge/.m2/repository/org/apache/logging/log4j/log4j-api/2.17.1/log4j-api-2.17.1.jar:/home/ybagge/.m2/repository/org/apache/logging/log4j/log4j-slf4j-impl/2.17.1/log4j-slf4j-impl-2.17.1.jar:/home/ybagge/.m2/repository/com/google/guava/guava/32.0.1-jre/guava-32.0.1-jre.jar:/home/ybagge/.m2/repository/com/google/guava/failureaccess/1.0.1/failureaccess-1.0.1.jar:/home/ybagge/.m2/repository/com/google/guava/listenablefuture/9999.0-empty-to-avoid-conflict-with-guava/listenablefuture-9999.0-empty-to-avoid-conflict-with-guava.jar:/home/ybagge/.m2/repository/com/google/code/findbugs/jsr305/3.0.2/jsr305-3.0.2.jar:/home/ybagge/.m2/repository/org/checkerframework/checker-qual/3.33.0/checker-qual-3.33.0.jar:/home/ybagge/.m2/repository/org/testcontainers/testcontainers/1.17.6/testcontainers-1.17.6.jar:/home/ybagge/.m2/repository/org/apache/commons/commons-compress/1.21/commons-compress-1.21.jar:/home/ybagge/.m2/repository/org/rnorth/duct-tape/duct-tape/1.0.8/duct-tape-1.0.8.jar:/home/ybagge/.m2/repository/org/jetbrains/annotations/17.0.0/annotations-17.0.0.jar:/home/ybagge/.m2/repository/com/github/docker-java/docker-java-api/3.2.13/docker-java-api-3.2.13.jar:/home/ybagge/.m2/repository/com/fasterxml/jackson/core/jackson-annotations/2.16.0/jackson-annotations-2.16.0.jar:/home/ybagge/.m2/repository/com/github/docker-java/docker-java-transport-zerodep/3.2.13/docker-java-transport-zerodep-3.2.13.jar:/home/ybagge/.m2/repository/com/github/docker-java/docker-java-transport/3.2.13/docker-java-transport-3.2.13.jar:/home/ybagge/.m2/repository/net/java/dev/jna/jna/5.8.0/jna-5.8.0.jar:/home/ybagge/.m2/repository/org/testcontainers/junit-jupiter/1.17.6/junit-jupiter-1.17.6.jar:/home/ybagge/.m2/repository/org/junit/jupiter/junit-jupiter-api/5.9.2/junit-jupiter-api-5.9.2.jar:/home/ybagge/.m2/repository/org/opentest4j/opentest4j/1.2.0/opentest4j-1.2.0.jar:/home/ybagge/.m2/repository/org/junit/platform/junit-platform-commons/1.9.2/junit-platform-commons-1.9.2.jar:/home/ybagge/.m2/repository/com/google/errorprone/error_prone_annotations/2.11.0/error_prone_annotations-2.11.0.jar:/home/ybagge/.m2/repository/org/junit/jupiter/junit-jupiter/5.9.2/junit-jupiter-5.9.2.jar:/home/ybagge/.m2/repository/org/junit/jupiter/junit-jupiter-engine/5.9.2/junit-jupiter-engine-5.9.2.jar:/home/ybagge/.m2/repository/org/junit/platform/junit-platform-engine/1.9.2/junit-platform-engine-1.9.2.jar:/home/ybagge/.m2/repository/org/junit/jupiter/junit-jupiter-params/5.9.2/junit-jupiter-params-5.9.2.jar:/home/ybagge/.m2/repository/org/apiguardian/apiguardian-api/1.1.2/apiguardian-api-1.1.2.jar:/home/ybagge/.m2/repository/org/mockito/mockito-core/4.11.0/mockito-core-4.11.0.jar:/home/ybagge/.m2/repository/net/bytebuddy/byte-buddy/1.14.9/byte-buddy-1.14.9.jar:/home/ybagge/.m2/repository/net/bytebuddy/byte-buddy-agent/1.14.9/byte-buddy-agent-1.14.9.jar:/home/ybagge/.m2/repository/org/objenesis/objenesis/3.3/objenesis-3.3.jar:/home/ybagge/.m2/repository/org/mockito/mockito-inline/4.11.0/mockito-inline-4.11.0.jar:/home/ybagge/.m2/repository/org/mockito/mockito-junit-jupiter/4.11.0/mockito-junit-jupiter-4.11.0.jar:/home/ybagge/.m2/repository/org/powermock/powermock-reflect/2.0.9/powermock-reflect-2.0.9.jar:/home/ybagge/.m2/repository/org/assertj/assertj-core/3.20.2/assertj-core-3.20.2.jar:/home/ybagge/.m2/repository/org/openjdk/jmh/jmh-core/1.21/jmh-core-1.21.jar:/home/ybagge/.m2/repository/net/sf/jopt-simple/jopt-simple/4.6/jopt-simple-4.6.jar:/home/ybagge/.m2/repository/org/apache/commons/commons-math3/3.2/commons-math3-3.2.jar:/home/ybagge/.m2/repository/org/projectlombok/lombok/1.18.30/lombok-1.18.30.jar:/home/ybagge/.m2/repository/javax/annotation/javax.annotation-api/1.3.2/javax.annotation-api-1.3.2.jar:"/>
    <property name="sun.cpu.endian" value="little"/>
    <property name="user.home" value="/home/ybagge"/>
    <property name="user.language" value="en"/>
    <property name="java.specification.vendor" value="Oracle Corporation"/>
    <property name="java.version.date" value="2024-07-16"/>
    <property name="java.home" value="/home/ybagge/.sdkman/candidates/java/17.0.12-oracle"/>
    <property name="file.separator" value="/"/>
    <property name="basedir" value="/home/ybagge/benchmarks/Apache-skywalking/oap-server/server-library/library-async-profiler-jfr-parser"/>
    <property name="java.vm.compressedOopsMode" value="Zero based"/>
    <property name="line.separator" value="&#10;"/>
    <property name="java.vm.specification.vendor" value="Oracle Corporation"/>
    <property name="java.specification.name" value="Java Platform API Specification"/>
    <property name="surefire.real.class.path" value="/home/ybagge/benchmarks/Apache-skywalking/oap-server/server-library/library-async-profiler-jfr-parser/target/surefire/surefirebooter-20250516090410598_29.jar"/>
    <property name="sun.management.compiler" value="HotSpot 64-Bit Tiered Compilers"/>
    <property name="java.runtime.version" value="17.0.12+8-LTS-286"/>
    <property name="user.name" value="ybagge"/>
    <property name="path.separator" value=":"/>
    <property name="os.version" value="6.8.0-59-generic"/>
    <property name="java.runtime.name" value="Java(TM) SE Runtime Environment"/>
    <property name="file.encoding" value="UTF-8"/>
    <property name="java.vm.name" value="Java HotSpot(TM) 64-Bit Server VM"/>
    <property name="localRepository" value="/home/ybagge/.m2/repository"/>
    <property name="java.vendor.url.bug" value="https://bugreport.java.com/bugreport/"/>
    <property name="java.io.tmpdir" value="/tmp"/>
    <property name="java.version" value="17.0.12"/>
    <property name="user.dir" value="/home/ybagge/benchmarks/Apache-skywalking/oap-server/server-library/library-async-profiler-jfr-parser"/>
    <property name="os.arch" value="amd64"/>
    <property name="java.vm.specification.name" value="Java Virtual Machine Specification"/>
    <property name="native.encoding" value="UTF-8"/>
    <property name="java.library.path" value="/usr/java/packages/lib:/usr/lib64:/lib64:/lib:/usr/lib"/>
    <property name="java.vm.info" value="mixed mode, sharing"/>
    <property name="java.vendor" value="Oracle Corporation"/>
    <property name="java.vm.version" value="17.0.12+8-LTS-286"/>
    <property name="sun.io.unicode.encoding" value="UnicodeLittle"/>
    <property name="java.class.version" value="61.0"/>
  </properties>
  <testcase name="testMergeWithTrees_whenArrayList" classname="org.apache.skywalking.oap.server.library.jfr.parser.JFRMergeBuilderDiffblueTest" time="0.001"/>
  <testcase name="testMergeWithTrees_whenNull" classname="org.apache.skywalking.oap.server.library.jfr.parser.JFRMergeBuilderDiffblueTest" time="0.0"/>
  <testcase name="testBuild" classname="org.apache.skywalking.oap.server.library.jfr.parser.JFRMergeBuilderDiffblueTest" time="0.0"/>
  <testcase name="testMerge0_givenOne_whenFrameGetSelfReturnOne_thenCallsGetSelf" classname="org.apache.skywalking.oap.server.library.jfr.parser.JFRMergeBuilderDiffblueTest" time="0.006"/>
  <testcase name="testNewJFRMergeBuilder" classname="org.apache.skywalking.oap.server.library.jfr.parser.JFRMergeBuilderDiffblueTest" time="0.0"/>
  <testcase name="testMergeWithTrees_givenFrameGetTitleIndexReturnZero_thenCallsGetTitleIndex" classname="org.apache.skywalking.oap.server.library.jfr.parser.JFRMergeBuilderDiffblueTest" time="0.001"/>
  <testcase name="testMergeWithTree_givenZero_thenCallsGetTitleIndex" classname="org.apache.skywalking.oap.server.library.jfr.parser.JFRMergeBuilderDiffblueTest" time="0.001"/>
  <testcase name="testMergeWithTree_whenNull" classname="org.apache.skywalking.oap.server.library.jfr.parser.JFRMergeBuilderDiffblueTest" time="0.0"/>
  <testcase name="testMergeWithTrees_givenNull_whenArrayListAddNull" classname="org.apache.skywalking.oap.server.library.jfr.parser.JFRMergeBuilderDiffblueTest" time="0.0"/>
</testsuite>