<?xml version="1.0" encoding="UTF-8"?>
<testsuite xmlns:xsi="http://www.w3.org/2001/XMLSchema-instance" xsi:noNamespaceSchemaLocation="https://maven.apache.org/surefire/maven-surefire-plugin/xsd/surefire-test-report-3.0.xsd" version="3.0" name="org.apache.skywalking.oap.server.starter.config.ApplicationConfigLoaderTestCase" time="0.525" tests="5" errors="0" skipped="0" failures="0">
  <properties>
    <property name="SW_RECEIVER_ZIPKIN" value="default"/>
    <property name="java.specification.version" value="17"/>
    <property name="sun.jnu.encoding" value="UTF-8"/>
    <property name="git.build.version" value="10.1.0"/>
    <property name="java.class.path" value="/home/ybagge/benchmarks/Apache-skywalking/oap-server/server-starter/target/test-classes:/home/ybagge/benchmarks/Apache-skywalking/oap-server/server-starter/target/classes:/home/ybagge/benchmarks/Apache-skywalking/oap-server/server-core/target/classes:/home/ybagge/.m2/repository/org/yaml/snakeyaml/2.0/snakeyaml-2.0.jar:/home/ybagge/benchmarks/Apache-skywalking/oap-server/server-library/library-module/target/classes:/home/ybagge/benchmarks/Apache-skywalking/oap-server/server-library/library-async-profiler-jfr-parser/target/classes:/home/ybagge/.m2/repository/tools/profiler/async-profiler-converter/3.0/async-profiler-converter-3.0.jar:/home/ybagge/benchmarks/Apache-skywalking/oap-server/server-telemetry/telemetry-api/target/classes:/home/ybagge/benchmarks/Apache-skywalking/oap-server/server-configuration/configuration-api/target/classes:/home/ybagge/benchmarks/Apache-skywalking/oap-server/server-library/library-util/target/classes:/home/ybagge/.m2/repository/joda-time/joda-time/2.10.5/joda-time-2.10.5.jar:/home/ybagge/.m2/repository/com/google/protobuf/protobuf-java/3.25.5/protobuf-java-3.25.5.jar:/home/ybagge/.m2/repository/com/google/protobuf/protobuf-java-util/3.25.5/protobuf-java-util-3.25.5.jar:/home/ybagge/.m2/repository/com/google/j2objc/j2objc-annotations/2.8/j2objc-annotations-2.8.jar:/home/ybagge/.m2/repository/org/apache/commons/commons-text/1.4/commons-text-1.4.jar:/home/ybagge/benchmarks/Apache-skywalking/oap-server/server-library/library-client/target/classes:/home/ybagge/benchmarks/Apache-skywalking/oap-server/server-library/library-elasticsearch-client/target/classes:/home/ybagge/.m2/repository/io/netty/netty-handler/4.1.118.Final/netty-handler-4.1.118.Final.jar:/home/ybagge/.m2/repository/io/netty/netty-resolver/4.1.118.Final/netty-resolver-4.1.118.Final.jar:/home/ybagge/.m2/repository/com/zaxxer/HikariCP/3.1.0/HikariCP-3.1.0.jar:/home/ybagge/.m2/repository/org/slf4j/jcl-over-slf4j/1.7.30/jcl-over-slf4j-1.7.30.jar:/home/ybagge/benchmarks/Apache-skywalking/oap-server/server-library/library-server/target/classes:/home/ybagge/.m2/repository/io/netty/netty-codec/4.1.118.Final/netty-codec-4.1.118.Final.jar:/home/ybagge/.m2/repository/io/netty/netty-codec-http/4.1.118.Final/netty-codec-http-4.1.118.Final.jar:/home/ybagge/.m2/repository/com/linecorp/armeria/armeria/1.32.0/armeria-1.32.0.jar:/home/ybagge/.m2/repository/com/fasterxml/jackson/datatype/jackson-datatype-jsr310/2.18.2/jackson-datatype-jsr310-2.18.2.jar:/home/ybagge/.m2/repository/io/netty/netty-codec-haproxy/4.1.118.Final/netty-codec-haproxy-4.1.118.Final.jar:/home/ybagge/.m2/repository/io/netty/netty-resolver-dns/4.1.118.Final/netty-resolver-dns-4.1.118.Final.jar:/home/ybagge/.m2/repository/io/netty/netty-codec-dns/4.1.118.Final/netty-codec-dns-4.1.118.Final.jar:/home/ybagge/.m2/repository/io/netty/netty-transport-native-unix-common/4.1.118.Final/netty-transport-native-unix-common-4.1.118.Final-linux-x86_64.jar:/home/ybagge/.m2/repository/io/netty/netty-transport-native-unix-common/4.1.118.Final/netty-transport-native-unix-common-4.1.118.Final-linux-aarch_64.jar:/home/ybagge/.m2/repository/io/netty/netty-transport-native-unix-common/4.1.118.Final/netty-transport-native-unix-common-4.1.118.Final-osx-x86_64.jar:/home/ybagge/.m2/repository/io/netty/netty-transport-native-unix-common/4.1.118.Final/netty-transport-native-unix-common-4.1.118.Final-osx-aarch_64.jar:/home/ybagge/.m2/repository/io/netty/netty-transport-native-epoll/4.1.118.Final/netty-transport-native-epoll-4.1.118.Final-linux-x86_64.jar:/home/ybagge/.m2/repository/io/netty/netty-transport-classes-epoll/4.1.118.Final/netty-transport-classes-epoll-4.1.118.Final.jar:/home/ybagge/.m2/repository/io/netty/netty-transport-native-epoll/4.1.118.Final/netty-transport-native-epoll-4.1.118.Final-linux-aarch_64.jar:/home/ybagge/.m2/repository/io/netty/netty-transport-native-kqueue/4.1.118.Final/netty-transport-native-kqueue-4.1.118.Final-osx-x86_64.jar:/home/ybagge/.m2/repository/io/netty/netty-transport-classes-kqueue/4.1.118.Final/netty-transport-classes-kqueue-4.1.118.Final.jar:/home/ybagge/.m2/repository/io/netty/netty-resolver-dns-native-macos/4.1.118.Final/netty-resolver-dns-native-macos-4.1.118.Final-osx-x86_64.jar:/home/ybagge/.m2/repository/io/netty/netty-resolver-dns-classes-macos/4.1.118.Final/netty-resolver-dns-classes-macos-4.1.118.Final.jar:/home/ybagge/.m2/repository/io/netty/netty-transport-native-kqueue/4.1.118.Final/netty-transport-native-kqueue-4.1.118.Final-osx-aarch_64.jar:/home/ybagge/.m2/repository/io/netty/netty-resolver-dns-native-macos/4.1.118.Final/netty-resolver-dns-native-macos-4.1.118.Final-osx-aarch_64.jar:/home/ybagge/.m2/repository/io/netty/netty-tcnative-boringssl-static/2.0.70.Final/netty-tcnative-boringssl-static-2.0.70.Final-linux-x86_64.jar:/home/ybagge/.m2/repository/io/netty/netty-tcnative-boringssl-static/2.0.70.Final/netty-tcnative-boringssl-static-2.0.70.Final-linux-aarch_64.jar:/home/ybagge/.m2/repository/io/netty/netty-tcnative-boringssl-static/2.0.70.Final/netty-tcnative-boringssl-static-2.0.70.Final-osx-x86_64.jar:/home/ybagge/.m2/repository/io/netty/netty-tcnative-boringssl-static/2.0.70.Final/netty-tcnative-boringssl-static-2.0.70.Final-osx-aarch_64.jar:/home/ybagge/.m2/repository/io/netty/netty-tcnative-boringssl-static/2.0.70.Final/netty-tcnative-boringssl-static-2.0.70.Final-windows-x86_64.jar:/home/ybagge/.m2/repository/com/aayushatharva/brotli4j/brotli4j/1.18.0/brotli4j-1.18.0.jar:/home/ybagge/.m2/repository/com/aayushatharva/brotli4j/service/1.18.0/service-1.18.0.jar:/home/ybagge/.m2/repository/com/linecorp/armeria/armeria-protobuf/1.32.0/armeria-protobuf-1.32.0.jar:/home/ybagge/benchmarks/Apache-skywalking/oap-server/server-library/library-datacarrier-queue/target/classes:/home/ybagge/benchmarks/Apache-skywalking/apm-protocol/apm-network/target/classes:/home/ybagge/.m2/repository/io/netty/netty-tcnative-boringssl-static/2.0.69.Final/netty-tcnative-boringssl-static-2.0.69.Final.jar:/home/ybagge/.m2/repository/io/netty/netty-tcnative-classes/2.0.70.Final/netty-tcnative-classes-2.0.70.Final.jar:/home/ybagge/.m2/repository/org/javassist/javassist/3.25.0-GA/javassist-3.25.0-GA.jar:/home/ybagge/.m2/repository/io/vavr/vavr/0.10.3/vavr-0.10.3.jar:/home/ybagge/.m2/repository/io/vavr/vavr-match/0.10.3/vavr-match-0.10.3.jar:/home/ybagge/.m2/repository/io/zipkin/zipkin2/zipkin/2.24.1/zipkin-2.24.1.jar:/home/ybagge/.m2/repository/org/apache/groovy/groovy/4.0.15/groovy-4.0.15.jar:/home/ybagge/benchmarks/Apache-skywalking/oap-server/oal-rt/target/classes:/home/ybagge/benchmarks/Apache-skywalking/oap-server/oal-grammar/target/classes:/home/ybagge/.m2/repository/org/antlr/antlr4-runtime/4.11.1/antlr4-runtime-4.11.1.jar:/home/ybagge/.m2/repository/org/freemarker/freemarker/2.3.31/freemarker-2.3.31.jar:/home/ybagge/.m2/repository/commons-io/commons-io/2.17.0/commons-io-2.17.0.jar:/home/ybagge/benchmarks/Apache-skywalking/oap-server/server-cluster-plugin/cluster-standalone-plugin/target/classes:/home/ybagge/benchmarks/Apache-skywalking/oap-server/server-cluster-plugin/cluster-zookeeper-plugin/target/classes:/home/ybagge/.m2/repository/com/google/code/gson/gson/2.9.0/gson-2.9.0.jar:/home/ybagge/.m2/repository/org/apache/curator/curator-x-discovery/4.3.0/curator-x-discovery-4.3.0.jar:/home/ybagge/.m2/repository/org/apache/curator/curator-recipes/4.3.0/curator-recipes-4.3.0.jar:/home/ybagge/.m2/repository/org/apache/curator/curator-framework/4.3.0/curator-framework-4.3.0.jar:/home/ybagge/.m2/repository/org/apache/curator/curator-client/4.3.0/curator-client-4.3.0.jar:/home/ybagge/.m2/repository/org/apache/zookeeper/zookeeper/3.5.7/zookeeper-3.5.7.jar:/home/ybagge/.m2/repository/org/apache/zookeeper/zookeeper-jute/3.5.7/zookeeper-jute-3.5.7.jar:/home/ybagge/.m2/repository/org/apache/yetus/audience-annotations/0.5.0/audience-annotations-0.5.0.jar:/home/ybagge/.m2/repository/io/netty/netty-transport-native-epoll/4.1.118.Final/netty-transport-native-epoll-4.1.118.Final.jar:/home/ybagge/.m2/repository/com/fasterxml/jackson/core/jackson-databind/2.16.0/jackson-databind-2.16.0.jar:/home/ybagge/benchmarks/Apache-skywalking/oap-server/server-cluster-plugin/cluster-kubernetes-plugin/target/classes:/home/ybagge/benchmarks/Apache-skywalking/oap-server/server-library/library-kubernetes-support/target/classes:/home/ybagge/.m2/repository/io/fabric8/istio-client/6.7.1/istio-client-6.7.1.jar:/home/ybagge/.m2/repository/io/fabric8/istio-model-v1alpha3/6.7.1/istio-model-v1alpha3-6.7.1.jar:/home/ybagge/.m2/repository/io/fabric8/istio-model-v1beta1/6.7.1/istio-model-v1beta1-6.7.1.jar:/home/ybagge/benchmarks/Apache-skywalking/oap-server/server-cluster-plugin/cluster-consul-plugin/target/classes:/home/ybagge/.m2/repository/com/orbitz/consul/consul-client/1.5.3/consul-client-1.5.3.jar:/home/ybagge/.m2/repository/com/squareup/retrofit2/retrofit/2.9.0/retrofit-2.9.0.jar:/home/ybagge/.m2/repository/com/squareup/retrofit2/converter-jackson/2.9.0/converter-jackson-2.9.0.jar:/home/ybagge/.m2/repository/com/squareup/okhttp3/okhttp/3.14.9/okhttp-3.14.9.jar:/home/ybagge/.m2/repository/com/squareup/okio/okio/1.17.2/okio-1.17.2.jar:/home/ybagge/.m2/repository/com/fasterxml/jackson/core/jackson-annotations/2.16.0/jackson-annotations-2.16.0.jar:/home/ybagge/.m2/repository/com/fasterxml/jackson/core/jackson-core/2.16.0/jackson-core-2.16.0.jar:/home/ybagge/.m2/repository/com/fasterxml/jackson/datatype/jackson-datatype-jdk8/2.12.0/jackson-datatype-jdk8-2.12.0.jar:/home/ybagge/.m2/repository/com/fasterxml/jackson/datatype/jackson-datatype-guava/2.12.0/jackson-datatype-guava-2.12.0.jar:/home/ybagge/.m2/repository/org/apache/commons/commons-lang3/3.12.0/commons-lang3-3.12.0.jar:/home/ybagge/benchmarks/Apache-skywalking/oap-server/server-cluster-plugin/cluster-etcd-plugin/target/classes:/home/ybagge/.m2/repository/io/etcd/jetcd-core/0.6.1/jetcd-core-0.6.1.jar:/home/ybagge/.m2/repository/io/etcd/jetcd-grpc/0.6.1/jetcd-grpc-0.6.1.jar:/home/ybagge/.m2/repository/io/etcd/jetcd-api/0.6.1/jetcd-api-0.6.1.jar:/home/ybagge/.m2/repository/io/etcd/jetcd-common/0.6.1/jetcd-common-0.6.1.jar:/home/ybagge/.m2/repository/net/jodah/failsafe/2.4.4/failsafe-2.4.4.jar:/home/ybagge/.m2/repository/com/google/auto/service/auto-service-annotations/1.0.1/auto-service-annotations-1.0.1.jar:/home/ybagge/.m2/repository/io/grpc/grpc-core/1.68.1/grpc-core-1.68.1.jar:/home/ybagge/.m2/repository/io/grpc/grpc-api/1.68.1/grpc-api-1.68.1.jar:/home/ybagge/.m2/repository/org/codehaus/mojo/animal-sniffer-annotations/1.24/animal-sniffer-annotations-1.24.jar:/home/ybagge/.m2/repository/io/perfmark/perfmark-api/0.27.0/perfmark-api-0.27.0.jar:/home/ybagge/.m2/repository/io/grpc/grpc-context/1.68.1/grpc-context-1.68.1.jar:/home/ybagge/.m2/repository/io/grpc/grpc-netty/1.68.1/grpc-netty-1.68.1.jar:/home/ybagge/.m2/repository/io/netty/netty-transport-native-unix-common/4.1.118.Final/netty-transport-native-unix-common-4.1.118.Final.jar:/home/ybagge/.m2/repository/io/grpc/grpc-util/1.68.1/grpc-util-1.68.1.jar:/home/ybagge/.m2/repository/io/netty/netty-codec-http2/4.1.118.Final/netty-codec-http2-4.1.118.Final.jar:/home/ybagge/.m2/repository/io/netty/netty-common/4.1.118.Final/netty-common-4.1.118.Final.jar:/home/ybagge/.m2/repository/io/netty/netty-buffer/4.1.118.Final/netty-buffer-4.1.118.Final.jar:/home/ybagge/.m2/repository/io/netty/netty-transport/4.1.118.Final/netty-transport-4.1.118.Final.jar:/home/ybagge/.m2/repository/io/netty/netty-handler-proxy/4.1.118.Final/netty-handler-proxy-4.1.118.Final.jar:/home/ybagge/.m2/repository/io/netty/netty-codec-socks/4.1.118.Final/netty-codec-socks-4.1.118.Final.jar:/home/ybagge/.m2/repository/io/grpc/grpc-protobuf/1.68.1/grpc-protobuf-1.68.1.jar:/home/ybagge/.m2/repository/com/google/api/grpc/proto-google-common-protos/2.41.0/proto-google-common-protos-2.41.0.jar:/home/ybagge/.m2/repository/io/grpc/grpc-protobuf-lite/1.68.1/grpc-protobuf-lite-1.68.1.jar:/home/ybagge/.m2/repository/io/grpc/grpc-stub/1.68.1/grpc-stub-1.68.1.jar:/home/ybagge/.m2/repository/io/grpc/grpc-grpclb/1.68.1/grpc-grpclb-1.68.1.jar:/home/ybagge/benchmarks/Apache-skywalking/oap-server/server-cluster-plugin/cluster-nacos-plugin/target/classes:/home/ybagge/.m2/repository/com/alibaba/nacos/nacos-client/2.3.2/nacos-client-2.3.2.jar:/home/ybagge/.m2/repository/com/alibaba/nacos/nacos-auth-plugin/2.3.2/nacos-auth-plugin-2.3.2.jar:/home/ybagge/.m2/repository/com/alibaba/nacos/nacos-encryption-plugin/2.3.2/nacos-encryption-plugin-2.3.2.jar:/home/ybagge/.m2/repository/commons-codec/commons-codec/1.11/commons-codec-1.11.jar:/home/ybagge/.m2/repository/org/apache/httpcomponents/httpasyncclient/4.1.5/httpasyncclient-4.1.5.jar:/home/ybagge/.m2/repository/org/apache/httpcomponents/httpclient/4.5.13/httpclient-4.5.13.jar:/home/ybagge/.m2/repository/org/apache/httpcomponents/httpcore/4.4.16/httpcore-4.4.16.jar:/home/ybagge/.m2/repository/io/micrometer/micrometer-core/1.14.4/micrometer-core-1.14.4.jar:/home/ybagge/.m2/repository/io/micrometer/micrometer-commons/1.14.4/micrometer-commons-1.14.4.jar:/home/ybagge/.m2/repository/io/micrometer/micrometer-observation/1.14.4/micrometer-observation-1.14.4.jar:/home/ybagge/.m2/repository/org/hdrhistogram/HdrHistogram/2.2.2/HdrHistogram-2.2.2.jar:/home/ybagge/.m2/repository/org/latencyutils/LatencyUtils/2.0.3/LatencyUtils-2.0.3.jar:/home/ybagge/.m2/repository/org/apache/httpcomponents/httpcore-nio/4.4.16/httpcore-nio-4.4.16.jar:/home/ybagge/benchmarks/Apache-skywalking/oap-server/server-receiver-plugin/skywalking-mesh-receiver-plugin/target/classes:/home/ybagge/benchmarks/Apache-skywalking/oap-server/server-receiver-plugin/skywalking-sharing-server-plugin/target/classes:/home/ybagge/benchmarks/Apache-skywalking/oap-server/server-receiver-plugin/skywalking-management-receiver-plugin/target/classes:/home/ybagge/benchmarks/Apache-skywalking/oap-server/server-receiver-plugin/skywalking-jvm-receiver-plugin/target/classes:/home/ybagge/benchmarks/Apache-skywalking/oap-server/analyzer/agent-analyzer/target/classes:/home/ybagge/benchmarks/Apache-skywalking/oap-server/server-receiver-plugin/skywalking-trace-receiver-plugin/target/classes:/home/ybagge/benchmarks/Apache-skywalking/oap-server/server-receiver-plugin/zipkin-receiver-plugin/target/classes:/home/ybagge/.m2/repository/org/apache/kafka/kafka-clients/3.4.0/kafka-clients-3.4.0.jar:/home/ybagge/.m2/repository/com/github/luben/zstd-jni/1.5.2-1/zstd-jni-1.5.2-1.jar:/home/ybagge/.m2/repository/org/lz4/lz4-java/1.8.0/lz4-java-1.8.0.jar:/home/ybagge/.m2/repository/org/xerial/snappy/snappy-java/1.1.8.4/snappy-java-1.1.8.4.jar:/home/ybagge/benchmarks/Apache-skywalking/oap-server/server-query-plugin/zipkin-query-plugin/target/classes:/home/ybagge/benchmarks/Apache-skywalking/oap-server/server-query-plugin/status-query-plugin/target/classes:/home/ybagge/benchmarks/Apache-skywalking/oap-server/server-receiver-plugin/envoy-metrics-receiver-plugin/target/classes:/home/ybagge/benchmarks/Apache-skywalking/oap-server/server-receiver-plugin/receiver-proto/target/classes:/home/ybagge/benchmarks/Apache-skywalking/oap-server/analyzer/meter-analyzer/target/classes:/home/ybagge/benchmarks/Apache-skywalking/oap-server/analyzer/log-analyzer/target/classes:/home/ybagge/.m2/repository/commons-beanutils/commons-beanutils/1.9.4/commons-beanutils-1.9.4.jar:/home/ybagge/.m2/repository/com/google/flatbuffers/flatbuffers-java/1.12.0/flatbuffers-java-1.12.0.jar:/home/ybagge/.m2/repository/commons-net/commons-net/3.9.0/commons-net-3.9.0.jar:/home/ybagge/benchmarks/Apache-skywalking/oap-server/server-receiver-plugin/skywalking-clr-receiver-plugin/target/classes:/home/ybagge/benchmarks/Apache-skywalking/oap-server/server-receiver-plugin/skywalking-profile-receiver-plugin/target/classes:/home/ybagge/benchmarks/Apache-skywalking/oap-server/server-receiver-plugin/otel-receiver-plugin/target/classes:/home/ybagge/benchmarks/Apache-skywalking/oap-server/server-receiver-plugin/skywalking-meter-receiver-plugin/target/classes:/home/ybagge/benchmarks/Apache-skywalking/oap-server/server-receiver-plugin/skywalking-browser-receiver-plugin/target/classes:/home/ybagge/benchmarks/Apache-skywalking/oap-server/server-receiver-plugin/skywalking-log-receiver-plugin/target/classes:/home/ybagge/benchmarks/Apache-skywalking/oap-server/server-receiver-plugin/configuration-discovery-receiver-plugin/target/classes:/home/ybagge/benchmarks/Apache-skywalking/oap-server/server-receiver-plugin/skywalking-event-receiver-plugin/target/classes:/home/ybagge/benchmarks/Apache-skywalking/oap-server/analyzer/event-analyzer/target/classes:/home/ybagge/benchmarks/Apache-skywalking/oap-server/server-receiver-plugin/skywalking-zabbix-receiver-plugin/target/classes:/home/ybagge/benchmarks/Apache-skywalking/oap-server/server-receiver-plugin/skywalking-ebpf-receiver-plugin/target/classes:/home/ybagge/benchmarks/Apache-skywalking/oap-server/server-receiver-plugin/skywalking-async-profiler-receiver-plugin/target/classes:/home/ybagge/benchmarks/Apache-skywalking/oap-server/server-receiver-plugin/skywalking-telegraf-receiver-plugin/target/classes:/home/ybagge/benchmarks/Apache-skywalking/oap-server/server-receiver-plugin/aws-firehose-receiver/target/classes:/home/ybagge/benchmarks/Apache-skywalking/oap-server/server-fetcher-plugin/kafka-fetcher-plugin/target/classes:/home/ybagge/benchmarks/Apache-skywalking/oap-server/server-fetcher-plugin/cilium-fetcher-plugin/target/classes:/home/ybagge/benchmarks/Apache-skywalking/oap-server/server-fetcher-plugin/fetcher-proto/target/classes:/home/ybagge/.m2/repository/com/linecorp/armeria/armeria-grpc/1.32.0/armeria-grpc-1.32.0.jar:/home/ybagge/.m2/repository/io/grpc/grpc-services/1.70.0/grpc-services-1.70.0.jar:/home/ybagge/.m2/repository/org/curioswitch/curiostack/protobuf-jackson/2.7.0/protobuf-jackson-2.7.0.jar:/home/ybagge/.m2/repository/com/linecorp/armeria/armeria-grpc-protocol/1.32.0/armeria-grpc-protocol-1.32.0.jar:/home/ybagge/benchmarks/Apache-skywalking/oap-server/server-storage-plugin/storage-jdbc-hikaricp-plugin/target/classes:/home/ybagge/.m2/repository/org/postgresql/postgresql/42.4.4/postgresql-42.4.4.jar:/home/ybagge/benchmarks/Apache-skywalking/oap-server/server-storage-plugin/storage-banyandb-plugin/target/classes:/home/ybagge/.m2/repository/org/apache/skywalking/banyandb-java-client/0.9.0-rc0/banyandb-java-client-0.9.0-rc0.jar:/home/ybagge/.m2/repository/build/buf/protoc-gen-validate/pgv-java-stub/0.6.13/pgv-java-stub-0.6.13.jar:/home/ybagge/.m2/repository/com/google/re2j/re2j/1.5/re2j-1.5.jar:/home/ybagge/.m2/repository/commons-validator/commons-validator/1.7/commons-validator-1.7.jar:/home/ybagge/benchmarks/Apache-skywalking/oap-server/server-query-plugin/query-graphql-plugin/target/classes:/home/ybagge/benchmarks/Apache-skywalking/oap-server/server-health-checker/target/classes:/home/ybagge/benchmarks/Apache-skywalking/oap-server/mqe-rt/target/classes:/home/ybagge/benchmarks/Apache-skywalking/oap-server/mqe-grammar/target/classes:/home/ybagge/benchmarks/Apache-skywalking/oap-server/ai-pipeline/target/classes:/home/ybagge/.m2/repository/com/graphql-java/graphql-java/21.5/graphql-java-21.5.jar:/home/ybagge/.m2/repository/com/graphql-java/java-dataloader/3.2.1/java-dataloader-3.2.1.jar:/home/ybagge/.m2/repository/org/reactivestreams/reactive-streams/1.0.3/reactive-streams-1.0.3.jar:/home/ybagge/.m2/repository/com/graphql-java-kickstart/graphql-java-tools/13.0.1/graphql-java-tools-13.0.1.jar:/home/ybagge/.m2/repository/org/jetbrains/kotlin/kotlin-stdlib/1.7.10/kotlin-stdlib-1.7.10.jar:/home/ybagge/.m2/repository/org/jetbrains/kotlin/kotlin-stdlib-common/1.7.10/kotlin-stdlib-common-1.7.10.jar:/home/ybagge/.m2/repository/org/jetbrains/kotlin/kotlin-reflect/1.7.10/kotlin-reflect-1.7.10.jar:/home/ybagge/.m2/repository/org/jetbrains/kotlinx/kotlinx-coroutines-jdk8/1.6.4/kotlinx-coroutines-jdk8-1.6.4.jar:/home/ybagge/.m2/repository/org/jetbrains/kotlinx/kotlinx-coroutines-core-jvm/1.6.4/kotlinx-coroutines-core-jvm-1.6.4.jar:/home/ybagge/.m2/repository/org/jetbrains/kotlin/kotlin-stdlib-jdk8/1.6.21/kotlin-stdlib-jdk8-1.6.21.jar:/home/ybagge/.m2/repository/org/jetbrains/kotlin/kotlin-stdlib-jdk7/1.6.21/kotlin-stdlib-jdk7-1.6.21.jar:/home/ybagge/.m2/repository/org/jetbrains/kotlinx/kotlinx-coroutines-core/1.6.4/kotlinx-coroutines-core-1.6.4.jar:/home/ybagge/.m2/repository/org/jetbrains/kotlinx/kotlinx-coroutines-reactive/1.6.4/kotlinx-coroutines-reactive-1.6.4.jar:/home/ybagge/.m2/repository/com/fasterxml/classmate/1.5.1/classmate-1.5.1.jar:/home/ybagge/.m2/repository/com/fasterxml/jackson/module/jackson-module-kotlin/2.13.4/jackson-module-kotlin-2.13.4.jar:/home/ybagge/.m2/repository/com/graphql-java/graphql-java-extended-scalars/18.1/graphql-java-extended-scalars-18.1.jar:/home/ybagge/.m2/repository/com/linecorp/armeria/armeria-graphql/1.32.0/armeria-graphql-1.32.0.jar:/home/ybagge/.m2/repository/com/linecorp/armeria/armeria-graphql-protocol/1.32.0/armeria-graphql-protocol-1.32.0.jar:/home/ybagge/.m2/repository/io/fabric8/kubernetes-client/6.7.1/kubernetes-client-6.7.1.jar:/home/ybagge/.m2/repository/io/fabric8/kubernetes-client-api/6.7.1/kubernetes-client-api-6.7.1.jar:/home/ybagge/.m2/repository/io/fabric8/kubernetes-model-core/6.7.1/kubernetes-model-core-6.7.1.jar:/home/ybagge/.m2/repository/io/fabric8/kubernetes-model-common/6.7.1/kubernetes-model-common-6.7.1.jar:/home/ybagge/.m2/repository/io/fabric8/kubernetes-model-gatewayapi/6.7.1/kubernetes-model-gatewayapi-6.7.1.jar:/home/ybagge/.m2/repository/io/fabric8/kubernetes-model-resource/6.7.1/kubernetes-model-resource-6.7.1.jar:/home/ybagge/.m2/repository/io/fabric8/kubernetes-model-rbac/6.7.1/kubernetes-model-rbac-6.7.1.jar:/home/ybagge/.m2/repository/io/fabric8/kubernetes-model-admissionregistration/6.7.1/kubernetes-model-admissionregistration-6.7.1.jar:/home/ybagge/.m2/repository/io/fabric8/kubernetes-model-apps/6.7.1/kubernetes-model-apps-6.7.1.jar:/home/ybagge/.m2/repository/io/fabric8/kubernetes-model-autoscaling/6.7.1/kubernetes-model-autoscaling-6.7.1.jar:/home/ybagge/.m2/repository/io/fabric8/kubernetes-model-apiextensions/6.7.1/kubernetes-model-apiextensions-6.7.1.jar:/home/ybagge/.m2/repository/io/fabric8/kubernetes-model-batch/6.7.1/kubernetes-model-batch-6.7.1.jar:/home/ybagge/.m2/repository/io/fabric8/kubernetes-model-certificates/6.7.1/kubernetes-model-certificates-6.7.1.jar:/home/ybagge/.m2/repository/io/fabric8/kubernetes-model-coordination/6.7.1/kubernetes-model-coordination-6.7.1.jar:/home/ybagge/.m2/repository/io/fabric8/kubernetes-model-discovery/6.7.1/kubernetes-model-discovery-6.7.1.jar:/home/ybagge/.m2/repository/io/fabric8/kubernetes-model-events/6.7.1/kubernetes-model-events-6.7.1.jar:/home/ybagge/.m2/repository/io/fabric8/kubernetes-model-extensions/6.7.1/kubernetes-model-extensions-6.7.1.jar:/home/ybagge/.m2/repository/io/fabric8/kubernetes-model-flowcontrol/6.7.1/kubernetes-model-flowcontrol-6.7.1.jar:/home/ybagge/.m2/repository/io/fabric8/kubernetes-model-networking/6.7.1/kubernetes-model-networking-6.7.1.jar:/home/ybagge/.m2/repository/io/fabric8/kubernetes-model-metrics/6.7.1/kubernetes-model-metrics-6.7.1.jar:/home/ybagge/.m2/repository/io/fabric8/kubernetes-model-policy/6.7.1/kubernetes-model-policy-6.7.1.jar:/home/ybagge/.m2/repository/io/fabric8/kubernetes-model-scheduling/6.7.1/kubernetes-model-scheduling-6.7.1.jar:/home/ybagge/.m2/repository/io/fabric8/kubernetes-model-storageclass/6.7.1/kubernetes-model-storageclass-6.7.1.jar:/home/ybagge/.m2/repository/io/fabric8/kubernetes-model-node/6.7.1/kubernetes-model-node-6.7.1.jar:/home/ybagge/.m2/repository/org/snakeyaml/snakeyaml-engine/2.6/snakeyaml-engine-2.6.jar:/home/ybagge/.m2/repository/com/fasterxml/jackson/dataformat/jackson-dataformat-yaml/2.15.2/jackson-dataformat-yaml-2.15.2.jar:/home/ybagge/.m2/repository/io/fabric8/zjsonpatch/0.3.0/zjsonpatch-0.3.0.jar:/home/ybagge/.m2/repository/io/fabric8/kubernetes-httpclient-jdk/6.7.1/kubernetes-httpclient-jdk-6.7.1.jar:/home/ybagge/benchmarks/Apache-skywalking/oap-server/server-query-plugin/promql-plugin/target/classes:/home/ybagge/benchmarks/Apache-skywalking/oap-server/server-query-plugin/logql-plugin/target/classes:/home/ybagge/benchmarks/Apache-skywalking/oap-server/server-alarm-plugin/target/classes:/home/ybagge/benchmarks/Apache-skywalking/oap-server/server-telemetry/telemetry-prometheus/target/classes:/home/ybagge/.m2/repository/io/prometheus/simpleclient/0.6.0/simpleclient-0.6.0.jar:/home/ybagge/.m2/repository/io/prometheus/simpleclient_common/0.6.0/simpleclient_common-0.6.0.jar:/home/ybagge/.m2/repository/io/prometheus/simpleclient_hotspot/0.6.0/simpleclient_hotspot-0.6.0.jar:/home/ybagge/benchmarks/Apache-skywalking/oap-server/exporter/target/classes:/home/ybagge/benchmarks/Apache-skywalking/oap-server/server-configuration/grpc-configuration-sync/target/classes:/home/ybagge/benchmarks/Apache-skywalking/oap-server/server-testing/target/classes:/home/ybagge/benchmarks/Apache-skywalking/oap-server/server-configuration/configuration-apollo/target/classes:/home/ybagge/.m2/repository/com/ctrip/framework/apollo/apollo-client/1.8.0/apollo-client-1.8.0.jar:/home/ybagge/.m2/repository/com/ctrip/framework/apollo/apollo-core/1.8.0/apollo-core-1.8.0.jar:/home/ybagge/.m2/repository/com/google/inject/guice/4.1.0/guice-4.1.0.jar:/home/ybagge/.m2/repository/javax/inject/javax.inject/1/javax.inject-1.jar:/home/ybagge/.m2/repository/aopalliance/aopalliance/1.0/aopalliance-1.0.jar:/home/ybagge/benchmarks/Apache-skywalking/oap-server/server-configuration/configuration-zookeeper/target/classes:/home/ybagge/benchmarks/Apache-skywalking/oap-server/server-configuration/configuration-etcd/target/classes:/home/ybagge/benchmarks/Apache-skywalking/oap-server/server-configuration/configuration-consul/target/classes:/home/ybagge/benchmarks/Apache-skywalking/oap-server/server-configuration/configuration-k8s-configmap/target/classes:/home/ybagge/benchmarks/Apache-skywalking/oap-server/server-configuration/configuration-nacos/target/classes:/home/ybagge/benchmarks/Apache-skywalking/oap-server/server-storage-plugin/storage-elasticsearch-plugin/target/classes:/home/ybagge/.m2/repository/org/slf4j/slf4j-api/1.7.30/slf4j-api-1.7.30.jar:/home/ybagge/.m2/repository/org/slf4j/log4j-over-slf4j/1.7.30/log4j-over-slf4j-1.7.30.jar:/home/ybagge/.m2/repository/org/apache/logging/log4j/log4j-core/2.17.1/log4j-core-2.17.1.jar:/home/ybagge/.m2/repository/org/apache/logging/log4j/log4j-api/2.17.1/log4j-api-2.17.1.jar:/home/ybagge/.m2/repository/org/apache/logging/log4j/log4j-slf4j-impl/2.17.1/log4j-slf4j-impl-2.17.1.jar:/home/ybagge/.m2/repository/com/google/guava/guava/32.0.1-jre/guava-32.0.1-jre.jar:/home/ybagge/.m2/repository/com/google/guava/failureaccess/1.0.1/failureaccess-1.0.1.jar:/home/ybagge/.m2/repository/com/google/guava/listenablefuture/9999.0-empty-to-avoid-conflict-with-guava/listenablefuture-9999.0-empty-to-avoid-conflict-with-guava.jar:/home/ybagge/.m2/repository/com/google/code/findbugs/jsr305/3.0.2/jsr305-3.0.2.jar:/home/ybagge/.m2/repository/org/checkerframework/checker-qual/3.33.0/checker-qual-3.33.0.jar:/home/ybagge/.m2/repository/org/testcontainers/testcontainers/1.17.6/testcontainers-1.17.6.jar:/home/ybagge/.m2/repository/org/apache/commons/commons-compress/1.21/commons-compress-1.21.jar:/home/ybagge/.m2/repository/org/rnorth/duct-tape/duct-tape/1.0.8/duct-tape-1.0.8.jar:/home/ybagge/.m2/repository/org/jetbrains/annotations/17.0.0/annotations-17.0.0.jar:/home/ybagge/.m2/repository/com/github/docker-java/docker-java-api/3.2.13/docker-java-api-3.2.13.jar:/home/ybagge/.m2/repository/com/github/docker-java/docker-java-transport-zerodep/3.2.13/docker-java-transport-zerodep-3.2.13.jar:/home/ybagge/.m2/repository/com/github/docker-java/docker-java-transport/3.2.13/docker-java-transport-3.2.13.jar:/home/ybagge/.m2/repository/net/java/dev/jna/jna/5.8.0/jna-5.8.0.jar:/home/ybagge/.m2/repository/org/testcontainers/junit-jupiter/1.17.6/junit-jupiter-1.17.6.jar:/home/ybagge/.m2/repository/org/junit/jupiter/junit-jupiter-api/5.9.2/junit-jupiter-api-5.9.2.jar:/home/ybagge/.m2/repository/org/opentest4j/opentest4j/1.2.0/opentest4j-1.2.0.jar:/home/ybagge/.m2/repository/org/junit/platform/junit-platform-commons/1.9.2/junit-platform-commons-1.9.2.jar:/home/ybagge/.m2/repository/com/google/errorprone/error_prone_annotations/2.11.0/error_prone_annotations-2.11.0.jar:/home/ybagge/.m2/repository/org/junit/jupiter/junit-jupiter/5.9.2/junit-jupiter-5.9.2.jar:/home/ybagge/.m2/repository/org/junit/jupiter/junit-jupiter-engine/5.9.2/junit-jupiter-engine-5.9.2.jar:/home/ybagge/.m2/repository/org/junit/platform/junit-platform-engine/1.9.2/junit-platform-engine-1.9.2.jar:/home/ybagge/.m2/repository/org/junit/jupiter/junit-jupiter-params/5.9.2/junit-jupiter-params-5.9.2.jar:/home/ybagge/.m2/repository/org/apiguardian/apiguardian-api/1.1.2/apiguardian-api-1.1.2.jar:/home/ybagge/.m2/repository/org/mockito/mockito-core/4.11.0/mockito-core-4.11.0.jar:/home/ybagge/.m2/repository/net/bytebuddy/byte-buddy/1.14.9/byte-buddy-1.14.9.jar:/home/ybagge/.m2/repository/net/bytebuddy/byte-buddy-agent/1.14.9/byte-buddy-agent-1.14.9.jar:/home/ybagge/.m2/repository/org/objenesis/objenesis/3.3/objenesis-3.3.jar:/home/ybagge/.m2/repository/org/mockito/mockito-inline/4.11.0/mockito-inline-4.11.0.jar:/home/ybagge/.m2/repository/org/mockito/mockito-junit-jupiter/4.11.0/mockito-junit-jupiter-4.11.0.jar:/home/ybagge/.m2/repository/org/powermock/powermock-reflect/2.0.9/powermock-reflect-2.0.9.jar:/home/ybagge/.m2/repository/org/assertj/assertj-core/3.20.2/assertj-core-3.20.2.jar:/home/ybagge/.m2/repository/org/openjdk/jmh/jmh-core/1.21/jmh-core-1.21.jar:/home/ybagge/.m2/repository/net/sf/jopt-simple/jopt-simple/4.6/jopt-simple-4.6.jar:/home/ybagge/.m2/repository/org/apache/commons/commons-math3/3.2/commons-math3-3.2.jar:/home/ybagge/.m2/repository/org/projectlombok/lombok/1.18.30/lombok-1.18.30.jar:/home/ybagge/.m2/repository/javax/annotation/javax.annotation-api/1.3.2/javax.annotation-api-1.3.2.jar:"/>
    <property name="java.vm.vendor" value="Oracle Corporation"/>
    <property name="sun.arch.data.model" value="64"/>
    <property name="git.commit.id" value="9f6db1a05968b29c11028fe890ab4b019f80f6da"/>
    <property name="java.vendor.url" value="https://java.oracle.com/"/>
    <property name="user.timezone" value="Europe/London"/>
    <property name="os.name" value="Linux"/>
    <property name="java.vm.specification.version" value="17"/>
    <property name="SW_STORAGE" value="mysql"/>
    <property name="sun.java.launcher" value="SUN_STANDARD"/>
    <property name="user.country" value="GB"/>
    <property name="sun.boot.library.path" value="/home/ybagge/.sdkman/candidates/java/17.0.12-oracle/lib"/>
    <property name="sun.java.command" value="/home/ybagge/benchmarks/Apache-skywalking/oap-server/server-starter/target/surefire/surefirebooter-20250516094419437_215.jar /home/ybagge/benchmarks/Apache-skywalking/oap-server/server-starter/target/surefire 2025-05-16T09-36-28_623-jvmRun1 surefire-20250516094419437_213tmp surefire_42-20250516094419437_214tmp"/>
    <property name="jdk.debug" value="release"/>
    <property name="surefire.test.class.path" value="/home/ybagge/benchmarks/Apache-skywalking/oap-server/server-starter/target/test-classes:/home/ybagge/benchmarks/Apache-skywalking/oap-server/server-starter/target/classes:/home/ybagge/benchmarks/Apache-skywalking/oap-server/server-core/target/classes:/home/ybagge/.m2/repository/org/yaml/snakeyaml/2.0/snakeyaml-2.0.jar:/home/ybagge/benchmarks/Apache-skywalking/oap-server/server-library/library-module/target/classes:/home/ybagge/benchmarks/Apache-skywalking/oap-server/server-library/library-async-profiler-jfr-parser/target/classes:/home/ybagge/.m2/repository/tools/profiler/async-profiler-converter/3.0/async-profiler-converter-3.0.jar:/home/ybagge/benchmarks/Apache-skywalking/oap-server/server-telemetry/telemetry-api/target/classes:/home/ybagge/benchmarks/Apache-skywalking/oap-server/server-configuration/configuration-api/target/classes:/home/ybagge/benchmarks/Apache-skywalking/oap-server/server-library/library-util/target/classes:/home/ybagge/.m2/repository/joda-time/joda-time/2.10.5/joda-time-2.10.5.jar:/home/ybagge/.m2/repository/com/google/protobuf/protobuf-java/3.25.5/protobuf-java-3.25.5.jar:/home/ybagge/.m2/repository/com/google/protobuf/protobuf-java-util/3.25.5/protobuf-java-util-3.25.5.jar:/home/ybagge/.m2/repository/com/google/j2objc/j2objc-annotations/2.8/j2objc-annotations-2.8.jar:/home/ybagge/.m2/repository/org/apache/commons/commons-text/1.4/commons-text-1.4.jar:/home/ybagge/benchmarks/Apache-skywalking/oap-server/server-library/library-client/target/classes:/home/ybagge/benchmarks/Apache-skywalking/oap-server/server-library/library-elasticsearch-client/target/classes:/home/ybagge/.m2/repository/io/netty/netty-handler/4.1.118.Final/netty-handler-4.1.118.Final.jar:/home/ybagge/.m2/repository/io/netty/netty-resolver/4.1.118.Final/netty-resolver-4.1.118.Final.jar:/home/ybagge/.m2/repository/com/zaxxer/HikariCP/3.1.0/HikariCP-3.1.0.jar:/home/ybagge/.m2/repository/org/slf4j/jcl-over-slf4j/1.7.30/jcl-over-slf4j-1.7.30.jar:/home/ybagge/benchmarks/Apache-skywalking/oap-server/server-library/library-server/target/classes:/home/ybagge/.m2/repository/io/netty/netty-codec/4.1.118.Final/netty-codec-4.1.118.Final.jar:/home/ybagge/.m2/repository/io/netty/netty-codec-http/4.1.118.Final/netty-codec-http-4.1.118.Final.jar:/home/ybagge/.m2/repository/com/linecorp/armeria/armeria/1.32.0/armeria-1.32.0.jar:/home/ybagge/.m2/repository/com/fasterxml/jackson/datatype/jackson-datatype-jsr310/2.18.2/jackson-datatype-jsr310-2.18.2.jar:/home/ybagge/.m2/repository/io/netty/netty-codec-haproxy/4.1.118.Final/netty-codec-haproxy-4.1.118.Final.jar:/home/ybagge/.m2/repository/io/netty/netty-resolver-dns/4.1.118.Final/netty-resolver-dns-4.1.118.Final.jar:/home/ybagge/.m2/repository/io/netty/netty-codec-dns/4.1.118.Final/netty-codec-dns-4.1.118.Final.jar:/home/ybagge/.m2/repository/io/netty/netty-transport-native-unix-common/4.1.118.Final/netty-transport-native-unix-common-4.1.118.Final-linux-x86_64.jar:/home/ybagge/.m2/repository/io/netty/netty-transport-native-unix-common/4.1.118.Final/netty-transport-native-unix-common-4.1.118.Final-linux-aarch_64.jar:/home/ybagge/.m2/repository/io/netty/netty-transport-native-unix-common/4.1.118.Final/netty-transport-native-unix-common-4.1.118.Final-osx-x86_64.jar:/home/ybagge/.m2/repository/io/netty/netty-transport-native-unix-common/4.1.118.Final/netty-transport-native-unix-common-4.1.118.Final-osx-aarch_64.jar:/home/ybagge/.m2/repository/io/netty/netty-transport-native-epoll/4.1.118.Final/netty-transport-native-epoll-4.1.118.Final-linux-x86_64.jar:/home/ybagge/.m2/repository/io/netty/netty-transport-classes-epoll/4.1.118.Final/netty-transport-classes-epoll-4.1.118.Final.jar:/home/ybagge/.m2/repository/io/netty/netty-transport-native-epoll/4.1.118.Final/netty-transport-native-epoll-4.1.118.Final-linux-aarch_64.jar:/home/ybagge/.m2/repository/io/netty/netty-transport-native-kqueue/4.1.118.Final/netty-transport-native-kqueue-4.1.118.Final-osx-x86_64.jar:/home/ybagge/.m2/repository/io/netty/netty-transport-classes-kqueue/4.1.118.Final/netty-transport-classes-kqueue-4.1.118.Final.jar:/home/ybagge/.m2/repository/io/netty/netty-resolver-dns-native-macos/4.1.118.Final/netty-resolver-dns-native-macos-4.1.118.Final-osx-x86_64.jar:/home/ybagge/.m2/repository/io/netty/netty-resolver-dns-classes-macos/4.1.118.Final/netty-resolver-dns-classes-macos-4.1.118.Final.jar:/home/ybagge/.m2/repository/io/netty/netty-transport-native-kqueue/4.1.118.Final/netty-transport-native-kqueue-4.1.118.Final-osx-aarch_64.jar:/home/ybagge/.m2/repository/io/netty/netty-resolver-dns-native-macos/4.1.118.Final/netty-resolver-dns-native-macos-4.1.118.Final-osx-aarch_64.jar:/home/ybagge/.m2/repository/io/netty/netty-tcnative-boringssl-static/2.0.70.Final/netty-tcnative-boringssl-static-2.0.70.Final-linux-x86_64.jar:/home/ybagge/.m2/repository/io/netty/netty-tcnative-boringssl-static/2.0.70.Final/netty-tcnative-boringssl-static-2.0.70.Final-linux-aarch_64.jar:/home/ybagge/.m2/repository/io/netty/netty-tcnative-boringssl-static/2.0.70.Final/netty-tcnative-boringssl-static-2.0.70.Final-osx-x86_64.jar:/home/ybagge/.m2/repository/io/netty/netty-tcnative-boringssl-static/2.0.70.Final/netty-tcnative-boringssl-static-2.0.70.Final-osx-aarch_64.jar:/home/ybagge/.m2/repository/io/netty/netty-tcnative-boringssl-static/2.0.70.Final/netty-tcnative-boringssl-static-2.0.70.Final-windows-x86_64.jar:/home/ybagge/.m2/repository/com/aayushatharva/brotli4j/brotli4j/1.18.0/brotli4j-1.18.0.jar:/home/ybagge/.m2/repository/com/aayushatharva/brotli4j/service/1.18.0/service-1.18.0.jar:/home/ybagge/.m2/repository/com/linecorp/armeria/armeria-protobuf/1.32.0/armeria-protobuf-1.32.0.jar:/home/ybagge/benchmarks/Apache-skywalking/oap-server/server-library/library-datacarrier-queue/target/classes:/home/ybagge/benchmarks/Apache-skywalking/apm-protocol/apm-network/target/classes:/home/ybagge/.m2/repository/io/netty/netty-tcnative-boringssl-static/2.0.69.Final/netty-tcnative-boringssl-static-2.0.69.Final.jar:/home/ybagge/.m2/repository/io/netty/netty-tcnative-classes/2.0.70.Final/netty-tcnative-classes-2.0.70.Final.jar:/home/ybagge/.m2/repository/org/javassist/javassist/3.25.0-GA/javassist-3.25.0-GA.jar:/home/ybagge/.m2/repository/io/vavr/vavr/0.10.3/vavr-0.10.3.jar:/home/ybagge/.m2/repository/io/vavr/vavr-match/0.10.3/vavr-match-0.10.3.jar:/home/ybagge/.m2/repository/io/zipkin/zipkin2/zipkin/2.24.1/zipkin-2.24.1.jar:/home/ybagge/.m2/repository/org/apache/groovy/groovy/4.0.15/groovy-4.0.15.jar:/home/ybagge/benchmarks/Apache-skywalking/oap-server/oal-rt/target/classes:/home/ybagge/benchmarks/Apache-skywalking/oap-server/oal-grammar/target/classes:/home/ybagge/.m2/repository/org/antlr/antlr4-runtime/4.11.1/antlr4-runtime-4.11.1.jar:/home/ybagge/.m2/repository/org/freemarker/freemarker/2.3.31/freemarker-2.3.31.jar:/home/ybagge/.m2/repository/commons-io/commons-io/2.17.0/commons-io-2.17.0.jar:/home/ybagge/benchmarks/Apache-skywalking/oap-server/server-cluster-plugin/cluster-standalone-plugin/target/classes:/home/ybagge/benchmarks/Apache-skywalking/oap-server/server-cluster-plugin/cluster-zookeeper-plugin/target/classes:/home/ybagge/.m2/repository/com/google/code/gson/gson/2.9.0/gson-2.9.0.jar:/home/ybagge/.m2/repository/org/apache/curator/curator-x-discovery/4.3.0/curator-x-discovery-4.3.0.jar:/home/ybagge/.m2/repository/org/apache/curator/curator-recipes/4.3.0/curator-recipes-4.3.0.jar:/home/ybagge/.m2/repository/org/apache/curator/curator-framework/4.3.0/curator-framework-4.3.0.jar:/home/ybagge/.m2/repository/org/apache/curator/curator-client/4.3.0/curator-client-4.3.0.jar:/home/ybagge/.m2/repository/org/apache/zookeeper/zookeeper/3.5.7/zookeeper-3.5.7.jar:/home/ybagge/.m2/repository/org/apache/zookeeper/zookeeper-jute/3.5.7/zookeeper-jute-3.5.7.jar:/home/ybagge/.m2/repository/org/apache/yetus/audience-annotations/0.5.0/audience-annotations-0.5.0.jar:/home/ybagge/.m2/repository/io/netty/netty-transport-native-epoll/4.1.118.Final/netty-transport-native-epoll-4.1.118.Final.jar:/home/ybagge/.m2/repository/com/fasterxml/jackson/core/jackson-databind/2.16.0/jackson-databind-2.16.0.jar:/home/ybagge/benchmarks/Apache-skywalking/oap-server/server-cluster-plugin/cluster-kubernetes-plugin/target/classes:/home/ybagge/benchmarks/Apache-skywalking/oap-server/server-library/library-kubernetes-support/target/classes:/home/ybagge/.m2/repository/io/fabric8/istio-client/6.7.1/istio-client-6.7.1.jar:/home/ybagge/.m2/repository/io/fabric8/istio-model-v1alpha3/6.7.1/istio-model-v1alpha3-6.7.1.jar:/home/ybagge/.m2/repository/io/fabric8/istio-model-v1beta1/6.7.1/istio-model-v1beta1-6.7.1.jar:/home/ybagge/benchmarks/Apache-skywalking/oap-server/server-cluster-plugin/cluster-consul-plugin/target/classes:/home/ybagge/.m2/repository/com/orbitz/consul/consul-client/1.5.3/consul-client-1.5.3.jar:/home/ybagge/.m2/repository/com/squareup/retrofit2/retrofit/2.9.0/retrofit-2.9.0.jar:/home/ybagge/.m2/repository/com/squareup/retrofit2/converter-jackson/2.9.0/converter-jackson-2.9.0.jar:/home/ybagge/.m2/repository/com/squareup/okhttp3/okhttp/3.14.9/okhttp-3.14.9.jar:/home/ybagge/.m2/repository/com/squareup/okio/okio/1.17.2/okio-1.17.2.jar:/home/ybagge/.m2/repository/com/fasterxml/jackson/core/jackson-annotations/2.16.0/jackson-annotations-2.16.0.jar:/home/ybagge/.m2/repository/com/fasterxml/jackson/core/jackson-core/2.16.0/jackson-core-2.16.0.jar:/home/ybagge/.m2/repository/com/fasterxml/jackson/datatype/jackson-datatype-jdk8/2.12.0/jackson-datatype-jdk8-2.12.0.jar:/home/ybagge/.m2/repository/com/fasterxml/jackson/datatype/jackson-datatype-guava/2.12.0/jackson-datatype-guava-2.12.0.jar:/home/ybagge/.m2/repository/org/apache/commons/commons-lang3/3.12.0/commons-lang3-3.12.0.jar:/home/ybagge/benchmarks/Apache-skywalking/oap-server/server-cluster-plugin/cluster-etcd-plugin/target/classes:/home/ybagge/.m2/repository/io/etcd/jetcd-core/0.6.1/jetcd-core-0.6.1.jar:/home/ybagge/.m2/repository/io/etcd/jetcd-grpc/0.6.1/jetcd-grpc-0.6.1.jar:/home/ybagge/.m2/repository/io/etcd/jetcd-api/0.6.1/jetcd-api-0.6.1.jar:/home/ybagge/.m2/repository/io/etcd/jetcd-common/0.6.1/jetcd-common-0.6.1.jar:/home/ybagge/.m2/repository/net/jodah/failsafe/2.4.4/failsafe-2.4.4.jar:/home/ybagge/.m2/repository/com/google/auto/service/auto-service-annotations/1.0.1/auto-service-annotations-1.0.1.jar:/home/ybagge/.m2/repository/io/grpc/grpc-core/1.68.1/grpc-core-1.68.1.jar:/home/ybagge/.m2/repository/io/grpc/grpc-api/1.68.1/grpc-api-1.68.1.jar:/home/ybagge/.m2/repository/org/codehaus/mojo/animal-sniffer-annotations/1.24/animal-sniffer-annotations-1.24.jar:/home/ybagge/.m2/repository/io/perfmark/perfmark-api/0.27.0/perfmark-api-0.27.0.jar:/home/ybagge/.m2/repository/io/grpc/grpc-context/1.68.1/grpc-context-1.68.1.jar:/home/ybagge/.m2/repository/io/grpc/grpc-netty/1.68.1/grpc-netty-1.68.1.jar:/home/ybagge/.m2/repository/io/netty/netty-transport-native-unix-common/4.1.118.Final/netty-transport-native-unix-common-4.1.118.Final.jar:/home/ybagge/.m2/repository/io/grpc/grpc-util/1.68.1/grpc-util-1.68.1.jar:/home/ybagge/.m2/repository/io/netty/netty-codec-http2/4.1.118.Final/netty-codec-http2-4.1.118.Final.jar:/home/ybagge/.m2/repository/io/netty/netty-common/4.1.118.Final/netty-common-4.1.118.Final.jar:/home/ybagge/.m2/repository/io/netty/netty-buffer/4.1.118.Final/netty-buffer-4.1.118.Final.jar:/home/ybagge/.m2/repository/io/netty/netty-transport/4.1.118.Final/netty-transport-4.1.118.Final.jar:/home/ybagge/.m2/repository/io/netty/netty-handler-proxy/4.1.118.Final/netty-handler-proxy-4.1.118.Final.jar:/home/ybagge/.m2/repository/io/netty/netty-codec-socks/4.1.118.Final/netty-codec-socks-4.1.118.Final.jar:/home/ybagge/.m2/repository/io/grpc/grpc-protobuf/1.68.1/grpc-protobuf-1.68.1.jar:/home/ybagge/.m2/repository/com/google/api/grpc/proto-google-common-protos/2.41.0/proto-google-common-protos-2.41.0.jar:/home/ybagge/.m2/repository/io/grpc/grpc-protobuf-lite/1.68.1/grpc-protobuf-lite-1.68.1.jar:/home/ybagge/.m2/repository/io/grpc/grpc-stub/1.68.1/grpc-stub-1.68.1.jar:/home/ybagge/.m2/repository/io/grpc/grpc-grpclb/1.68.1/grpc-grpclb-1.68.1.jar:/home/ybagge/benchmarks/Apache-skywalking/oap-server/server-cluster-plugin/cluster-nacos-plugin/target/classes:/home/ybagge/.m2/repository/com/alibaba/nacos/nacos-client/2.3.2/nacos-client-2.3.2.jar:/home/ybagge/.m2/repository/com/alibaba/nacos/nacos-auth-plugin/2.3.2/nacos-auth-plugin-2.3.2.jar:/home/ybagge/.m2/repository/com/alibaba/nacos/nacos-encryption-plugin/2.3.2/nacos-encryption-plugin-2.3.2.jar:/home/ybagge/.m2/repository/commons-codec/commons-codec/1.11/commons-codec-1.11.jar:/home/ybagge/.m2/repository/org/apache/httpcomponents/httpasyncclient/4.1.5/httpasyncclient-4.1.5.jar:/home/ybagge/.m2/repository/org/apache/httpcomponents/httpclient/4.5.13/httpclient-4.5.13.jar:/home/ybagge/.m2/repository/org/apache/httpcomponents/httpcore/4.4.16/httpcore-4.4.16.jar:/home/ybagge/.m2/repository/io/micrometer/micrometer-core/1.14.4/micrometer-core-1.14.4.jar:/home/ybagge/.m2/repository/io/micrometer/micrometer-commons/1.14.4/micrometer-commons-1.14.4.jar:/home/ybagge/.m2/repository/io/micrometer/micrometer-observation/1.14.4/micrometer-observation-1.14.4.jar:/home/ybagge/.m2/repository/org/hdrhistogram/HdrHistogram/2.2.2/HdrHistogram-2.2.2.jar:/home/ybagge/.m2/repository/org/latencyutils/LatencyUtils/2.0.3/LatencyUtils-2.0.3.jar:/home/ybagge/.m2/repository/org/apache/httpcomponents/httpcore-nio/4.4.16/httpcore-nio-4.4.16.jar:/home/ybagge/benchmarks/Apache-skywalking/oap-server/server-receiver-plugin/skywalking-mesh-receiver-plugin/target/classes:/home/ybagge/benchmarks/Apache-skywalking/oap-server/server-receiver-plugin/skywalking-sharing-server-plugin/target/classes:/home/ybagge/benchmarks/Apache-skywalking/oap-server/server-receiver-plugin/skywalking-management-receiver-plugin/target/classes:/home/ybagge/benchmarks/Apache-skywalking/oap-server/server-receiver-plugin/skywalking-jvm-receiver-plugin/target/classes:/home/ybagge/benchmarks/Apache-skywalking/oap-server/analyzer/agent-analyzer/target/classes:/home/ybagge/benchmarks/Apache-skywalking/oap-server/server-receiver-plugin/skywalking-trace-receiver-plugin/target/classes:/home/ybagge/benchmarks/Apache-skywalking/oap-server/server-receiver-plugin/zipkin-receiver-plugin/target/classes:/home/ybagge/.m2/repository/org/apache/kafka/kafka-clients/3.4.0/kafka-clients-3.4.0.jar:/home/ybagge/.m2/repository/com/github/luben/zstd-jni/1.5.2-1/zstd-jni-1.5.2-1.jar:/home/ybagge/.m2/repository/org/lz4/lz4-java/1.8.0/lz4-java-1.8.0.jar:/home/ybagge/.m2/repository/org/xerial/snappy/snappy-java/1.1.8.4/snappy-java-1.1.8.4.jar:/home/ybagge/benchmarks/Apache-skywalking/oap-server/server-query-plugin/zipkin-query-plugin/target/classes:/home/ybagge/benchmarks/Apache-skywalking/oap-server/server-query-plugin/status-query-plugin/target/classes:/home/ybagge/benchmarks/Apache-skywalking/oap-server/server-receiver-plugin/envoy-metrics-receiver-plugin/target/classes:/home/ybagge/benchmarks/Apache-skywalking/oap-server/server-receiver-plugin/receiver-proto/target/classes:/home/ybagge/benchmarks/Apache-skywalking/oap-server/analyzer/meter-analyzer/target/classes:/home/ybagge/benchmarks/Apache-skywalking/oap-server/analyzer/log-analyzer/target/classes:/home/ybagge/.m2/repository/commons-beanutils/commons-beanutils/1.9.4/commons-beanutils-1.9.4.jar:/home/ybagge/.m2/repository/com/google/flatbuffers/flatbuffers-java/1.12.0/flatbuffers-java-1.12.0.jar:/home/ybagge/.m2/repository/commons-net/commons-net/3.9.0/commons-net-3.9.0.jar:/home/ybagge/benchmarks/Apache-skywalking/oap-server/server-receiver-plugin/skywalking-clr-receiver-plugin/target/classes:/home/ybagge/benchmarks/Apache-skywalking/oap-server/server-receiver-plugin/skywalking-profile-receiver-plugin/target/classes:/home/ybagge/benchmarks/Apache-skywalking/oap-server/server-receiver-plugin/otel-receiver-plugin/target/classes:/home/ybagge/benchmarks/Apache-skywalking/oap-server/server-receiver-plugin/skywalking-meter-receiver-plugin/target/classes:/home/ybagge/benchmarks/Apache-skywalking/oap-server/server-receiver-plugin/skywalking-browser-receiver-plugin/target/classes:/home/ybagge/benchmarks/Apache-skywalking/oap-server/server-receiver-plugin/skywalking-log-receiver-plugin/target/classes:/home/ybagge/benchmarks/Apache-skywalking/oap-server/server-receiver-plugin/configuration-discovery-receiver-plugin/target/classes:/home/ybagge/benchmarks/Apache-skywalking/oap-server/server-receiver-plugin/skywalking-event-receiver-plugin/target/classes:/home/ybagge/benchmarks/Apache-skywalking/oap-server/analyzer/event-analyzer/target/classes:/home/ybagge/benchmarks/Apache-skywalking/oap-server/server-receiver-plugin/skywalking-zabbix-receiver-plugin/target/classes:/home/ybagge/benchmarks/Apache-skywalking/oap-server/server-receiver-plugin/skywalking-ebpf-receiver-plugin/target/classes:/home/ybagge/benchmarks/Apache-skywalking/oap-server/server-receiver-plugin/skywalking-async-profiler-receiver-plugin/target/classes:/home/ybagge/benchmarks/Apache-skywalking/oap-server/server-receiver-plugin/skywalking-telegraf-receiver-plugin/target/classes:/home/ybagge/benchmarks/Apache-skywalking/oap-server/server-receiver-plugin/aws-firehose-receiver/target/classes:/home/ybagge/benchmarks/Apache-skywalking/oap-server/server-fetcher-plugin/kafka-fetcher-plugin/target/classes:/home/ybagge/benchmarks/Apache-skywalking/oap-server/server-fetcher-plugin/cilium-fetcher-plugin/target/classes:/home/ybagge/benchmarks/Apache-skywalking/oap-server/server-fetcher-plugin/fetcher-proto/target/classes:/home/ybagge/.m2/repository/com/linecorp/armeria/armeria-grpc/1.32.0/armeria-grpc-1.32.0.jar:/home/ybagge/.m2/repository/io/grpc/grpc-services/1.70.0/grpc-services-1.70.0.jar:/home/ybagge/.m2/repository/org/curioswitch/curiostack/protobuf-jackson/2.7.0/protobuf-jackson-2.7.0.jar:/home/ybagge/.m2/repository/com/linecorp/armeria/armeria-grpc-protocol/1.32.0/armeria-grpc-protocol-1.32.0.jar:/home/ybagge/benchmarks/Apache-skywalking/oap-server/server-storage-plugin/storage-jdbc-hikaricp-plugin/target/classes:/home/ybagge/.m2/repository/org/postgresql/postgresql/42.4.4/postgresql-42.4.4.jar:/home/ybagge/benchmarks/Apache-skywalking/oap-server/server-storage-plugin/storage-banyandb-plugin/target/classes:/home/ybagge/.m2/repository/org/apache/skywalking/banyandb-java-client/0.9.0-rc0/banyandb-java-client-0.9.0-rc0.jar:/home/ybagge/.m2/repository/build/buf/protoc-gen-validate/pgv-java-stub/0.6.13/pgv-java-stub-0.6.13.jar:/home/ybagge/.m2/repository/com/google/re2j/re2j/1.5/re2j-1.5.jar:/home/ybagge/.m2/repository/commons-validator/commons-validator/1.7/commons-validator-1.7.jar:/home/ybagge/benchmarks/Apache-skywalking/oap-server/server-query-plugin/query-graphql-plugin/target/classes:/home/ybagge/benchmarks/Apache-skywalking/oap-server/server-health-checker/target/classes:/home/ybagge/benchmarks/Apache-skywalking/oap-server/mqe-rt/target/classes:/home/ybagge/benchmarks/Apache-skywalking/oap-server/mqe-grammar/target/classes:/home/ybagge/benchmarks/Apache-skywalking/oap-server/ai-pipeline/target/classes:/home/ybagge/.m2/repository/com/graphql-java/graphql-java/21.5/graphql-java-21.5.jar:/home/ybagge/.m2/repository/com/graphql-java/java-dataloader/3.2.1/java-dataloader-3.2.1.jar:/home/ybagge/.m2/repository/org/reactivestreams/reactive-streams/1.0.3/reactive-streams-1.0.3.jar:/home/ybagge/.m2/repository/com/graphql-java-kickstart/graphql-java-tools/13.0.1/graphql-java-tools-13.0.1.jar:/home/ybagge/.m2/repository/org/jetbrains/kotlin/kotlin-stdlib/1.7.10/kotlin-stdlib-1.7.10.jar:/home/ybagge/.m2/repository/org/jetbrains/kotlin/kotlin-stdlib-common/1.7.10/kotlin-stdlib-common-1.7.10.jar:/home/ybagge/.m2/repository/org/jetbrains/kotlin/kotlin-reflect/1.7.10/kotlin-reflect-1.7.10.jar:/home/ybagge/.m2/repository/org/jetbrains/kotlinx/kotlinx-coroutines-jdk8/1.6.4/kotlinx-coroutines-jdk8-1.6.4.jar:/home/ybagge/.m2/repository/org/jetbrains/kotlinx/kotlinx-coroutines-core-jvm/1.6.4/kotlinx-coroutines-core-jvm-1.6.4.jar:/home/ybagge/.m2/repository/org/jetbrains/kotlin/kotlin-stdlib-jdk8/1.6.21/kotlin-stdlib-jdk8-1.6.21.jar:/home/ybagge/.m2/repository/org/jetbrains/kotlin/kotlin-stdlib-jdk7/1.6.21/kotlin-stdlib-jdk7-1.6.21.jar:/home/ybagge/.m2/repository/org/jetbrains/kotlinx/kotlinx-coroutines-core/1.6.4/kotlinx-coroutines-core-1.6.4.jar:/home/ybagge/.m2/repository/org/jetbrains/kotlinx/kotlinx-coroutines-reactive/1.6.4/kotlinx-coroutines-reactive-1.6.4.jar:/home/ybagge/.m2/repository/com/fasterxml/classmate/1.5.1/classmate-1.5.1.jar:/home/ybagge/.m2/repository/com/fasterxml/jackson/module/jackson-module-kotlin/2.13.4/jackson-module-kotlin-2.13.4.jar:/home/ybagge/.m2/repository/com/graphql-java/graphql-java-extended-scalars/18.1/graphql-java-extended-scalars-18.1.jar:/home/ybagge/.m2/repository/com/linecorp/armeria/armeria-graphql/1.32.0/armeria-graphql-1.32.0.jar:/home/ybagge/.m2/repository/com/linecorp/armeria/armeria-graphql-protocol/1.32.0/armeria-graphql-protocol-1.32.0.jar:/home/ybagge/.m2/repository/io/fabric8/kubernetes-client/6.7.1/kubernetes-client-6.7.1.jar:/home/ybagge/.m2/repository/io/fabric8/kubernetes-client-api/6.7.1/kubernetes-client-api-6.7.1.jar:/home/ybagge/.m2/repository/io/fabric8/kubernetes-model-core/6.7.1/kubernetes-model-core-6.7.1.jar:/home/ybagge/.m2/repository/io/fabric8/kubernetes-model-common/6.7.1/kubernetes-model-common-6.7.1.jar:/home/ybagge/.m2/repository/io/fabric8/kubernetes-model-gatewayapi/6.7.1/kubernetes-model-gatewayapi-6.7.1.jar:/home/ybagge/.m2/repository/io/fabric8/kubernetes-model-resource/6.7.1/kubernetes-model-resource-6.7.1.jar:/home/ybagge/.m2/repository/io/fabric8/kubernetes-model-rbac/6.7.1/kubernetes-model-rbac-6.7.1.jar:/home/ybagge/.m2/repository/io/fabric8/kubernetes-model-admissionregistration/6.7.1/kubernetes-model-admissionregistration-6.7.1.jar:/home/ybagge/.m2/repository/io/fabric8/kubernetes-model-apps/6.7.1/kubernetes-model-apps-6.7.1.jar:/home/ybagge/.m2/repository/io/fabric8/kubernetes-model-autoscaling/6.7.1/kubernetes-model-autoscaling-6.7.1.jar:/home/ybagge/.m2/repository/io/fabric8/kubernetes-model-apiextensions/6.7.1/kubernetes-model-apiextensions-6.7.1.jar:/home/ybagge/.m2/repository/io/fabric8/kubernetes-model-batch/6.7.1/kubernetes-model-batch-6.7.1.jar:/home/ybagge/.m2/repository/io/fabric8/kubernetes-model-certificates/6.7.1/kubernetes-model-certificates-6.7.1.jar:/home/ybagge/.m2/repository/io/fabric8/kubernetes-model-coordination/6.7.1/kubernetes-model-coordination-6.7.1.jar:/home/ybagge/.m2/repository/io/fabric8/kubernetes-model-discovery/6.7.1/kubernetes-model-discovery-6.7.1.jar:/home/ybagge/.m2/repository/io/fabric8/kubernetes-model-events/6.7.1/kubernetes-model-events-6.7.1.jar:/home/ybagge/.m2/repository/io/fabric8/kubernetes-model-extensions/6.7.1/kubernetes-model-extensions-6.7.1.jar:/home/ybagge/.m2/repository/io/fabric8/kubernetes-model-flowcontrol/6.7.1/kubernetes-model-flowcontrol-6.7.1.jar:/home/ybagge/.m2/repository/io/fabric8/kubernetes-model-networking/6.7.1/kubernetes-model-networking-6.7.1.jar:/home/ybagge/.m2/repository/io/fabric8/kubernetes-model-metrics/6.7.1/kubernetes-model-metrics-6.7.1.jar:/home/ybagge/.m2/repository/io/fabric8/kubernetes-model-policy/6.7.1/kubernetes-model-policy-6.7.1.jar:/home/ybagge/.m2/repository/io/fabric8/kubernetes-model-scheduling/6.7.1/kubernetes-model-scheduling-6.7.1.jar:/home/ybagge/.m2/repository/io/fabric8/kubernetes-model-storageclass/6.7.1/kubernetes-model-storageclass-6.7.1.jar:/home/ybagge/.m2/repository/io/fabric8/kubernetes-model-node/6.7.1/kubernetes-model-node-6.7.1.jar:/home/ybagge/.m2/repository/org/snakeyaml/snakeyaml-engine/2.6/snakeyaml-engine-2.6.jar:/home/ybagge/.m2/repository/com/fasterxml/jackson/dataformat/jackson-dataformat-yaml/2.15.2/jackson-dataformat-yaml-2.15.2.jar:/home/ybagge/.m2/repository/io/fabric8/zjsonpatch/0.3.0/zjsonpatch-0.3.0.jar:/home/ybagge/.m2/repository/io/fabric8/kubernetes-httpclient-jdk/6.7.1/kubernetes-httpclient-jdk-6.7.1.jar:/home/ybagge/benchmarks/Apache-skywalking/oap-server/server-query-plugin/promql-plugin/target/classes:/home/ybagge/benchmarks/Apache-skywalking/oap-server/server-query-plugin/logql-plugin/target/classes:/home/ybagge/benchmarks/Apache-skywalking/oap-server/server-alarm-plugin/target/classes:/home/ybagge/benchmarks/Apache-skywalking/oap-server/server-telemetry/telemetry-prometheus/target/classes:/home/ybagge/.m2/repository/io/prometheus/simpleclient/0.6.0/simpleclient-0.6.0.jar:/home/ybagge/.m2/repository/io/prometheus/simpleclient_common/0.6.0/simpleclient_common-0.6.0.jar:/home/ybagge/.m2/repository/io/prometheus/simpleclient_hotspot/0.6.0/simpleclient_hotspot-0.6.0.jar:/home/ybagge/benchmarks/Apache-skywalking/oap-server/exporter/target/classes:/home/ybagge/benchmarks/Apache-skywalking/oap-server/server-configuration/grpc-configuration-sync/target/classes:/home/ybagge/benchmarks/Apache-skywalking/oap-server/server-testing/target/classes:/home/ybagge/benchmarks/Apache-skywalking/oap-server/server-configuration/configuration-apollo/target/classes:/home/ybagge/.m2/repository/com/ctrip/framework/apollo/apollo-client/1.8.0/apollo-client-1.8.0.jar:/home/ybagge/.m2/repository/com/ctrip/framework/apollo/apollo-core/1.8.0/apollo-core-1.8.0.jar:/home/ybagge/.m2/repository/com/google/inject/guice/4.1.0/guice-4.1.0.jar:/home/ybagge/.m2/repository/javax/inject/javax.inject/1/javax.inject-1.jar:/home/ybagge/.m2/repository/aopalliance/aopalliance/1.0/aopalliance-1.0.jar:/home/ybagge/benchmarks/Apache-skywalking/oap-server/server-configuration/configuration-zookeeper/target/classes:/home/ybagge/benchmarks/Apache-skywalking/oap-server/server-configuration/configuration-etcd/target/classes:/home/ybagge/benchmarks/Apache-skywalking/oap-server/server-configuration/configuration-consul/target/classes:/home/ybagge/benchmarks/Apache-skywalking/oap-server/server-configuration/configuration-k8s-configmap/target/classes:/home/ybagge/benchmarks/Apache-skywalking/oap-server/server-configuration/configuration-nacos/target/classes:/home/ybagge/benchmarks/Apache-skywalking/oap-server/server-storage-plugin/storage-elasticsearch-plugin/target/classes:/home/ybagge/.m2/repository/org/slf4j/slf4j-api/1.7.30/slf4j-api-1.7.30.jar:/home/ybagge/.m2/repository/org/slf4j/log4j-over-slf4j/1.7.30/log4j-over-slf4j-1.7.30.jar:/home/ybagge/.m2/repository/org/apache/logging/log4j/log4j-core/2.17.1/log4j-core-2.17.1.jar:/home/ybagge/.m2/repository/org/apache/logging/log4j/log4j-api/2.17.1/log4j-api-2.17.1.jar:/home/ybagge/.m2/repository/org/apache/logging/log4j/log4j-slf4j-impl/2.17.1/log4j-slf4j-impl-2.17.1.jar:/home/ybagge/.m2/repository/com/google/guava/guava/32.0.1-jre/guava-32.0.1-jre.jar:/home/ybagge/.m2/repository/com/google/guava/failureaccess/1.0.1/failureaccess-1.0.1.jar:/home/ybagge/.m2/repository/com/google/guava/listenablefuture/9999.0-empty-to-avoid-conflict-with-guava/listenablefuture-9999.0-empty-to-avoid-conflict-with-guava.jar:/home/ybagge/.m2/repository/com/google/code/findbugs/jsr305/3.0.2/jsr305-3.0.2.jar:/home/ybagge/.m2/repository/org/checkerframework/checker-qual/3.33.0/checker-qual-3.33.0.jar:/home/ybagge/.m2/repository/org/testcontainers/testcontainers/1.17.6/testcontainers-1.17.6.jar:/home/ybagge/.m2/repository/org/apache/commons/commons-compress/1.21/commons-compress-1.21.jar:/home/ybagge/.m2/repository/org/rnorth/duct-tape/duct-tape/1.0.8/duct-tape-1.0.8.jar:/home/ybagge/.m2/repository/org/jetbrains/annotations/17.0.0/annotations-17.0.0.jar:/home/ybagge/.m2/repository/com/github/docker-java/docker-java-api/3.2.13/docker-java-api-3.2.13.jar:/home/ybagge/.m2/repository/com/github/docker-java/docker-java-transport-zerodep/3.2.13/docker-java-transport-zerodep-3.2.13.jar:/home/ybagge/.m2/repository/com/github/docker-java/docker-java-transport/3.2.13/docker-java-transport-3.2.13.jar:/home/ybagge/.m2/repository/net/java/dev/jna/jna/5.8.0/jna-5.8.0.jar:/home/ybagge/.m2/repository/org/testcontainers/junit-jupiter/1.17.6/junit-jupiter-1.17.6.jar:/home/ybagge/.m2/repository/org/junit/jupiter/junit-jupiter-api/5.9.2/junit-jupiter-api-5.9.2.jar:/home/ybagge/.m2/repository/org/opentest4j/opentest4j/1.2.0/opentest4j-1.2.0.jar:/home/ybagge/.m2/repository/org/junit/platform/junit-platform-commons/1.9.2/junit-platform-commons-1.9.2.jar:/home/ybagge/.m2/repository/com/google/errorprone/error_prone_annotations/2.11.0/error_prone_annotations-2.11.0.jar:/home/ybagge/.m2/repository/org/junit/jupiter/junit-jupiter/5.9.2/junit-jupiter-5.9.2.jar:/home/ybagge/.m2/repository/org/junit/jupiter/junit-jupiter-engine/5.9.2/junit-jupiter-engine-5.9.2.jar:/home/ybagge/.m2/repository/org/junit/platform/junit-platform-engine/1.9.2/junit-platform-engine-1.9.2.jar:/home/ybagge/.m2/repository/org/junit/jupiter/junit-jupiter-params/5.9.2/junit-jupiter-params-5.9.2.jar:/home/ybagge/.m2/repository/org/apiguardian/apiguardian-api/1.1.2/apiguardian-api-1.1.2.jar:/home/ybagge/.m2/repository/org/mockito/mockito-core/4.11.0/mockito-core-4.11.0.jar:/home/ybagge/.m2/repository/net/bytebuddy/byte-buddy/1.14.9/byte-buddy-1.14.9.jar:/home/ybagge/.m2/repository/net/bytebuddy/byte-buddy-agent/1.14.9/byte-buddy-agent-1.14.9.jar:/home/ybagge/.m2/repository/org/objenesis/objenesis/3.3/objenesis-3.3.jar:/home/ybagge/.m2/repository/org/mockito/mockito-inline/4.11.0/mockito-inline-4.11.0.jar:/home/ybagge/.m2/repository/org/mockito/mockito-junit-jupiter/4.11.0/mockito-junit-jupiter-4.11.0.jar:/home/ybagge/.m2/repository/org/powermock/powermock-reflect/2.0.9/powermock-reflect-2.0.9.jar:/home/ybagge/.m2/repository/org/assertj/assertj-core/3.20.2/assertj-core-3.20.2.jar:/home/ybagge/.m2/repository/org/openjdk/jmh/jmh-core/1.21/jmh-core-1.21.jar:/home/ybagge/.m2/repository/net/sf/jopt-simple/jopt-simple/4.6/jopt-simple-4.6.jar:/home/ybagge/.m2/repository/org/apache/commons/commons-math3/3.2/commons-math3-3.2.jar:/home/ybagge/.m2/repository/org/projectlombok/lombok/1.18.30/lombok-1.18.30.jar:/home/ybagge/.m2/repository/javax/annotation/javax.annotation-api/1.3.2/javax.annotation-api-1.3.2.jar:"/>
    <property name="sun.cpu.endian" value="little"/>
    <property name="user.home" value="/home/ybagge"/>
    <property name="user.language" value="en"/>
    <property name="java.specification.vendor" value="Oracle Corporation"/>
    <property name="java.version.date" value="2024-07-16"/>
    <property name="java.home" value="/home/ybagge/.sdkman/candidates/java/17.0.12-oracle"/>
    <property name="file.separator" value="/"/>
    <property name="basedir" value="/home/ybagge/benchmarks/Apache-skywalking/oap-server/server-starter"/>
    <property name="java.vm.compressedOopsMode" value="Zero based"/>
    <property name="line.separator" value="&#10;"/>
    <property name="java.specification.name" value="Java Platform API Specification"/>
    <property name="java.vm.specification.vendor" value="Oracle Corporation"/>
    <property name="surefire.real.class.path" value="/home/ybagge/benchmarks/Apache-skywalking/oap-server/server-starter/target/surefire/surefirebooter-20250516094419437_215.jar"/>
    <property name="sun.management.compiler" value="HotSpot 64-Bit Tiered Compilers"/>
    <property name="SW_DATA_SOURCE_PASSWORD" value="!AI!3B"/>
    <property name="java.runtime.version" value="17.0.12+8-LTS-286"/>
    <property name="user.name" value="ybagge"/>
    <property name="path.separator" value=":"/>
    <property name="os.version" value="6.8.0-59-generic"/>
    <property name="java.runtime.name" value="Java(TM) SE Runtime Environment"/>
    <property name="file.encoding" value="UTF-8"/>
    <property name="java.vm.name" value="Java HotSpot(TM) 64-Bit Server VM"/>
    <property name="localRepository" value="/home/ybagge/.m2/repository"/>
    <property name="java.vendor.url.bug" value="https://bugreport.java.com/bugreport/"/>
    <property name="java.io.tmpdir" value="/tmp"/>
    <property name="java.version" value="17.0.12"/>
    <property name="user.dir" value="/home/ybagge/benchmarks/Apache-skywalking/oap-server/server-starter"/>
    <property name="os.arch" value="amd64"/>
    <property name="java.vm.specification.name" value="Java Virtual Machine Specification"/>
    <property name="native.encoding" value="UTF-8"/>
    <property name="java.library.path" value="/usr/java/packages/lib:/usr/lib64:/lib64:/lib:/usr/lib"/>
    <property name="java.vm.info" value="mixed mode, sharing"/>
    <property name="java.vendor" value="Oracle Corporation"/>
    <property name="java.vm.version" value="17.0.12+8-LTS-286"/>
    <property name="sun.io.unicode.encoding" value="UnicodeLittle"/>
    <property name="java.class.version" value="61.0"/>
  </properties>
  <testcase name="testLoadIntegerTypeConfig" classname="org.apache.skywalking.oap.server.starter.config.ApplicationConfigLoaderTestCase" time="0.396">
    <system-out><![CDATA[2025-05-16 09:44:20,085 main DEBUG Apache Log4j Core 2.17.1 initializing configuration OapConfiguration[location=/home/ybagge/benchmarks/Apache-skywalking/oap-server/server-starter/target/classes/log4j2.xml]
2025-05-16 09:44:20,090 main DEBUG Installed 0 script engines
2025-05-16 09:44:20,091 main DEBUG PluginManager 'Core' found 127 plugins
2025-05-16 09:44:20,091 main DEBUG PluginManager 'Level' found 0 plugins
2025-05-16 09:44:20,093 main DEBUG PluginManager 'Lookup' found 17 plugins
2025-05-16 09:44:20,094 main DEBUG Building Plugin[name=PatternMatch, class=org.apache.logging.log4j.core.layout.PatternMatch].
2025-05-16 09:44:20,099 main DEBUG PluginManager 'TypeConverter' found 26 plugins
2025-05-16 09:44:20,103 main DEBUG PatternMatch$Builder(, key="ERROR", pattern="%d %c %L [%t] %-5p %x - [%swversion] %m%n")
2025-05-16 09:44:20,103 main DEBUG Building Plugin[name=patternSelector, class=org.apache.logging.log4j.core.layout.LevelPatternSelector].
2025-05-16 09:44:20,106 main DEBUG LevelPatternSelector$Builder(={ERROR=%d %c %L [%t] %-5p %x - [%swversion] %m%n}, defaultPattern="%d %c %L [%t] %-5p %x - %m%n", alwaysWriteExceptions="null", disableAnsi="null", noConsoleNoAnsi="null", Configuration(/home/ybagge/benchmarks/Apache-skywalking/oap-server/server-starter/target/classes/log4j2.xml))
2025-05-16 09:44:20,106 main DEBUG PluginManager 'Converter' found 46 plugins
2025-05-16 09:44:20,115 main DEBUG Building Plugin[name=layout, class=org.apache.logging.log4j.core.layout.PatternLayout].
2025-05-16 09:44:20,115 main DEBUG PatternLayout$Builder(pattern="null", LevelPatternSelector(key="ERROR", pattern="%d %c %L [%t] %-5p %x - [%swversion] %m%n", default="%d %c %L [%t] %-5p %x - %m%n"), Configuration(/home/ybagge/benchmarks/Apache-skywalking/oap-server/server-starter/target/classes/log4j2.xml), Replace=null, charset="null", alwaysWriteExceptions="null", disableAnsi="null", noConsoleNoAnsi="null", header="null", footer="null")
2025-05-16 09:44:20,116 main DEBUG Building Plugin[name=appender, class=org.apache.logging.log4j.core.appender.ConsoleAppender].
2025-05-16 09:44:20,120 main DEBUG ConsoleAppender$Builder(target="SYSTEM_OUT", follow="null", direct="null", bufferedIo="null", bufferSize="null", immediateFlush="null", ignoreExceptions="null", PatternLayout(key="ERROR", pattern="%d %c %L [%t] %-5p %x - [%swversion] %m%n", default="%d %c %L [%t] %-5p %x - %m%n"), name="Console", Configuration(/home/ybagge/benchmarks/Apache-skywalking/oap-server/server-starter/target/classes/log4j2.xml), Filter=null, ={})
2025-05-16 09:44:20,122 main DEBUG Starting OutputStreamManager SYSTEM_OUT.false.false
2025-05-16 09:44:20,122 main DEBUG Building Plugin[name=appenders, class=org.apache.logging.log4j.core.config.AppendersPlugin].
2025-05-16 09:44:20,123 main DEBUG createAppenders(={Console})
2025-05-16 09:44:20,123 main DEBUG Building Plugin[name=logger, class=org.apache.logging.log4j.core.config.LoggerConfig].
2025-05-16 09:44:20,126 main DEBUG createLogger(additivity="true", level="INFO", name="org.apache.zookeeper", includeLocation="null", ={}, ={}, Configuration(/home/ybagge/benchmarks/Apache-skywalking/oap-server/server-starter/target/classes/log4j2.xml), Filter=null)
2025-05-16 09:44:20,127 main DEBUG Building Plugin[name=logger, class=org.apache.logging.log4j.core.config.LoggerConfig].
2025-05-16 09:44:20,127 main DEBUG createLogger(additivity="true", level="INFO", name="io.grpc.netty", includeLocation="null", ={}, ={}, Configuration(/home/ybagge/benchmarks/Apache-skywalking/oap-server/server-starter/target/classes/log4j2.xml), Filter=null)
2025-05-16 09:44:20,128 main DEBUG Building Plugin[name=logger, class=org.apache.logging.log4j.core.config.LoggerConfig].
2025-05-16 09:44:20,128 main DEBUG createLogger(additivity="true", level="INFO", name="io.netty", includeLocation="null", ={}, ={}, Configuration(/home/ybagge/benchmarks/Apache-skywalking/oap-server/server-starter/target/classes/log4j2.xml), Filter=null)
2025-05-16 09:44:20,128 main DEBUG Building Plugin[name=logger, class=org.apache.logging.log4j.core.config.LoggerConfig].
2025-05-16 09:44:20,129 main DEBUG createLogger(additivity="true", level="INFO", name="org.apache.http", includeLocation="null", ={}, ={}, Configuration(/home/ybagge/benchmarks/Apache-skywalking/oap-server/server-starter/target/classes/log4j2.xml), Filter=null)
2025-05-16 09:44:20,129 main DEBUG Building Plugin[name=logger, class=org.apache.logging.log4j.core.config.LoggerConfig].
2025-05-16 09:44:20,129 main DEBUG createLogger(additivity="true", level="DEBUG", name="org.apache.skywalking.oap.server.core", includeLocation="null", ={}, ={}, Configuration(/home/ybagge/benchmarks/Apache-skywalking/oap-server/server-starter/target/classes/log4j2.xml), Filter=null)
2025-05-16 09:44:20,130 main DEBUG Building Plugin[name=logger, class=org.apache.logging.log4j.core.config.LoggerConfig].
2025-05-16 09:44:20,130 main DEBUG createLogger(additivity="true", level="INFO", name="org.apache.skywalking.oap.server.core.storage.PersistenceTimer", includeLocation="null", ={}, ={}, Configuration(/home/ybagge/benchmarks/Apache-skywalking/oap-server/server-starter/target/classes/log4j2.xml), Filter=null)
2025-05-16 09:44:20,130 main DEBUG Building Plugin[name=logger, class=org.apache.logging.log4j.core.config.LoggerConfig].
2025-05-16 09:44:20,131 main DEBUG createLogger(additivity="true", level="DEBUG", name="org.apache.skywalking.oap.server.core.analysis.worker", includeLocation="null", ={}, ={}, Configuration(/home/ybagge/benchmarks/Apache-skywalking/oap-server/server-starter/target/classes/log4j2.xml), Filter=null)
2025-05-16 09:44:20,131 main DEBUG Building Plugin[name=logger, class=org.apache.logging.log4j.core.config.LoggerConfig].
2025-05-16 09:44:20,131 main DEBUG createLogger(additivity="true", level="DEBUG", name="org.apache.skywalking.oap.server.core.remote.client", includeLocation="null", ={}, ={}, Configuration(/home/ybagge/benchmarks/Apache-skywalking/oap-server/server-starter/target/classes/log4j2.xml), Filter=null)
2025-05-16 09:44:20,131 main DEBUG Building Plugin[name=logger, class=org.apache.logging.log4j.core.config.LoggerConfig].
2025-05-16 09:44:20,131 main DEBUG createLogger(additivity="true", level="INFO", name="org.apache.skywalking.oap.server.library.buffer", includeLocation="null", ={}, ={}, Configuration(/home/ybagge/benchmarks/Apache-skywalking/oap-server/server-starter/target/classes/log4j2.xml), Filter=null)
2025-05-16 09:44:20,132 main DEBUG Building Plugin[name=logger, class=org.apache.logging.log4j.core.config.LoggerConfig].
2025-05-16 09:44:20,132 main DEBUG createLogger(additivity="true", level="INFO", name="org.apache.skywalking.oap.server.receiver.envoy.MetricServiceGRPCHandler", includeLocation="null", ={}, ={}, Configuration(/home/ybagge/benchmarks/Apache-skywalking/oap-server/server-starter/target/classes/log4j2.xml), Filter=null)
2025-05-16 09:44:20,132 main DEBUG Building Plugin[name=logger, class=org.apache.logging.log4j.core.config.LoggerConfig].
2025-05-16 09:44:20,132 main DEBUG createLogger(additivity="true", level="INFO", name="org.apache.skywalking.oap.meter.analyzer.prometheus.PrometheusMetricConverter", includeLocation="null", ={}, ={}, Configuration(/home/ybagge/benchmarks/Apache-skywalking/oap-server/server-starter/target/classes/log4j2.xml), Filter=null)
2025-05-16 09:44:20,133 main DEBUG Building Plugin[name=logger, class=org.apache.logging.log4j.core.config.LoggerConfig].
2025-05-16 09:44:20,133 main DEBUG createLogger(additivity="true", level="DEBUG", name="org.apache.skywalking.library.elasticsearch", includeLocation="null", ={}, ={}, Configuration(/home/ybagge/benchmarks/Apache-skywalking/oap-server/server-starter/target/classes/log4j2.xml), Filter=null)
2025-05-16 09:44:20,133 main DEBUG Building Plugin[name=AppenderRef, class=org.apache.logging.log4j.core.config.AppenderRef].
2025-05-16 09:44:20,133 main DEBUG createAppenderRef(ref="Console", level="null", Filter=null)
2025-05-16 09:44:20,134 main DEBUG Building Plugin[name=root, class=org.apache.logging.log4j.core.config.LoggerConfig$RootLogger].
2025-05-16 09:44:20,134 main DEBUG createLogger(additivity="null", level="DEBUG", includeLocation="null", ={Console}, ={}, Configuration(/home/ybagge/benchmarks/Apache-skywalking/oap-server/server-starter/target/classes/log4j2.xml), Filter=null)
2025-05-16 09:44:20,135 main DEBUG Building Plugin[name=loggers, class=org.apache.logging.log4j.core.config.LoggersPlugin].
2025-05-16 09:44:20,135 main DEBUG createLoggers(={org.apache.zookeeper, io.grpc.netty, io.netty, org.apache.http, org.apache.skywalking.oap.server.core, org.apache.skywalking.oap.server.core.storage.PersistenceTimer, org.apache.skywalking.oap.server.core.analysis.worker, org.apache.skywalking.oap.server.core.remote.client, org.apache.skywalking.oap.server.library.buffer, org.apache.skywalking.oap.server.receiver.envoy.MetricServiceGRPCHandler, org.apache.skywalking.oap.meter.analyzer.prometheus.PrometheusMetricConverter, org.apache.skywalking.library.elasticsearch, root})
2025-05-16 09:44:20,136 main DEBUG Configuration OapConfiguration[location=/home/ybagge/benchmarks/Apache-skywalking/oap-server/server-starter/target/classes/log4j2.xml] initialized
2025-05-16 09:44:20,136 main DEBUG Starting configuration OapConfiguration[location=/home/ybagge/benchmarks/Apache-skywalking/oap-server/server-starter/target/classes/log4j2.xml]
2025-05-16 09:44:20,136 main DEBUG Started configuration OapConfiguration[location=/home/ybagge/benchmarks/Apache-skywalking/oap-server/server-starter/target/classes/log4j2.xml] OK.
2025-05-16 09:44:20,136 main DEBUG Shutting down OutputStreamManager SYSTEM_OUT.false.false-1
2025-05-16 09:44:20,137 main DEBUG OutputStream closed
2025-05-16 09:44:20,137 main DEBUG Shut down OutputStreamManager SYSTEM_OUT.false.false-1, all resources released: true
2025-05-16 09:44:20,137 main DEBUG Appender DefaultConsole-1 stopped with status true
2025-05-16 09:44:20,137 main DEBUG Stopped org.apache.logging.log4j.core.config.DefaultConfiguration@6fdbe764 OK
2025-05-16 09:44:20,170 main DEBUG Registering MBean org.apache.logging.log4j2:type=5ffd2b27
2025-05-16 09:44:20,172 main DEBUG Registering MBean org.apache.logging.log4j2:type=5ffd2b27,component=StatusLogger
2025-05-16 09:44:20,173 main DEBUG Registering MBean org.apache.logging.log4j2:type=5ffd2b27,component=ContextSelector
2025-05-16 09:44:20,174 main DEBUG Registering MBean org.apache.logging.log4j2:type=5ffd2b27,component=Loggers,name=
2025-05-16 09:44:20,174 main DEBUG Registering MBean org.apache.logging.log4j2:type=5ffd2b27,component=Loggers,name=org.apache.skywalking.oap.server.receiver.envoy.MetricServiceGRPCHandler
2025-05-16 09:44:20,174 main DEBUG Registering MBean org.apache.logging.log4j2:type=5ffd2b27,component=Loggers,name=org.apache.skywalking.oap.meter.analyzer.prometheus.PrometheusMetricConverter
2025-05-16 09:44:20,175 main DEBUG Registering MBean org.apache.logging.log4j2:type=5ffd2b27,component=Loggers,name=org.apache.zookeeper
2025-05-16 09:44:20,175 main DEBUG Registering MBean org.apache.logging.log4j2:type=5ffd2b27,component=Loggers,name=org.apache.http
2025-05-16 09:44:20,175 main DEBUG Registering MBean org.apache.logging.log4j2:type=5ffd2b27,component=Loggers,name=org.apache.skywalking.oap.server.core
2025-05-16 09:44:20,176 main DEBUG Registering MBean org.apache.logging.log4j2:type=5ffd2b27,component=Loggers,name=io.grpc.netty
2025-05-16 09:44:20,176 main DEBUG Registering MBean org.apache.logging.log4j2:type=5ffd2b27,component=Loggers,name=io.netty
2025-05-16 09:44:20,176 main DEBUG Registering MBean org.apache.logging.log4j2:type=5ffd2b27,component=Loggers,name=org.apache.skywalking.oap.server.library.buffer
2025-05-16 09:44:20,176 main DEBUG Registering MBean org.apache.logging.log4j2:type=5ffd2b27,component=Loggers,name=org.apache.skywalking.library.elasticsearch
2025-05-16 09:44:20,177 main DEBUG Registering MBean org.apache.logging.log4j2:type=5ffd2b27,component=Loggers,name=org.apache.skywalking.oap.server.core.remote.client
2025-05-16 09:44:20,177 main DEBUG Registering MBean org.apache.logging.log4j2:type=5ffd2b27,component=Loggers,name=org.apache.skywalking.oap.server.core.analysis.worker
2025-05-16 09:44:20,177 main DEBUG Registering MBean org.apache.logging.log4j2:type=5ffd2b27,component=Loggers,name=org.apache.skywalking.oap.server.core.storage.PersistenceTimer
2025-05-16 09:44:20,178 main DEBUG Registering MBean org.apache.logging.log4j2:type=5ffd2b27,component=Appenders,name=Console
2025-05-16 09:44:20,179 main DEBUG org.apache.logging.log4j.core.util.SystemClock supports precise timestamps.
2025-05-16 09:44:20,179 main DEBUG Reconfiguration complete for context[name=5ffd2b27] at URI /home/ybagge/benchmarks/Apache-skywalking/oap-server/server-starter/target/classes/log4j2.xml (org.apache.logging.log4j.core.LoggerContext@f478a81) with optional ClassLoader: null
2025-05-16 09:44:20,179 main DEBUG Shutdown hook enabled. Registering a new one.
2025-05-16 09:44:20,180 main DEBUG LoggerContext[name=5ffd2b27, org.apache.logging.log4j.core.LoggerContext@f478a81] started OK.
2025-05-16 09:44:20,223 org.apache.skywalking.oap.server.starter.config.ApplicationConfigLoader 157 [main] INFO  [] - Remove module receiver-zabbix without any provider
2025-05-16 09:44:20,225 org.apache.skywalking.oap.server.starter.config.ApplicationConfigLoader 157 [main] INFO  [] - Remove module kafka-fetcher without any provider
2025-05-16 09:44:20,225 org.apache.skywalking.oap.server.starter.config.ApplicationConfigLoader 157 [main] INFO  [] - Remove module cilium-fetcher without any provider
2025-05-16 09:44:20,226 org.apache.skywalking.oap.server.starter.config.ApplicationConfigLoader 157 [main] INFO  [] - Remove module query-zipkin without any provider
2025-05-16 09:44:20,226 org.apache.skywalking.oap.server.starter.config.ApplicationConfigLoader 157 [main] INFO  [] - Remove module exporter without any provider
2025-05-16 09:44:20,226 org.apache.skywalking.oap.server.starter.config.ApplicationConfigLoader 157 [main] INFO  [] - Remove module health-checker without any provider
2025-05-16 09:44:20,226 org.apache.skywalking.oap.server.starter.config.ApplicationConfigLoader 80 [main] INFO  [] - Get a module define from application.yml, module name: cluster
2025-05-16 09:44:20,227 org.apache.skywalking.oap.server.starter.config.ApplicationConfigLoader 84 [main] INFO  [] - Get a provider define belong to cluster module, provider name: standalone
2025-05-16 09:44:20,228 org.apache.skywalking.oap.server.starter.config.ApplicationConfigLoader 80 [main] INFO  [] - Get a module define from application.yml, module name: core
2025-05-16 09:44:20,228 org.apache.skywalking.oap.server.starter.config.ApplicationConfigLoader 84 [main] INFO  [] - Get a provider define belong to core module, provider name: default
2025-05-16 09:44:20,231 org.apache.skywalking.oap.server.starter.config.ApplicationConfigLoader 80 [main] INFO  [] - Get a module define from application.yml, module name: storage
2025-05-16 09:44:20,232 org.apache.skywalking.oap.server.starter.config.ApplicationConfigLoader 84 [main] INFO  [] - Get a provider define belong to storage module, provider name: mysql
2025-05-16 09:44:20,233 org.apache.skywalking.oap.server.library.util.YamlConfigLoaderUtils 59 [main] WARN  [] - yaml convert value type error, use origin values string. valueString=!AI!3B
org.yaml.snakeyaml.parser.ParserException: while parsing a node
 in 'string', line 1, column 1:
    !AI!3B
    ^
found undefined tag handle !AI!
 in 'string', line 1, column 1:
    !AI!3B
    ^

	at org.yaml.snakeyaml.parser.ParserImpl.parseNode(ParserImpl.java:453) ~[snakeyaml-2.0.jar:?]
	at org.yaml.snakeyaml.parser.ParserImpl.access$1200(ParserImpl.java:119) ~[snakeyaml-2.0.jar:?]
	at org.yaml.snakeyaml.parser.ParserImpl$ParseBlockNode.produce(ParserImpl.java:400) ~[snakeyaml-2.0.jar:?]
	at org.yaml.snakeyaml.parser.ParserImpl.peekEvent(ParserImpl.java:162) ~[snakeyaml-2.0.jar:?]
	at org.yaml.snakeyaml.comments.CommentEventsCollector$1.peek(CommentEventsCollector.java:57) ~[snakeyaml-2.0.jar:?]
	at org.yaml.snakeyaml.comments.CommentEventsCollector$1.peek(CommentEventsCollector.java:43) ~[snakeyaml-2.0.jar:?]
	at org.yaml.snakeyaml.comments.CommentEventsCollector.collectEvents(CommentEventsCollector.java:136) ~[snakeyaml-2.0.jar:?]
	at org.yaml.snakeyaml.comments.CommentEventsCollector.collectEvents(CommentEventsCollector.java:116) ~[snakeyaml-2.0.jar:?]
	at org.yaml.snakeyaml.composer.Composer.composeNode(Composer.java:172) ~[snakeyaml-2.0.jar:?]
	at org.yaml.snakeyaml.composer.Composer.getNode(Composer.java:131) ~[snakeyaml-2.0.jar:?]
	at org.yaml.snakeyaml.composer.Composer.getSingleNode(Composer.java:157) ~[snakeyaml-2.0.jar:?]
	at org.yaml.snakeyaml.constructor.BaseConstructor.getSingleData(BaseConstructor.java:178) ~[snakeyaml-2.0.jar:?]
	at org.yaml.snakeyaml.Yaml.loadFromReader(Yaml.java:493) ~[snakeyaml-2.0.jar:?]
	at org.yaml.snakeyaml.Yaml.load(Yaml.java:422) ~[snakeyaml-2.0.jar:?]
	at org.apache.skywalking.oap.server.library.util.YamlConfigLoaderUtils.convertValueString(YamlConfigLoaderUtils.java:52) ~[classes/:?]
	at org.apache.skywalking.oap.server.library.util.YamlConfigLoaderUtils.replacePropertyAndLog(YamlConfigLoaderUtils.java:43) ~[classes/:?]
	at org.apache.skywalking.oap.server.starter.config.ApplicationConfigLoader.lambda$loadConfig$0(ApplicationConfigLoader.java:97) ~[classes/:?]
	at java.util.LinkedHashMap.forEach(LinkedHashMap.java:721) ~[?:?]
	at org.apache.skywalking.oap.server.starter.config.ApplicationConfigLoader.lambda$loadConfig$1(ApplicationConfigLoader.java:95) ~[classes/:?]
	at java.util.LinkedHashMap.forEach(LinkedHashMap.java:721) ~[?:?]
	at org.apache.skywalking.oap.server.starter.config.ApplicationConfigLoader.lambda$loadConfig$2(ApplicationConfigLoader.java:92) ~[classes/:?]
	at java.util.LinkedHashMap.forEach(LinkedHashMap.java:721) ~[?:?]
	at org.apache.skywalking.oap.server.starter.config.ApplicationConfigLoader.lambda$loadConfig$3(ApplicationConfigLoader.java:83) ~[classes/:?]
	at java.util.LinkedHashMap.forEach(LinkedHashMap.java:721) ~[?:?]
	at org.apache.skywalking.oap.server.starter.config.ApplicationConfigLoader.loadConfig(ApplicationConfigLoader.java:78) ~[classes/:?]
	at org.apache.skywalking.oap.server.starter.config.ApplicationConfigLoader.load(ApplicationConfigLoader.java:66) ~[classes/:?]
	at org.apache.skywalking.oap.server.starter.config.ApplicationConfigLoaderTestCase.setUp(ApplicationConfigLoaderTestCase.java:41) ~[test-classes/:?]
	at jdk.internal.reflect.NativeMethodAccessorImpl.invoke0(Native Method) ~[?:?]
	at jdk.internal.reflect.NativeMethodAccessorImpl.invoke(NativeMethodAccessorImpl.java:77) ~[?:?]
	at jdk.internal.reflect.DelegatingMethodAccessorImpl.invoke(DelegatingMethodAccessorImpl.java:43) ~[?:?]
	at java.lang.reflect.Method.invoke(Method.java:568) ~[?:?]
	at org.junit.platform.commons.util.ReflectionUtils.invokeMethod(ReflectionUtils.java:727) ~[junit-platform-commons-1.9.2.jar:1.9.2]
	at org.junit.jupiter.engine.execution.MethodInvocation.proceed(MethodInvocation.java:60) ~[junit-jupiter-engine-5.9.2.jar:5.9.2]
	at org.junit.jupiter.engine.execution.InvocationInterceptorChain$ValidatingInvocation.proceed(InvocationInterceptorChain.java:131) ~[junit-jupiter-engine-5.9.2.jar:5.9.2]
	at org.junit.jupiter.engine.extension.TimeoutExtension.intercept(TimeoutExtension.java:156) ~[junit-jupiter-engine-5.9.2.jar:5.9.2]
	at org.junit.jupiter.engine.extension.TimeoutExtension.interceptLifecycleMethod(TimeoutExtension.java:128) ~[junit-jupiter-engine-5.9.2.jar:5.9.2]
	at org.junit.jupiter.engine.extension.TimeoutExtension.interceptBeforeEachMethod(TimeoutExtension.java:78) ~[junit-jupiter-engine-5.9.2.jar:5.9.2]
	at org.junit.jupiter.engine.execution.InterceptingExecutableInvoker$ReflectiveInterceptorCall.lambda$ofVoidMethod$0(InterceptingExecutableInvoker.java:103) ~[junit-jupiter-engine-5.9.2.jar:5.9.2]
	at org.junit.jupiter.engine.execution.InterceptingExecutableInvoker.lambda$invoke$0(InterceptingExecutableInvoker.java:93) ~[junit-jupiter-engine-5.9.2.jar:5.9.2]
	at org.junit.jupiter.engine.execution.InvocationInterceptorChain$InterceptedInvocation.proceed(InvocationInterceptorChain.java:106) ~[junit-jupiter-engine-5.9.2.jar:5.9.2]
	at org.junit.jupiter.engine.execution.InvocationInterceptorChain.proceed(InvocationInterceptorChain.java:64) ~[junit-jupiter-engine-5.9.2.jar:5.9.2]
	at org.junit.jupiter.engine.execution.InvocationInterceptorChain.chainAndInvoke(InvocationInterceptorChain.java:45) ~[junit-jupiter-engine-5.9.2.jar:5.9.2]
	at org.junit.jupiter.engine.execution.InvocationInterceptorChain.invoke(InvocationInterceptorChain.java:37) ~[junit-jupiter-engine-5.9.2.jar:5.9.2]
	at org.junit.jupiter.engine.execution.InterceptingExecutableInvoker.invoke(InterceptingExecutableInvoker.java:92) ~[junit-jupiter-engine-5.9.2.jar:5.9.2]
	at org.junit.jupiter.engine.execution.InterceptingExecutableInvoker.invoke(InterceptingExecutableInvoker.java:86) ~[junit-jupiter-engine-5.9.2.jar:5.9.2]
	at org.junit.jupiter.engine.descriptor.ClassBasedTestDescriptor.invokeMethodInExtensionContext(ClassBasedTestDescriptor.java:520) ~[junit-jupiter-engine-5.9.2.jar:5.9.2]
	at org.junit.jupiter.engine.descriptor.ClassBasedTestDescriptor.lambda$synthesizeBeforeEachMethodAdapter$23(ClassBasedTestDescriptor.java:505) ~[junit-jupiter-engine-5.9.2.jar:5.9.2]
	at org.junit.jupiter.engine.descriptor.TestMethodTestDescriptor.lambda$invokeBeforeEachMethods$3(TestMethodTestDescriptor.java:174) ~[junit-jupiter-engine-5.9.2.jar:5.9.2]
	at org.junit.jupiter.engine.descriptor.TestMethodTestDescriptor.lambda$invokeBeforeMethodsOrCallbacksUntilExceptionOccurs$6(TestMethodTestDescriptor.java:202) ~[junit-jupiter-engine-5.9.2.jar:5.9.2]
	at org.junit.platform.engine.support.hierarchical.ThrowableCollector.execute(ThrowableCollector.java:73) ~[junit-platform-engine-1.9.2.jar:1.9.2]
	at org.junit.jupiter.engine.descriptor.TestMethodTestDescriptor.invokeBeforeMethodsOrCallbacksUntilExceptionOccurs(TestMethodTestDescriptor.java:202) ~[junit-jupiter-engine-5.9.2.jar:5.9.2]
	at org.junit.jupiter.engine.descriptor.TestMethodTestDescriptor.invokeBeforeEachMethods(TestMethodTestDescriptor.java:171) ~[junit-jupiter-engine-5.9.2.jar:5.9.2]
	at org.junit.jupiter.engine.descriptor.TestMethodTestDescriptor.execute(TestMethodTestDescriptor.java:134) ~[junit-jupiter-engine-5.9.2.jar:5.9.2]
	at org.junit.jupiter.engine.descriptor.TestMethodTestDescriptor.execute(TestMethodTestDescriptor.java:68) ~[junit-jupiter-engine-5.9.2.jar:5.9.2]
	at org.junit.platform.engine.support.hierarchical.NodeTestTask.lambda$executeRecursively$6(NodeTestTask.java:151) ~[junit-platform-engine-1.9.2.jar:1.9.2]
	at org.junit.platform.engine.support.hierarchical.ThrowableCollector.execute(ThrowableCollector.java:73) ~[junit-platform-engine-1.9.2.jar:1.9.2]
	at org.junit.platform.engine.support.hierarchical.NodeTestTask.lambda$executeRecursively$8(NodeTestTask.java:141) ~[junit-platform-engine-1.9.2.jar:1.9.2]
	at org.junit.platform.engine.support.hierarchical.Node.around(Node.java:137) ~[junit-platform-engine-1.9.2.jar:1.9.2]
	at org.junit.platform.engine.support.hierarchical.NodeTestTask.lambda$executeRecursively$9(NodeTestTask.java:139) ~[junit-platform-engine-1.9.2.jar:1.9.2]
	at org.junit.platform.engine.support.hierarchical.ThrowableCollector.execute(ThrowableCollector.java:73) ~[junit-platform-engine-1.9.2.jar:1.9.2]
	at org.junit.platform.engine.support.hierarchical.NodeTestTask.executeRecursively(NodeTestTask.java:138) ~[junit-platform-engine-1.9.2.jar:1.9.2]
	at org.junit.platform.engine.support.hierarchical.NodeTestTask.execute(NodeTestTask.java:95) ~[junit-platform-engine-1.9.2.jar:1.9.2]
	at java.util.ArrayList.forEach(ArrayList.java:1511) ~[?:?]
	at org.junit.platform.engine.support.hierarchical.SameThreadHierarchicalTestExecutorService.invokeAll(SameThreadHierarchicalTestExecutorService.java:41) ~[junit-platform-engine-1.9.2.jar:1.9.2]
	at org.junit.platform.engine.support.hierarchical.NodeTestTask.lambda$executeRecursively$6(NodeTestTask.java:155) ~[junit-platform-engine-1.9.2.jar:1.9.2]
	at org.junit.platform.engine.support.hierarchical.ThrowableCollector.execute(ThrowableCollector.java:73) ~[junit-platform-engine-1.9.2.jar:1.9.2]
	at org.junit.platform.engine.support.hierarchical.NodeTestTask.lambda$executeRecursively$8(NodeTestTask.java:141) ~[junit-platform-engine-1.9.2.jar:1.9.2]
	at org.junit.platform.engine.support.hierarchical.Node.around(Node.java:137) ~[junit-platform-engine-1.9.2.jar:1.9.2]
	at org.junit.platform.engine.support.hierarchical.NodeTestTask.lambda$executeRecursively$9(NodeTestTask.java:139) ~[junit-platform-engine-1.9.2.jar:1.9.2]
	at org.junit.platform.engine.support.hierarchical.ThrowableCollector.execute(ThrowableCollector.java:73) ~[junit-platform-engine-1.9.2.jar:1.9.2]
	at org.junit.platform.engine.support.hierarchical.NodeTestTask.executeRecursively(NodeTestTask.java:138) ~[junit-platform-engine-1.9.2.jar:1.9.2]
	at org.junit.platform.engine.support.hierarchical.NodeTestTask.execute(NodeTestTask.java:95) ~[junit-platform-engine-1.9.2.jar:1.9.2]
	at java.util.ArrayList.forEach(ArrayList.java:1511) ~[?:?]
	at org.junit.platform.engine.support.hierarchical.SameThreadHierarchicalTestExecutorService.invokeAll(SameThreadHierarchicalTestExecutorService.java:41) ~[junit-platform-engine-1.9.2.jar:1.9.2]
	at org.junit.platform.engine.support.hierarchical.NodeTestTask.lambda$executeRecursively$6(NodeTestTask.java:155) ~[junit-platform-engine-1.9.2.jar:1.9.2]
	at org.junit.platform.engine.support.hierarchical.ThrowableCollector.execute(ThrowableCollector.java:73) ~[junit-platform-engine-1.9.2.jar:1.9.2]
	at org.junit.platform.engine.support.hierarchical.NodeTestTask.lambda$executeRecursively$8(NodeTestTask.java:141) ~[junit-platform-engine-1.9.2.jar:1.9.2]
	at org.junit.platform.engine.support.hierarchical.Node.around(Node.java:137) ~[junit-platform-engine-1.9.2.jar:1.9.2]
	at org.junit.platform.engine.support.hierarchical.NodeTestTask.lambda$executeRecursively$9(NodeTestTask.java:139) ~[junit-platform-engine-1.9.2.jar:1.9.2]
	at org.junit.platform.engine.support.hierarchical.ThrowableCollector.execute(ThrowableCollector.java:73) ~[junit-platform-engine-1.9.2.jar:1.9.2]
	at org.junit.platform.engine.support.hierarchical.NodeTestTask.executeRecursively(NodeTestTask.java:138) ~[junit-platform-engine-1.9.2.jar:1.9.2]
	at org.junit.platform.engine.support.hierarchical.NodeTestTask.execute(NodeTestTask.java:95) ~[junit-platform-engine-1.9.2.jar:1.9.2]
	at org.junit.platform.engine.support.hierarchical.SameThreadHierarchicalTestExecutorService.submit(SameThreadHierarchicalTestExecutorService.java:35) ~[junit-platform-engine-1.9.2.jar:1.9.2]
	at org.junit.platform.engine.support.hierarchical.HierarchicalTestExecutor.execute(HierarchicalTestExecutor.java:57) ~[junit-platform-engine-1.9.2.jar:1.9.2]
	at org.junit.platform.engine.support.hierarchical.HierarchicalTestEngine.execute(HierarchicalTestEngine.java:54) ~[junit-platform-engine-1.9.2.jar:1.9.2]
	at org.junit.platform.launcher.core.EngineExecutionOrchestrator.execute(EngineExecutionOrchestrator.java:147) ~[junit-platform-launcher-1.9.2.jar:1.9.2]
	at org.junit.platform.launcher.core.EngineExecutionOrchestrator.execute(EngineExecutionOrchestrator.java:127) ~[junit-platform-launcher-1.9.2.jar:1.9.2]
	at org.junit.platform.launcher.core.EngineExecutionOrchestrator.execute(EngineExecutionOrchestrator.java:90) ~[junit-platform-launcher-1.9.2.jar:1.9.2]
	at org.junit.platform.launcher.core.EngineExecutionOrchestrator.lambda$execute$0(EngineExecutionOrchestrator.java:55) ~[junit-platform-launcher-1.9.2.jar:1.9.2]
	at org.junit.platform.launcher.core.EngineExecutionOrchestrator.withInterceptedStreams(EngineExecutionOrchestrator.java:102) [junit-platform-launcher-1.9.2.jar:1.9.2]
	at org.junit.platform.launcher.core.EngineExecutionOrchestrator.execute(EngineExecutionOrchestrator.java:54) [junit-platform-launcher-1.9.2.jar:1.9.2]
	at org.junit.platform.launcher.core.DefaultLauncher.execute(DefaultLauncher.java:114) [junit-platform-launcher-1.9.2.jar:1.9.2]
	at org.junit.platform.launcher.core.DefaultLauncher.execute(DefaultLauncher.java:86) [junit-platform-launcher-1.9.2.jar:1.9.2]
	at org.junit.platform.launcher.core.DefaultLauncherSession$DelegatingLauncher.execute(DefaultLauncherSession.java:86) [junit-platform-launcher-1.9.2.jar:1.9.2]
	at org.apache.maven.surefire.junitplatform.LazyLauncher.execute(LazyLauncher.java:56) [surefire-junit-platform-3.1.2.jar:3.1.2]
	at org.apache.maven.surefire.junitplatform.JUnitPlatformProvider.execute(JUnitPlatformProvider.java:184) [surefire-junit-platform-3.1.2.jar:3.1.2]
	at org.apache.maven.surefire.junitplatform.JUnitPlatformProvider.invokeAllTests(JUnitPlatformProvider.java:148) [surefire-junit-platform-3.1.2.jar:3.1.2]
	at org.apache.maven.surefire.junitplatform.JUnitPlatformProvider.invoke(JUnitPlatformProvider.java:122) [surefire-junit-platform-3.1.2.jar:3.1.2]
	at org.apache.maven.surefire.booter.ForkedBooter.runSuitesInProcess(ForkedBooter.java:385) [surefire-booter-3.1.2.jar:3.1.2]
	at org.apache.maven.surefire.booter.ForkedBooter.execute(ForkedBooter.java:162) [surefire-booter-3.1.2.jar:3.1.2]
	at org.apache.maven.surefire.booter.ForkedBooter.run(ForkedBooter.java:507) [surefire-booter-3.1.2.jar:3.1.2]
	at org.apache.maven.surefire.booter.ForkedBooter.main(ForkedBooter.java:495) [surefire-booter-3.1.2.jar:3.1.2]
2025-05-16 09:44:20,243 org.apache.skywalking.oap.server.starter.config.ApplicationConfigLoader 80 [main] INFO  [] - Get a module define from application.yml, module name: agent-analyzer
2025-05-16 09:44:20,243 org.apache.skywalking.oap.server.starter.config.ApplicationConfigLoader 84 [main] INFO  [] - Get a provider define belong to agent-analyzer module, provider name: default
2025-05-16 09:44:20,243 org.apache.skywalking.oap.server.starter.config.ApplicationConfigLoader 80 [main] INFO  [] - Get a module define from application.yml, module name: log-analyzer
2025-05-16 09:44:20,243 org.apache.skywalking.oap.server.starter.config.ApplicationConfigLoader 84 [main] INFO  [] - Get a provider define belong to log-analyzer module, provider name: default
2025-05-16 09:44:20,244 org.apache.skywalking.oap.server.starter.config.ApplicationConfigLoader 80 [main] INFO  [] - Get a module define from application.yml, module name: event-analyzer
2025-05-16 09:44:20,244 org.apache.skywalking.oap.server.starter.config.ApplicationConfigLoader 84 [main] INFO  [] - Get a provider define belong to event-analyzer module, provider name: default
2025-05-16 09:44:20,244 org.apache.skywalking.oap.server.starter.config.ApplicationConfigLoader 80 [main] INFO  [] - Get a module define from application.yml, module name: receiver-sharing-server
2025-05-16 09:44:20,244 org.apache.skywalking.oap.server.starter.config.ApplicationConfigLoader 84 [main] INFO  [] - Get a provider define belong to receiver-sharing-server module, provider name: default
2025-05-16 09:44:20,245 org.apache.skywalking.oap.server.starter.config.ApplicationConfigLoader 80 [main] INFO  [] - Get a module define from application.yml, module name: receiver-register
2025-05-16 09:44:20,245 org.apache.skywalking.oap.server.starter.config.ApplicationConfigLoader 84 [main] INFO  [] - Get a provider define belong to receiver-register module, provider name: default
2025-05-16 09:44:20,245 org.apache.skywalking.oap.server.starter.config.ApplicationConfigLoader 80 [main] INFO  [] - Get a module define from application.yml, module name: receiver-trace
2025-05-16 09:44:20,245 org.apache.skywalking.oap.server.starter.config.ApplicationConfigLoader 84 [main] INFO  [] - Get a provider define belong to receiver-trace module, provider name: default
2025-05-16 09:44:20,245 org.apache.skywalking.oap.server.starter.config.ApplicationConfigLoader 80 [main] INFO  [] - Get a module define from application.yml, module name: receiver-jvm
2025-05-16 09:44:20,245 org.apache.skywalking.oap.server.starter.config.ApplicationConfigLoader 84 [main] INFO  [] - Get a provider define belong to receiver-jvm module, provider name: default
2025-05-16 09:44:20,245 org.apache.skywalking.oap.server.starter.config.ApplicationConfigLoader 80 [main] INFO  [] - Get a module define from application.yml, module name: receiver-clr
2025-05-16 09:44:20,245 org.apache.skywalking.oap.server.starter.config.ApplicationConfigLoader 84 [main] INFO  [] - Get a provider define belong to receiver-clr module, provider name: default
2025-05-16 09:44:20,246 org.apache.skywalking.oap.server.starter.config.ApplicationConfigLoader 80 [main] INFO  [] - Get a module define from application.yml, module name: receiver-profile
2025-05-16 09:44:20,246 org.apache.skywalking.oap.server.starter.config.ApplicationConfigLoader 84 [main] INFO  [] - Get a provider define belong to receiver-profile module, provider name: default
2025-05-16 09:44:20,246 org.apache.skywalking.oap.server.starter.config.ApplicationConfigLoader 80 [main] INFO  [] - Get a module define from application.yml, module name: receiver-async-profiler
2025-05-16 09:44:20,246 org.apache.skywalking.oap.server.starter.config.ApplicationConfigLoader 84 [main] INFO  [] - Get a provider define belong to receiver-async-profiler module, provider name: default
2025-05-16 09:44:20,246 org.apache.skywalking.oap.server.starter.config.ApplicationConfigLoader 80 [main] INFO  [] - Get a module define from application.yml, module name: service-mesh
2025-05-16 09:44:20,246 org.apache.skywalking.oap.server.starter.config.ApplicationConfigLoader 84 [main] INFO  [] - Get a provider define belong to service-mesh module, provider name: default
2025-05-16 09:44:20,246 org.apache.skywalking.oap.server.starter.config.ApplicationConfigLoader 80 [main] INFO  [] - Get a module define from application.yml, module name: envoy-metric
2025-05-16 09:44:20,246 org.apache.skywalking.oap.server.starter.config.ApplicationConfigLoader 84 [main] INFO  [] - Get a provider define belong to envoy-metric module, provider name: default
2025-05-16 09:44:20,247 org.apache.skywalking.oap.server.starter.config.ApplicationConfigLoader 80 [main] INFO  [] - Get a module define from application.yml, module name: receiver-meter
2025-05-16 09:44:20,247 org.apache.skywalking.oap.server.starter.config.ApplicationConfigLoader 84 [main] INFO  [] - Get a provider define belong to receiver-meter module, provider name: default
2025-05-16 09:44:20,247 org.apache.skywalking.oap.server.starter.config.ApplicationConfigLoader 80 [main] INFO  [] - Get a module define from application.yml, module name: receiver-otel
2025-05-16 09:44:20,247 org.apache.skywalking.oap.server.starter.config.ApplicationConfigLoader 84 [main] INFO  [] - Get a provider define belong to receiver-otel module, provider name: default
2025-05-16 09:44:20,248 org.apache.skywalking.oap.server.starter.config.ApplicationConfigLoader 80 [main] INFO  [] - Get a module define from application.yml, module name: receiver-zipkin
2025-05-16 09:44:20,248 org.apache.skywalking.oap.server.starter.config.ApplicationConfigLoader 84 [main] INFO  [] - Get a provider define belong to receiver-zipkin module, provider name: default
2025-05-16 09:44:20,248 org.apache.skywalking.oap.server.starter.config.ApplicationConfigLoader 80 [main] INFO  [] - Get a module define from application.yml, module name: receiver-browser
2025-05-16 09:44:20,248 org.apache.skywalking.oap.server.starter.config.ApplicationConfigLoader 84 [main] INFO  [] - Get a provider define belong to receiver-browser module, provider name: default
2025-05-16 09:44:20,249 org.apache.skywalking.oap.server.starter.config.ApplicationConfigLoader 80 [main] INFO  [] - Get a module define from application.yml, module name: receiver-log
2025-05-16 09:44:20,249 org.apache.skywalking.oap.server.starter.config.ApplicationConfigLoader 84 [main] INFO  [] - Get a provider define belong to receiver-log module, provider name: default
2025-05-16 09:44:20,249 org.apache.skywalking.oap.server.starter.config.ApplicationConfigLoader 80 [main] INFO  [] - Get a module define from application.yml, module name: query
2025-05-16 09:44:20,249 org.apache.skywalking.oap.server.starter.config.ApplicationConfigLoader 84 [main] INFO  [] - Get a provider define belong to query module, provider name: graphql
2025-05-16 09:44:20,249 org.apache.skywalking.oap.server.starter.config.ApplicationConfigLoader 80 [main] INFO  [] - Get a module define from application.yml, module name: promql
2025-05-16 09:44:20,249 org.apache.skywalking.oap.server.starter.config.ApplicationConfigLoader 84 [main] INFO  [] - Get a provider define belong to promql module, provider name: default
2025-05-16 09:44:20,250 org.apache.skywalking.oap.server.starter.config.ApplicationConfigLoader 80 [main] INFO  [] - Get a module define from application.yml, module name: logql
2025-05-16 09:44:20,250 org.apache.skywalking.oap.server.starter.config.ApplicationConfigLoader 84 [main] INFO  [] - Get a provider define belong to logql module, provider name: default
2025-05-16 09:44:20,250 org.apache.skywalking.oap.server.starter.config.ApplicationConfigLoader 80 [main] INFO  [] - Get a module define from application.yml, module name: alarm
2025-05-16 09:44:20,250 org.apache.skywalking.oap.server.starter.config.ApplicationConfigLoader 84 [main] INFO  [] - Get a provider define belong to alarm module, provider name: default
2025-05-16 09:44:20,250 org.apache.skywalking.oap.server.starter.config.ApplicationConfigLoader 80 [main] INFO  [] - Get a module define from application.yml, module name: telemetry
2025-05-16 09:44:20,250 org.apache.skywalking.oap.server.starter.config.ApplicationConfigLoader 84 [main] INFO  [] - Get a provider define belong to telemetry module, provider name: prometheus
2025-05-16 09:44:20,250 org.apache.skywalking.oap.server.starter.config.ApplicationConfigLoader 80 [main] INFO  [] - Get a module define from application.yml, module name: configuration
2025-05-16 09:44:20,251 org.apache.skywalking.oap.server.starter.config.ApplicationConfigLoader 84 [main] INFO  [] - Get a provider define belong to configuration module, provider name: none
2025-05-16 09:44:20,251 org.apache.skywalking.oap.server.starter.config.ApplicationConfigLoader 80 [main] INFO  [] - Get a module define from application.yml, module name: status-query
2025-05-16 09:44:20,251 org.apache.skywalking.oap.server.starter.config.ApplicationConfigLoader 84 [main] INFO  [] - Get a provider define belong to status-query module, provider name: default
2025-05-16 09:44:20,251 org.apache.skywalking.oap.server.starter.config.ApplicationConfigLoader 80 [main] INFO  [] - Get a module define from application.yml, module name: configuration-discovery
2025-05-16 09:44:20,251 org.apache.skywalking.oap.server.starter.config.ApplicationConfigLoader 84 [main] INFO  [] - Get a provider define belong to configuration-discovery module, provider name: default
2025-05-16 09:44:20,251 org.apache.skywalking.oap.server.starter.config.ApplicationConfigLoader 80 [main] INFO  [] - Get a module define from application.yml, module name: receiver-event
2025-05-16 09:44:20,251 org.apache.skywalking.oap.server.starter.config.ApplicationConfigLoader 84 [main] INFO  [] - Get a provider define belong to receiver-event module, provider name: default
2025-05-16 09:44:20,251 org.apache.skywalking.oap.server.starter.config.ApplicationConfigLoader 80 [main] INFO  [] - Get a module define from application.yml, module name: receiver-ebpf
2025-05-16 09:44:20,251 org.apache.skywalking.oap.server.starter.config.ApplicationConfigLoader 84 [main] INFO  [] - Get a provider define belong to receiver-ebpf module, provider name: default
2025-05-16 09:44:20,252 org.apache.skywalking.oap.server.starter.config.ApplicationConfigLoader 80 [main] INFO  [] - Get a module define from application.yml, module name: receiver-telegraf
2025-05-16 09:44:20,252 org.apache.skywalking.oap.server.starter.config.ApplicationConfigLoader 84 [main] INFO  [] - Get a provider define belong to receiver-telegraf module, provider name: default
2025-05-16 09:44:20,252 org.apache.skywalking.oap.server.starter.config.ApplicationConfigLoader 80 [main] INFO  [] - Get a module define from application.yml, module name: aws-firehose
2025-05-16 09:44:20,252 org.apache.skywalking.oap.server.starter.config.ApplicationConfigLoader 84 [main] INFO  [] - Get a provider define belong to aws-firehose module, provider name: default
2025-05-16 09:44:20,252 org.apache.skywalking.oap.server.library.util.YamlConfigLoaderUtils 40 [main] INFO  [] - Provider=default config=firehoseAccessKey has been set as an empty string
2025-05-16 09:44:20,252 org.apache.skywalking.oap.server.library.util.YamlConfigLoaderUtils 40 [main] INFO  [] - Provider=default config=tlsKeyPath has been set as an empty string
2025-05-16 09:44:20,253 org.apache.skywalking.oap.server.library.util.YamlConfigLoaderUtils 40 [main] INFO  [] - Provider=default config=tlsCertChainPath has been set as an empty string
2025-05-16 09:44:20,253 org.apache.skywalking.oap.server.starter.config.ApplicationConfigLoader 80 [main] INFO  [] - Get a module define from application.yml, module name: ai-pipeline
2025-05-16 09:44:20,253 org.apache.skywalking.oap.server.starter.config.ApplicationConfigLoader 84 [main] INFO  [] - Get a provider define belong to ai-pipeline module, provider name: default
2025-05-16 09:44:20,253 org.apache.skywalking.oap.server.library.util.YamlConfigLoaderUtils 40 [main] INFO  [] - Provider=default config=uriRecognitionServerAddr has been set as an empty string
2025-05-16 09:44:20,253 org.apache.skywalking.oap.server.library.util.YamlConfigLoaderUtils 40 [main] INFO  [] - Provider=default config=baselineServerAddr has been set as an empty string
]]></system-out>
  </testcase>
  <testcase name="testLoadSpecialStringTypeConfig" classname="org.apache.skywalking.oap.server.starter.config.ApplicationConfigLoaderTestCase" time="0.032">
    <system-out><![CDATA[2025-05-16 09:44:20,270 org.apache.skywalking.oap.server.starter.config.ApplicationConfigLoader 157 [main] INFO  [] - Remove module receiver-zabbix without any provider
2025-05-16 09:44:20,270 org.apache.skywalking.oap.server.starter.config.ApplicationConfigLoader 157 [main] INFO  [] - Remove module kafka-fetcher without any provider
2025-05-16 09:44:20,271 org.apache.skywalking.oap.server.starter.config.ApplicationConfigLoader 157 [main] INFO  [] - Remove module cilium-fetcher without any provider
2025-05-16 09:44:20,271 org.apache.skywalking.oap.server.starter.config.ApplicationConfigLoader 157 [main] INFO  [] - Remove module query-zipkin without any provider
2025-05-16 09:44:20,271 org.apache.skywalking.oap.server.starter.config.ApplicationConfigLoader 157 [main] INFO  [] - Remove module exporter without any provider
2025-05-16 09:44:20,271 org.apache.skywalking.oap.server.starter.config.ApplicationConfigLoader 157 [main] INFO  [] - Remove module health-checker without any provider
2025-05-16 09:44:20,271 org.apache.skywalking.oap.server.starter.config.ApplicationConfigLoader 80 [main] INFO  [] - Get a module define from application.yml, module name: cluster
2025-05-16 09:44:20,272 org.apache.skywalking.oap.server.starter.config.ApplicationConfigLoader 84 [main] INFO  [] - Get a provider define belong to cluster module, provider name: standalone
2025-05-16 09:44:20,272 org.apache.skywalking.oap.server.starter.config.ApplicationConfigLoader 80 [main] INFO  [] - Get a module define from application.yml, module name: core
2025-05-16 09:44:20,272 org.apache.skywalking.oap.server.starter.config.ApplicationConfigLoader 84 [main] INFO  [] - Get a provider define belong to core module, provider name: default
2025-05-16 09:44:20,275 org.apache.skywalking.oap.server.starter.config.ApplicationConfigLoader 80 [main] INFO  [] - Get a module define from application.yml, module name: storage
2025-05-16 09:44:20,275 org.apache.skywalking.oap.server.starter.config.ApplicationConfigLoader 84 [main] INFO  [] - Get a provider define belong to storage module, provider name: mysql
2025-05-16 09:44:20,276 org.apache.skywalking.oap.server.library.util.YamlConfigLoaderUtils 59 [main] WARN  [] - yaml convert value type error, use origin values string. valueString=!AI!3B
org.yaml.snakeyaml.parser.ParserException: while parsing a node
 in 'string', line 1, column 1:
    !AI!3B
    ^
found undefined tag handle !AI!
 in 'string', line 1, column 1:
    !AI!3B
    ^

	at org.yaml.snakeyaml.parser.ParserImpl.parseNode(ParserImpl.java:453) ~[snakeyaml-2.0.jar:?]
	at org.yaml.snakeyaml.parser.ParserImpl.access$1200(ParserImpl.java:119) ~[snakeyaml-2.0.jar:?]
	at org.yaml.snakeyaml.parser.ParserImpl$ParseBlockNode.produce(ParserImpl.java:400) ~[snakeyaml-2.0.jar:?]
	at org.yaml.snakeyaml.parser.ParserImpl.peekEvent(ParserImpl.java:162) ~[snakeyaml-2.0.jar:?]
	at org.yaml.snakeyaml.comments.CommentEventsCollector$1.peek(CommentEventsCollector.java:57) ~[snakeyaml-2.0.jar:?]
	at org.yaml.snakeyaml.comments.CommentEventsCollector$1.peek(CommentEventsCollector.java:43) ~[snakeyaml-2.0.jar:?]
	at org.yaml.snakeyaml.comments.CommentEventsCollector.collectEvents(CommentEventsCollector.java:136) ~[snakeyaml-2.0.jar:?]
	at org.yaml.snakeyaml.comments.CommentEventsCollector.collectEvents(CommentEventsCollector.java:116) ~[snakeyaml-2.0.jar:?]
	at org.yaml.snakeyaml.composer.Composer.composeNode(Composer.java:172) ~[snakeyaml-2.0.jar:?]
	at org.yaml.snakeyaml.composer.Composer.getNode(Composer.java:131) ~[snakeyaml-2.0.jar:?]
	at org.yaml.snakeyaml.composer.Composer.getSingleNode(Composer.java:157) ~[snakeyaml-2.0.jar:?]
	at org.yaml.snakeyaml.constructor.BaseConstructor.getSingleData(BaseConstructor.java:178) ~[snakeyaml-2.0.jar:?]
	at org.yaml.snakeyaml.Yaml.loadFromReader(Yaml.java:493) ~[snakeyaml-2.0.jar:?]
	at org.yaml.snakeyaml.Yaml.load(Yaml.java:422) ~[snakeyaml-2.0.jar:?]
	at org.apache.skywalking.oap.server.library.util.YamlConfigLoaderUtils.convertValueString(YamlConfigLoaderUtils.java:52) ~[classes/:?]
	at org.apache.skywalking.oap.server.library.util.YamlConfigLoaderUtils.replacePropertyAndLog(YamlConfigLoaderUtils.java:43) ~[classes/:?]
	at org.apache.skywalking.oap.server.starter.config.ApplicationConfigLoader.lambda$loadConfig$0(ApplicationConfigLoader.java:97) ~[classes/:?]
	at java.util.LinkedHashMap.forEach(LinkedHashMap.java:721) ~[?:?]
	at org.apache.skywalking.oap.server.starter.config.ApplicationConfigLoader.lambda$loadConfig$1(ApplicationConfigLoader.java:95) ~[classes/:?]
	at java.util.LinkedHashMap.forEach(LinkedHashMap.java:721) ~[?:?]
	at org.apache.skywalking.oap.server.starter.config.ApplicationConfigLoader.lambda$loadConfig$2(ApplicationConfigLoader.java:92) ~[classes/:?]
	at java.util.LinkedHashMap.forEach(LinkedHashMap.java:721) ~[?:?]
	at org.apache.skywalking.oap.server.starter.config.ApplicationConfigLoader.lambda$loadConfig$3(ApplicationConfigLoader.java:83) ~[classes/:?]
	at java.util.LinkedHashMap.forEach(LinkedHashMap.java:721) ~[?:?]
	at org.apache.skywalking.oap.server.starter.config.ApplicationConfigLoader.loadConfig(ApplicationConfigLoader.java:78) ~[classes/:?]
	at org.apache.skywalking.oap.server.starter.config.ApplicationConfigLoader.load(ApplicationConfigLoader.java:66) ~[classes/:?]
	at org.apache.skywalking.oap.server.starter.config.ApplicationConfigLoaderTestCase.setUp(ApplicationConfigLoaderTestCase.java:41) ~[test-classes/:?]
	at jdk.internal.reflect.NativeMethodAccessorImpl.invoke0(Native Method) ~[?:?]
	at jdk.internal.reflect.NativeMethodAccessorImpl.invoke(NativeMethodAccessorImpl.java:77) ~[?:?]
	at jdk.internal.reflect.DelegatingMethodAccessorImpl.invoke(DelegatingMethodAccessorImpl.java:43) ~[?:?]
	at java.lang.reflect.Method.invoke(Method.java:568) ~[?:?]
	at org.junit.platform.commons.util.ReflectionUtils.invokeMethod(ReflectionUtils.java:727) ~[junit-platform-commons-1.9.2.jar:1.9.2]
	at org.junit.jupiter.engine.execution.MethodInvocation.proceed(MethodInvocation.java:60) ~[junit-jupiter-engine-5.9.2.jar:5.9.2]
	at org.junit.jupiter.engine.execution.InvocationInterceptorChain$ValidatingInvocation.proceed(InvocationInterceptorChain.java:131) ~[junit-jupiter-engine-5.9.2.jar:5.9.2]
	at org.junit.jupiter.engine.extension.TimeoutExtension.intercept(TimeoutExtension.java:156) ~[junit-jupiter-engine-5.9.2.jar:5.9.2]
	at org.junit.jupiter.engine.extension.TimeoutExtension.interceptLifecycleMethod(TimeoutExtension.java:128) ~[junit-jupiter-engine-5.9.2.jar:5.9.2]
	at org.junit.jupiter.engine.extension.TimeoutExtension.interceptBeforeEachMethod(TimeoutExtension.java:78) ~[junit-jupiter-engine-5.9.2.jar:5.9.2]
	at org.junit.jupiter.engine.execution.InterceptingExecutableInvoker$ReflectiveInterceptorCall.lambda$ofVoidMethod$0(InterceptingExecutableInvoker.java:103) ~[junit-jupiter-engine-5.9.2.jar:5.9.2]
	at org.junit.jupiter.engine.execution.InterceptingExecutableInvoker.lambda$invoke$0(InterceptingExecutableInvoker.java:93) ~[junit-jupiter-engine-5.9.2.jar:5.9.2]
	at org.junit.jupiter.engine.execution.InvocationInterceptorChain$InterceptedInvocation.proceed(InvocationInterceptorChain.java:106) ~[junit-jupiter-engine-5.9.2.jar:5.9.2]
	at org.junit.jupiter.engine.execution.InvocationInterceptorChain.proceed(InvocationInterceptorChain.java:64) ~[junit-jupiter-engine-5.9.2.jar:5.9.2]
	at org.junit.jupiter.engine.execution.InvocationInterceptorChain.chainAndInvoke(InvocationInterceptorChain.java:45) ~[junit-jupiter-engine-5.9.2.jar:5.9.2]
	at org.junit.jupiter.engine.execution.InvocationInterceptorChain.invoke(InvocationInterceptorChain.java:37) ~[junit-jupiter-engine-5.9.2.jar:5.9.2]
	at org.junit.jupiter.engine.execution.InterceptingExecutableInvoker.invoke(InterceptingExecutableInvoker.java:92) ~[junit-jupiter-engine-5.9.2.jar:5.9.2]
	at org.junit.jupiter.engine.execution.InterceptingExecutableInvoker.invoke(InterceptingExecutableInvoker.java:86) ~[junit-jupiter-engine-5.9.2.jar:5.9.2]
	at org.junit.jupiter.engine.descriptor.ClassBasedTestDescriptor.invokeMethodInExtensionContext(ClassBasedTestDescriptor.java:520) ~[junit-jupiter-engine-5.9.2.jar:5.9.2]
	at org.junit.jupiter.engine.descriptor.ClassBasedTestDescriptor.lambda$synthesizeBeforeEachMethodAdapter$23(ClassBasedTestDescriptor.java:505) ~[junit-jupiter-engine-5.9.2.jar:5.9.2]
	at org.junit.jupiter.engine.descriptor.TestMethodTestDescriptor.lambda$invokeBeforeEachMethods$3(TestMethodTestDescriptor.java:174) ~[junit-jupiter-engine-5.9.2.jar:5.9.2]
	at org.junit.jupiter.engine.descriptor.TestMethodTestDescriptor.lambda$invokeBeforeMethodsOrCallbacksUntilExceptionOccurs$6(TestMethodTestDescriptor.java:202) ~[junit-jupiter-engine-5.9.2.jar:5.9.2]
	at org.junit.platform.engine.support.hierarchical.ThrowableCollector.execute(ThrowableCollector.java:73) ~[junit-platform-engine-1.9.2.jar:1.9.2]
	at org.junit.jupiter.engine.descriptor.TestMethodTestDescriptor.invokeBeforeMethodsOrCallbacksUntilExceptionOccurs(TestMethodTestDescriptor.java:202) ~[junit-jupiter-engine-5.9.2.jar:5.9.2]
	at org.junit.jupiter.engine.descriptor.TestMethodTestDescriptor.invokeBeforeEachMethods(TestMethodTestDescriptor.java:171) ~[junit-jupiter-engine-5.9.2.jar:5.9.2]
	at org.junit.jupiter.engine.descriptor.TestMethodTestDescriptor.execute(TestMethodTestDescriptor.java:134) ~[junit-jupiter-engine-5.9.2.jar:5.9.2]
	at org.junit.jupiter.engine.descriptor.TestMethodTestDescriptor.execute(TestMethodTestDescriptor.java:68) ~[junit-jupiter-engine-5.9.2.jar:5.9.2]
	at org.junit.platform.engine.support.hierarchical.NodeTestTask.lambda$executeRecursively$6(NodeTestTask.java:151) ~[junit-platform-engine-1.9.2.jar:1.9.2]
	at org.junit.platform.engine.support.hierarchical.ThrowableCollector.execute(ThrowableCollector.java:73) ~[junit-platform-engine-1.9.2.jar:1.9.2]
	at org.junit.platform.engine.support.hierarchical.NodeTestTask.lambda$executeRecursively$8(NodeTestTask.java:141) ~[junit-platform-engine-1.9.2.jar:1.9.2]
	at org.junit.platform.engine.support.hierarchical.Node.around(Node.java:137) ~[junit-platform-engine-1.9.2.jar:1.9.2]
	at org.junit.platform.engine.support.hierarchical.NodeTestTask.lambda$executeRecursively$9(NodeTestTask.java:139) ~[junit-platform-engine-1.9.2.jar:1.9.2]
	at org.junit.platform.engine.support.hierarchical.ThrowableCollector.execute(ThrowableCollector.java:73) ~[junit-platform-engine-1.9.2.jar:1.9.2]
	at org.junit.platform.engine.support.hierarchical.NodeTestTask.executeRecursively(NodeTestTask.java:138) ~[junit-platform-engine-1.9.2.jar:1.9.2]
	at org.junit.platform.engine.support.hierarchical.NodeTestTask.execute(NodeTestTask.java:95) ~[junit-platform-engine-1.9.2.jar:1.9.2]
	at java.util.ArrayList.forEach(ArrayList.java:1511) ~[?:?]
	at org.junit.platform.engine.support.hierarchical.SameThreadHierarchicalTestExecutorService.invokeAll(SameThreadHierarchicalTestExecutorService.java:41) ~[junit-platform-engine-1.9.2.jar:1.9.2]
	at org.junit.platform.engine.support.hierarchical.NodeTestTask.lambda$executeRecursively$6(NodeTestTask.java:155) ~[junit-platform-engine-1.9.2.jar:1.9.2]
	at org.junit.platform.engine.support.hierarchical.ThrowableCollector.execute(ThrowableCollector.java:73) ~[junit-platform-engine-1.9.2.jar:1.9.2]
	at org.junit.platform.engine.support.hierarchical.NodeTestTask.lambda$executeRecursively$8(NodeTestTask.java:141) ~[junit-platform-engine-1.9.2.jar:1.9.2]
	at org.junit.platform.engine.support.hierarchical.Node.around(Node.java:137) ~[junit-platform-engine-1.9.2.jar:1.9.2]
	at org.junit.platform.engine.support.hierarchical.NodeTestTask.lambda$executeRecursively$9(NodeTestTask.java:139) ~[junit-platform-engine-1.9.2.jar:1.9.2]
	at org.junit.platform.engine.support.hierarchical.ThrowableCollector.execute(ThrowableCollector.java:73) ~[junit-platform-engine-1.9.2.jar:1.9.2]
	at org.junit.platform.engine.support.hierarchical.NodeTestTask.executeRecursively(NodeTestTask.java:138) ~[junit-platform-engine-1.9.2.jar:1.9.2]
	at org.junit.platform.engine.support.hierarchical.NodeTestTask.execute(NodeTestTask.java:95) ~[junit-platform-engine-1.9.2.jar:1.9.2]
	at java.util.ArrayList.forEach(ArrayList.java:1511) ~[?:?]
	at org.junit.platform.engine.support.hierarchical.SameThreadHierarchicalTestExecutorService.invokeAll(SameThreadHierarchicalTestExecutorService.java:41) ~[junit-platform-engine-1.9.2.jar:1.9.2]
	at org.junit.platform.engine.support.hierarchical.NodeTestTask.lambda$executeRecursively$6(NodeTestTask.java:155) ~[junit-platform-engine-1.9.2.jar:1.9.2]
	at org.junit.platform.engine.support.hierarchical.ThrowableCollector.execute(ThrowableCollector.java:73) ~[junit-platform-engine-1.9.2.jar:1.9.2]
	at org.junit.platform.engine.support.hierarchical.NodeTestTask.lambda$executeRecursively$8(NodeTestTask.java:141) ~[junit-platform-engine-1.9.2.jar:1.9.2]
	at org.junit.platform.engine.support.hierarchical.Node.around(Node.java:137) ~[junit-platform-engine-1.9.2.jar:1.9.2]
	at org.junit.platform.engine.support.hierarchical.NodeTestTask.lambda$executeRecursively$9(NodeTestTask.java:139) ~[junit-platform-engine-1.9.2.jar:1.9.2]
	at org.junit.platform.engine.support.hierarchical.ThrowableCollector.execute(ThrowableCollector.java:73) ~[junit-platform-engine-1.9.2.jar:1.9.2]
	at org.junit.platform.engine.support.hierarchical.NodeTestTask.executeRecursively(NodeTestTask.java:138) ~[junit-platform-engine-1.9.2.jar:1.9.2]
	at org.junit.platform.engine.support.hierarchical.NodeTestTask.execute(NodeTestTask.java:95) ~[junit-platform-engine-1.9.2.jar:1.9.2]
	at org.junit.platform.engine.support.hierarchical.SameThreadHierarchicalTestExecutorService.submit(SameThreadHierarchicalTestExecutorService.java:35) ~[junit-platform-engine-1.9.2.jar:1.9.2]
	at org.junit.platform.engine.support.hierarchical.HierarchicalTestExecutor.execute(HierarchicalTestExecutor.java:57) ~[junit-platform-engine-1.9.2.jar:1.9.2]
	at org.junit.platform.engine.support.hierarchical.HierarchicalTestEngine.execute(HierarchicalTestEngine.java:54) ~[junit-platform-engine-1.9.2.jar:1.9.2]
	at org.junit.platform.launcher.core.EngineExecutionOrchestrator.execute(EngineExecutionOrchestrator.java:147) ~[junit-platform-launcher-1.9.2.jar:1.9.2]
	at org.junit.platform.launcher.core.EngineExecutionOrchestrator.execute(EngineExecutionOrchestrator.java:127) ~[junit-platform-launcher-1.9.2.jar:1.9.2]
	at org.junit.platform.launcher.core.EngineExecutionOrchestrator.execute(EngineExecutionOrchestrator.java:90) ~[junit-platform-launcher-1.9.2.jar:1.9.2]
	at org.junit.platform.launcher.core.EngineExecutionOrchestrator.lambda$execute$0(EngineExecutionOrchestrator.java:55) ~[junit-platform-launcher-1.9.2.jar:1.9.2]
	at org.junit.platform.launcher.core.EngineExecutionOrchestrator.withInterceptedStreams(EngineExecutionOrchestrator.java:102) [junit-platform-launcher-1.9.2.jar:1.9.2]
	at org.junit.platform.launcher.core.EngineExecutionOrchestrator.execute(EngineExecutionOrchestrator.java:54) [junit-platform-launcher-1.9.2.jar:1.9.2]
	at org.junit.platform.launcher.core.DefaultLauncher.execute(DefaultLauncher.java:114) [junit-platform-launcher-1.9.2.jar:1.9.2]
	at org.junit.platform.launcher.core.DefaultLauncher.execute(DefaultLauncher.java:86) [junit-platform-launcher-1.9.2.jar:1.9.2]
	at org.junit.platform.launcher.core.DefaultLauncherSession$DelegatingLauncher.execute(DefaultLauncherSession.java:86) [junit-platform-launcher-1.9.2.jar:1.9.2]
	at org.apache.maven.surefire.junitplatform.LazyLauncher.execute(LazyLauncher.java:56) [surefire-junit-platform-3.1.2.jar:3.1.2]
	at org.apache.maven.surefire.junitplatform.JUnitPlatformProvider.execute(JUnitPlatformProvider.java:184) [surefire-junit-platform-3.1.2.jar:3.1.2]
	at org.apache.maven.surefire.junitplatform.JUnitPlatformProvider.invokeAllTests(JUnitPlatformProvider.java:148) [surefire-junit-platform-3.1.2.jar:3.1.2]
	at org.apache.maven.surefire.junitplatform.JUnitPlatformProvider.invoke(JUnitPlatformProvider.java:122) [surefire-junit-platform-3.1.2.jar:3.1.2]
	at org.apache.maven.surefire.booter.ForkedBooter.runSuitesInProcess(ForkedBooter.java:385) [surefire-booter-3.1.2.jar:3.1.2]
	at org.apache.maven.surefire.booter.ForkedBooter.execute(ForkedBooter.java:162) [surefire-booter-3.1.2.jar:3.1.2]
	at org.apache.maven.surefire.booter.ForkedBooter.run(ForkedBooter.java:507) [surefire-booter-3.1.2.jar:3.1.2]
	at org.apache.maven.surefire.booter.ForkedBooter.main(ForkedBooter.java:495) [surefire-booter-3.1.2.jar:3.1.2]
2025-05-16 09:44:20,278 org.apache.skywalking.oap.server.starter.config.ApplicationConfigLoader 80 [main] INFO  [] - Get a module define from application.yml, module name: agent-analyzer
2025-05-16 09:44:20,279 org.apache.skywalking.oap.server.starter.config.ApplicationConfigLoader 84 [main] INFO  [] - Get a provider define belong to agent-analyzer module, provider name: default
2025-05-16 09:44:20,279 org.apache.skywalking.oap.server.starter.config.ApplicationConfigLoader 80 [main] INFO  [] - Get a module define from application.yml, module name: log-analyzer
2025-05-16 09:44:20,279 org.apache.skywalking.oap.server.starter.config.ApplicationConfigLoader 84 [main] INFO  [] - Get a provider define belong to log-analyzer module, provider name: default
2025-05-16 09:44:20,280 org.apache.skywalking.oap.server.starter.config.ApplicationConfigLoader 80 [main] INFO  [] - Get a module define from application.yml, module name: event-analyzer
2025-05-16 09:44:20,280 org.apache.skywalking.oap.server.starter.config.ApplicationConfigLoader 84 [main] INFO  [] - Get a provider define belong to event-analyzer module, provider name: default
2025-05-16 09:44:20,280 org.apache.skywalking.oap.server.starter.config.ApplicationConfigLoader 80 [main] INFO  [] - Get a module define from application.yml, module name: receiver-sharing-server
2025-05-16 09:44:20,280 org.apache.skywalking.oap.server.starter.config.ApplicationConfigLoader 84 [main] INFO  [] - Get a provider define belong to receiver-sharing-server module, provider name: default
2025-05-16 09:44:20,281 org.apache.skywalking.oap.server.starter.config.ApplicationConfigLoader 80 [main] INFO  [] - Get a module define from application.yml, module name: receiver-register
2025-05-16 09:44:20,281 org.apache.skywalking.oap.server.starter.config.ApplicationConfigLoader 84 [main] INFO  [] - Get a provider define belong to receiver-register module, provider name: default
2025-05-16 09:44:20,282 org.apache.skywalking.oap.server.starter.config.ApplicationConfigLoader 80 [main] INFO  [] - Get a module define from application.yml, module name: receiver-trace
2025-05-16 09:44:20,282 org.apache.skywalking.oap.server.starter.config.ApplicationConfigLoader 84 [main] INFO  [] - Get a provider define belong to receiver-trace module, provider name: default
2025-05-16 09:44:20,282 org.apache.skywalking.oap.server.starter.config.ApplicationConfigLoader 80 [main] INFO  [] - Get a module define from application.yml, module name: receiver-jvm
2025-05-16 09:44:20,282 org.apache.skywalking.oap.server.starter.config.ApplicationConfigLoader 84 [main] INFO  [] - Get a provider define belong to receiver-jvm module, provider name: default
2025-05-16 09:44:20,282 org.apache.skywalking.oap.server.starter.config.ApplicationConfigLoader 80 [main] INFO  [] - Get a module define from application.yml, module name: receiver-clr
2025-05-16 09:44:20,282 org.apache.skywalking.oap.server.starter.config.ApplicationConfigLoader 84 [main] INFO  [] - Get a provider define belong to receiver-clr module, provider name: default
2025-05-16 09:44:20,282 org.apache.skywalking.oap.server.starter.config.ApplicationConfigLoader 80 [main] INFO  [] - Get a module define from application.yml, module name: receiver-profile
2025-05-16 09:44:20,283 org.apache.skywalking.oap.server.starter.config.ApplicationConfigLoader 84 [main] INFO  [] - Get a provider define belong to receiver-profile module, provider name: default
2025-05-16 09:44:20,283 org.apache.skywalking.oap.server.starter.config.ApplicationConfigLoader 80 [main] INFO  [] - Get a module define from application.yml, module name: receiver-async-profiler
2025-05-16 09:44:20,283 org.apache.skywalking.oap.server.starter.config.ApplicationConfigLoader 84 [main] INFO  [] - Get a provider define belong to receiver-async-profiler module, provider name: default
2025-05-16 09:44:20,283 org.apache.skywalking.oap.server.starter.config.ApplicationConfigLoader 80 [main] INFO  [] - Get a module define from application.yml, module name: service-mesh
2025-05-16 09:44:20,284 org.apache.skywalking.oap.server.starter.config.ApplicationConfigLoader 84 [main] INFO  [] - Get a provider define belong to service-mesh module, provider name: default
2025-05-16 09:44:20,284 org.apache.skywalking.oap.server.starter.config.ApplicationConfigLoader 80 [main] INFO  [] - Get a module define from application.yml, module name: envoy-metric
2025-05-16 09:44:20,284 org.apache.skywalking.oap.server.starter.config.ApplicationConfigLoader 84 [main] INFO  [] - Get a provider define belong to envoy-metric module, provider name: default
2025-05-16 09:44:20,285 org.apache.skywalking.oap.server.starter.config.ApplicationConfigLoader 80 [main] INFO  [] - Get a module define from application.yml, module name: receiver-meter
2025-05-16 09:44:20,286 org.apache.skywalking.oap.server.starter.config.ApplicationConfigLoader 84 [main] INFO  [] - Get a provider define belong to receiver-meter module, provider name: default
2025-05-16 09:44:20,286 org.apache.skywalking.oap.server.starter.config.ApplicationConfigLoader 80 [main] INFO  [] - Get a module define from application.yml, module name: receiver-otel
2025-05-16 09:44:20,286 org.apache.skywalking.oap.server.starter.config.ApplicationConfigLoader 84 [main] INFO  [] - Get a provider define belong to receiver-otel module, provider name: default
2025-05-16 09:44:20,286 org.apache.skywalking.oap.server.starter.config.ApplicationConfigLoader 80 [main] INFO  [] - Get a module define from application.yml, module name: receiver-zipkin
2025-05-16 09:44:20,286 org.apache.skywalking.oap.server.starter.config.ApplicationConfigLoader 84 [main] INFO  [] - Get a provider define belong to receiver-zipkin module, provider name: default
2025-05-16 09:44:20,288 org.apache.skywalking.oap.server.starter.config.ApplicationConfigLoader 80 [main] INFO  [] - Get a module define from application.yml, module name: receiver-browser
2025-05-16 09:44:20,288 org.apache.skywalking.oap.server.starter.config.ApplicationConfigLoader 84 [main] INFO  [] - Get a provider define belong to receiver-browser module, provider name: default
2025-05-16 09:44:20,288 org.apache.skywalking.oap.server.starter.config.ApplicationConfigLoader 80 [main] INFO  [] - Get a module define from application.yml, module name: receiver-log
2025-05-16 09:44:20,288 org.apache.skywalking.oap.server.starter.config.ApplicationConfigLoader 84 [main] INFO  [] - Get a provider define belong to receiver-log module, provider name: default
2025-05-16 09:44:20,288 org.apache.skywalking.oap.server.starter.config.ApplicationConfigLoader 80 [main] INFO  [] - Get a module define from application.yml, module name: query
2025-05-16 09:44:20,289 org.apache.skywalking.oap.server.starter.config.ApplicationConfigLoader 84 [main] INFO  [] - Get a provider define belong to query module, provider name: graphql
2025-05-16 09:44:20,289 org.apache.skywalking.oap.server.starter.config.ApplicationConfigLoader 80 [main] INFO  [] - Get a module define from application.yml, module name: promql
2025-05-16 09:44:20,289 org.apache.skywalking.oap.server.starter.config.ApplicationConfigLoader 84 [main] INFO  [] - Get a provider define belong to promql module, provider name: default
2025-05-16 09:44:20,290 org.apache.skywalking.oap.server.starter.config.ApplicationConfigLoader 80 [main] INFO  [] - Get a module define from application.yml, module name: logql
2025-05-16 09:44:20,290 org.apache.skywalking.oap.server.starter.config.ApplicationConfigLoader 84 [main] INFO  [] - Get a provider define belong to logql module, provider name: default
2025-05-16 09:44:20,290 org.apache.skywalking.oap.server.starter.config.ApplicationConfigLoader 80 [main] INFO  [] - Get a module define from application.yml, module name: alarm
2025-05-16 09:44:20,290 org.apache.skywalking.oap.server.starter.config.ApplicationConfigLoader 84 [main] INFO  [] - Get a provider define belong to alarm module, provider name: default
2025-05-16 09:44:20,290 org.apache.skywalking.oap.server.starter.config.ApplicationConfigLoader 80 [main] INFO  [] - Get a module define from application.yml, module name: telemetry
2025-05-16 09:44:20,290 org.apache.skywalking.oap.server.starter.config.ApplicationConfigLoader 84 [main] INFO  [] - Get a provider define belong to telemetry module, provider name: prometheus
2025-05-16 09:44:20,291 org.apache.skywalking.oap.server.starter.config.ApplicationConfigLoader 80 [main] INFO  [] - Get a module define from application.yml, module name: configuration
2025-05-16 09:44:20,291 org.apache.skywalking.oap.server.starter.config.ApplicationConfigLoader 84 [main] INFO  [] - Get a provider define belong to configuration module, provider name: none
2025-05-16 09:44:20,291 org.apache.skywalking.oap.server.starter.config.ApplicationConfigLoader 80 [main] INFO  [] - Get a module define from application.yml, module name: status-query
2025-05-16 09:44:20,291 org.apache.skywalking.oap.server.starter.config.ApplicationConfigLoader 84 [main] INFO  [] - Get a provider define belong to status-query module, provider name: default
2025-05-16 09:44:20,291 org.apache.skywalking.oap.server.starter.config.ApplicationConfigLoader 80 [main] INFO  [] - Get a module define from application.yml, module name: configuration-discovery
2025-05-16 09:44:20,291 org.apache.skywalking.oap.server.starter.config.ApplicationConfigLoader 84 [main] INFO  [] - Get a provider define belong to configuration-discovery module, provider name: default
2025-05-16 09:44:20,291 org.apache.skywalking.oap.server.starter.config.ApplicationConfigLoader 80 [main] INFO  [] - Get a module define from application.yml, module name: receiver-event
2025-05-16 09:44:20,291 org.apache.skywalking.oap.server.starter.config.ApplicationConfigLoader 84 [main] INFO  [] - Get a provider define belong to receiver-event module, provider name: default
2025-05-16 09:44:20,291 org.apache.skywalking.oap.server.starter.config.ApplicationConfigLoader 80 [main] INFO  [] - Get a module define from application.yml, module name: receiver-ebpf
2025-05-16 09:44:20,291 org.apache.skywalking.oap.server.starter.config.ApplicationConfigLoader 84 [main] INFO  [] - Get a provider define belong to receiver-ebpf module, provider name: default
2025-05-16 09:44:20,292 org.apache.skywalking.oap.server.starter.config.ApplicationConfigLoader 80 [main] INFO  [] - Get a module define from application.yml, module name: receiver-telegraf
2025-05-16 09:44:20,292 org.apache.skywalking.oap.server.starter.config.ApplicationConfigLoader 84 [main] INFO  [] - Get a provider define belong to receiver-telegraf module, provider name: default
2025-05-16 09:44:20,292 org.apache.skywalking.oap.server.starter.config.ApplicationConfigLoader 80 [main] INFO  [] - Get a module define from application.yml, module name: aws-firehose
2025-05-16 09:44:20,292 org.apache.skywalking.oap.server.starter.config.ApplicationConfigLoader 84 [main] INFO  [] - Get a provider define belong to aws-firehose module, provider name: default
2025-05-16 09:44:20,292 org.apache.skywalking.oap.server.library.util.YamlConfigLoaderUtils 40 [main] INFO  [] - Provider=default config=firehoseAccessKey has been set as an empty string
2025-05-16 09:44:20,292 org.apache.skywalking.oap.server.library.util.YamlConfigLoaderUtils 40 [main] INFO  [] - Provider=default config=tlsKeyPath has been set as an empty string
2025-05-16 09:44:20,292 org.apache.skywalking.oap.server.library.util.YamlConfigLoaderUtils 40 [main] INFO  [] - Provider=default config=tlsCertChainPath has been set as an empty string
2025-05-16 09:44:20,293 org.apache.skywalking.oap.server.starter.config.ApplicationConfigLoader 80 [main] INFO  [] - Get a module define from application.yml, module name: ai-pipeline
2025-05-16 09:44:20,293 org.apache.skywalking.oap.server.starter.config.ApplicationConfigLoader 84 [main] INFO  [] - Get a provider define belong to ai-pipeline module, provider name: default
2025-05-16 09:44:20,293 org.apache.skywalking.oap.server.library.util.YamlConfigLoaderUtils 40 [main] INFO  [] - Provider=default config=uriRecognitionServerAddr has been set as an empty string
2025-05-16 09:44:20,293 org.apache.skywalking.oap.server.library.util.YamlConfigLoaderUtils 40 [main] INFO  [] - Provider=default config=baselineServerAddr has been set as an empty string
]]></system-out>
  </testcase>
  <testcase name="testLoadConfig" classname="org.apache.skywalking.oap.server.starter.config.ApplicationConfigLoaderTestCase" time="0.061">
    <system-out><![CDATA[2025-05-16 09:44:20,303 org.apache.skywalking.oap.server.starter.config.ApplicationConfigLoader 157 [main] INFO  [] - Remove module receiver-zabbix without any provider
2025-05-16 09:44:20,303 org.apache.skywalking.oap.server.starter.config.ApplicationConfigLoader 157 [main] INFO  [] - Remove module kafka-fetcher without any provider
2025-05-16 09:44:20,304 org.apache.skywalking.oap.server.starter.config.ApplicationConfigLoader 157 [main] INFO  [] - Remove module cilium-fetcher without any provider
2025-05-16 09:44:20,304 org.apache.skywalking.oap.server.starter.config.ApplicationConfigLoader 157 [main] INFO  [] - Remove module query-zipkin without any provider
2025-05-16 09:44:20,304 org.apache.skywalking.oap.server.starter.config.ApplicationConfigLoader 157 [main] INFO  [] - Remove module exporter without any provider
2025-05-16 09:44:20,304 org.apache.skywalking.oap.server.starter.config.ApplicationConfigLoader 157 [main] INFO  [] - Remove module health-checker without any provider
2025-05-16 09:44:20,305 org.apache.skywalking.oap.server.starter.config.ApplicationConfigLoader 80 [main] INFO  [] - Get a module define from application.yml, module name: cluster
2025-05-16 09:44:20,305 org.apache.skywalking.oap.server.starter.config.ApplicationConfigLoader 84 [main] INFO  [] - Get a provider define belong to cluster module, provider name: standalone
2025-05-16 09:44:20,305 org.apache.skywalking.oap.server.starter.config.ApplicationConfigLoader 80 [main] INFO  [] - Get a module define from application.yml, module name: core
2025-05-16 09:44:20,305 org.apache.skywalking.oap.server.starter.config.ApplicationConfigLoader 84 [main] INFO  [] - Get a provider define belong to core module, provider name: default
2025-05-16 09:44:20,308 org.apache.skywalking.oap.server.starter.config.ApplicationConfigLoader 80 [main] INFO  [] - Get a module define from application.yml, module name: storage
2025-05-16 09:44:20,308 org.apache.skywalking.oap.server.starter.config.ApplicationConfigLoader 84 [main] INFO  [] - Get a provider define belong to storage module, provider name: mysql
2025-05-16 09:44:20,309 org.apache.skywalking.oap.server.library.util.YamlConfigLoaderUtils 59 [main] WARN  [] - yaml convert value type error, use origin values string. valueString=!AI!3B
org.yaml.snakeyaml.parser.ParserException: while parsing a node
 in 'string', line 1, column 1:
    !AI!3B
    ^
found undefined tag handle !AI!
 in 'string', line 1, column 1:
    !AI!3B
    ^

	at org.yaml.snakeyaml.parser.ParserImpl.parseNode(ParserImpl.java:453) ~[snakeyaml-2.0.jar:?]
	at org.yaml.snakeyaml.parser.ParserImpl.access$1200(ParserImpl.java:119) ~[snakeyaml-2.0.jar:?]
	at org.yaml.snakeyaml.parser.ParserImpl$ParseBlockNode.produce(ParserImpl.java:400) ~[snakeyaml-2.0.jar:?]
	at org.yaml.snakeyaml.parser.ParserImpl.peekEvent(ParserImpl.java:162) ~[snakeyaml-2.0.jar:?]
	at org.yaml.snakeyaml.comments.CommentEventsCollector$1.peek(CommentEventsCollector.java:57) ~[snakeyaml-2.0.jar:?]
	at org.yaml.snakeyaml.comments.CommentEventsCollector$1.peek(CommentEventsCollector.java:43) ~[snakeyaml-2.0.jar:?]
	at org.yaml.snakeyaml.comments.CommentEventsCollector.collectEvents(CommentEventsCollector.java:136) ~[snakeyaml-2.0.jar:?]
	at org.yaml.snakeyaml.comments.CommentEventsCollector.collectEvents(CommentEventsCollector.java:116) ~[snakeyaml-2.0.jar:?]
	at org.yaml.snakeyaml.composer.Composer.composeNode(Composer.java:172) ~[snakeyaml-2.0.jar:?]
	at org.yaml.snakeyaml.composer.Composer.getNode(Composer.java:131) ~[snakeyaml-2.0.jar:?]
	at org.yaml.snakeyaml.composer.Composer.getSingleNode(Composer.java:157) ~[snakeyaml-2.0.jar:?]
	at org.yaml.snakeyaml.constructor.BaseConstructor.getSingleData(BaseConstructor.java:178) ~[snakeyaml-2.0.jar:?]
	at org.yaml.snakeyaml.Yaml.loadFromReader(Yaml.java:493) ~[snakeyaml-2.0.jar:?]
	at org.yaml.snakeyaml.Yaml.load(Yaml.java:422) ~[snakeyaml-2.0.jar:?]
	at org.apache.skywalking.oap.server.library.util.YamlConfigLoaderUtils.convertValueString(YamlConfigLoaderUtils.java:52) ~[classes/:?]
	at org.apache.skywalking.oap.server.library.util.YamlConfigLoaderUtils.replacePropertyAndLog(YamlConfigLoaderUtils.java:43) ~[classes/:?]
	at org.apache.skywalking.oap.server.starter.config.ApplicationConfigLoader.lambda$loadConfig$0(ApplicationConfigLoader.java:97) ~[classes/:?]
	at java.util.LinkedHashMap.forEach(LinkedHashMap.java:721) ~[?:?]
	at org.apache.skywalking.oap.server.starter.config.ApplicationConfigLoader.lambda$loadConfig$1(ApplicationConfigLoader.java:95) ~[classes/:?]
	at java.util.LinkedHashMap.forEach(LinkedHashMap.java:721) ~[?:?]
	at org.apache.skywalking.oap.server.starter.config.ApplicationConfigLoader.lambda$loadConfig$2(ApplicationConfigLoader.java:92) ~[classes/:?]
	at java.util.LinkedHashMap.forEach(LinkedHashMap.java:721) ~[?:?]
	at org.apache.skywalking.oap.server.starter.config.ApplicationConfigLoader.lambda$loadConfig$3(ApplicationConfigLoader.java:83) ~[classes/:?]
	at java.util.LinkedHashMap.forEach(LinkedHashMap.java:721) ~[?:?]
	at org.apache.skywalking.oap.server.starter.config.ApplicationConfigLoader.loadConfig(ApplicationConfigLoader.java:78) ~[classes/:?]
	at org.apache.skywalking.oap.server.starter.config.ApplicationConfigLoader.load(ApplicationConfigLoader.java:66) ~[classes/:?]
	at org.apache.skywalking.oap.server.starter.config.ApplicationConfigLoaderTestCase.setUp(ApplicationConfigLoaderTestCase.java:41) ~[test-classes/:?]
	at jdk.internal.reflect.NativeMethodAccessorImpl.invoke0(Native Method) ~[?:?]
	at jdk.internal.reflect.NativeMethodAccessorImpl.invoke(NativeMethodAccessorImpl.java:77) ~[?:?]
	at jdk.internal.reflect.DelegatingMethodAccessorImpl.invoke(DelegatingMethodAccessorImpl.java:43) ~[?:?]
	at java.lang.reflect.Method.invoke(Method.java:568) ~[?:?]
	at org.junit.platform.commons.util.ReflectionUtils.invokeMethod(ReflectionUtils.java:727) ~[junit-platform-commons-1.9.2.jar:1.9.2]
	at org.junit.jupiter.engine.execution.MethodInvocation.proceed(MethodInvocation.java:60) ~[junit-jupiter-engine-5.9.2.jar:5.9.2]
	at org.junit.jupiter.engine.execution.InvocationInterceptorChain$ValidatingInvocation.proceed(InvocationInterceptorChain.java:131) ~[junit-jupiter-engine-5.9.2.jar:5.9.2]
	at org.junit.jupiter.engine.extension.TimeoutExtension.intercept(TimeoutExtension.java:156) ~[junit-jupiter-engine-5.9.2.jar:5.9.2]
	at org.junit.jupiter.engine.extension.TimeoutExtension.interceptLifecycleMethod(TimeoutExtension.java:128) ~[junit-jupiter-engine-5.9.2.jar:5.9.2]
	at org.junit.jupiter.engine.extension.TimeoutExtension.interceptBeforeEachMethod(TimeoutExtension.java:78) ~[junit-jupiter-engine-5.9.2.jar:5.9.2]
	at org.junit.jupiter.engine.execution.InterceptingExecutableInvoker$ReflectiveInterceptorCall.lambda$ofVoidMethod$0(InterceptingExecutableInvoker.java:103) ~[junit-jupiter-engine-5.9.2.jar:5.9.2]
	at org.junit.jupiter.engine.execution.InterceptingExecutableInvoker.lambda$invoke$0(InterceptingExecutableInvoker.java:93) ~[junit-jupiter-engine-5.9.2.jar:5.9.2]
	at org.junit.jupiter.engine.execution.InvocationInterceptorChain$InterceptedInvocation.proceed(InvocationInterceptorChain.java:106) ~[junit-jupiter-engine-5.9.2.jar:5.9.2]
	at org.junit.jupiter.engine.execution.InvocationInterceptorChain.proceed(InvocationInterceptorChain.java:64) ~[junit-jupiter-engine-5.9.2.jar:5.9.2]
	at org.junit.jupiter.engine.execution.InvocationInterceptorChain.chainAndInvoke(InvocationInterceptorChain.java:45) ~[junit-jupiter-engine-5.9.2.jar:5.9.2]
	at org.junit.jupiter.engine.execution.InvocationInterceptorChain.invoke(InvocationInterceptorChain.java:37) ~[junit-jupiter-engine-5.9.2.jar:5.9.2]
	at org.junit.jupiter.engine.execution.InterceptingExecutableInvoker.invoke(InterceptingExecutableInvoker.java:92) ~[junit-jupiter-engine-5.9.2.jar:5.9.2]
	at org.junit.jupiter.engine.execution.InterceptingExecutableInvoker.invoke(InterceptingExecutableInvoker.java:86) ~[junit-jupiter-engine-5.9.2.jar:5.9.2]
	at org.junit.jupiter.engine.descriptor.ClassBasedTestDescriptor.invokeMethodInExtensionContext(ClassBasedTestDescriptor.java:520) ~[junit-jupiter-engine-5.9.2.jar:5.9.2]
	at org.junit.jupiter.engine.descriptor.ClassBasedTestDescriptor.lambda$synthesizeBeforeEachMethodAdapter$23(ClassBasedTestDescriptor.java:505) ~[junit-jupiter-engine-5.9.2.jar:5.9.2]
	at org.junit.jupiter.engine.descriptor.TestMethodTestDescriptor.lambda$invokeBeforeEachMethods$3(TestMethodTestDescriptor.java:174) ~[junit-jupiter-engine-5.9.2.jar:5.9.2]
	at org.junit.jupiter.engine.descriptor.TestMethodTestDescriptor.lambda$invokeBeforeMethodsOrCallbacksUntilExceptionOccurs$6(TestMethodTestDescriptor.java:202) ~[junit-jupiter-engine-5.9.2.jar:5.9.2]
	at org.junit.platform.engine.support.hierarchical.ThrowableCollector.execute(ThrowableCollector.java:73) ~[junit-platform-engine-1.9.2.jar:1.9.2]
	at org.junit.jupiter.engine.descriptor.TestMethodTestDescriptor.invokeBeforeMethodsOrCallbacksUntilExceptionOccurs(TestMethodTestDescriptor.java:202) ~[junit-jupiter-engine-5.9.2.jar:5.9.2]
	at org.junit.jupiter.engine.descriptor.TestMethodTestDescriptor.invokeBeforeEachMethods(TestMethodTestDescriptor.java:171) ~[junit-jupiter-engine-5.9.2.jar:5.9.2]
	at org.junit.jupiter.engine.descriptor.TestMethodTestDescriptor.execute(TestMethodTestDescriptor.java:134) ~[junit-jupiter-engine-5.9.2.jar:5.9.2]
	at org.junit.jupiter.engine.descriptor.TestMethodTestDescriptor.execute(TestMethodTestDescriptor.java:68) ~[junit-jupiter-engine-5.9.2.jar:5.9.2]
	at org.junit.platform.engine.support.hierarchical.NodeTestTask.lambda$executeRecursively$6(NodeTestTask.java:151) ~[junit-platform-engine-1.9.2.jar:1.9.2]
	at org.junit.platform.engine.support.hierarchical.ThrowableCollector.execute(ThrowableCollector.java:73) ~[junit-platform-engine-1.9.2.jar:1.9.2]
	at org.junit.platform.engine.support.hierarchical.NodeTestTask.lambda$executeRecursively$8(NodeTestTask.java:141) ~[junit-platform-engine-1.9.2.jar:1.9.2]
	at org.junit.platform.engine.support.hierarchical.Node.around(Node.java:137) ~[junit-platform-engine-1.9.2.jar:1.9.2]
	at org.junit.platform.engine.support.hierarchical.NodeTestTask.lambda$executeRecursively$9(NodeTestTask.java:139) ~[junit-platform-engine-1.9.2.jar:1.9.2]
	at org.junit.platform.engine.support.hierarchical.ThrowableCollector.execute(ThrowableCollector.java:73) ~[junit-platform-engine-1.9.2.jar:1.9.2]
	at org.junit.platform.engine.support.hierarchical.NodeTestTask.executeRecursively(NodeTestTask.java:138) ~[junit-platform-engine-1.9.2.jar:1.9.2]
	at org.junit.platform.engine.support.hierarchical.NodeTestTask.execute(NodeTestTask.java:95) ~[junit-platform-engine-1.9.2.jar:1.9.2]
	at java.util.ArrayList.forEach(ArrayList.java:1511) ~[?:?]
	at org.junit.platform.engine.support.hierarchical.SameThreadHierarchicalTestExecutorService.invokeAll(SameThreadHierarchicalTestExecutorService.java:41) ~[junit-platform-engine-1.9.2.jar:1.9.2]
	at org.junit.platform.engine.support.hierarchical.NodeTestTask.lambda$executeRecursively$6(NodeTestTask.java:155) ~[junit-platform-engine-1.9.2.jar:1.9.2]
	at org.junit.platform.engine.support.hierarchical.ThrowableCollector.execute(ThrowableCollector.java:73) ~[junit-platform-engine-1.9.2.jar:1.9.2]
	at org.junit.platform.engine.support.hierarchical.NodeTestTask.lambda$executeRecursively$8(NodeTestTask.java:141) ~[junit-platform-engine-1.9.2.jar:1.9.2]
	at org.junit.platform.engine.support.hierarchical.Node.around(Node.java:137) ~[junit-platform-engine-1.9.2.jar:1.9.2]
	at org.junit.platform.engine.support.hierarchical.NodeTestTask.lambda$executeRecursively$9(NodeTestTask.java:139) ~[junit-platform-engine-1.9.2.jar:1.9.2]
	at org.junit.platform.engine.support.hierarchical.ThrowableCollector.execute(ThrowableCollector.java:73) ~[junit-platform-engine-1.9.2.jar:1.9.2]
	at org.junit.platform.engine.support.hierarchical.NodeTestTask.executeRecursively(NodeTestTask.java:138) ~[junit-platform-engine-1.9.2.jar:1.9.2]
	at org.junit.platform.engine.support.hierarchical.NodeTestTask.execute(NodeTestTask.java:95) ~[junit-platform-engine-1.9.2.jar:1.9.2]
	at java.util.ArrayList.forEach(ArrayList.java:1511) ~[?:?]
	at org.junit.platform.engine.support.hierarchical.SameThreadHierarchicalTestExecutorService.invokeAll(SameThreadHierarchicalTestExecutorService.java:41) ~[junit-platform-engine-1.9.2.jar:1.9.2]
	at org.junit.platform.engine.support.hierarchical.NodeTestTask.lambda$executeRecursively$6(NodeTestTask.java:155) ~[junit-platform-engine-1.9.2.jar:1.9.2]
	at org.junit.platform.engine.support.hierarchical.ThrowableCollector.execute(ThrowableCollector.java:73) ~[junit-platform-engine-1.9.2.jar:1.9.2]
	at org.junit.platform.engine.support.hierarchical.NodeTestTask.lambda$executeRecursively$8(NodeTestTask.java:141) ~[junit-platform-engine-1.9.2.jar:1.9.2]
	at org.junit.platform.engine.support.hierarchical.Node.around(Node.java:137) ~[junit-platform-engine-1.9.2.jar:1.9.2]
	at org.junit.platform.engine.support.hierarchical.NodeTestTask.lambda$executeRecursively$9(NodeTestTask.java:139) ~[junit-platform-engine-1.9.2.jar:1.9.2]
	at org.junit.platform.engine.support.hierarchical.ThrowableCollector.execute(ThrowableCollector.java:73) ~[junit-platform-engine-1.9.2.jar:1.9.2]
	at org.junit.platform.engine.support.hierarchical.NodeTestTask.executeRecursively(NodeTestTask.java:138) ~[junit-platform-engine-1.9.2.jar:1.9.2]
	at org.junit.platform.engine.support.hierarchical.NodeTestTask.execute(NodeTestTask.java:95) ~[junit-platform-engine-1.9.2.jar:1.9.2]
	at org.junit.platform.engine.support.hierarchical.SameThreadHierarchicalTestExecutorService.submit(SameThreadHierarchicalTestExecutorService.java:35) ~[junit-platform-engine-1.9.2.jar:1.9.2]
	at org.junit.platform.engine.support.hierarchical.HierarchicalTestExecutor.execute(HierarchicalTestExecutor.java:57) ~[junit-platform-engine-1.9.2.jar:1.9.2]
	at org.junit.platform.engine.support.hierarchical.HierarchicalTestEngine.execute(HierarchicalTestEngine.java:54) ~[junit-platform-engine-1.9.2.jar:1.9.2]
	at org.junit.platform.launcher.core.EngineExecutionOrchestrator.execute(EngineExecutionOrchestrator.java:147) ~[junit-platform-launcher-1.9.2.jar:1.9.2]
	at org.junit.platform.launcher.core.EngineExecutionOrchestrator.execute(EngineExecutionOrchestrator.java:127) ~[junit-platform-launcher-1.9.2.jar:1.9.2]
	at org.junit.platform.launcher.core.EngineExecutionOrchestrator.execute(EngineExecutionOrchestrator.java:90) ~[junit-platform-launcher-1.9.2.jar:1.9.2]
	at org.junit.platform.launcher.core.EngineExecutionOrchestrator.lambda$execute$0(EngineExecutionOrchestrator.java:55) ~[junit-platform-launcher-1.9.2.jar:1.9.2]
	at org.junit.platform.launcher.core.EngineExecutionOrchestrator.withInterceptedStreams(EngineExecutionOrchestrator.java:102) [junit-platform-launcher-1.9.2.jar:1.9.2]
	at org.junit.platform.launcher.core.EngineExecutionOrchestrator.execute(EngineExecutionOrchestrator.java:54) [junit-platform-launcher-1.9.2.jar:1.9.2]
	at org.junit.platform.launcher.core.DefaultLauncher.execute(DefaultLauncher.java:114) [junit-platform-launcher-1.9.2.jar:1.9.2]
	at org.junit.platform.launcher.core.DefaultLauncher.execute(DefaultLauncher.java:86) [junit-platform-launcher-1.9.2.jar:1.9.2]
	at org.junit.platform.launcher.core.DefaultLauncherSession$DelegatingLauncher.execute(DefaultLauncherSession.java:86) [junit-platform-launcher-1.9.2.jar:1.9.2]
	at org.apache.maven.surefire.junitplatform.LazyLauncher.execute(LazyLauncher.java:56) [surefire-junit-platform-3.1.2.jar:3.1.2]
	at org.apache.maven.surefire.junitplatform.JUnitPlatformProvider.execute(JUnitPlatformProvider.java:184) [surefire-junit-platform-3.1.2.jar:3.1.2]
	at org.apache.maven.surefire.junitplatform.JUnitPlatformProvider.invokeAllTests(JUnitPlatformProvider.java:148) [surefire-junit-platform-3.1.2.jar:3.1.2]
	at org.apache.maven.surefire.junitplatform.JUnitPlatformProvider.invoke(JUnitPlatformProvider.java:122) [surefire-junit-platform-3.1.2.jar:3.1.2]
	at org.apache.maven.surefire.booter.ForkedBooter.runSuitesInProcess(ForkedBooter.java:385) [surefire-booter-3.1.2.jar:3.1.2]
	at org.apache.maven.surefire.booter.ForkedBooter.execute(ForkedBooter.java:162) [surefire-booter-3.1.2.jar:3.1.2]
	at org.apache.maven.surefire.booter.ForkedBooter.run(ForkedBooter.java:507) [surefire-booter-3.1.2.jar:3.1.2]
	at org.apache.maven.surefire.booter.ForkedBooter.main(ForkedBooter.java:495) [surefire-booter-3.1.2.jar:3.1.2]
2025-05-16 09:44:20,311 org.apache.skywalking.oap.server.starter.config.ApplicationConfigLoader 80 [main] INFO  [] - Get a module define from application.yml, module name: agent-analyzer
2025-05-16 09:44:20,311 org.apache.skywalking.oap.server.starter.config.ApplicationConfigLoader 84 [main] INFO  [] - Get a provider define belong to agent-analyzer module, provider name: default
2025-05-16 09:44:20,312 org.apache.skywalking.oap.server.starter.config.ApplicationConfigLoader 80 [main] INFO  [] - Get a module define from application.yml, module name: log-analyzer
2025-05-16 09:44:20,312 org.apache.skywalking.oap.server.starter.config.ApplicationConfigLoader 84 [main] INFO  [] - Get a provider define belong to log-analyzer module, provider name: default
2025-05-16 09:44:20,312 org.apache.skywalking.oap.server.starter.config.ApplicationConfigLoader 80 [main] INFO  [] - Get a module define from application.yml, module name: event-analyzer
2025-05-16 09:44:20,312 org.apache.skywalking.oap.server.starter.config.ApplicationConfigLoader 84 [main] INFO  [] - Get a provider define belong to event-analyzer module, provider name: default
2025-05-16 09:44:20,312 org.apache.skywalking.oap.server.starter.config.ApplicationConfigLoader 80 [main] INFO  [] - Get a module define from application.yml, module name: receiver-sharing-server
2025-05-16 09:44:20,312 org.apache.skywalking.oap.server.starter.config.ApplicationConfigLoader 84 [main] INFO  [] - Get a provider define belong to receiver-sharing-server module, provider name: default
2025-05-16 09:44:20,313 org.apache.skywalking.oap.server.starter.config.ApplicationConfigLoader 80 [main] INFO  [] - Get a module define from application.yml, module name: receiver-register
2025-05-16 09:44:20,313 org.apache.skywalking.oap.server.starter.config.ApplicationConfigLoader 84 [main] INFO  [] - Get a provider define belong to receiver-register module, provider name: default
2025-05-16 09:44:20,313 org.apache.skywalking.oap.server.starter.config.ApplicationConfigLoader 80 [main] INFO  [] - Get a module define from application.yml, module name: receiver-trace
2025-05-16 09:44:20,313 org.apache.skywalking.oap.server.starter.config.ApplicationConfigLoader 84 [main] INFO  [] - Get a provider define belong to receiver-trace module, provider name: default
2025-05-16 09:44:20,313 org.apache.skywalking.oap.server.starter.config.ApplicationConfigLoader 80 [main] INFO  [] - Get a module define from application.yml, module name: receiver-jvm
2025-05-16 09:44:20,314 org.apache.skywalking.oap.server.starter.config.ApplicationConfigLoader 84 [main] INFO  [] - Get a provider define belong to receiver-jvm module, provider name: default
2025-05-16 09:44:20,314 org.apache.skywalking.oap.server.starter.config.ApplicationConfigLoader 80 [main] INFO  [] - Get a module define from application.yml, module name: receiver-clr
2025-05-16 09:44:20,314 org.apache.skywalking.oap.server.starter.config.ApplicationConfigLoader 84 [main] INFO  [] - Get a provider define belong to receiver-clr module, provider name: default
2025-05-16 09:44:20,314 org.apache.skywalking.oap.server.starter.config.ApplicationConfigLoader 80 [main] INFO  [] - Get a module define from application.yml, module name: receiver-profile
2025-05-16 09:44:20,314 org.apache.skywalking.oap.server.starter.config.ApplicationConfigLoader 84 [main] INFO  [] - Get a provider define belong to receiver-profile module, provider name: default
2025-05-16 09:44:20,314 org.apache.skywalking.oap.server.starter.config.ApplicationConfigLoader 80 [main] INFO  [] - Get a module define from application.yml, module name: receiver-async-profiler
2025-05-16 09:44:20,314 org.apache.skywalking.oap.server.starter.config.ApplicationConfigLoader 84 [main] INFO  [] - Get a provider define belong to receiver-async-profiler module, provider name: default
2025-05-16 09:44:20,314 org.apache.skywalking.oap.server.starter.config.ApplicationConfigLoader 80 [main] INFO  [] - Get a module define from application.yml, module name: service-mesh
2025-05-16 09:44:20,314 org.apache.skywalking.oap.server.starter.config.ApplicationConfigLoader 84 [main] INFO  [] - Get a provider define belong to service-mesh module, provider name: default
2025-05-16 09:44:20,314 org.apache.skywalking.oap.server.starter.config.ApplicationConfigLoader 80 [main] INFO  [] - Get a module define from application.yml, module name: envoy-metric
2025-05-16 09:44:20,314 org.apache.skywalking.oap.server.starter.config.ApplicationConfigLoader 84 [main] INFO  [] - Get a provider define belong to envoy-metric module, provider name: default
2025-05-16 09:44:20,315 org.apache.skywalking.oap.server.starter.config.ApplicationConfigLoader 80 [main] INFO  [] - Get a module define from application.yml, module name: receiver-meter
2025-05-16 09:44:20,315 org.apache.skywalking.oap.server.starter.config.ApplicationConfigLoader 84 [main] INFO  [] - Get a provider define belong to receiver-meter module, provider name: default
2025-05-16 09:44:20,315 org.apache.skywalking.oap.server.starter.config.ApplicationConfigLoader 80 [main] INFO  [] - Get a module define from application.yml, module name: receiver-otel
2025-05-16 09:44:20,315 org.apache.skywalking.oap.server.starter.config.ApplicationConfigLoader 84 [main] INFO  [] - Get a provider define belong to receiver-otel module, provider name: default
2025-05-16 09:44:20,315 org.apache.skywalking.oap.server.starter.config.ApplicationConfigLoader 80 [main] INFO  [] - Get a module define from application.yml, module name: receiver-zipkin
2025-05-16 09:44:20,315 org.apache.skywalking.oap.server.starter.config.ApplicationConfigLoader 84 [main] INFO  [] - Get a provider define belong to receiver-zipkin module, provider name: default
2025-05-16 09:44:20,315 org.apache.skywalking.oap.server.starter.config.ApplicationConfigLoader 80 [main] INFO  [] - Get a module define from application.yml, module name: receiver-browser
2025-05-16 09:44:20,315 org.apache.skywalking.oap.server.starter.config.ApplicationConfigLoader 84 [main] INFO  [] - Get a provider define belong to receiver-browser module, provider name: default
2025-05-16 09:44:20,316 org.apache.skywalking.oap.server.starter.config.ApplicationConfigLoader 80 [main] INFO  [] - Get a module define from application.yml, module name: receiver-log
2025-05-16 09:44:20,316 org.apache.skywalking.oap.server.starter.config.ApplicationConfigLoader 84 [main] INFO  [] - Get a provider define belong to receiver-log module, provider name: default
2025-05-16 09:44:20,316 org.apache.skywalking.oap.server.starter.config.ApplicationConfigLoader 80 [main] INFO  [] - Get a module define from application.yml, module name: query
2025-05-16 09:44:20,316 org.apache.skywalking.oap.server.starter.config.ApplicationConfigLoader 84 [main] INFO  [] - Get a provider define belong to query module, provider name: graphql
2025-05-16 09:44:20,316 org.apache.skywalking.oap.server.starter.config.ApplicationConfigLoader 80 [main] INFO  [] - Get a module define from application.yml, module name: promql
2025-05-16 09:44:20,316 org.apache.skywalking.oap.server.starter.config.ApplicationConfigLoader 84 [main] INFO  [] - Get a provider define belong to promql module, provider name: default
2025-05-16 09:44:20,316 org.apache.skywalking.oap.server.starter.config.ApplicationConfigLoader 80 [main] INFO  [] - Get a module define from application.yml, module name: logql
2025-05-16 09:44:20,316 org.apache.skywalking.oap.server.starter.config.ApplicationConfigLoader 84 [main] INFO  [] - Get a provider define belong to logql module, provider name: default
2025-05-16 09:44:20,316 org.apache.skywalking.oap.server.starter.config.ApplicationConfigLoader 80 [main] INFO  [] - Get a module define from application.yml, module name: alarm
2025-05-16 09:44:20,316 org.apache.skywalking.oap.server.starter.config.ApplicationConfigLoader 84 [main] INFO  [] - Get a provider define belong to alarm module, provider name: default
2025-05-16 09:44:20,316 org.apache.skywalking.oap.server.starter.config.ApplicationConfigLoader 80 [main] INFO  [] - Get a module define from application.yml, module name: telemetry
2025-05-16 09:44:20,316 org.apache.skywalking.oap.server.starter.config.ApplicationConfigLoader 84 [main] INFO  [] - Get a provider define belong to telemetry module, provider name: prometheus
2025-05-16 09:44:20,317 org.apache.skywalking.oap.server.starter.config.ApplicationConfigLoader 80 [main] INFO  [] - Get a module define from application.yml, module name: configuration
2025-05-16 09:44:20,317 org.apache.skywalking.oap.server.starter.config.ApplicationConfigLoader 84 [main] INFO  [] - Get a provider define belong to configuration module, provider name: none
2025-05-16 09:44:20,317 org.apache.skywalking.oap.server.starter.config.ApplicationConfigLoader 80 [main] INFO  [] - Get a module define from application.yml, module name: status-query
2025-05-16 09:44:20,317 org.apache.skywalking.oap.server.starter.config.ApplicationConfigLoader 84 [main] INFO  [] - Get a provider define belong to status-query module, provider name: default
2025-05-16 09:44:20,317 org.apache.skywalking.oap.server.starter.config.ApplicationConfigLoader 80 [main] INFO  [] - Get a module define from application.yml, module name: configuration-discovery
2025-05-16 09:44:20,317 org.apache.skywalking.oap.server.starter.config.ApplicationConfigLoader 84 [main] INFO  [] - Get a provider define belong to configuration-discovery module, provider name: default
2025-05-16 09:44:20,317 org.apache.skywalking.oap.server.starter.config.ApplicationConfigLoader 80 [main] INFO  [] - Get a module define from application.yml, module name: receiver-event
2025-05-16 09:44:20,317 org.apache.skywalking.oap.server.starter.config.ApplicationConfigLoader 84 [main] INFO  [] - Get a provider define belong to receiver-event module, provider name: default
2025-05-16 09:44:20,317 org.apache.skywalking.oap.server.starter.config.ApplicationConfigLoader 80 [main] INFO  [] - Get a module define from application.yml, module name: receiver-ebpf
2025-05-16 09:44:20,317 org.apache.skywalking.oap.server.starter.config.ApplicationConfigLoader 84 [main] INFO  [] - Get a provider define belong to receiver-ebpf module, provider name: default
2025-05-16 09:44:20,317 org.apache.skywalking.oap.server.starter.config.ApplicationConfigLoader 80 [main] INFO  [] - Get a module define from application.yml, module name: receiver-telegraf
2025-05-16 09:44:20,317 org.apache.skywalking.oap.server.starter.config.ApplicationConfigLoader 84 [main] INFO  [] - Get a provider define belong to receiver-telegraf module, provider name: default
2025-05-16 09:44:20,318 org.apache.skywalking.oap.server.starter.config.ApplicationConfigLoader 80 [main] INFO  [] - Get a module define from application.yml, module name: aws-firehose
2025-05-16 09:44:20,318 org.apache.skywalking.oap.server.starter.config.ApplicationConfigLoader 84 [main] INFO  [] - Get a provider define belong to aws-firehose module, provider name: default
2025-05-16 09:44:20,318 org.apache.skywalking.oap.server.library.util.YamlConfigLoaderUtils 40 [main] INFO  [] - Provider=default config=firehoseAccessKey has been set as an empty string
2025-05-16 09:44:20,318 org.apache.skywalking.oap.server.library.util.YamlConfigLoaderUtils 40 [main] INFO  [] - Provider=default config=tlsKeyPath has been set as an empty string
2025-05-16 09:44:20,318 org.apache.skywalking.oap.server.library.util.YamlConfigLoaderUtils 40 [main] INFO  [] - Provider=default config=tlsCertChainPath has been set as an empty string
2025-05-16 09:44:20,318 org.apache.skywalking.oap.server.starter.config.ApplicationConfigLoader 80 [main] INFO  [] - Get a module define from application.yml, module name: ai-pipeline
2025-05-16 09:44:20,318 org.apache.skywalking.oap.server.starter.config.ApplicationConfigLoader 84 [main] INFO  [] - Get a provider define belong to ai-pipeline module, provider name: default
2025-05-16 09:44:20,318 org.apache.skywalking.oap.server.library.util.YamlConfigLoaderUtils 40 [main] INFO  [] - Provider=default config=uriRecognitionServerAddr has been set as an empty string
2025-05-16 09:44:20,318 org.apache.skywalking.oap.server.library.util.YamlConfigLoaderUtils 40 [main] INFO  [] - Provider=default config=baselineServerAddr has been set as an empty string
]]></system-out>
  </testcase>
  <testcase name="testLoadStringTypeConfig" classname="org.apache.skywalking.oap.server.starter.config.ApplicationConfigLoaderTestCase" time="0.011">
    <system-out><![CDATA[2025-05-16 09:44:20,360 org.apache.skywalking.oap.server.starter.config.ApplicationConfigLoader 157 [main] INFO  [] - Remove module receiver-zabbix without any provider
2025-05-16 09:44:20,360 org.apache.skywalking.oap.server.starter.config.ApplicationConfigLoader 157 [main] INFO  [] - Remove module kafka-fetcher without any provider
2025-05-16 09:44:20,360 org.apache.skywalking.oap.server.starter.config.ApplicationConfigLoader 157 [main] INFO  [] - Remove module cilium-fetcher without any provider
2025-05-16 09:44:20,360 org.apache.skywalking.oap.server.starter.config.ApplicationConfigLoader 157 [main] INFO  [] - Remove module query-zipkin without any provider
2025-05-16 09:44:20,360 org.apache.skywalking.oap.server.starter.config.ApplicationConfigLoader 157 [main] INFO  [] - Remove module exporter without any provider
2025-05-16 09:44:20,360 org.apache.skywalking.oap.server.starter.config.ApplicationConfigLoader 157 [main] INFO  [] - Remove module health-checker without any provider
2025-05-16 09:44:20,360 org.apache.skywalking.oap.server.starter.config.ApplicationConfigLoader 80 [main] INFO  [] - Get a module define from application.yml, module name: cluster
2025-05-16 09:44:20,360 org.apache.skywalking.oap.server.starter.config.ApplicationConfigLoader 84 [main] INFO  [] - Get a provider define belong to cluster module, provider name: standalone
2025-05-16 09:44:20,360 org.apache.skywalking.oap.server.starter.config.ApplicationConfigLoader 80 [main] INFO  [] - Get a module define from application.yml, module name: core
2025-05-16 09:44:20,360 org.apache.skywalking.oap.server.starter.config.ApplicationConfigLoader 84 [main] INFO  [] - Get a provider define belong to core module, provider name: default
2025-05-16 09:44:20,361 org.apache.skywalking.oap.server.starter.config.ApplicationConfigLoader 80 [main] INFO  [] - Get a module define from application.yml, module name: storage
2025-05-16 09:44:20,361 org.apache.skywalking.oap.server.starter.config.ApplicationConfigLoader 84 [main] INFO  [] - Get a provider define belong to storage module, provider name: mysql
2025-05-16 09:44:20,361 org.apache.skywalking.oap.server.library.util.YamlConfigLoaderUtils 59 [main] WARN  [] - yaml convert value type error, use origin values string. valueString=!AI!3B
org.yaml.snakeyaml.parser.ParserException: while parsing a node
 in 'string', line 1, column 1:
    !AI!3B
    ^
found undefined tag handle !AI!
 in 'string', line 1, column 1:
    !AI!3B
    ^

	at org.yaml.snakeyaml.parser.ParserImpl.parseNode(ParserImpl.java:453) ~[snakeyaml-2.0.jar:?]
	at org.yaml.snakeyaml.parser.ParserImpl.access$1200(ParserImpl.java:119) ~[snakeyaml-2.0.jar:?]
	at org.yaml.snakeyaml.parser.ParserImpl$ParseBlockNode.produce(ParserImpl.java:400) ~[snakeyaml-2.0.jar:?]
	at org.yaml.snakeyaml.parser.ParserImpl.peekEvent(ParserImpl.java:162) ~[snakeyaml-2.0.jar:?]
	at org.yaml.snakeyaml.comments.CommentEventsCollector$1.peek(CommentEventsCollector.java:57) ~[snakeyaml-2.0.jar:?]
	at org.yaml.snakeyaml.comments.CommentEventsCollector$1.peek(CommentEventsCollector.java:43) ~[snakeyaml-2.0.jar:?]
	at org.yaml.snakeyaml.comments.CommentEventsCollector.collectEvents(CommentEventsCollector.java:136) ~[snakeyaml-2.0.jar:?]
	at org.yaml.snakeyaml.comments.CommentEventsCollector.collectEvents(CommentEventsCollector.java:116) ~[snakeyaml-2.0.jar:?]
	at org.yaml.snakeyaml.composer.Composer.composeNode(Composer.java:172) ~[snakeyaml-2.0.jar:?]
	at org.yaml.snakeyaml.composer.Composer.getNode(Composer.java:131) ~[snakeyaml-2.0.jar:?]
	at org.yaml.snakeyaml.composer.Composer.getSingleNode(Composer.java:157) ~[snakeyaml-2.0.jar:?]
	at org.yaml.snakeyaml.constructor.BaseConstructor.getSingleData(BaseConstructor.java:178) ~[snakeyaml-2.0.jar:?]
	at org.yaml.snakeyaml.Yaml.loadFromReader(Yaml.java:493) ~[snakeyaml-2.0.jar:?]
	at org.yaml.snakeyaml.Yaml.load(Yaml.java:422) ~[snakeyaml-2.0.jar:?]
	at org.apache.skywalking.oap.server.library.util.YamlConfigLoaderUtils.convertValueString(YamlConfigLoaderUtils.java:52) ~[classes/:?]
	at org.apache.skywalking.oap.server.library.util.YamlConfigLoaderUtils.replacePropertyAndLog(YamlConfigLoaderUtils.java:43) ~[classes/:?]
	at org.apache.skywalking.oap.server.starter.config.ApplicationConfigLoader.lambda$loadConfig$0(ApplicationConfigLoader.java:97) ~[classes/:?]
	at java.util.LinkedHashMap.forEach(LinkedHashMap.java:721) ~[?:?]
	at org.apache.skywalking.oap.server.starter.config.ApplicationConfigLoader.lambda$loadConfig$1(ApplicationConfigLoader.java:95) ~[classes/:?]
	at java.util.LinkedHashMap.forEach(LinkedHashMap.java:721) ~[?:?]
	at org.apache.skywalking.oap.server.starter.config.ApplicationConfigLoader.lambda$loadConfig$2(ApplicationConfigLoader.java:92) ~[classes/:?]
	at java.util.LinkedHashMap.forEach(LinkedHashMap.java:721) ~[?:?]
	at org.apache.skywalking.oap.server.starter.config.ApplicationConfigLoader.lambda$loadConfig$3(ApplicationConfigLoader.java:83) ~[classes/:?]
	at java.util.LinkedHashMap.forEach(LinkedHashMap.java:721) ~[?:?]
	at org.apache.skywalking.oap.server.starter.config.ApplicationConfigLoader.loadConfig(ApplicationConfigLoader.java:78) ~[classes/:?]
	at org.apache.skywalking.oap.server.starter.config.ApplicationConfigLoader.load(ApplicationConfigLoader.java:66) ~[classes/:?]
	at org.apache.skywalking.oap.server.starter.config.ApplicationConfigLoaderTestCase.setUp(ApplicationConfigLoaderTestCase.java:41) ~[test-classes/:?]
	at jdk.internal.reflect.NativeMethodAccessorImpl.invoke0(Native Method) ~[?:?]
	at jdk.internal.reflect.NativeMethodAccessorImpl.invoke(NativeMethodAccessorImpl.java:77) ~[?:?]
	at jdk.internal.reflect.DelegatingMethodAccessorImpl.invoke(DelegatingMethodAccessorImpl.java:43) ~[?:?]
	at java.lang.reflect.Method.invoke(Method.java:568) ~[?:?]
	at org.junit.platform.commons.util.ReflectionUtils.invokeMethod(ReflectionUtils.java:727) ~[junit-platform-commons-1.9.2.jar:1.9.2]
	at org.junit.jupiter.engine.execution.MethodInvocation.proceed(MethodInvocation.java:60) ~[junit-jupiter-engine-5.9.2.jar:5.9.2]
	at org.junit.jupiter.engine.execution.InvocationInterceptorChain$ValidatingInvocation.proceed(InvocationInterceptorChain.java:131) ~[junit-jupiter-engine-5.9.2.jar:5.9.2]
	at org.junit.jupiter.engine.extension.TimeoutExtension.intercept(TimeoutExtension.java:156) ~[junit-jupiter-engine-5.9.2.jar:5.9.2]
	at org.junit.jupiter.engine.extension.TimeoutExtension.interceptLifecycleMethod(TimeoutExtension.java:128) ~[junit-jupiter-engine-5.9.2.jar:5.9.2]
	at org.junit.jupiter.engine.extension.TimeoutExtension.interceptBeforeEachMethod(TimeoutExtension.java:78) ~[junit-jupiter-engine-5.9.2.jar:5.9.2]
	at org.junit.jupiter.engine.execution.InterceptingExecutableInvoker$ReflectiveInterceptorCall.lambda$ofVoidMethod$0(InterceptingExecutableInvoker.java:103) ~[junit-jupiter-engine-5.9.2.jar:5.9.2]
	at org.junit.jupiter.engine.execution.InterceptingExecutableInvoker.lambda$invoke$0(InterceptingExecutableInvoker.java:93) ~[junit-jupiter-engine-5.9.2.jar:5.9.2]
	at org.junit.jupiter.engine.execution.InvocationInterceptorChain$InterceptedInvocation.proceed(InvocationInterceptorChain.java:106) ~[junit-jupiter-engine-5.9.2.jar:5.9.2]
	at org.junit.jupiter.engine.execution.InvocationInterceptorChain.proceed(InvocationInterceptorChain.java:64) ~[junit-jupiter-engine-5.9.2.jar:5.9.2]
	at org.junit.jupiter.engine.execution.InvocationInterceptorChain.chainAndInvoke(InvocationInterceptorChain.java:45) ~[junit-jupiter-engine-5.9.2.jar:5.9.2]
	at org.junit.jupiter.engine.execution.InvocationInterceptorChain.invoke(InvocationInterceptorChain.java:37) ~[junit-jupiter-engine-5.9.2.jar:5.9.2]
	at org.junit.jupiter.engine.execution.InterceptingExecutableInvoker.invoke(InterceptingExecutableInvoker.java:92) ~[junit-jupiter-engine-5.9.2.jar:5.9.2]
	at org.junit.jupiter.engine.execution.InterceptingExecutableInvoker.invoke(InterceptingExecutableInvoker.java:86) ~[junit-jupiter-engine-5.9.2.jar:5.9.2]
	at org.junit.jupiter.engine.descriptor.ClassBasedTestDescriptor.invokeMethodInExtensionContext(ClassBasedTestDescriptor.java:520) ~[junit-jupiter-engine-5.9.2.jar:5.9.2]
	at org.junit.jupiter.engine.descriptor.ClassBasedTestDescriptor.lambda$synthesizeBeforeEachMethodAdapter$23(ClassBasedTestDescriptor.java:505) ~[junit-jupiter-engine-5.9.2.jar:5.9.2]
	at org.junit.jupiter.engine.descriptor.TestMethodTestDescriptor.lambda$invokeBeforeEachMethods$3(TestMethodTestDescriptor.java:174) ~[junit-jupiter-engine-5.9.2.jar:5.9.2]
	at org.junit.jupiter.engine.descriptor.TestMethodTestDescriptor.lambda$invokeBeforeMethodsOrCallbacksUntilExceptionOccurs$6(TestMethodTestDescriptor.java:202) ~[junit-jupiter-engine-5.9.2.jar:5.9.2]
	at org.junit.platform.engine.support.hierarchical.ThrowableCollector.execute(ThrowableCollector.java:73) ~[junit-platform-engine-1.9.2.jar:1.9.2]
	at org.junit.jupiter.engine.descriptor.TestMethodTestDescriptor.invokeBeforeMethodsOrCallbacksUntilExceptionOccurs(TestMethodTestDescriptor.java:202) ~[junit-jupiter-engine-5.9.2.jar:5.9.2]
	at org.junit.jupiter.engine.descriptor.TestMethodTestDescriptor.invokeBeforeEachMethods(TestMethodTestDescriptor.java:171) ~[junit-jupiter-engine-5.9.2.jar:5.9.2]
	at org.junit.jupiter.engine.descriptor.TestMethodTestDescriptor.execute(TestMethodTestDescriptor.java:134) ~[junit-jupiter-engine-5.9.2.jar:5.9.2]
	at org.junit.jupiter.engine.descriptor.TestMethodTestDescriptor.execute(TestMethodTestDescriptor.java:68) ~[junit-jupiter-engine-5.9.2.jar:5.9.2]
	at org.junit.platform.engine.support.hierarchical.NodeTestTask.lambda$executeRecursively$6(NodeTestTask.java:151) ~[junit-platform-engine-1.9.2.jar:1.9.2]
	at org.junit.platform.engine.support.hierarchical.ThrowableCollector.execute(ThrowableCollector.java:73) ~[junit-platform-engine-1.9.2.jar:1.9.2]
	at org.junit.platform.engine.support.hierarchical.NodeTestTask.lambda$executeRecursively$8(NodeTestTask.java:141) ~[junit-platform-engine-1.9.2.jar:1.9.2]
	at org.junit.platform.engine.support.hierarchical.Node.around(Node.java:137) ~[junit-platform-engine-1.9.2.jar:1.9.2]
	at org.junit.platform.engine.support.hierarchical.NodeTestTask.lambda$executeRecursively$9(NodeTestTask.java:139) ~[junit-platform-engine-1.9.2.jar:1.9.2]
	at org.junit.platform.engine.support.hierarchical.ThrowableCollector.execute(ThrowableCollector.java:73) ~[junit-platform-engine-1.9.2.jar:1.9.2]
	at org.junit.platform.engine.support.hierarchical.NodeTestTask.executeRecursively(NodeTestTask.java:138) ~[junit-platform-engine-1.9.2.jar:1.9.2]
	at org.junit.platform.engine.support.hierarchical.NodeTestTask.execute(NodeTestTask.java:95) ~[junit-platform-engine-1.9.2.jar:1.9.2]
	at java.util.ArrayList.forEach(ArrayList.java:1511) ~[?:?]
	at org.junit.platform.engine.support.hierarchical.SameThreadHierarchicalTestExecutorService.invokeAll(SameThreadHierarchicalTestExecutorService.java:41) ~[junit-platform-engine-1.9.2.jar:1.9.2]
	at org.junit.platform.engine.support.hierarchical.NodeTestTask.lambda$executeRecursively$6(NodeTestTask.java:155) ~[junit-platform-engine-1.9.2.jar:1.9.2]
	at org.junit.platform.engine.support.hierarchical.ThrowableCollector.execute(ThrowableCollector.java:73) ~[junit-platform-engine-1.9.2.jar:1.9.2]
	at org.junit.platform.engine.support.hierarchical.NodeTestTask.lambda$executeRecursively$8(NodeTestTask.java:141) ~[junit-platform-engine-1.9.2.jar:1.9.2]
	at org.junit.platform.engine.support.hierarchical.Node.around(Node.java:137) ~[junit-platform-engine-1.9.2.jar:1.9.2]
	at org.junit.platform.engine.support.hierarchical.NodeTestTask.lambda$executeRecursively$9(NodeTestTask.java:139) ~[junit-platform-engine-1.9.2.jar:1.9.2]
	at org.junit.platform.engine.support.hierarchical.ThrowableCollector.execute(ThrowableCollector.java:73) ~[junit-platform-engine-1.9.2.jar:1.9.2]
	at org.junit.platform.engine.support.hierarchical.NodeTestTask.executeRecursively(NodeTestTask.java:138) ~[junit-platform-engine-1.9.2.jar:1.9.2]
	at org.junit.platform.engine.support.hierarchical.NodeTestTask.execute(NodeTestTask.java:95) ~[junit-platform-engine-1.9.2.jar:1.9.2]
	at java.util.ArrayList.forEach(ArrayList.java:1511) ~[?:?]
	at org.junit.platform.engine.support.hierarchical.SameThreadHierarchicalTestExecutorService.invokeAll(SameThreadHierarchicalTestExecutorService.java:41) ~[junit-platform-engine-1.9.2.jar:1.9.2]
	at org.junit.platform.engine.support.hierarchical.NodeTestTask.lambda$executeRecursively$6(NodeTestTask.java:155) ~[junit-platform-engine-1.9.2.jar:1.9.2]
	at org.junit.platform.engine.support.hierarchical.ThrowableCollector.execute(ThrowableCollector.java:73) ~[junit-platform-engine-1.9.2.jar:1.9.2]
	at org.junit.platform.engine.support.hierarchical.NodeTestTask.lambda$executeRecursively$8(NodeTestTask.java:141) ~[junit-platform-engine-1.9.2.jar:1.9.2]
	at org.junit.platform.engine.support.hierarchical.Node.around(Node.java:137) ~[junit-platform-engine-1.9.2.jar:1.9.2]
	at org.junit.platform.engine.support.hierarchical.NodeTestTask.lambda$executeRecursively$9(NodeTestTask.java:139) ~[junit-platform-engine-1.9.2.jar:1.9.2]
	at org.junit.platform.engine.support.hierarchical.ThrowableCollector.execute(ThrowableCollector.java:73) ~[junit-platform-engine-1.9.2.jar:1.9.2]
	at org.junit.platform.engine.support.hierarchical.NodeTestTask.executeRecursively(NodeTestTask.java:138) ~[junit-platform-engine-1.9.2.jar:1.9.2]
	at org.junit.platform.engine.support.hierarchical.NodeTestTask.execute(NodeTestTask.java:95) ~[junit-platform-engine-1.9.2.jar:1.9.2]
	at org.junit.platform.engine.support.hierarchical.SameThreadHierarchicalTestExecutorService.submit(SameThreadHierarchicalTestExecutorService.java:35) ~[junit-platform-engine-1.9.2.jar:1.9.2]
	at org.junit.platform.engine.support.hierarchical.HierarchicalTestExecutor.execute(HierarchicalTestExecutor.java:57) ~[junit-platform-engine-1.9.2.jar:1.9.2]
	at org.junit.platform.engine.support.hierarchical.HierarchicalTestEngine.execute(HierarchicalTestEngine.java:54) ~[junit-platform-engine-1.9.2.jar:1.9.2]
	at org.junit.platform.launcher.core.EngineExecutionOrchestrator.execute(EngineExecutionOrchestrator.java:147) ~[junit-platform-launcher-1.9.2.jar:1.9.2]
	at org.junit.platform.launcher.core.EngineExecutionOrchestrator.execute(EngineExecutionOrchestrator.java:127) ~[junit-platform-launcher-1.9.2.jar:1.9.2]
	at org.junit.platform.launcher.core.EngineExecutionOrchestrator.execute(EngineExecutionOrchestrator.java:90) ~[junit-platform-launcher-1.9.2.jar:1.9.2]
	at org.junit.platform.launcher.core.EngineExecutionOrchestrator.lambda$execute$0(EngineExecutionOrchestrator.java:55) ~[junit-platform-launcher-1.9.2.jar:1.9.2]
	at org.junit.platform.launcher.core.EngineExecutionOrchestrator.withInterceptedStreams(EngineExecutionOrchestrator.java:102) [junit-platform-launcher-1.9.2.jar:1.9.2]
	at org.junit.platform.launcher.core.EngineExecutionOrchestrator.execute(EngineExecutionOrchestrator.java:54) [junit-platform-launcher-1.9.2.jar:1.9.2]
	at org.junit.platform.launcher.core.DefaultLauncher.execute(DefaultLauncher.java:114) [junit-platform-launcher-1.9.2.jar:1.9.2]
	at org.junit.platform.launcher.core.DefaultLauncher.execute(DefaultLauncher.java:86) [junit-platform-launcher-1.9.2.jar:1.9.2]
	at org.junit.platform.launcher.core.DefaultLauncherSession$DelegatingLauncher.execute(DefaultLauncherSession.java:86) [junit-platform-launcher-1.9.2.jar:1.9.2]
	at org.apache.maven.surefire.junitplatform.LazyLauncher.execute(LazyLauncher.java:56) [surefire-junit-platform-3.1.2.jar:3.1.2]
	at org.apache.maven.surefire.junitplatform.JUnitPlatformProvider.execute(JUnitPlatformProvider.java:184) [surefire-junit-platform-3.1.2.jar:3.1.2]
	at org.apache.maven.surefire.junitplatform.JUnitPlatformProvider.invokeAllTests(JUnitPlatformProvider.java:148) [surefire-junit-platform-3.1.2.jar:3.1.2]
	at org.apache.maven.surefire.junitplatform.JUnitPlatformProvider.invoke(JUnitPlatformProvider.java:122) [surefire-junit-platform-3.1.2.jar:3.1.2]
	at org.apache.maven.surefire.booter.ForkedBooter.runSuitesInProcess(ForkedBooter.java:385) [surefire-booter-3.1.2.jar:3.1.2]
	at org.apache.maven.surefire.booter.ForkedBooter.execute(ForkedBooter.java:162) [surefire-booter-3.1.2.jar:3.1.2]
	at org.apache.maven.surefire.booter.ForkedBooter.run(ForkedBooter.java:507) [surefire-booter-3.1.2.jar:3.1.2]
	at org.apache.maven.surefire.booter.ForkedBooter.main(ForkedBooter.java:495) [surefire-booter-3.1.2.jar:3.1.2]
2025-05-16 09:44:20,362 org.apache.skywalking.oap.server.starter.config.ApplicationConfigLoader 80 [main] INFO  [] - Get a module define from application.yml, module name: agent-analyzer
2025-05-16 09:44:20,362 org.apache.skywalking.oap.server.starter.config.ApplicationConfigLoader 84 [main] INFO  [] - Get a provider define belong to agent-analyzer module, provider name: default
2025-05-16 09:44:20,362 org.apache.skywalking.oap.server.starter.config.ApplicationConfigLoader 80 [main] INFO  [] - Get a module define from application.yml, module name: log-analyzer
2025-05-16 09:44:20,362 org.apache.skywalking.oap.server.starter.config.ApplicationConfigLoader 84 [main] INFO  [] - Get a provider define belong to log-analyzer module, provider name: default
2025-05-16 09:44:20,362 org.apache.skywalking.oap.server.starter.config.ApplicationConfigLoader 80 [main] INFO  [] - Get a module define from application.yml, module name: event-analyzer
2025-05-16 09:44:20,363 org.apache.skywalking.oap.server.starter.config.ApplicationConfigLoader 84 [main] INFO  [] - Get a provider define belong to event-analyzer module, provider name: default
2025-05-16 09:44:20,363 org.apache.skywalking.oap.server.starter.config.ApplicationConfigLoader 80 [main] INFO  [] - Get a module define from application.yml, module name: receiver-sharing-server
2025-05-16 09:44:20,363 org.apache.skywalking.oap.server.starter.config.ApplicationConfigLoader 84 [main] INFO  [] - Get a provider define belong to receiver-sharing-server module, provider name: default
2025-05-16 09:44:20,363 org.apache.skywalking.oap.server.starter.config.ApplicationConfigLoader 80 [main] INFO  [] - Get a module define from application.yml, module name: receiver-register
2025-05-16 09:44:20,363 org.apache.skywalking.oap.server.starter.config.ApplicationConfigLoader 84 [main] INFO  [] - Get a provider define belong to receiver-register module, provider name: default
2025-05-16 09:44:20,363 org.apache.skywalking.oap.server.starter.config.ApplicationConfigLoader 80 [main] INFO  [] - Get a module define from application.yml, module name: receiver-trace
2025-05-16 09:44:20,363 org.apache.skywalking.oap.server.starter.config.ApplicationConfigLoader 84 [main] INFO  [] - Get a provider define belong to receiver-trace module, provider name: default
2025-05-16 09:44:20,363 org.apache.skywalking.oap.server.starter.config.ApplicationConfigLoader 80 [main] INFO  [] - Get a module define from application.yml, module name: receiver-jvm
2025-05-16 09:44:20,363 org.apache.skywalking.oap.server.starter.config.ApplicationConfigLoader 84 [main] INFO  [] - Get a provider define belong to receiver-jvm module, provider name: default
2025-05-16 09:44:20,363 org.apache.skywalking.oap.server.starter.config.ApplicationConfigLoader 80 [main] INFO  [] - Get a module define from application.yml, module name: receiver-clr
2025-05-16 09:44:20,363 org.apache.skywalking.oap.server.starter.config.ApplicationConfigLoader 84 [main] INFO  [] - Get a provider define belong to receiver-clr module, provider name: default
2025-05-16 09:44:20,363 org.apache.skywalking.oap.server.starter.config.ApplicationConfigLoader 80 [main] INFO  [] - Get a module define from application.yml, module name: receiver-profile
2025-05-16 09:44:20,363 org.apache.skywalking.oap.server.starter.config.ApplicationConfigLoader 84 [main] INFO  [] - Get a provider define belong to receiver-profile module, provider name: default
2025-05-16 09:44:20,363 org.apache.skywalking.oap.server.starter.config.ApplicationConfigLoader 80 [main] INFO  [] - Get a module define from application.yml, module name: receiver-async-profiler
2025-05-16 09:44:20,363 org.apache.skywalking.oap.server.starter.config.ApplicationConfigLoader 84 [main] INFO  [] - Get a provider define belong to receiver-async-profiler module, provider name: default
2025-05-16 09:44:20,364 org.apache.skywalking.oap.server.starter.config.ApplicationConfigLoader 80 [main] INFO  [] - Get a module define from application.yml, module name: service-mesh
2025-05-16 09:44:20,364 org.apache.skywalking.oap.server.starter.config.ApplicationConfigLoader 84 [main] INFO  [] - Get a provider define belong to service-mesh module, provider name: default
2025-05-16 09:44:20,364 org.apache.skywalking.oap.server.starter.config.ApplicationConfigLoader 80 [main] INFO  [] - Get a module define from application.yml, module name: envoy-metric
2025-05-16 09:44:20,364 org.apache.skywalking.oap.server.starter.config.ApplicationConfigLoader 84 [main] INFO  [] - Get a provider define belong to envoy-metric module, provider name: default
2025-05-16 09:44:20,364 org.apache.skywalking.oap.server.starter.config.ApplicationConfigLoader 80 [main] INFO  [] - Get a module define from application.yml, module name: receiver-meter
2025-05-16 09:44:20,364 org.apache.skywalking.oap.server.starter.config.ApplicationConfigLoader 84 [main] INFO  [] - Get a provider define belong to receiver-meter module, provider name: default
2025-05-16 09:44:20,364 org.apache.skywalking.oap.server.starter.config.ApplicationConfigLoader 80 [main] INFO  [] - Get a module define from application.yml, module name: receiver-otel
2025-05-16 09:44:20,364 org.apache.skywalking.oap.server.starter.config.ApplicationConfigLoader 84 [main] INFO  [] - Get a provider define belong to receiver-otel module, provider name: default
2025-05-16 09:44:20,364 org.apache.skywalking.oap.server.starter.config.ApplicationConfigLoader 80 [main] INFO  [] - Get a module define from application.yml, module name: receiver-zipkin
2025-05-16 09:44:20,364 org.apache.skywalking.oap.server.starter.config.ApplicationConfigLoader 84 [main] INFO  [] - Get a provider define belong to receiver-zipkin module, provider name: default
2025-05-16 09:44:20,365 org.apache.skywalking.oap.server.starter.config.ApplicationConfigLoader 80 [main] INFO  [] - Get a module define from application.yml, module name: receiver-browser
2025-05-16 09:44:20,365 org.apache.skywalking.oap.server.starter.config.ApplicationConfigLoader 84 [main] INFO  [] - Get a provider define belong to receiver-browser module, provider name: default
2025-05-16 09:44:20,365 org.apache.skywalking.oap.server.starter.config.ApplicationConfigLoader 80 [main] INFO  [] - Get a module define from application.yml, module name: receiver-log
2025-05-16 09:44:20,365 org.apache.skywalking.oap.server.starter.config.ApplicationConfigLoader 84 [main] INFO  [] - Get a provider define belong to receiver-log module, provider name: default
2025-05-16 09:44:20,365 org.apache.skywalking.oap.server.starter.config.ApplicationConfigLoader 80 [main] INFO  [] - Get a module define from application.yml, module name: query
2025-05-16 09:44:20,365 org.apache.skywalking.oap.server.starter.config.ApplicationConfigLoader 84 [main] INFO  [] - Get a provider define belong to query module, provider name: graphql
2025-05-16 09:44:20,365 org.apache.skywalking.oap.server.starter.config.ApplicationConfigLoader 80 [main] INFO  [] - Get a module define from application.yml, module name: promql
2025-05-16 09:44:20,365 org.apache.skywalking.oap.server.starter.config.ApplicationConfigLoader 84 [main] INFO  [] - Get a provider define belong to promql module, provider name: default
2025-05-16 09:44:20,365 org.apache.skywalking.oap.server.starter.config.ApplicationConfigLoader 80 [main] INFO  [] - Get a module define from application.yml, module name: logql
2025-05-16 09:44:20,365 org.apache.skywalking.oap.server.starter.config.ApplicationConfigLoader 84 [main] INFO  [] - Get a provider define belong to logql module, provider name: default
2025-05-16 09:44:20,365 org.apache.skywalking.oap.server.starter.config.ApplicationConfigLoader 80 [main] INFO  [] - Get a module define from application.yml, module name: alarm
2025-05-16 09:44:20,365 org.apache.skywalking.oap.server.starter.config.ApplicationConfigLoader 84 [main] INFO  [] - Get a provider define belong to alarm module, provider name: default
2025-05-16 09:44:20,365 org.apache.skywalking.oap.server.starter.config.ApplicationConfigLoader 80 [main] INFO  [] - Get a module define from application.yml, module name: telemetry
2025-05-16 09:44:20,365 org.apache.skywalking.oap.server.starter.config.ApplicationConfigLoader 84 [main] INFO  [] - Get a provider define belong to telemetry module, provider name: prometheus
2025-05-16 09:44:20,365 org.apache.skywalking.oap.server.starter.config.ApplicationConfigLoader 80 [main] INFO  [] - Get a module define from application.yml, module name: configuration
2025-05-16 09:44:20,366 org.apache.skywalking.oap.server.starter.config.ApplicationConfigLoader 84 [main] INFO  [] - Get a provider define belong to configuration module, provider name: none
2025-05-16 09:44:20,366 org.apache.skywalking.oap.server.starter.config.ApplicationConfigLoader 80 [main] INFO  [] - Get a module define from application.yml, module name: status-query
2025-05-16 09:44:20,366 org.apache.skywalking.oap.server.starter.config.ApplicationConfigLoader 84 [main] INFO  [] - Get a provider define belong to status-query module, provider name: default
2025-05-16 09:44:20,366 org.apache.skywalking.oap.server.starter.config.ApplicationConfigLoader 80 [main] INFO  [] - Get a module define from application.yml, module name: configuration-discovery
2025-05-16 09:44:20,366 org.apache.skywalking.oap.server.starter.config.ApplicationConfigLoader 84 [main] INFO  [] - Get a provider define belong to configuration-discovery module, provider name: default
2025-05-16 09:44:20,366 org.apache.skywalking.oap.server.starter.config.ApplicationConfigLoader 80 [main] INFO  [] - Get a module define from application.yml, module name: receiver-event
2025-05-16 09:44:20,366 org.apache.skywalking.oap.server.starter.config.ApplicationConfigLoader 84 [main] INFO  [] - Get a provider define belong to receiver-event module, provider name: default
2025-05-16 09:44:20,366 org.apache.skywalking.oap.server.starter.config.ApplicationConfigLoader 80 [main] INFO  [] - Get a module define from application.yml, module name: receiver-ebpf
2025-05-16 09:44:20,366 org.apache.skywalking.oap.server.starter.config.ApplicationConfigLoader 84 [main] INFO  [] - Get a provider define belong to receiver-ebpf module, provider name: default
2025-05-16 09:44:20,366 org.apache.skywalking.oap.server.starter.config.ApplicationConfigLoader 80 [main] INFO  [] - Get a module define from application.yml, module name: receiver-telegraf
2025-05-16 09:44:20,366 org.apache.skywalking.oap.server.starter.config.ApplicationConfigLoader 84 [main] INFO  [] - Get a provider define belong to receiver-telegraf module, provider name: default
2025-05-16 09:44:20,366 org.apache.skywalking.oap.server.starter.config.ApplicationConfigLoader 80 [main] INFO  [] - Get a module define from application.yml, module name: aws-firehose
2025-05-16 09:44:20,366 org.apache.skywalking.oap.server.starter.config.ApplicationConfigLoader 84 [main] INFO  [] - Get a provider define belong to aws-firehose module, provider name: default
2025-05-16 09:44:20,366 org.apache.skywalking.oap.server.library.util.YamlConfigLoaderUtils 40 [main] INFO  [] - Provider=default config=firehoseAccessKey has been set as an empty string
2025-05-16 09:44:20,366 org.apache.skywalking.oap.server.library.util.YamlConfigLoaderUtils 40 [main] INFO  [] - Provider=default config=tlsKeyPath has been set as an empty string
2025-05-16 09:44:20,367 org.apache.skywalking.oap.server.library.util.YamlConfigLoaderUtils 40 [main] INFO  [] - Provider=default config=tlsCertChainPath has been set as an empty string
2025-05-16 09:44:20,367 org.apache.skywalking.oap.server.starter.config.ApplicationConfigLoader 80 [main] INFO  [] - Get a module define from application.yml, module name: ai-pipeline
2025-05-16 09:44:20,367 org.apache.skywalking.oap.server.starter.config.ApplicationConfigLoader 84 [main] INFO  [] - Get a provider define belong to ai-pipeline module, provider name: default
2025-05-16 09:44:20,367 org.apache.skywalking.oap.server.library.util.YamlConfigLoaderUtils 40 [main] INFO  [] - Provider=default config=uriRecognitionServerAddr has been set as an empty string
2025-05-16 09:44:20,367 org.apache.skywalking.oap.server.library.util.YamlConfigLoaderUtils 40 [main] INFO  [] - Provider=default config=baselineServerAddr has been set as an empty string
]]></system-out>
  </testcase>
  <testcase name="testLoadBooleanTypeConfig" classname="org.apache.skywalking.oap.server.starter.config.ApplicationConfigLoaderTestCase" time="0.009">
    <system-out><![CDATA[2025-05-16 09:44:20,371 org.apache.skywalking.oap.server.starter.config.ApplicationConfigLoader 157 [main] INFO  [] - Remove module receiver-zabbix without any provider
2025-05-16 09:44:20,371 org.apache.skywalking.oap.server.starter.config.ApplicationConfigLoader 157 [main] INFO  [] - Remove module kafka-fetcher without any provider
2025-05-16 09:44:20,371 org.apache.skywalking.oap.server.starter.config.ApplicationConfigLoader 157 [main] INFO  [] - Remove module cilium-fetcher without any provider
2025-05-16 09:44:20,371 org.apache.skywalking.oap.server.starter.config.ApplicationConfigLoader 157 [main] INFO  [] - Remove module query-zipkin without any provider
2025-05-16 09:44:20,371 org.apache.skywalking.oap.server.starter.config.ApplicationConfigLoader 157 [main] INFO  [] - Remove module exporter without any provider
2025-05-16 09:44:20,371 org.apache.skywalking.oap.server.starter.config.ApplicationConfigLoader 157 [main] INFO  [] - Remove module health-checker without any provider
2025-05-16 09:44:20,372 org.apache.skywalking.oap.server.starter.config.ApplicationConfigLoader 80 [main] INFO  [] - Get a module define from application.yml, module name: cluster
2025-05-16 09:44:20,372 org.apache.skywalking.oap.server.starter.config.ApplicationConfigLoader 84 [main] INFO  [] - Get a provider define belong to cluster module, provider name: standalone
2025-05-16 09:44:20,372 org.apache.skywalking.oap.server.starter.config.ApplicationConfigLoader 80 [main] INFO  [] - Get a module define from application.yml, module name: core
2025-05-16 09:44:20,372 org.apache.skywalking.oap.server.starter.config.ApplicationConfigLoader 84 [main] INFO  [] - Get a provider define belong to core module, provider name: default
2025-05-16 09:44:20,372 org.apache.skywalking.oap.server.starter.config.ApplicationConfigLoader 80 [main] INFO  [] - Get a module define from application.yml, module name: storage
2025-05-16 09:44:20,372 org.apache.skywalking.oap.server.starter.config.ApplicationConfigLoader 84 [main] INFO  [] - Get a provider define belong to storage module, provider name: mysql
2025-05-16 09:44:20,372 org.apache.skywalking.oap.server.library.util.YamlConfigLoaderUtils 59 [main] WARN  [] - yaml convert value type error, use origin values string. valueString=!AI!3B
org.yaml.snakeyaml.parser.ParserException: while parsing a node
 in 'string', line 1, column 1:
    !AI!3B
    ^
found undefined tag handle !AI!
 in 'string', line 1, column 1:
    !AI!3B
    ^

	at org.yaml.snakeyaml.parser.ParserImpl.parseNode(ParserImpl.java:453) ~[snakeyaml-2.0.jar:?]
	at org.yaml.snakeyaml.parser.ParserImpl.access$1200(ParserImpl.java:119) ~[snakeyaml-2.0.jar:?]
	at org.yaml.snakeyaml.parser.ParserImpl$ParseBlockNode.produce(ParserImpl.java:400) ~[snakeyaml-2.0.jar:?]
	at org.yaml.snakeyaml.parser.ParserImpl.peekEvent(ParserImpl.java:162) ~[snakeyaml-2.0.jar:?]
	at org.yaml.snakeyaml.comments.CommentEventsCollector$1.peek(CommentEventsCollector.java:57) ~[snakeyaml-2.0.jar:?]
	at org.yaml.snakeyaml.comments.CommentEventsCollector$1.peek(CommentEventsCollector.java:43) ~[snakeyaml-2.0.jar:?]
	at org.yaml.snakeyaml.comments.CommentEventsCollector.collectEvents(CommentEventsCollector.java:136) ~[snakeyaml-2.0.jar:?]
	at org.yaml.snakeyaml.comments.CommentEventsCollector.collectEvents(CommentEventsCollector.java:116) ~[snakeyaml-2.0.jar:?]
	at org.yaml.snakeyaml.composer.Composer.composeNode(Composer.java:172) ~[snakeyaml-2.0.jar:?]
	at org.yaml.snakeyaml.composer.Composer.getNode(Composer.java:131) ~[snakeyaml-2.0.jar:?]
	at org.yaml.snakeyaml.composer.Composer.getSingleNode(Composer.java:157) ~[snakeyaml-2.0.jar:?]
	at org.yaml.snakeyaml.constructor.BaseConstructor.getSingleData(BaseConstructor.java:178) ~[snakeyaml-2.0.jar:?]
	at org.yaml.snakeyaml.Yaml.loadFromReader(Yaml.java:493) ~[snakeyaml-2.0.jar:?]
	at org.yaml.snakeyaml.Yaml.load(Yaml.java:422) ~[snakeyaml-2.0.jar:?]
	at org.apache.skywalking.oap.server.library.util.YamlConfigLoaderUtils.convertValueString(YamlConfigLoaderUtils.java:52) ~[classes/:?]
	at org.apache.skywalking.oap.server.library.util.YamlConfigLoaderUtils.replacePropertyAndLog(YamlConfigLoaderUtils.java:43) ~[classes/:?]
	at org.apache.skywalking.oap.server.starter.config.ApplicationConfigLoader.lambda$loadConfig$0(ApplicationConfigLoader.java:97) ~[classes/:?]
	at java.util.LinkedHashMap.forEach(LinkedHashMap.java:721) ~[?:?]
	at org.apache.skywalking.oap.server.starter.config.ApplicationConfigLoader.lambda$loadConfig$1(ApplicationConfigLoader.java:95) ~[classes/:?]
	at java.util.LinkedHashMap.forEach(LinkedHashMap.java:721) ~[?:?]
	at org.apache.skywalking.oap.server.starter.config.ApplicationConfigLoader.lambda$loadConfig$2(ApplicationConfigLoader.java:92) ~[classes/:?]
	at java.util.LinkedHashMap.forEach(LinkedHashMap.java:721) ~[?:?]
	at org.apache.skywalking.oap.server.starter.config.ApplicationConfigLoader.lambda$loadConfig$3(ApplicationConfigLoader.java:83) ~[classes/:?]
	at java.util.LinkedHashMap.forEach(LinkedHashMap.java:721) ~[?:?]
	at org.apache.skywalking.oap.server.starter.config.ApplicationConfigLoader.loadConfig(ApplicationConfigLoader.java:78) ~[classes/:?]
	at org.apache.skywalking.oap.server.starter.config.ApplicationConfigLoader.load(ApplicationConfigLoader.java:66) ~[classes/:?]
	at org.apache.skywalking.oap.server.starter.config.ApplicationConfigLoaderTestCase.setUp(ApplicationConfigLoaderTestCase.java:41) ~[test-classes/:?]
	at jdk.internal.reflect.NativeMethodAccessorImpl.invoke0(Native Method) ~[?:?]
	at jdk.internal.reflect.NativeMethodAccessorImpl.invoke(NativeMethodAccessorImpl.java:77) ~[?:?]
	at jdk.internal.reflect.DelegatingMethodAccessorImpl.invoke(DelegatingMethodAccessorImpl.java:43) ~[?:?]
	at java.lang.reflect.Method.invoke(Method.java:568) ~[?:?]
	at org.junit.platform.commons.util.ReflectionUtils.invokeMethod(ReflectionUtils.java:727) ~[junit-platform-commons-1.9.2.jar:1.9.2]
	at org.junit.jupiter.engine.execution.MethodInvocation.proceed(MethodInvocation.java:60) ~[junit-jupiter-engine-5.9.2.jar:5.9.2]
	at org.junit.jupiter.engine.execution.InvocationInterceptorChain$ValidatingInvocation.proceed(InvocationInterceptorChain.java:131) ~[junit-jupiter-engine-5.9.2.jar:5.9.2]
	at org.junit.jupiter.engine.extension.TimeoutExtension.intercept(TimeoutExtension.java:156) ~[junit-jupiter-engine-5.9.2.jar:5.9.2]
	at org.junit.jupiter.engine.extension.TimeoutExtension.interceptLifecycleMethod(TimeoutExtension.java:128) ~[junit-jupiter-engine-5.9.2.jar:5.9.2]
	at org.junit.jupiter.engine.extension.TimeoutExtension.interceptBeforeEachMethod(TimeoutExtension.java:78) ~[junit-jupiter-engine-5.9.2.jar:5.9.2]
	at org.junit.jupiter.engine.execution.InterceptingExecutableInvoker$ReflectiveInterceptorCall.lambda$ofVoidMethod$0(InterceptingExecutableInvoker.java:103) ~[junit-jupiter-engine-5.9.2.jar:5.9.2]
	at org.junit.jupiter.engine.execution.InterceptingExecutableInvoker.lambda$invoke$0(InterceptingExecutableInvoker.java:93) ~[junit-jupiter-engine-5.9.2.jar:5.9.2]
	at org.junit.jupiter.engine.execution.InvocationInterceptorChain$InterceptedInvocation.proceed(InvocationInterceptorChain.java:106) ~[junit-jupiter-engine-5.9.2.jar:5.9.2]
	at org.junit.jupiter.engine.execution.InvocationInterceptorChain.proceed(InvocationInterceptorChain.java:64) ~[junit-jupiter-engine-5.9.2.jar:5.9.2]
	at org.junit.jupiter.engine.execution.InvocationInterceptorChain.chainAndInvoke(InvocationInterceptorChain.java:45) ~[junit-jupiter-engine-5.9.2.jar:5.9.2]
	at org.junit.jupiter.engine.execution.InvocationInterceptorChain.invoke(InvocationInterceptorChain.java:37) ~[junit-jupiter-engine-5.9.2.jar:5.9.2]
	at org.junit.jupiter.engine.execution.InterceptingExecutableInvoker.invoke(InterceptingExecutableInvoker.java:92) ~[junit-jupiter-engine-5.9.2.jar:5.9.2]
	at org.junit.jupiter.engine.execution.InterceptingExecutableInvoker.invoke(InterceptingExecutableInvoker.java:86) ~[junit-jupiter-engine-5.9.2.jar:5.9.2]
	at org.junit.jupiter.engine.descriptor.ClassBasedTestDescriptor.invokeMethodInExtensionContext(ClassBasedTestDescriptor.java:520) ~[junit-jupiter-engine-5.9.2.jar:5.9.2]
	at org.junit.jupiter.engine.descriptor.ClassBasedTestDescriptor.lambda$synthesizeBeforeEachMethodAdapter$23(ClassBasedTestDescriptor.java:505) ~[junit-jupiter-engine-5.9.2.jar:5.9.2]
	at org.junit.jupiter.engine.descriptor.TestMethodTestDescriptor.lambda$invokeBeforeEachMethods$3(TestMethodTestDescriptor.java:174) ~[junit-jupiter-engine-5.9.2.jar:5.9.2]
	at org.junit.jupiter.engine.descriptor.TestMethodTestDescriptor.lambda$invokeBeforeMethodsOrCallbacksUntilExceptionOccurs$6(TestMethodTestDescriptor.java:202) ~[junit-jupiter-engine-5.9.2.jar:5.9.2]
	at org.junit.platform.engine.support.hierarchical.ThrowableCollector.execute(ThrowableCollector.java:73) ~[junit-platform-engine-1.9.2.jar:1.9.2]
	at org.junit.jupiter.engine.descriptor.TestMethodTestDescriptor.invokeBeforeMethodsOrCallbacksUntilExceptionOccurs(TestMethodTestDescriptor.java:202) ~[junit-jupiter-engine-5.9.2.jar:5.9.2]
	at org.junit.jupiter.engine.descriptor.TestMethodTestDescriptor.invokeBeforeEachMethods(TestMethodTestDescriptor.java:171) ~[junit-jupiter-engine-5.9.2.jar:5.9.2]
	at org.junit.jupiter.engine.descriptor.TestMethodTestDescriptor.execute(TestMethodTestDescriptor.java:134) ~[junit-jupiter-engine-5.9.2.jar:5.9.2]
	at org.junit.jupiter.engine.descriptor.TestMethodTestDescriptor.execute(TestMethodTestDescriptor.java:68) ~[junit-jupiter-engine-5.9.2.jar:5.9.2]
	at org.junit.platform.engine.support.hierarchical.NodeTestTask.lambda$executeRecursively$6(NodeTestTask.java:151) ~[junit-platform-engine-1.9.2.jar:1.9.2]
	at org.junit.platform.engine.support.hierarchical.ThrowableCollector.execute(ThrowableCollector.java:73) ~[junit-platform-engine-1.9.2.jar:1.9.2]
	at org.junit.platform.engine.support.hierarchical.NodeTestTask.lambda$executeRecursively$8(NodeTestTask.java:141) ~[junit-platform-engine-1.9.2.jar:1.9.2]
	at org.junit.platform.engine.support.hierarchical.Node.around(Node.java:137) ~[junit-platform-engine-1.9.2.jar:1.9.2]
	at org.junit.platform.engine.support.hierarchical.NodeTestTask.lambda$executeRecursively$9(NodeTestTask.java:139) ~[junit-platform-engine-1.9.2.jar:1.9.2]
	at org.junit.platform.engine.support.hierarchical.ThrowableCollector.execute(ThrowableCollector.java:73) ~[junit-platform-engine-1.9.2.jar:1.9.2]
	at org.junit.platform.engine.support.hierarchical.NodeTestTask.executeRecursively(NodeTestTask.java:138) ~[junit-platform-engine-1.9.2.jar:1.9.2]
	at org.junit.platform.engine.support.hierarchical.NodeTestTask.execute(NodeTestTask.java:95) ~[junit-platform-engine-1.9.2.jar:1.9.2]
	at java.util.ArrayList.forEach(ArrayList.java:1511) ~[?:?]
	at org.junit.platform.engine.support.hierarchical.SameThreadHierarchicalTestExecutorService.invokeAll(SameThreadHierarchicalTestExecutorService.java:41) ~[junit-platform-engine-1.9.2.jar:1.9.2]
	at org.junit.platform.engine.support.hierarchical.NodeTestTask.lambda$executeRecursively$6(NodeTestTask.java:155) ~[junit-platform-engine-1.9.2.jar:1.9.2]
	at org.junit.platform.engine.support.hierarchical.ThrowableCollector.execute(ThrowableCollector.java:73) ~[junit-platform-engine-1.9.2.jar:1.9.2]
	at org.junit.platform.engine.support.hierarchical.NodeTestTask.lambda$executeRecursively$8(NodeTestTask.java:141) ~[junit-platform-engine-1.9.2.jar:1.9.2]
	at org.junit.platform.engine.support.hierarchical.Node.around(Node.java:137) ~[junit-platform-engine-1.9.2.jar:1.9.2]
	at org.junit.platform.engine.support.hierarchical.NodeTestTask.lambda$executeRecursively$9(NodeTestTask.java:139) ~[junit-platform-engine-1.9.2.jar:1.9.2]
	at org.junit.platform.engine.support.hierarchical.ThrowableCollector.execute(ThrowableCollector.java:73) ~[junit-platform-engine-1.9.2.jar:1.9.2]
	at org.junit.platform.engine.support.hierarchical.NodeTestTask.executeRecursively(NodeTestTask.java:138) ~[junit-platform-engine-1.9.2.jar:1.9.2]
	at org.junit.platform.engine.support.hierarchical.NodeTestTask.execute(NodeTestTask.java:95) ~[junit-platform-engine-1.9.2.jar:1.9.2]
	at java.util.ArrayList.forEach(ArrayList.java:1511) ~[?:?]
	at org.junit.platform.engine.support.hierarchical.SameThreadHierarchicalTestExecutorService.invokeAll(SameThreadHierarchicalTestExecutorService.java:41) ~[junit-platform-engine-1.9.2.jar:1.9.2]
	at org.junit.platform.engine.support.hierarchical.NodeTestTask.lambda$executeRecursively$6(NodeTestTask.java:155) ~[junit-platform-engine-1.9.2.jar:1.9.2]
	at org.junit.platform.engine.support.hierarchical.ThrowableCollector.execute(ThrowableCollector.java:73) ~[junit-platform-engine-1.9.2.jar:1.9.2]
	at org.junit.platform.engine.support.hierarchical.NodeTestTask.lambda$executeRecursively$8(NodeTestTask.java:141) ~[junit-platform-engine-1.9.2.jar:1.9.2]
	at org.junit.platform.engine.support.hierarchical.Node.around(Node.java:137) ~[junit-platform-engine-1.9.2.jar:1.9.2]
	at org.junit.platform.engine.support.hierarchical.NodeTestTask.lambda$executeRecursively$9(NodeTestTask.java:139) ~[junit-platform-engine-1.9.2.jar:1.9.2]
	at org.junit.platform.engine.support.hierarchical.ThrowableCollector.execute(ThrowableCollector.java:73) ~[junit-platform-engine-1.9.2.jar:1.9.2]
	at org.junit.platform.engine.support.hierarchical.NodeTestTask.executeRecursively(NodeTestTask.java:138) ~[junit-platform-engine-1.9.2.jar:1.9.2]
	at org.junit.platform.engine.support.hierarchical.NodeTestTask.execute(NodeTestTask.java:95) ~[junit-platform-engine-1.9.2.jar:1.9.2]
	at org.junit.platform.engine.support.hierarchical.SameThreadHierarchicalTestExecutorService.submit(SameThreadHierarchicalTestExecutorService.java:35) ~[junit-platform-engine-1.9.2.jar:1.9.2]
	at org.junit.platform.engine.support.hierarchical.HierarchicalTestExecutor.execute(HierarchicalTestExecutor.java:57) ~[junit-platform-engine-1.9.2.jar:1.9.2]
	at org.junit.platform.engine.support.hierarchical.HierarchicalTestEngine.execute(HierarchicalTestEngine.java:54) ~[junit-platform-engine-1.9.2.jar:1.9.2]
	at org.junit.platform.launcher.core.EngineExecutionOrchestrator.execute(EngineExecutionOrchestrator.java:147) ~[junit-platform-launcher-1.9.2.jar:1.9.2]
	at org.junit.platform.launcher.core.EngineExecutionOrchestrator.execute(EngineExecutionOrchestrator.java:127) ~[junit-platform-launcher-1.9.2.jar:1.9.2]
	at org.junit.platform.launcher.core.EngineExecutionOrchestrator.execute(EngineExecutionOrchestrator.java:90) ~[junit-platform-launcher-1.9.2.jar:1.9.2]
	at org.junit.platform.launcher.core.EngineExecutionOrchestrator.lambda$execute$0(EngineExecutionOrchestrator.java:55) ~[junit-platform-launcher-1.9.2.jar:1.9.2]
	at org.junit.platform.launcher.core.EngineExecutionOrchestrator.withInterceptedStreams(EngineExecutionOrchestrator.java:102) [junit-platform-launcher-1.9.2.jar:1.9.2]
	at org.junit.platform.launcher.core.EngineExecutionOrchestrator.execute(EngineExecutionOrchestrator.java:54) [junit-platform-launcher-1.9.2.jar:1.9.2]
	at org.junit.platform.launcher.core.DefaultLauncher.execute(DefaultLauncher.java:114) [junit-platform-launcher-1.9.2.jar:1.9.2]
	at org.junit.platform.launcher.core.DefaultLauncher.execute(DefaultLauncher.java:86) [junit-platform-launcher-1.9.2.jar:1.9.2]
	at org.junit.platform.launcher.core.DefaultLauncherSession$DelegatingLauncher.execute(DefaultLauncherSession.java:86) [junit-platform-launcher-1.9.2.jar:1.9.2]
	at org.apache.maven.surefire.junitplatform.LazyLauncher.execute(LazyLauncher.java:56) [surefire-junit-platform-3.1.2.jar:3.1.2]
	at org.apache.maven.surefire.junitplatform.JUnitPlatformProvider.execute(JUnitPlatformProvider.java:184) [surefire-junit-platform-3.1.2.jar:3.1.2]
	at org.apache.maven.surefire.junitplatform.JUnitPlatformProvider.invokeAllTests(JUnitPlatformProvider.java:148) [surefire-junit-platform-3.1.2.jar:3.1.2]
	at org.apache.maven.surefire.junitplatform.JUnitPlatformProvider.invoke(JUnitPlatformProvider.java:122) [surefire-junit-platform-3.1.2.jar:3.1.2]
	at org.apache.maven.surefire.booter.ForkedBooter.runSuitesInProcess(ForkedBooter.java:385) [surefire-booter-3.1.2.jar:3.1.2]
	at org.apache.maven.surefire.booter.ForkedBooter.execute(ForkedBooter.java:162) [surefire-booter-3.1.2.jar:3.1.2]
	at org.apache.maven.surefire.booter.ForkedBooter.run(ForkedBooter.java:507) [surefire-booter-3.1.2.jar:3.1.2]
	at org.apache.maven.surefire.booter.ForkedBooter.main(ForkedBooter.java:495) [surefire-booter-3.1.2.jar:3.1.2]
2025-05-16 09:44:20,373 org.apache.skywalking.oap.server.starter.config.ApplicationConfigLoader 80 [main] INFO  [] - Get a module define from application.yml, module name: agent-analyzer
2025-05-16 09:44:20,373 org.apache.skywalking.oap.server.starter.config.ApplicationConfigLoader 84 [main] INFO  [] - Get a provider define belong to agent-analyzer module, provider name: default
2025-05-16 09:44:20,373 org.apache.skywalking.oap.server.starter.config.ApplicationConfigLoader 80 [main] INFO  [] - Get a module define from application.yml, module name: log-analyzer
2025-05-16 09:44:20,373 org.apache.skywalking.oap.server.starter.config.ApplicationConfigLoader 84 [main] INFO  [] - Get a provider define belong to log-analyzer module, provider name: default
2025-05-16 09:44:20,373 org.apache.skywalking.oap.server.starter.config.ApplicationConfigLoader 80 [main] INFO  [] - Get a module define from application.yml, module name: event-analyzer
2025-05-16 09:44:20,373 org.apache.skywalking.oap.server.starter.config.ApplicationConfigLoader 84 [main] INFO  [] - Get a provider define belong to event-analyzer module, provider name: default
2025-05-16 09:44:20,373 org.apache.skywalking.oap.server.starter.config.ApplicationConfigLoader 80 [main] INFO  [] - Get a module define from application.yml, module name: receiver-sharing-server
2025-05-16 09:44:20,373 org.apache.skywalking.oap.server.starter.config.ApplicationConfigLoader 84 [main] INFO  [] - Get a provider define belong to receiver-sharing-server module, provider name: default
2025-05-16 09:44:20,374 org.apache.skywalking.oap.server.starter.config.ApplicationConfigLoader 80 [main] INFO  [] - Get a module define from application.yml, module name: receiver-register
2025-05-16 09:44:20,374 org.apache.skywalking.oap.server.starter.config.ApplicationConfigLoader 84 [main] INFO  [] - Get a provider define belong to receiver-register module, provider name: default
2025-05-16 09:44:20,374 org.apache.skywalking.oap.server.starter.config.ApplicationConfigLoader 80 [main] INFO  [] - Get a module define from application.yml, module name: receiver-trace
2025-05-16 09:44:20,374 org.apache.skywalking.oap.server.starter.config.ApplicationConfigLoader 84 [main] INFO  [] - Get a provider define belong to receiver-trace module, provider name: default
2025-05-16 09:44:20,374 org.apache.skywalking.oap.server.starter.config.ApplicationConfigLoader 80 [main] INFO  [] - Get a module define from application.yml, module name: receiver-jvm
2025-05-16 09:44:20,374 org.apache.skywalking.oap.server.starter.config.ApplicationConfigLoader 84 [main] INFO  [] - Get a provider define belong to receiver-jvm module, provider name: default
2025-05-16 09:44:20,374 org.apache.skywalking.oap.server.starter.config.ApplicationConfigLoader 80 [main] INFO  [] - Get a module define from application.yml, module name: receiver-clr
2025-05-16 09:44:20,374 org.apache.skywalking.oap.server.starter.config.ApplicationConfigLoader 84 [main] INFO  [] - Get a provider define belong to receiver-clr module, provider name: default
2025-05-16 09:44:20,374 org.apache.skywalking.oap.server.starter.config.ApplicationConfigLoader 80 [main] INFO  [] - Get a module define from application.yml, module name: receiver-profile
2025-05-16 09:44:20,374 org.apache.skywalking.oap.server.starter.config.ApplicationConfigLoader 84 [main] INFO  [] - Get a provider define belong to receiver-profile module, provider name: default
2025-05-16 09:44:20,374 org.apache.skywalking.oap.server.starter.config.ApplicationConfigLoader 80 [main] INFO  [] - Get a module define from application.yml, module name: receiver-async-profiler
2025-05-16 09:44:20,374 org.apache.skywalking.oap.server.starter.config.ApplicationConfigLoader 84 [main] INFO  [] - Get a provider define belong to receiver-async-profiler module, provider name: default
2025-05-16 09:44:20,374 org.apache.skywalking.oap.server.starter.config.ApplicationConfigLoader 80 [main] INFO  [] - Get a module define from application.yml, module name: service-mesh
2025-05-16 09:44:20,374 org.apache.skywalking.oap.server.starter.config.ApplicationConfigLoader 84 [main] INFO  [] - Get a provider define belong to service-mesh module, provider name: default
2025-05-16 09:44:20,374 org.apache.skywalking.oap.server.starter.config.ApplicationConfigLoader 80 [main] INFO  [] - Get a module define from application.yml, module name: envoy-metric
2025-05-16 09:44:20,374 org.apache.skywalking.oap.server.starter.config.ApplicationConfigLoader 84 [main] INFO  [] - Get a provider define belong to envoy-metric module, provider name: default
2025-05-16 09:44:20,374 org.apache.skywalking.oap.server.starter.config.ApplicationConfigLoader 80 [main] INFO  [] - Get a module define from application.yml, module name: receiver-meter
2025-05-16 09:44:20,374 org.apache.skywalking.oap.server.starter.config.ApplicationConfigLoader 84 [main] INFO  [] - Get a provider define belong to receiver-meter module, provider name: default
2025-05-16 09:44:20,374 org.apache.skywalking.oap.server.starter.config.ApplicationConfigLoader 80 [main] INFO  [] - Get a module define from application.yml, module name: receiver-otel
2025-05-16 09:44:20,375 org.apache.skywalking.oap.server.starter.config.ApplicationConfigLoader 84 [main] INFO  [] - Get a provider define belong to receiver-otel module, provider name: default
2025-05-16 09:44:20,375 org.apache.skywalking.oap.server.starter.config.ApplicationConfigLoader 80 [main] INFO  [] - Get a module define from application.yml, module name: receiver-zipkin
2025-05-16 09:44:20,375 org.apache.skywalking.oap.server.starter.config.ApplicationConfigLoader 84 [main] INFO  [] - Get a provider define belong to receiver-zipkin module, provider name: default
2025-05-16 09:44:20,375 org.apache.skywalking.oap.server.starter.config.ApplicationConfigLoader 80 [main] INFO  [] - Get a module define from application.yml, module name: receiver-browser
2025-05-16 09:44:20,375 org.apache.skywalking.oap.server.starter.config.ApplicationConfigLoader 84 [main] INFO  [] - Get a provider define belong to receiver-browser module, provider name: default
2025-05-16 09:44:20,375 org.apache.skywalking.oap.server.starter.config.ApplicationConfigLoader 80 [main] INFO  [] - Get a module define from application.yml, module name: receiver-log
2025-05-16 09:44:20,375 org.apache.skywalking.oap.server.starter.config.ApplicationConfigLoader 84 [main] INFO  [] - Get a provider define belong to receiver-log module, provider name: default
2025-05-16 09:44:20,375 org.apache.skywalking.oap.server.starter.config.ApplicationConfigLoader 80 [main] INFO  [] - Get a module define from application.yml, module name: query
2025-05-16 09:44:20,375 org.apache.skywalking.oap.server.starter.config.ApplicationConfigLoader 84 [main] INFO  [] - Get a provider define belong to query module, provider name: graphql
2025-05-16 09:44:20,375 org.apache.skywalking.oap.server.starter.config.ApplicationConfigLoader 80 [main] INFO  [] - Get a module define from application.yml, module name: promql
2025-05-16 09:44:20,375 org.apache.skywalking.oap.server.starter.config.ApplicationConfigLoader 84 [main] INFO  [] - Get a provider define belong to promql module, provider name: default
2025-05-16 09:44:20,375 org.apache.skywalking.oap.server.starter.config.ApplicationConfigLoader 80 [main] INFO  [] - Get a module define from application.yml, module name: logql
2025-05-16 09:44:20,375 org.apache.skywalking.oap.server.starter.config.ApplicationConfigLoader 84 [main] INFO  [] - Get a provider define belong to logql module, provider name: default
2025-05-16 09:44:20,375 org.apache.skywalking.oap.server.starter.config.ApplicationConfigLoader 80 [main] INFO  [] - Get a module define from application.yml, module name: alarm
2025-05-16 09:44:20,375 org.apache.skywalking.oap.server.starter.config.ApplicationConfigLoader 84 [main] INFO  [] - Get a provider define belong to alarm module, provider name: default
2025-05-16 09:44:20,375 org.apache.skywalking.oap.server.starter.config.ApplicationConfigLoader 80 [main] INFO  [] - Get a module define from application.yml, module name: telemetry
2025-05-16 09:44:20,376 org.apache.skywalking.oap.server.starter.config.ApplicationConfigLoader 84 [main] INFO  [] - Get a provider define belong to telemetry module, provider name: prometheus
2025-05-16 09:44:20,376 org.apache.skywalking.oap.server.starter.config.ApplicationConfigLoader 80 [main] INFO  [] - Get a module define from application.yml, module name: configuration
2025-05-16 09:44:20,376 org.apache.skywalking.oap.server.starter.config.ApplicationConfigLoader 84 [main] INFO  [] - Get a provider define belong to configuration module, provider name: none
2025-05-16 09:44:20,376 org.apache.skywalking.oap.server.starter.config.ApplicationConfigLoader 80 [main] INFO  [] - Get a module define from application.yml, module name: status-query
2025-05-16 09:44:20,376 org.apache.skywalking.oap.server.starter.config.ApplicationConfigLoader 84 [main] INFO  [] - Get a provider define belong to status-query module, provider name: default
2025-05-16 09:44:20,376 org.apache.skywalking.oap.server.starter.config.ApplicationConfigLoader 80 [main] INFO  [] - Get a module define from application.yml, module name: configuration-discovery
2025-05-16 09:44:20,376 org.apache.skywalking.oap.server.starter.config.ApplicationConfigLoader 84 [main] INFO  [] - Get a provider define belong to configuration-discovery module, provider name: default
2025-05-16 09:44:20,376 org.apache.skywalking.oap.server.starter.config.ApplicationConfigLoader 80 [main] INFO  [] - Get a module define from application.yml, module name: receiver-event
2025-05-16 09:44:20,376 org.apache.skywalking.oap.server.starter.config.ApplicationConfigLoader 84 [main] INFO  [] - Get a provider define belong to receiver-event module, provider name: default
2025-05-16 09:44:20,376 org.apache.skywalking.oap.server.starter.config.ApplicationConfigLoader 80 [main] INFO  [] - Get a module define from application.yml, module name: receiver-ebpf
2025-05-16 09:44:20,376 org.apache.skywalking.oap.server.starter.config.ApplicationConfigLoader 84 [main] INFO  [] - Get a provider define belong to receiver-ebpf module, provider name: default
2025-05-16 09:44:20,376 org.apache.skywalking.oap.server.starter.config.ApplicationConfigLoader 80 [main] INFO  [] - Get a module define from application.yml, module name: receiver-telegraf
2025-05-16 09:44:20,376 org.apache.skywalking.oap.server.starter.config.ApplicationConfigLoader 84 [main] INFO  [] - Get a provider define belong to receiver-telegraf module, provider name: default
2025-05-16 09:44:20,376 org.apache.skywalking.oap.server.starter.config.ApplicationConfigLoader 80 [main] INFO  [] - Get a module define from application.yml, module name: aws-firehose
2025-05-16 09:44:20,376 org.apache.skywalking.oap.server.starter.config.ApplicationConfigLoader 84 [main] INFO  [] - Get a provider define belong to aws-firehose module, provider name: default
2025-05-16 09:44:20,377 org.apache.skywalking.oap.server.library.util.YamlConfigLoaderUtils 40 [main] INFO  [] - Provider=default config=firehoseAccessKey has been set as an empty string
2025-05-16 09:44:20,377 org.apache.skywalking.oap.server.library.util.YamlConfigLoaderUtils 40 [main] INFO  [] - Provider=default config=tlsKeyPath has been set as an empty string
2025-05-16 09:44:20,377 org.apache.skywalking.oap.server.library.util.YamlConfigLoaderUtils 40 [main] INFO  [] - Provider=default config=tlsCertChainPath has been set as an empty string
2025-05-16 09:44:20,377 org.apache.skywalking.oap.server.starter.config.ApplicationConfigLoader 80 [main] INFO  [] - Get a module define from application.yml, module name: ai-pipeline
2025-05-16 09:44:20,377 org.apache.skywalking.oap.server.starter.config.ApplicationConfigLoader 84 [main] INFO  [] - Get a provider define belong to ai-pipeline module, provider name: default
2025-05-16 09:44:20,377 org.apache.skywalking.oap.server.library.util.YamlConfigLoaderUtils 40 [main] INFO  [] - Provider=default config=uriRecognitionServerAddr has been set as an empty string
2025-05-16 09:44:20,377 org.apache.skywalking.oap.server.library.util.YamlConfigLoaderUtils 40 [main] INFO  [] - Provider=default config=baselineServerAddr has been set as an empty string
]]></system-out>
  </testcase>
</testsuite>