<?xml version="1.0" encoding="UTF-8"?>
<testsuite xmlns:xsi="http://www.w3.org/2001/XMLSchema-instance" xsi:noNamespaceSchemaLocation="https://maven.apache.org/surefire/maven-surefire-plugin/xsd/surefire-test-report-3.0.xsd" version="3.0" name="org.apache.skywalking.library.kubernetes.KubernetesEndpointsDiffblueTest" time="19.205" tests="1" errors="0" skipped="0" failures="0">
  <properties>
    <property name="java.specification.version" value="17"/>
    <property name="sun.jnu.encoding" value="UTF-8"/>
    <property name="java.class.path" value="/home/ybagge/benchmarks/Apache-skywalking/oap-server/server-library/library-kubernetes-support/target/test-classes:/home/ybagge/benchmarks/Apache-skywalking/oap-server/server-library/library-kubernetes-support/target/classes:/home/ybagge/.m2/repository/io/fabric8/kubernetes-client/6.7.1/kubernetes-client-6.7.1.jar:/home/ybagge/.m2/repository/io/fabric8/kubernetes-client-api/6.7.1/kubernetes-client-api-6.7.1.jar:/home/ybagge/.m2/repository/io/fabric8/kubernetes-model-core/6.7.1/kubernetes-model-core-6.7.1.jar:/home/ybagge/.m2/repository/io/fabric8/kubernetes-model-common/6.7.1/kubernetes-model-common-6.7.1.jar:/home/ybagge/.m2/repository/io/fabric8/kubernetes-model-gatewayapi/6.7.1/kubernetes-model-gatewayapi-6.7.1.jar:/home/ybagge/.m2/repository/io/fabric8/kubernetes-model-resource/6.7.1/kubernetes-model-resource-6.7.1.jar:/home/ybagge/.m2/repository/io/fabric8/kubernetes-model-rbac/6.7.1/kubernetes-model-rbac-6.7.1.jar:/home/ybagge/.m2/repository/io/fabric8/kubernetes-model-admissionregistration/6.7.1/kubernetes-model-admissionregistration-6.7.1.jar:/home/ybagge/.m2/repository/io/fabric8/kubernetes-model-apps/6.7.1/kubernetes-model-apps-6.7.1.jar:/home/ybagge/.m2/repository/io/fabric8/kubernetes-model-autoscaling/6.7.1/kubernetes-model-autoscaling-6.7.1.jar:/home/ybagge/.m2/repository/io/fabric8/kubernetes-model-apiextensions/6.7.1/kubernetes-model-apiextensions-6.7.1.jar:/home/ybagge/.m2/repository/io/fabric8/kubernetes-model-batch/6.7.1/kubernetes-model-batch-6.7.1.jar:/home/ybagge/.m2/repository/io/fabric8/kubernetes-model-certificates/6.7.1/kubernetes-model-certificates-6.7.1.jar:/home/ybagge/.m2/repository/io/fabric8/kubernetes-model-coordination/6.7.1/kubernetes-model-coordination-6.7.1.jar:/home/ybagge/.m2/repository/io/fabric8/kubernetes-model-discovery/6.7.1/kubernetes-model-discovery-6.7.1.jar:/home/ybagge/.m2/repository/io/fabric8/kubernetes-model-events/6.7.1/kubernetes-model-events-6.7.1.jar:/home/ybagge/.m2/repository/io/fabric8/kubernetes-model-extensions/6.7.1/kubernetes-model-extensions-6.7.1.jar:/home/ybagge/.m2/repository/io/fabric8/kubernetes-model-flowcontrol/6.7.1/kubernetes-model-flowcontrol-6.7.1.jar:/home/ybagge/.m2/repository/io/fabric8/kubernetes-model-networking/6.7.1/kubernetes-model-networking-6.7.1.jar:/home/ybagge/.m2/repository/io/fabric8/kubernetes-model-metrics/6.7.1/kubernetes-model-metrics-6.7.1.jar:/home/ybagge/.m2/repository/io/fabric8/kubernetes-model-policy/6.7.1/kubernetes-model-policy-6.7.1.jar:/home/ybagge/.m2/repository/io/fabric8/kubernetes-model-scheduling/6.7.1/kubernetes-model-scheduling-6.7.1.jar:/home/ybagge/.m2/repository/io/fabric8/kubernetes-model-storageclass/6.7.1/kubernetes-model-storageclass-6.7.1.jar:/home/ybagge/.m2/repository/io/fabric8/kubernetes-model-node/6.7.1/kubernetes-model-node-6.7.1.jar:/home/ybagge/.m2/repository/org/snakeyaml/snakeyaml-engine/2.6/snakeyaml-engine-2.6.jar:/home/ybagge/.m2/repository/com/fasterxml/jackson/dataformat/jackson-dataformat-yaml/2.15.2/jackson-dataformat-yaml-2.15.2.jar:/home/ybagge/.m2/repository/org/yaml/snakeyaml/2.0/snakeyaml-2.0.jar:/home/ybagge/.m2/repository/com/fasterxml/jackson/datatype/jackson-datatype-jsr310/2.15.2/jackson-datatype-jsr310-2.15.2.jar:/home/ybagge/.m2/repository/com/fasterxml/jackson/core/jackson-databind/2.16.0/jackson-databind-2.16.0.jar:/home/ybagge/.m2/repository/com/fasterxml/jackson/core/jackson-core/2.16.0/jackson-core-2.16.0.jar:/home/ybagge/.m2/repository/io/fabric8/zjsonpatch/0.3.0/zjsonpatch-0.3.0.jar:/home/ybagge/.m2/repository/io/fabric8/istio-client/6.7.1/istio-client-6.7.1.jar:/home/ybagge/.m2/repository/io/fabric8/istio-model-v1alpha3/6.7.1/istio-model-v1alpha3-6.7.1.jar:/home/ybagge/.m2/repository/io/fabric8/istio-model-v1beta1/6.7.1/istio-model-v1beta1-6.7.1.jar:/home/ybagge/.m2/repository/io/fabric8/kubernetes-httpclient-jdk/6.7.1/kubernetes-httpclient-jdk-6.7.1.jar:/home/ybagge/.m2/repository/org/slf4j/slf4j-api/1.7.30/slf4j-api-1.7.30.jar:/home/ybagge/.m2/repository/org/slf4j/log4j-over-slf4j/1.7.30/log4j-over-slf4j-1.7.30.jar:/home/ybagge/.m2/repository/org/apache/logging/log4j/log4j-core/2.17.1/log4j-core-2.17.1.jar:/home/ybagge/.m2/repository/org/apache/logging/log4j/log4j-api/2.17.1/log4j-api-2.17.1.jar:/home/ybagge/.m2/repository/org/apache/logging/log4j/log4j-slf4j-impl/2.17.1/log4j-slf4j-impl-2.17.1.jar:/home/ybagge/.m2/repository/com/google/guava/guava/32.0.1-jre/guava-32.0.1-jre.jar:/home/ybagge/.m2/repository/com/google/guava/failureaccess/1.0.1/failureaccess-1.0.1.jar:/home/ybagge/.m2/repository/com/google/guava/listenablefuture/9999.0-empty-to-avoid-conflict-with-guava/listenablefuture-9999.0-empty-to-avoid-conflict-with-guava.jar:/home/ybagge/.m2/repository/com/google/code/findbugs/jsr305/3.0.2/jsr305-3.0.2.jar:/home/ybagge/.m2/repository/org/checkerframework/checker-qual/3.33.0/checker-qual-3.33.0.jar:/home/ybagge/.m2/repository/org/testcontainers/testcontainers/1.17.6/testcontainers-1.17.6.jar:/home/ybagge/.m2/repository/org/apache/commons/commons-compress/1.21/commons-compress-1.21.jar:/home/ybagge/.m2/repository/org/rnorth/duct-tape/duct-tape/1.0.8/duct-tape-1.0.8.jar:/home/ybagge/.m2/repository/org/jetbrains/annotations/17.0.0/annotations-17.0.0.jar:/home/ybagge/.m2/repository/com/github/docker-java/docker-java-api/3.2.13/docker-java-api-3.2.13.jar:/home/ybagge/.m2/repository/com/fasterxml/jackson/core/jackson-annotations/2.16.0/jackson-annotations-2.16.0.jar:/home/ybagge/.m2/repository/com/github/docker-java/docker-java-transport-zerodep/3.2.13/docker-java-transport-zerodep-3.2.13.jar:/home/ybagge/.m2/repository/com/github/docker-java/docker-java-transport/3.2.13/docker-java-transport-3.2.13.jar:/home/ybagge/.m2/repository/net/java/dev/jna/jna/5.8.0/jna-5.8.0.jar:/home/ybagge/.m2/repository/org/testcontainers/junit-jupiter/1.17.6/junit-jupiter-1.17.6.jar:/home/ybagge/.m2/repository/org/junit/jupiter/junit-jupiter-api/5.9.2/junit-jupiter-api-5.9.2.jar:/home/ybagge/.m2/repository/org/opentest4j/opentest4j/1.2.0/opentest4j-1.2.0.jar:/home/ybagge/.m2/repository/org/junit/platform/junit-platform-commons/1.9.2/junit-platform-commons-1.9.2.jar:/home/ybagge/.m2/repository/com/google/errorprone/error_prone_annotations/2.11.0/error_prone_annotations-2.11.0.jar:/home/ybagge/.m2/repository/org/junit/jupiter/junit-jupiter/5.9.2/junit-jupiter-5.9.2.jar:/home/ybagge/.m2/repository/org/junit/jupiter/junit-jupiter-engine/5.9.2/junit-jupiter-engine-5.9.2.jar:/home/ybagge/.m2/repository/org/junit/platform/junit-platform-engine/1.9.2/junit-platform-engine-1.9.2.jar:/home/ybagge/.m2/repository/org/junit/jupiter/junit-jupiter-params/5.9.2/junit-jupiter-params-5.9.2.jar:/home/ybagge/.m2/repository/org/apiguardian/apiguardian-api/1.1.2/apiguardian-api-1.1.2.jar:/home/ybagge/.m2/repository/org/mockito/mockito-core/4.11.0/mockito-core-4.11.0.jar:/home/ybagge/.m2/repository/net/bytebuddy/byte-buddy/1.14.9/byte-buddy-1.14.9.jar:/home/ybagge/.m2/repository/net/bytebuddy/byte-buddy-agent/1.14.9/byte-buddy-agent-1.14.9.jar:/home/ybagge/.m2/repository/org/objenesis/objenesis/3.3/objenesis-3.3.jar:/home/ybagge/.m2/repository/org/mockito/mockito-inline/4.11.0/mockito-inline-4.11.0.jar:/home/ybagge/.m2/repository/org/mockito/mockito-junit-jupiter/4.11.0/mockito-junit-jupiter-4.11.0.jar:/home/ybagge/.m2/repository/org/powermock/powermock-reflect/2.0.9/powermock-reflect-2.0.9.jar:/home/ybagge/.m2/repository/org/assertj/assertj-core/3.20.2/assertj-core-3.20.2.jar:/home/ybagge/.m2/repository/org/openjdk/jmh/jmh-core/1.21/jmh-core-1.21.jar:/home/ybagge/.m2/repository/net/sf/jopt-simple/jopt-simple/4.6/jopt-simple-4.6.jar:/home/ybagge/.m2/repository/org/apache/commons/commons-math3/3.2/commons-math3-3.2.jar:/home/ybagge/.m2/repository/org/projectlombok/lombok/1.18.30/lombok-1.18.30.jar:/home/ybagge/.m2/repository/javax/annotation/javax.annotation-api/1.3.2/javax.annotation-api-1.3.2.jar:"/>
    <property name="java.vm.vendor" value="Oracle Corporation"/>
    <property name="targetTests" value="*DiffblueTest"/>
    <property name="sun.arch.data.model" value="64"/>
    <property name="java.vendor.url" value="https://java.oracle.com/"/>
    <property name="user.timezone" value="Europe/London"/>
    <property name="os.name" value="Linux"/>
    <property name="java.vm.specification.version" value="17"/>
    <property name="sun.java.launcher" value="SUN_STANDARD"/>
    <property name="user.country" value="GB"/>
    <property name="sun.boot.library.path" value="/home/ybagge/.sdkman/candidates/java/17.0.12-oracle/lib"/>
    <property name="sun.java.command" value="/home/ybagge/benchmarks/Apache-skywalking/oap-server/server-library/library-kubernetes-support/target/surefire/surefirebooter-20250516090524161_65.jar /home/ybagge/benchmarks/Apache-skywalking/oap-server/server-library/library-kubernetes-support/target/surefire 2025-05-16T09-03-10_766-jvmRun1 surefire-20250516090524161_63tmp surefire_9-20250516090524161_64tmp"/>
    <property name="jdk.debug" value="release"/>
    <property name="surefire.test.class.path" value="/home/ybagge/benchmarks/Apache-skywalking/oap-server/server-library/library-kubernetes-support/target/test-classes:/home/ybagge/benchmarks/Apache-skywalking/oap-server/server-library/library-kubernetes-support/target/classes:/home/ybagge/.m2/repository/io/fabric8/kubernetes-client/6.7.1/kubernetes-client-6.7.1.jar:/home/ybagge/.m2/repository/io/fabric8/kubernetes-client-api/6.7.1/kubernetes-client-api-6.7.1.jar:/home/ybagge/.m2/repository/io/fabric8/kubernetes-model-core/6.7.1/kubernetes-model-core-6.7.1.jar:/home/ybagge/.m2/repository/io/fabric8/kubernetes-model-common/6.7.1/kubernetes-model-common-6.7.1.jar:/home/ybagge/.m2/repository/io/fabric8/kubernetes-model-gatewayapi/6.7.1/kubernetes-model-gatewayapi-6.7.1.jar:/home/ybagge/.m2/repository/io/fabric8/kubernetes-model-resource/6.7.1/kubernetes-model-resource-6.7.1.jar:/home/ybagge/.m2/repository/io/fabric8/kubernetes-model-rbac/6.7.1/kubernetes-model-rbac-6.7.1.jar:/home/ybagge/.m2/repository/io/fabric8/kubernetes-model-admissionregistration/6.7.1/kubernetes-model-admissionregistration-6.7.1.jar:/home/ybagge/.m2/repository/io/fabric8/kubernetes-model-apps/6.7.1/kubernetes-model-apps-6.7.1.jar:/home/ybagge/.m2/repository/io/fabric8/kubernetes-model-autoscaling/6.7.1/kubernetes-model-autoscaling-6.7.1.jar:/home/ybagge/.m2/repository/io/fabric8/kubernetes-model-apiextensions/6.7.1/kubernetes-model-apiextensions-6.7.1.jar:/home/ybagge/.m2/repository/io/fabric8/kubernetes-model-batch/6.7.1/kubernetes-model-batch-6.7.1.jar:/home/ybagge/.m2/repository/io/fabric8/kubernetes-model-certificates/6.7.1/kubernetes-model-certificates-6.7.1.jar:/home/ybagge/.m2/repository/io/fabric8/kubernetes-model-coordination/6.7.1/kubernetes-model-coordination-6.7.1.jar:/home/ybagge/.m2/repository/io/fabric8/kubernetes-model-discovery/6.7.1/kubernetes-model-discovery-6.7.1.jar:/home/ybagge/.m2/repository/io/fabric8/kubernetes-model-events/6.7.1/kubernetes-model-events-6.7.1.jar:/home/ybagge/.m2/repository/io/fabric8/kubernetes-model-extensions/6.7.1/kubernetes-model-extensions-6.7.1.jar:/home/ybagge/.m2/repository/io/fabric8/kubernetes-model-flowcontrol/6.7.1/kubernetes-model-flowcontrol-6.7.1.jar:/home/ybagge/.m2/repository/io/fabric8/kubernetes-model-networking/6.7.1/kubernetes-model-networking-6.7.1.jar:/home/ybagge/.m2/repository/io/fabric8/kubernetes-model-metrics/6.7.1/kubernetes-model-metrics-6.7.1.jar:/home/ybagge/.m2/repository/io/fabric8/kubernetes-model-policy/6.7.1/kubernetes-model-policy-6.7.1.jar:/home/ybagge/.m2/repository/io/fabric8/kubernetes-model-scheduling/6.7.1/kubernetes-model-scheduling-6.7.1.jar:/home/ybagge/.m2/repository/io/fabric8/kubernetes-model-storageclass/6.7.1/kubernetes-model-storageclass-6.7.1.jar:/home/ybagge/.m2/repository/io/fabric8/kubernetes-model-node/6.7.1/kubernetes-model-node-6.7.1.jar:/home/ybagge/.m2/repository/org/snakeyaml/snakeyaml-engine/2.6/snakeyaml-engine-2.6.jar:/home/ybagge/.m2/repository/com/fasterxml/jackson/dataformat/jackson-dataformat-yaml/2.15.2/jackson-dataformat-yaml-2.15.2.jar:/home/ybagge/.m2/repository/org/yaml/snakeyaml/2.0/snakeyaml-2.0.jar:/home/ybagge/.m2/repository/com/fasterxml/jackson/datatype/jackson-datatype-jsr310/2.15.2/jackson-datatype-jsr310-2.15.2.jar:/home/ybagge/.m2/repository/com/fasterxml/jackson/core/jackson-databind/2.16.0/jackson-databind-2.16.0.jar:/home/ybagge/.m2/repository/com/fasterxml/jackson/core/jackson-core/2.16.0/jackson-core-2.16.0.jar:/home/ybagge/.m2/repository/io/fabric8/zjsonpatch/0.3.0/zjsonpatch-0.3.0.jar:/home/ybagge/.m2/repository/io/fabric8/istio-client/6.7.1/istio-client-6.7.1.jar:/home/ybagge/.m2/repository/io/fabric8/istio-model-v1alpha3/6.7.1/istio-model-v1alpha3-6.7.1.jar:/home/ybagge/.m2/repository/io/fabric8/istio-model-v1beta1/6.7.1/istio-model-v1beta1-6.7.1.jar:/home/ybagge/.m2/repository/io/fabric8/kubernetes-httpclient-jdk/6.7.1/kubernetes-httpclient-jdk-6.7.1.jar:/home/ybagge/.m2/repository/org/slf4j/slf4j-api/1.7.30/slf4j-api-1.7.30.jar:/home/ybagge/.m2/repository/org/slf4j/log4j-over-slf4j/1.7.30/log4j-over-slf4j-1.7.30.jar:/home/ybagge/.m2/repository/org/apache/logging/log4j/log4j-core/2.17.1/log4j-core-2.17.1.jar:/home/ybagge/.m2/repository/org/apache/logging/log4j/log4j-api/2.17.1/log4j-api-2.17.1.jar:/home/ybagge/.m2/repository/org/apache/logging/log4j/log4j-slf4j-impl/2.17.1/log4j-slf4j-impl-2.17.1.jar:/home/ybagge/.m2/repository/com/google/guava/guava/32.0.1-jre/guava-32.0.1-jre.jar:/home/ybagge/.m2/repository/com/google/guava/failureaccess/1.0.1/failureaccess-1.0.1.jar:/home/ybagge/.m2/repository/com/google/guava/listenablefuture/9999.0-empty-to-avoid-conflict-with-guava/listenablefuture-9999.0-empty-to-avoid-conflict-with-guava.jar:/home/ybagge/.m2/repository/com/google/code/findbugs/jsr305/3.0.2/jsr305-3.0.2.jar:/home/ybagge/.m2/repository/org/checkerframework/checker-qual/3.33.0/checker-qual-3.33.0.jar:/home/ybagge/.m2/repository/org/testcontainers/testcontainers/1.17.6/testcontainers-1.17.6.jar:/home/ybagge/.m2/repository/org/apache/commons/commons-compress/1.21/commons-compress-1.21.jar:/home/ybagge/.m2/repository/org/rnorth/duct-tape/duct-tape/1.0.8/duct-tape-1.0.8.jar:/home/ybagge/.m2/repository/org/jetbrains/annotations/17.0.0/annotations-17.0.0.jar:/home/ybagge/.m2/repository/com/github/docker-java/docker-java-api/3.2.13/docker-java-api-3.2.13.jar:/home/ybagge/.m2/repository/com/fasterxml/jackson/core/jackson-annotations/2.16.0/jackson-annotations-2.16.0.jar:/home/ybagge/.m2/repository/com/github/docker-java/docker-java-transport-zerodep/3.2.13/docker-java-transport-zerodep-3.2.13.jar:/home/ybagge/.m2/repository/com/github/docker-java/docker-java-transport/3.2.13/docker-java-transport-3.2.13.jar:/home/ybagge/.m2/repository/net/java/dev/jna/jna/5.8.0/jna-5.8.0.jar:/home/ybagge/.m2/repository/org/testcontainers/junit-jupiter/1.17.6/junit-jupiter-1.17.6.jar:/home/ybagge/.m2/repository/org/junit/jupiter/junit-jupiter-api/5.9.2/junit-jupiter-api-5.9.2.jar:/home/ybagge/.m2/repository/org/opentest4j/opentest4j/1.2.0/opentest4j-1.2.0.jar:/home/ybagge/.m2/repository/org/junit/platform/junit-platform-commons/1.9.2/junit-platform-commons-1.9.2.jar:/home/ybagge/.m2/repository/com/google/errorprone/error_prone_annotations/2.11.0/error_prone_annotations-2.11.0.jar:/home/ybagge/.m2/repository/org/junit/jupiter/junit-jupiter/5.9.2/junit-jupiter-5.9.2.jar:/home/ybagge/.m2/repository/org/junit/jupiter/junit-jupiter-engine/5.9.2/junit-jupiter-engine-5.9.2.jar:/home/ybagge/.m2/repository/org/junit/platform/junit-platform-engine/1.9.2/junit-platform-engine-1.9.2.jar:/home/ybagge/.m2/repository/org/junit/jupiter/junit-jupiter-params/5.9.2/junit-jupiter-params-5.9.2.jar:/home/ybagge/.m2/repository/org/apiguardian/apiguardian-api/1.1.2/apiguardian-api-1.1.2.jar:/home/ybagge/.m2/repository/org/mockito/mockito-core/4.11.0/mockito-core-4.11.0.jar:/home/ybagge/.m2/repository/net/bytebuddy/byte-buddy/1.14.9/byte-buddy-1.14.9.jar:/home/ybagge/.m2/repository/net/bytebuddy/byte-buddy-agent/1.14.9/byte-buddy-agent-1.14.9.jar:/home/ybagge/.m2/repository/org/objenesis/objenesis/3.3/objenesis-3.3.jar:/home/ybagge/.m2/repository/org/mockito/mockito-inline/4.11.0/mockito-inline-4.11.0.jar:/home/ybagge/.m2/repository/org/mockito/mockito-junit-jupiter/4.11.0/mockito-junit-jupiter-4.11.0.jar:/home/ybagge/.m2/repository/org/powermock/powermock-reflect/2.0.9/powermock-reflect-2.0.9.jar:/home/ybagge/.m2/repository/org/assertj/assertj-core/3.20.2/assertj-core-3.20.2.jar:/home/ybagge/.m2/repository/org/openjdk/jmh/jmh-core/1.21/jmh-core-1.21.jar:/home/ybagge/.m2/repository/net/sf/jopt-simple/jopt-simple/4.6/jopt-simple-4.6.jar:/home/ybagge/.m2/repository/org/apache/commons/commons-math3/3.2/commons-math3-3.2.jar:/home/ybagge/.m2/repository/org/projectlombok/lombok/1.18.30/lombok-1.18.30.jar:/home/ybagge/.m2/repository/javax/annotation/javax.annotation-api/1.3.2/javax.annotation-api-1.3.2.jar:"/>
    <property name="sun.cpu.endian" value="little"/>
    <property name="user.home" value="/home/ybagge"/>
    <property name="user.language" value="en"/>
    <property name="java.specification.vendor" value="Oracle Corporation"/>
    <property name="java.version.date" value="2024-07-16"/>
    <property name="java.home" value="/home/ybagge/.sdkman/candidates/java/17.0.12-oracle"/>
    <property name="file.separator" value="/"/>
    <property name="basedir" value="/home/ybagge/benchmarks/Apache-skywalking/oap-server/server-library/library-kubernetes-support"/>
    <property name="java.vm.compressedOopsMode" value="Zero based"/>
    <property name="line.separator" value="&#10;"/>
    <property name="java.vm.specification.vendor" value="Oracle Corporation"/>
    <property name="java.specification.name" value="Java Platform API Specification"/>
    <property name="surefire.real.class.path" value="/home/ybagge/benchmarks/Apache-skywalking/oap-server/server-library/library-kubernetes-support/target/surefire/surefirebooter-20250516090524161_65.jar"/>
    <property name="sun.management.compiler" value="HotSpot 64-Bit Tiered Compilers"/>
    <property name="java.runtime.version" value="17.0.12+8-LTS-286"/>
    <property name="user.name" value="ybagge"/>
    <property name="path.separator" value=":"/>
    <property name="os.version" value="6.8.0-59-generic"/>
    <property name="java.runtime.name" value="Java(TM) SE Runtime Environment"/>
    <property name="file.encoding" value="UTF-8"/>
    <property name="java.vm.name" value="Java HotSpot(TM) 64-Bit Server VM"/>
    <property name="localRepository" value="/home/ybagge/.m2/repository"/>
    <property name="java.vendor.url.bug" value="https://bugreport.java.com/bugreport/"/>
    <property name="java.io.tmpdir" value="/tmp"/>
    <property name="java.version" value="17.0.12"/>
    <property name="user.dir" value="/home/ybagge/benchmarks/Apache-skywalking/oap-server/server-library/library-kubernetes-support"/>
    <property name="os.arch" value="amd64"/>
    <property name="java.vm.specification.name" value="Java Virtual Machine Specification"/>
    <property name="native.encoding" value="UTF-8"/>
    <property name="java.library.path" value="/usr/java/packages/lib:/usr/lib64:/lib64:/lib:/usr/lib"/>
    <property name="java.vm.info" value="mixed mode, sharing"/>
    <property name="java.vendor" value="Oracle Corporation"/>
    <property name="java.vm.version" value="17.0.12+8-LTS-286"/>
    <property name="sun.io.unicode.encoding" value="UnicodeLittle"/>
    <property name="java.class.version" value="61.0"/>
  </properties>
  <testcase name="testList" classname="org.apache.skywalking.library.kubernetes.KubernetesEndpointsDiffblueTest" time="19.204">
    <system-out><![CDATA[09:06:03.256 [main] ERROR org.apache.skywalking.library.kubernetes.KubernetesEndpoints - Failed to list Endpoints.
io.fabric8.kubernetes.client.KubernetesClientException: Operation: [list]  for kind: [Endpoints]  with name: [null]  in namespace: [null]  failed.
	at io.fabric8.kubernetes.client.KubernetesClientException.launderThrowable(KubernetesClientException.java:159) ~[kubernetes-client-api-6.7.1.jar:?]
	at io.fabric8.kubernetes.client.dsl.internal.BaseOperation.list(BaseOperation.java:422) ~[kubernetes-client-6.7.1.jar:?]
	at io.fabric8.kubernetes.client.dsl.internal.BaseOperation.list(BaseOperation.java:388) ~[kubernetes-client-6.7.1.jar:?]
	at io.fabric8.kubernetes.client.dsl.internal.BaseOperation.list(BaseOperation.java:92) ~[kubernetes-client-6.7.1.jar:?]
	at org.apache.skywalking.library.kubernetes.KubernetesEndpoints.lambda$new$0(KubernetesEndpoints.java:50) ~[classes/:?]
	at com.google.common.cache.CacheLoader$SupplierToCacheLoader.load(CacheLoader.java:221) ~[guava-32.0.1-jre.jar:?]
	at com.google.common.cache.LocalCache$LoadingValueReference.loadFuture(LocalCache.java:3570) ~[guava-32.0.1-jre.jar:?]
	at com.google.common.cache.LocalCache$Segment.loadSync(LocalCache.java:2312) ~[guava-32.0.1-jre.jar:?]
	at com.google.common.cache.LocalCache$Segment.lockedGetOrLoad(LocalCache.java:2189) ~[guava-32.0.1-jre.jar:?]
	at com.google.common.cache.LocalCache$Segment.get(LocalCache.java:2079) ~[guava-32.0.1-jre.jar:?]
	at com.google.common.cache.LocalCache.get(LocalCache.java:4011) ~[guava-32.0.1-jre.jar:?]
	at com.google.common.cache.LocalCache.getOrLoad(LocalCache.java:4034) ~[guava-32.0.1-jre.jar:?]
	at com.google.common.cache.LocalCache$LocalLoadingCache.get(LocalCache.java:5010) ~[guava-32.0.1-jre.jar:?]
	at org.apache.skywalking.library.kubernetes.KubernetesEndpoints.list(KubernetesEndpoints.java:61) ~[classes/:?]
	at org.apache.skywalking.library.kubernetes.KubernetesEndpointsDiffblueTest.testList(KubernetesEndpointsDiffblueTest.java:19) ~[test-classes/:?]
	at jdk.internal.reflect.NativeMethodAccessorImpl.invoke0(Native Method) ~[?:?]
	at jdk.internal.reflect.NativeMethodAccessorImpl.invoke(NativeMethodAccessorImpl.java:77) ~[?:?]
	at jdk.internal.reflect.DelegatingMethodAccessorImpl.invoke(DelegatingMethodAccessorImpl.java:43) ~[?:?]
	at java.lang.reflect.Method.invoke(Method.java:568) ~[?:?]
	at org.junit.platform.commons.util.ReflectionUtils.invokeMethod(ReflectionUtils.java:727) ~[junit-platform-commons-1.9.2.jar:1.9.2]
	at org.junit.jupiter.engine.execution.MethodInvocation.proceed(MethodInvocation.java:60) ~[junit-jupiter-engine-5.9.2.jar:5.9.2]
	at org.junit.jupiter.engine.execution.InvocationInterceptorChain$ValidatingInvocation.proceed(InvocationInterceptorChain.java:131) ~[junit-jupiter-engine-5.9.2.jar:5.9.2]
	at org.junit.jupiter.engine.extension.TimeoutExtension.intercept(TimeoutExtension.java:156) ~[junit-jupiter-engine-5.9.2.jar:5.9.2]
	at org.junit.jupiter.engine.extension.TimeoutExtension.interceptTestableMethod(TimeoutExtension.java:147) ~[junit-jupiter-engine-5.9.2.jar:5.9.2]
	at org.junit.jupiter.engine.extension.TimeoutExtension.interceptTestMethod(TimeoutExtension.java:86) ~[junit-jupiter-engine-5.9.2.jar:5.9.2]
	at org.junit.jupiter.engine.execution.InterceptingExecutableInvoker$ReflectiveInterceptorCall.lambda$ofVoidMethod$0(InterceptingExecutableInvoker.java:103) ~[junit-jupiter-engine-5.9.2.jar:5.9.2]
	at org.junit.jupiter.engine.execution.InterceptingExecutableInvoker.lambda$invoke$0(InterceptingExecutableInvoker.java:93) ~[junit-jupiter-engine-5.9.2.jar:5.9.2]
	at org.junit.jupiter.engine.execution.InvocationInterceptorChain$InterceptedInvocation.proceed(InvocationInterceptorChain.java:106) ~[junit-jupiter-engine-5.9.2.jar:5.9.2]
	at org.junit.jupiter.engine.execution.InvocationInterceptorChain.proceed(InvocationInterceptorChain.java:64) ~[junit-jupiter-engine-5.9.2.jar:5.9.2]
	at org.junit.jupiter.engine.execution.InvocationInterceptorChain.chainAndInvoke(InvocationInterceptorChain.java:45) ~[junit-jupiter-engine-5.9.2.jar:5.9.2]
	at org.junit.jupiter.engine.execution.InvocationInterceptorChain.invoke(InvocationInterceptorChain.java:37) ~[junit-jupiter-engine-5.9.2.jar:5.9.2]
	at org.junit.jupiter.engine.execution.InterceptingExecutableInvoker.invoke(InterceptingExecutableInvoker.java:92) ~[junit-jupiter-engine-5.9.2.jar:5.9.2]
	at org.junit.jupiter.engine.execution.InterceptingExecutableInvoker.invoke(InterceptingExecutableInvoker.java:86) ~[junit-jupiter-engine-5.9.2.jar:5.9.2]
	at org.junit.jupiter.engine.descriptor.TestMethodTestDescriptor.lambda$invokeTestMethod$7(TestMethodTestDescriptor.java:217) ~[junit-jupiter-engine-5.9.2.jar:5.9.2]
	at org.junit.platform.engine.support.hierarchical.ThrowableCollector.execute(ThrowableCollector.java:73) ~[junit-platform-engine-1.9.2.jar:1.9.2]
	at org.junit.jupiter.engine.descriptor.TestMethodTestDescriptor.invokeTestMethod(TestMethodTestDescriptor.java:213) ~[junit-jupiter-engine-5.9.2.jar:5.9.2]
	at org.junit.jupiter.engine.descriptor.TestMethodTestDescriptor.execute(TestMethodTestDescriptor.java:138) ~[junit-jupiter-engine-5.9.2.jar:5.9.2]
	at org.junit.jupiter.engine.descriptor.TestMethodTestDescriptor.execute(TestMethodTestDescriptor.java:68) ~[junit-jupiter-engine-5.9.2.jar:5.9.2]
	at org.junit.platform.engine.support.hierarchical.NodeTestTask.lambda$executeRecursively$6(NodeTestTask.java:151) ~[junit-platform-engine-1.9.2.jar:1.9.2]
	at org.junit.platform.engine.support.hierarchical.ThrowableCollector.execute(ThrowableCollector.java:73) ~[junit-platform-engine-1.9.2.jar:1.9.2]
	at org.junit.platform.engine.support.hierarchical.NodeTestTask.lambda$executeRecursively$8(NodeTestTask.java:141) ~[junit-platform-engine-1.9.2.jar:1.9.2]
	at org.junit.platform.engine.support.hierarchical.Node.around(Node.java:137) ~[junit-platform-engine-1.9.2.jar:1.9.2]
	at org.junit.platform.engine.support.hierarchical.NodeTestTask.lambda$executeRecursively$9(NodeTestTask.java:139) ~[junit-platform-engine-1.9.2.jar:1.9.2]
	at org.junit.platform.engine.support.hierarchical.ThrowableCollector.execute(ThrowableCollector.java:73) ~[junit-platform-engine-1.9.2.jar:1.9.2]
	at org.junit.platform.engine.support.hierarchical.NodeTestTask.executeRecursively(NodeTestTask.java:138) ~[junit-platform-engine-1.9.2.jar:1.9.2]
	at org.junit.platform.engine.support.hierarchical.NodeTestTask.execute(NodeTestTask.java:95) ~[junit-platform-engine-1.9.2.jar:1.9.2]
	at java.util.ArrayList.forEach(ArrayList.java:1511) ~[?:?]
	at org.junit.platform.engine.support.hierarchical.SameThreadHierarchicalTestExecutorService.invokeAll(SameThreadHierarchicalTestExecutorService.java:41) ~[junit-platform-engine-1.9.2.jar:1.9.2]
	at org.junit.platform.engine.support.hierarchical.NodeTestTask.lambda$executeRecursively$6(NodeTestTask.java:155) ~[junit-platform-engine-1.9.2.jar:1.9.2]
	at org.junit.platform.engine.support.hierarchical.ThrowableCollector.execute(ThrowableCollector.java:73) ~[junit-platform-engine-1.9.2.jar:1.9.2]
	at org.junit.platform.engine.support.hierarchical.NodeTestTask.lambda$executeRecursively$8(NodeTestTask.java:141) ~[junit-platform-engine-1.9.2.jar:1.9.2]
	at org.junit.platform.engine.support.hierarchical.Node.around(Node.java:137) ~[junit-platform-engine-1.9.2.jar:1.9.2]
	at org.junit.platform.engine.support.hierarchical.NodeTestTask.lambda$executeRecursively$9(NodeTestTask.java:139) ~[junit-platform-engine-1.9.2.jar:1.9.2]
	at org.junit.platform.engine.support.hierarchical.ThrowableCollector.execute(ThrowableCollector.java:73) ~[junit-platform-engine-1.9.2.jar:1.9.2]
	at org.junit.platform.engine.support.hierarchical.NodeTestTask.executeRecursively(NodeTestTask.java:138) ~[junit-platform-engine-1.9.2.jar:1.9.2]
	at org.junit.platform.engine.support.hierarchical.NodeTestTask.execute(NodeTestTask.java:95) ~[junit-platform-engine-1.9.2.jar:1.9.2]
	at java.util.ArrayList.forEach(ArrayList.java:1511) ~[?:?]
	at org.junit.platform.engine.support.hierarchical.SameThreadHierarchicalTestExecutorService.invokeAll(SameThreadHierarchicalTestExecutorService.java:41) ~[junit-platform-engine-1.9.2.jar:1.9.2]
	at org.junit.platform.engine.support.hierarchical.NodeTestTask.lambda$executeRecursively$6(NodeTestTask.java:155) ~[junit-platform-engine-1.9.2.jar:1.9.2]
	at org.junit.platform.engine.support.hierarchical.ThrowableCollector.execute(ThrowableCollector.java:73) ~[junit-platform-engine-1.9.2.jar:1.9.2]
	at org.junit.platform.engine.support.hierarchical.NodeTestTask.lambda$executeRecursively$8(NodeTestTask.java:141) ~[junit-platform-engine-1.9.2.jar:1.9.2]
	at org.junit.platform.engine.support.hierarchical.Node.around(Node.java:137) ~[junit-platform-engine-1.9.2.jar:1.9.2]
	at org.junit.platform.engine.support.hierarchical.NodeTestTask.lambda$executeRecursively$9(NodeTestTask.java:139) ~[junit-platform-engine-1.9.2.jar:1.9.2]
	at org.junit.platform.engine.support.hierarchical.ThrowableCollector.execute(ThrowableCollector.java:73) ~[junit-platform-engine-1.9.2.jar:1.9.2]
	at org.junit.platform.engine.support.hierarchical.NodeTestTask.executeRecursively(NodeTestTask.java:138) ~[junit-platform-engine-1.9.2.jar:1.9.2]
	at org.junit.platform.engine.support.hierarchical.NodeTestTask.execute(NodeTestTask.java:95) ~[junit-platform-engine-1.9.2.jar:1.9.2]
	at org.junit.platform.engine.support.hierarchical.SameThreadHierarchicalTestExecutorService.submit(SameThreadHierarchicalTestExecutorService.java:35) ~[junit-platform-engine-1.9.2.jar:1.9.2]
	at org.junit.platform.engine.support.hierarchical.HierarchicalTestExecutor.execute(HierarchicalTestExecutor.java:57) ~[junit-platform-engine-1.9.2.jar:1.9.2]
	at org.junit.platform.engine.support.hierarchical.HierarchicalTestEngine.execute(HierarchicalTestEngine.java:54) ~[junit-platform-engine-1.9.2.jar:1.9.2]
	at org.junit.platform.launcher.core.EngineExecutionOrchestrator.execute(EngineExecutionOrchestrator.java:147) ~[junit-platform-launcher-1.9.2.jar:1.9.2]
	at org.junit.platform.launcher.core.EngineExecutionOrchestrator.execute(EngineExecutionOrchestrator.java:127) ~[junit-platform-launcher-1.9.2.jar:1.9.2]
	at org.junit.platform.launcher.core.EngineExecutionOrchestrator.execute(EngineExecutionOrchestrator.java:90) ~[junit-platform-launcher-1.9.2.jar:1.9.2]
	at org.junit.platform.launcher.core.EngineExecutionOrchestrator.lambda$execute$0(EngineExecutionOrchestrator.java:55) ~[junit-platform-launcher-1.9.2.jar:1.9.2]
	at org.junit.platform.launcher.core.EngineExecutionOrchestrator.withInterceptedStreams(EngineExecutionOrchestrator.java:102) [junit-platform-launcher-1.9.2.jar:1.9.2]
	at org.junit.platform.launcher.core.EngineExecutionOrchestrator.execute(EngineExecutionOrchestrator.java:54) [junit-platform-launcher-1.9.2.jar:1.9.2]
	at org.junit.platform.launcher.core.DefaultLauncher.execute(DefaultLauncher.java:114) [junit-platform-launcher-1.9.2.jar:1.9.2]
	at org.junit.platform.launcher.core.DefaultLauncher.execute(DefaultLauncher.java:86) [junit-platform-launcher-1.9.2.jar:1.9.2]
	at org.junit.platform.launcher.core.DefaultLauncherSession$DelegatingLauncher.execute(DefaultLauncherSession.java:86) [junit-platform-launcher-1.9.2.jar:1.9.2]
	at org.apache.maven.surefire.junitplatform.LazyLauncher.execute(LazyLauncher.java:56) [surefire-junit-platform-3.1.2.jar:3.1.2]
	at org.apache.maven.surefire.junitplatform.JUnitPlatformProvider.execute(JUnitPlatformProvider.java:184) [surefire-junit-platform-3.1.2.jar:3.1.2]
	at org.apache.maven.surefire.junitplatform.JUnitPlatformProvider.invokeAllTests(JUnitPlatformProvider.java:148) [surefire-junit-platform-3.1.2.jar:3.1.2]
	at org.apache.maven.surefire.junitplatform.JUnitPlatformProvider.invoke(JUnitPlatformProvider.java:122) [surefire-junit-platform-3.1.2.jar:3.1.2]
	at org.apache.maven.surefire.booter.ForkedBooter.runSuitesInProcess(ForkedBooter.java:385) [surefire-booter-3.1.2.jar:3.1.2]
	at org.apache.maven.surefire.booter.ForkedBooter.execute(ForkedBooter.java:162) [surefire-booter-3.1.2.jar:3.1.2]
	at org.apache.maven.surefire.booter.ForkedBooter.run(ForkedBooter.java:507) [surefire-booter-3.1.2.jar:3.1.2]
	at org.apache.maven.surefire.booter.ForkedBooter.main(ForkedBooter.java:495) [surefire-booter-3.1.2.jar:3.1.2]
Caused by: java.io.IOException
	at io.fabric8.kubernetes.client.dsl.internal.OperationSupport.waitForResult(OperationSupport.java:515) ~[kubernetes-client-6.7.1.jar:?]
	at io.fabric8.kubernetes.client.dsl.internal.BaseOperation.list(BaseOperation.java:420) ~[kubernetes-client-6.7.1.jar:?]
	... 84 more
Caused by: java.net.ConnectException
	at jdk.internal.net.http.common.Utils.toConnectException(Utils.java:1055) ~[java.net.http:?]
	at jdk.internal.net.http.PlainHttpConnection.connectAsync(PlainHttpConnection.java:198) ~[java.net.http:?]
	at jdk.internal.net.http.AsyncSSLConnection.connectAsync(AsyncSSLConnection.java:56) ~[java.net.http:?]
	at jdk.internal.net.http.Http2Connection.createAsync(Http2Connection.java:378) ~[java.net.http:?]
	at jdk.internal.net.http.Http2ClientImpl.getConnectionFor(Http2ClientImpl.java:126) ~[java.net.http:?]
	at jdk.internal.net.http.ExchangeImpl.get(ExchangeImpl.java:93) ~[java.net.http:?]
	at jdk.internal.net.http.Exchange.establishExchange(Exchange.java:344) ~[java.net.http:?]
	at jdk.internal.net.http.Exchange.responseAsyncImpl0(Exchange.java:528) ~[java.net.http:?]
	at jdk.internal.net.http.Exchange.responseAsyncImpl(Exchange.java:381) ~[java.net.http:?]
	at jdk.internal.net.http.Exchange.responseAsync(Exchange.java:373) ~[java.net.http:?]
	at jdk.internal.net.http.MultiExchange.responseAsyncImpl(MultiExchange.java:408) ~[java.net.http:?]
	at jdk.internal.net.http.MultiExchange.lambda$responseAsyncImpl$7(MultiExchange.java:449) ~[java.net.http:?]
	at java.util.concurrent.CompletableFuture.uniHandle(CompletableFuture.java:934) ~[?:?]
	at java.util.concurrent.CompletableFuture.uniHandleStage(CompletableFuture.java:950) ~[?:?]
	at java.util.concurrent.CompletableFuture.handle(CompletableFuture.java:2340) ~[?:?]
	at jdk.internal.net.http.MultiExchange.responseAsyncImpl(MultiExchange.java:439) ~[java.net.http:?]
	at jdk.internal.net.http.MultiExchange.lambda$responseAsync0$2(MultiExchange.java:341) ~[java.net.http:?]
	at java.util.concurrent.CompletableFuture$UniCompose.tryFire(CompletableFuture.java:1150) ~[?:?]
	at java.util.concurrent.CompletableFuture.postComplete(CompletableFuture.java:510) ~[?:?]
	at java.util.concurrent.CompletableFuture$AsyncSupply.run(CompletableFuture.java:1773) ~[?:?]
	at java.util.concurrent.ThreadPoolExecutor.runWorker(ThreadPoolExecutor.java:1136) ~[?:?]
	at java.util.concurrent.ThreadPoolExecutor$Worker.run(ThreadPoolExecutor.java:635) ~[?:?]
	at java.lang.Thread.run(Thread.java:842) ~[?:?]
Caused by: java.nio.channels.UnresolvedAddressException
	at sun.nio.ch.Net.checkAddress(Net.java:149) ~[?:?]
	at sun.nio.ch.Net.checkAddress(Net.java:157) ~[?:?]
	at sun.nio.ch.SocketChannelImpl.checkRemote(SocketChannelImpl.java:816) ~[?:?]
	at sun.nio.ch.SocketChannelImpl.connect(SocketChannelImpl.java:839) ~[?:?]
	at jdk.internal.net.http.PlainHttpConnection.lambda$connectAsync$0(PlainHttpConnection.java:183) ~[java.net.http:?]
	at java.security.AccessController.doPrivileged(AccessController.java:569) ~[?:?]
	at jdk.internal.net.http.PlainHttpConnection.connectAsync(PlainHttpConnection.java:185) ~[java.net.http:?]
	at jdk.internal.net.http.AsyncSSLConnection.connectAsync(AsyncSSLConnection.java:56) ~[java.net.http:?]
	at jdk.internal.net.http.Http2Connection.createAsync(Http2Connection.java:378) ~[java.net.http:?]
	at jdk.internal.net.http.Http2ClientImpl.getConnectionFor(Http2ClientImpl.java:126) ~[java.net.http:?]
	at jdk.internal.net.http.ExchangeImpl.get(ExchangeImpl.java:93) ~[java.net.http:?]
	at jdk.internal.net.http.Exchange.establishExchange(Exchange.java:344) ~[java.net.http:?]
	at jdk.internal.net.http.Exchange.responseAsyncImpl0(Exchange.java:528) ~[java.net.http:?]
	at jdk.internal.net.http.Exchange.responseAsyncImpl(Exchange.java:381) ~[java.net.http:?]
	at jdk.internal.net.http.Exchange.responseAsync(Exchange.java:373) ~[java.net.http:?]
	at jdk.internal.net.http.MultiExchange.responseAsyncImpl(MultiExchange.java:408) ~[java.net.http:?]
	at jdk.internal.net.http.MultiExchange.lambda$responseAsyncImpl$7(MultiExchange.java:449) ~[java.net.http:?]
	at java.util.concurrent.CompletableFuture.uniHandle(CompletableFuture.java:934) ~[?:?]
	at java.util.concurrent.CompletableFuture.uniHandleStage(CompletableFuture.java:950) ~[?:?]
	at java.util.concurrent.CompletableFuture.handle(CompletableFuture.java:2340) ~[?:?]
	at jdk.internal.net.http.MultiExchange.responseAsyncImpl(MultiExchange.java:439) ~[java.net.http:?]
	at jdk.internal.net.http.MultiExchange.lambda$responseAsync0$2(MultiExchange.java:341) ~[java.net.http:?]
	at java.util.concurrent.CompletableFuture$UniCompose.tryFire(CompletableFuture.java:1150) ~[?:?]
	at java.util.concurrent.CompletableFuture.postComplete(CompletableFuture.java:510) ~[?:?]
	at java.util.concurrent.CompletableFuture$AsyncSupply.run(CompletableFuture.java:1773) ~[?:?]
	at java.util.concurrent.ThreadPoolExecutor.runWorker(ThreadPoolExecutor.java:1136) ~[?:?]
	at java.util.concurrent.ThreadPoolExecutor$Worker.run(ThreadPoolExecutor.java:635) ~[?:?]
	at java.lang.Thread.run(Thread.java:842) ~[?:?]
]]></system-out>
  </testcase>
</testsuite>